{"C:\\Users\\tawan\\Desktop\\wyzar-ecommerce\\backend\\middleware\\adminAuth.js": {"path":"C:\\Users\\tawan\\Desktop\\wyzar-ecommerce\\backend\\middleware\\adminAuth.js","statementMap":{"0":{"start":{"line":3,"column":30},"end":{"line":3,"column":62}},"1":{"start":{"line":4,"column":15},"end":{"line":4,"column":42}},"2":{"start":{"line":5,"column":41},"end":{"line":5,"column":74}},"3":{"start":{"line":6,"column":12},"end":{"line":6,"column":35}},"4":{"start":{"line":9,"column":14},"end":{"line":11,"column":2}},"5":{"start":{"line":18,"column":2},"end":{"line":138,"column":3}},"6":{"start":{"line":20,"column":23},"end":{"line":20,"column":50}},"7":{"start":{"line":22,"column":4},"end":{"line":24,"column":5}},"8":{"start":{"line":23,"column":6},"end":{"line":23,"column":77}},"9":{"start":{"line":26,"column":18},"end":{"line":26,"column":42}},"10":{"start":{"line":28,"column":4},"end":{"line":30,"column":5}},"11":{"start":{"line":29,"column":6},"end":{"line":29,"column":77}},"12":{"start":{"line":32,"column":15},"end":{"line":32,"column":19}},"13":{"start":{"line":35,"column":4},"end":{"line":82,"column":5}},"14":{"start":{"line":36,"column":35},"end":{"line":36,"column":65}},"15":{"start":{"line":38,"column":6},"end":{"line":79,"column":7}},"16":{"start":{"line":39,"column":8},"end":{"line":48,"column":11}},"17":{"start":{"line":50,"column":8},"end":{"line":78,"column":9}},"18":{"start":{"line":51,"column":10},"end":{"line":77,"column":11}},"19":{"start":{"line":52,"column":30},"end":{"line":52,"column":68}},"20":{"start":{"line":53,"column":26},"end":{"line":53,"column":67}},"21":{"start":{"line":55,"column":12},"end":{"line":74,"column":13}},"22":{"start":{"line":56,"column":35},"end":{"line":59,"column":16}},"23":{"start":{"line":61,"column":14},"end":{"line":73,"column":15}},"24":{"start":{"line":62,"column":37},"end":{"line":62,"column":95}},"25":{"start":{"line":63,"column":35},"end":{"line":63,"column":59}},"26":{"start":{"line":64,"column":16},"end":{"line":67,"column":17}},"27":{"start":{"line":65,"column":18},"end":{"line":65,"column":49}},"28":{"start":{"line":66,"column":18},"end":{"line":66,"column":111}},"29":{"start":{"line":68,"column":16},"end":{"line":72,"column":19}},"30":{"start":{"line":76,"column":12},"end":{"line":76,"column":58}},"31":{"start":{"line":85,"column":4},"end":{"line":106,"column":5}},"32":{"start":{"line":86,"column":6},"end":{"line":105,"column":7}},"33":{"start":{"line":87,"column":24},"end":{"line":87,"column":65}},"34":{"start":{"line":89,"column":8},"end":{"line":100,"column":9}},"35":{"start":{"line":90,"column":10},"end":{"line":99,"column":13}},"36":{"start":{"line":102,"column":8},"end":{"line":104,"column":9}},"37":{"start":{"line":103,"column":10},"end":{"line":103,"column":68}},"38":{"start":{"line":108,"column":4},"end":{"line":110,"column":5}},"39":{"start":{"line":109,"column":6},"end":{"line":109,"column":73}},"40":{"start":{"line":113,"column":4},"end":{"line":115,"column":5}},"41":{"start":{"line":114,"column":6},"end":{"line":114,"column":67}},"42":{"start":{"line":118,"column":4},"end":{"line":121,"column":5}},"43":{"start":{"line":119,"column":6},"end":{"line":119,"column":127}},"44":{"start":{"line":120,"column":6},"end":{"line":120,"column":88}},"45":{"start":{"line":124,"column":4},"end":{"line":129,"column":6}},"46":{"start":{"line":131,"column":4},"end":{"line":131,"column":11}},"47":{"start":{"line":133,"column":4},"end":{"line":133,"column":44}},"48":{"start":{"line":134,"column":4},"end":{"line":136,"column":5}},"49":{"start":{"line":135,"column":8},"end":{"line":135,"column":66}},"50":{"start":{"line":137,"column":4},"end":{"line":137,"column":56}},"51":{"start":{"line":141,"column":0},"end":{"line":141,"column":27}}},"fnMap":{"0":{"name":"adminAuth","decl":{"start":{"line":17,"column":15},"end":{"line":17,"column":24}},"loc":{"start":{"line":17,"column":41},"end":{"line":139,"column":1}},"line":17}},"branchMap":{"0":{"loc":{"start":{"line":22,"column":4},"end":{"line":24,"column":5}},"type":"if","locations":[{"start":{"line":22,"column":4},"end":{"line":24,"column":5}},{"start":{},"end":{}}],"line":22},"1":{"loc":{"start":{"line":22,"column":8},"end":{"line":22,"column":56}},"type":"binary-expr","locations":[{"start":{"line":22,"column":8},"end":{"line":22,"column":19}},{"start":{"line":22,"column":23},"end":{"line":22,"column":56}}],"line":22},"2":{"loc":{"start":{"line":28,"column":4},"end":{"line":30,"column":5}},"type":"if","locations":[{"start":{"line":28,"column":4},"end":{"line":30,"column":5}},{"start":{},"end":{}}],"line":28},"3":{"loc":{"start":{"line":38,"column":6},"end":{"line":79,"column":7}},"type":"if","locations":[{"start":{"line":38,"column":6},"end":{"line":79,"column":7}},{"start":{},"end":{}}],"line":38},"4":{"loc":{"start":{"line":50,"column":8},"end":{"line":78,"column":9}},"type":"if","locations":[{"start":{"line":50,"column":8},"end":{"line":78,"column":9}},{"start":{},"end":{}}],"line":50},"5":{"loc":{"start":{"line":55,"column":12},"end":{"line":74,"column":13}},"type":"if","locations":[{"start":{"line":55,"column":12},"end":{"line":74,"column":13}},{"start":{},"end":{}}],"line":55},"6":{"loc":{"start":{"line":61,"column":14},"end":{"line":73,"column":15}},"type":"if","locations":[{"start":{"line":61,"column":14},"end":{"line":73,"column":15}},{"start":{},"end":{}}],"line":61},"7":{"loc":{"start":{"line":64,"column":16},"end":{"line":67,"column":17}},"type":"if","locations":[{"start":{"line":64,"column":16},"end":{"line":67,"column":17}},{"start":{},"end":{}}],"line":64},"8":{"loc":{"start":{"line":85,"column":4},"end":{"line":106,"column":5}},"type":"if","locations":[{"start":{"line":85,"column":4},"end":{"line":106,"column":5}},{"start":{},"end":{}}],"line":85},"9":{"loc":{"start":{"line":89,"column":8},"end":{"line":100,"column":9}},"type":"if","locations":[{"start":{"line":89,"column":8},"end":{"line":100,"column":9}},{"start":{},"end":{}}],"line":89},"10":{"loc":{"start":{"line":89,"column":12},"end":{"line":89,"column":54}},"type":"binary-expr","locations":[{"start":{"line":89,"column":12},"end":{"line":89,"column":19}},{"start":{"line":89,"column":23},"end":{"line":89,"column":35}},{"start":{"line":89,"column":39},"end":{"line":89,"column":54}}],"line":89},"11":{"loc":{"start":{"line":102,"column":8},"end":{"line":104,"column":9}},"type":"if","locations":[{"start":{"line":102,"column":8},"end":{"line":104,"column":9}},{"start":{},"end":{}}],"line":102},"12":{"loc":{"start":{"line":108,"column":4},"end":{"line":110,"column":5}},"type":"if","locations":[{"start":{"line":108,"column":4},"end":{"line":110,"column":5}},{"start":{},"end":{}}],"line":108},"13":{"loc":{"start":{"line":113,"column":4},"end":{"line":115,"column":5}},"type":"if","locations":[{"start":{"line":113,"column":4},"end":{"line":115,"column":5}},{"start":{},"end":{}}],"line":113},"14":{"loc":{"start":{"line":118,"column":4},"end":{"line":121,"column":5}},"type":"if","locations":[{"start":{"line":118,"column":4},"end":{"line":121,"column":5}},{"start":{},"end":{}}],"line":118},"15":{"loc":{"start":{"line":134,"column":4},"end":{"line":136,"column":5}},"type":"if","locations":[{"start":{"line":134,"column":4},"end":{"line":136,"column":5}},{"start":{},"end":{}}],"line":134}},"s":{"0":0,"1":0,"2":0,"3":0,"4":0,"5":0,"6":0,"7":0,"8":0,"9":0,"10":0,"11":0,"12":0,"13":0,"14":0,"15":0,"16":0,"17":0,"18":0,"19":0,"20":0,"21":0,"22":0,"23":0,"24":0,"25":0,"26":0,"27":0,"28":0,"29":0,"30":0,"31":0,"32":0,"33":0,"34":0,"35":0,"36":0,"37":0,"38":0,"39":0,"40":0,"41":0,"42":0,"43":0,"44":0,"45":0,"46":0,"47":0,"48":0,"49":0,"50":0,"51":0},"f":{"0":0},"b":{"0":[0,0],"1":[0,0],"2":[0,0],"3":[0,0],"4":[0,0],"5":[0,0],"6":[0,0],"7":[0,0],"8":[0,0],"9":[0,0],"10":[0,0,0],"11":[0,0],"12":[0,0],"13":[0,0],"14":[0,0],"15":[0,0]}}
,"C:\\Users\\tawan\\Desktop\\wyzar-ecommerce\\backend\\middleware\\auditLog.js": {"path":"C:\\Users\\tawan\\Desktop\\wyzar-ecommerce\\backend\\middleware\\auditLog.js","statementMap":{"0":{"start":{"line":2,"column":11},"end":{"line":2,"column":24}},"1":{"start":{"line":3,"column":13},"end":{"line":3,"column":28}},"2":{"start":{"line":11,"column":16},"end":{"line":11,"column":47}},"3":{"start":{"line":12,"column":0},"end":{"line":14,"column":1}},"4":{"start":{"line":13,"column":2},"end":{"line":13,"column":45}},"5":{"start":{"line":19,"column":25},"end":{"line":36,"column":1}},"6":{"start":{"line":20,"column":20},"end":{"line":20,"column":44}},"7":{"start":{"line":21,"column":19},"end":{"line":24,"column":3}},"8":{"start":{"line":26,"column":18},"end":{"line":26,"column":49}},"9":{"start":{"line":29,"column":18},"end":{"line":29,"column":94}},"10":{"start":{"line":30,"column":2},"end":{"line":30,"column":38}},"11":{"start":{"line":33,"column":2},"end":{"line":35,"column":3}},"12":{"start":{"line":34,"column":4},"end":{"line":34,"column":37}},"13":{"start":{"line":41,"column":23},"end":{"line":62,"column":1}},"14":{"start":{"line":43,"column":23},"end":{"line":43,"column":31}},"15":{"start":{"line":45,"column":2},"end":{"line":59,"column":4}},"16":{"start":{"line":46,"column":20},"end":{"line":46,"column":57}},"17":{"start":{"line":48,"column":4},"end":{"line":56,"column":7}},"18":{"start":{"line":58,"column":4},"end":{"line":58,"column":41}},"19":{"start":{"line":61,"column":2},"end":{"line":61,"column":9}},"20":{"start":{"line":67,"column":23},"end":{"line":75,"column":1}},"21":{"start":{"line":68,"column":2},"end":{"line":74,"column":5}},"22":{"start":{"line":80,"column":23},"end":{"line":88,"column":1}},"23":{"start":{"line":81,"column":2},"end":{"line":87,"column":5}},"24":{"start":{"line":93,"column":23},"end":{"line":107,"column":1}},"25":{"start":{"line":95,"column":2},"end":{"line":105,"column":3}},"26":{"start":{"line":96,"column":4},"end":{"line":104,"column":7}},"27":{"start":{"line":106,"column":2},"end":{"line":106,"column":9}},"28":{"start":{"line":112,"column":25},"end":{"line":121,"column":1}},"29":{"start":{"line":113,"column":2},"end":{"line":120,"column":5}},"30":{"start":{"line":126,"column":32},"end":{"line":135,"column":1}},"31":{"start":{"line":127,"column":2},"end":{"line":134,"column":5}},"32":{"start":{"line":140,"column":30},"end":{"line":147,"column":1}},"33":{"start":{"line":141,"column":2},"end":{"line":146,"column":5}},"34":{"start":{"line":152,"column":30},"end":{"line":162,"column":1}},"35":{"start":{"line":153,"column":2},"end":{"line":161,"column":5}},"36":{"start":{"line":167,"column":24},"end":{"line":180,"column":1}},"37":{"start":{"line":168,"column":2},"end":{"line":168,"column":53}},"38":{"start":{"line":168,"column":41},"end":{"line":168,"column":53}},"39":{"start":{"line":170,"column":20},"end":{"line":170,"column":31}},"40":{"start":{"line":171,"column":26},"end":{"line":171,"column":75}},"41":{"start":{"line":173,"column":2},"end":{"line":177,"column":5}},"42":{"start":{"line":174,"column":4},"end":{"line":176,"column":5}},"43":{"start":{"line":175,"column":6},"end":{"line":175,"column":38}},"44":{"start":{"line":179,"column":2},"end":{"line":179,"column":19}},"45":{"start":{"line":185,"column":32},"end":{"line":196,"column":1}},"46":{"start":{"line":186,"column":2},"end":{"line":194,"column":3}},"47":{"start":{"line":187,"column":4},"end":{"line":193,"column":7}},"48":{"start":{"line":195,"column":2},"end":{"line":195,"column":9}},"49":{"start":{"line":201,"column":21},"end":{"line":229,"column":1}},"50":{"start":{"line":203,"column":15},"end":{"line":203,"column":17}},"51":{"start":{"line":204,"column":16},"end":{"line":204,"column":71}},"52":{"start":{"line":204,"column":52},"end":{"line":204,"column":70}},"53":{"start":{"line":206,"column":2},"end":{"line":226,"column":5}},"54":{"start":{"line":207,"column":20},"end":{"line":207,"column":69}},"55":{"start":{"line":208,"column":18},"end":{"line":208,"column":59}},"56":{"start":{"line":208,"column":50},"end":{"line":208,"column":58}},"57":{"start":{"line":210,"column":4},"end":{"line":225,"column":7}},"58":{"start":{"line":211,"column":6},"end":{"line":224,"column":7}},"59":{"start":{"line":212,"column":22},"end":{"line":212,"column":38}},"60":{"start":{"line":215,"column":8},"end":{"line":215,"column":81}},"61":{"start":{"line":215,"column":74},"end":{"line":215,"column":81}},"62":{"start":{"line":216,"column":8},"end":{"line":216,"column":77}},"63":{"start":{"line":216,"column":70},"end":{"line":216,"column":77}},"64":{"start":{"line":219,"column":8},"end":{"line":219,"column":59}},"65":{"start":{"line":219,"column":52},"end":{"line":219,"column":59}},"66":{"start":{"line":221,"column":8},"end":{"line":221,"column":25}},"67":{"start":{"line":228,"column":2},"end":{"line":228,"column":76}},"68":{"start":{"line":228,"column":29},"end":{"line":228,"column":74}},"69":{"start":{"line":231,"column":0},"end":{"line":242,"column":2}}},"fnMap":{"0":{"name":"(anonymous_0)","decl":{"start":{"line":19,"column":25},"end":{"line":19,"column":26}},"loc":{"start":{"line":19,"column":36},"end":{"line":36,"column":1}},"line":19},"1":{"name":"(anonymous_1)","decl":{"start":{"line":41,"column":23},"end":{"line":41,"column":24}},"loc":{"start":{"line":41,"column":43},"end":{"line":62,"column":1}},"line":41},"2":{"name":"(anonymous_2)","decl":{"start":{"line":45,"column":13},"end":{"line":45,"column":14}},"loc":{"start":{"line":45,"column":28},"end":{"line":59,"column":3}},"line":45},"3":{"name":"(anonymous_3)","decl":{"start":{"line":67,"column":23},"end":{"line":67,"column":24}},"loc":{"start":{"line":67,"column":47},"end":{"line":75,"column":1}},"line":67},"4":{"name":"(anonymous_4)","decl":{"start":{"line":80,"column":23},"end":{"line":80,"column":24}},"loc":{"start":{"line":80,"column":52},"end":{"line":88,"column":1}},"line":80},"5":{"name":"(anonymous_5)","decl":{"start":{"line":93,"column":23},"end":{"line":93,"column":24}},"loc":{"start":{"line":93,"column":43},"end":{"line":107,"column":1}},"line":93},"6":{"name":"(anonymous_6)","decl":{"start":{"line":112,"column":25},"end":{"line":112,"column":26}},"loc":{"start":{"line":112,"column":59},"end":{"line":121,"column":1}},"line":112},"7":{"name":"(anonymous_7)","decl":{"start":{"line":126,"column":32},"end":{"line":126,"column":33}},"loc":{"start":{"line":126,"column":55},"end":{"line":135,"column":1}},"line":126},"8":{"name":"(anonymous_8)","decl":{"start":{"line":140,"column":30},"end":{"line":140,"column":31}},"loc":{"start":{"line":140,"column":39},"end":{"line":147,"column":1}},"line":140},"9":{"name":"(anonymous_9)","decl":{"start":{"line":152,"column":30},"end":{"line":152,"column":31}},"loc":{"start":{"line":152,"column":54},"end":{"line":162,"column":1}},"line":152},"10":{"name":"(anonymous_10)","decl":{"start":{"line":167,"column":24},"end":{"line":167,"column":25}},"loc":{"start":{"line":167,"column":34},"end":{"line":180,"column":1}},"line":167},"11":{"name":"(anonymous_11)","decl":{"start":{"line":173,"column":26},"end":{"line":173,"column":27}},"loc":{"start":{"line":173,"column":35},"end":{"line":177,"column":3}},"line":173},"12":{"name":"(anonymous_12)","decl":{"start":{"line":185,"column":32},"end":{"line":185,"column":33}},"loc":{"start":{"line":185,"column":52},"end":{"line":196,"column":1}},"line":185},"13":{"name":"(anonymous_13)","decl":{"start":{"line":201,"column":21},"end":{"line":201,"column":22}},"loc":{"start":{"line":201,"column":56},"end":{"line":229,"column":1}},"line":201},"14":{"name":"(anonymous_14)","decl":{"start":{"line":204,"column":47},"end":{"line":204,"column":48}},"loc":{"start":{"line":204,"column":52},"end":{"line":204,"column":70}},"line":204},"15":{"name":"(anonymous_15)","decl":{"start":{"line":206,"column":16},"end":{"line":206,"column":17}},"loc":{"start":{"line":206,"column":24},"end":{"line":226,"column":3}},"line":206},"16":{"name":"(anonymous_16)","decl":{"start":{"line":208,"column":45},"end":{"line":208,"column":46}},"loc":{"start":{"line":208,"column":50},"end":{"line":208,"column":58}},"line":208},"17":{"name":"(anonymous_17)","decl":{"start":{"line":210,"column":18},"end":{"line":210,"column":19}},"loc":{"start":{"line":210,"column":26},"end":{"line":225,"column":5}},"line":210},"18":{"name":"(anonymous_18)","decl":{"start":{"line":228,"column":19},"end":{"line":228,"column":20}},"loc":{"start":{"line":228,"column":29},"end":{"line":228,"column":74}},"line":228}},"branchMap":{"0":{"loc":{"start":{"line":12,"column":0},"end":{"line":14,"column":1}},"type":"if","locations":[{"start":{"line":12,"column":0},"end":{"line":14,"column":1}},{"start":{},"end":{}}],"line":12},"1":{"loc":{"start":{"line":33,"column":2},"end":{"line":35,"column":3}},"type":"if","locations":[{"start":{"line":33,"column":2},"end":{"line":35,"column":3}},{"start":{},"end":{}}],"line":33},"2":{"loc":{"start":{"line":46,"column":20},"end":{"line":46,"column":57}},"type":"binary-expr","locations":[{"start":{"line":46,"column":20},"end":{"line":46,"column":42}},{"start":{"line":46,"column":46},"end":{"line":46,"column":57}}],"line":46},"3":{"loc":{"start":{"line":51,"column":18},"end":{"line":51,"column":63}},"type":"binary-expr","locations":[{"start":{"line":51,"column":18},"end":{"line":51,"column":32}},{"start":{"line":51,"column":36},"end":{"line":51,"column":50}},{"start":{"line":51,"column":54},"end":{"line":51,"column":63}}],"line":51},"4":{"loc":{"start":{"line":52,"column":10},"end":{"line":52,"column":48}},"type":"binary-expr","locations":[{"start":{"line":52,"column":10},"end":{"line":52,"column":16}},{"start":{"line":52,"column":20},"end":{"line":52,"column":48}}],"line":52},"5":{"loc":{"start":{"line":72,"column":8},"end":{"line":72,"column":46}},"type":"binary-expr","locations":[{"start":{"line":72,"column":8},"end":{"line":72,"column":14}},{"start":{"line":72,"column":18},"end":{"line":72,"column":46}}],"line":72},"6":{"loc":{"start":{"line":85,"column":8},"end":{"line":85,"column":46}},"type":"binary-expr","locations":[{"start":{"line":85,"column":8},"end":{"line":85,"column":14}},{"start":{"line":85,"column":18},"end":{"line":85,"column":46}}],"line":85},"7":{"loc":{"start":{"line":95,"column":2},"end":{"line":105,"column":3}},"type":"if","locations":[{"start":{"line":95,"column":2},"end":{"line":105,"column":3}},{"start":{},"end":{}}],"line":95},"8":{"loc":{"start":{"line":95,"column":6},"end":{"line":95,"column":43}},"type":"binary-expr","locations":[{"start":{"line":95,"column":6},"end":{"line":95,"column":14}},{"start":{"line":95,"column":18},"end":{"line":95,"column":43}}],"line":95},"9":{"loc":{"start":{"line":101,"column":10},"end":{"line":101,"column":48}},"type":"binary-expr","locations":[{"start":{"line":101,"column":10},"end":{"line":101,"column":16}},{"start":{"line":101,"column":20},"end":{"line":101,"column":48}}],"line":101},"10":{"loc":{"start":{"line":118,"column":17},"end":{"line":118,"column":50}},"type":"cond-expr","locations":[{"start":{"line":118,"column":28},"end":{"line":118,"column":39}},{"start":{"line":118,"column":42},"end":{"line":118,"column":50}}],"line":118},"11":{"loc":{"start":{"line":119,"column":8},"end":{"line":119,"column":46}},"type":"binary-expr","locations":[{"start":{"line":119,"column":8},"end":{"line":119,"column":14}},{"start":{"line":119,"column":18},"end":{"line":119,"column":46}}],"line":119},"12":{"loc":{"start":{"line":129,"column":12},"end":{"line":129,"column":48}},"type":"cond-expr","locations":[{"start":{"line":129,"column":23},"end":{"line":129,"column":34}},{"start":{"line":129,"column":37},"end":{"line":129,"column":48}}],"line":129},"13":{"loc":{"start":{"line":131,"column":14},"end":{"line":131,"column":47}},"type":"cond-expr","locations":[{"start":{"line":131,"column":25},"end":{"line":131,"column":38}},{"start":{"line":131,"column":41},"end":{"line":131,"column":47}}],"line":131},"14":{"loc":{"start":{"line":133,"column":8},"end":{"line":133,"column":46}},"type":"binary-expr","locations":[{"start":{"line":133,"column":8},"end":{"line":133,"column":14}},{"start":{"line":133,"column":18},"end":{"line":133,"column":46}}],"line":133},"15":{"loc":{"start":{"line":143,"column":8},"end":{"line":143,"column":46}},"type":"binary-expr","locations":[{"start":{"line":143,"column":8},"end":{"line":143,"column":14}},{"start":{"line":143,"column":18},"end":{"line":143,"column":46}}],"line":143},"16":{"loc":{"start":{"line":157,"column":8},"end":{"line":157,"column":46}},"type":"binary-expr","locations":[{"start":{"line":157,"column":8},"end":{"line":157,"column":14}},{"start":{"line":157,"column":18},"end":{"line":157,"column":46}}],"line":157},"17":{"loc":{"start":{"line":168,"column":2},"end":{"line":168,"column":53}},"type":"if","locations":[{"start":{"line":168,"column":2},"end":{"line":168,"column":53}},{"start":{},"end":{}}],"line":168},"18":{"loc":{"start":{"line":168,"column":6},"end":{"line":168,"column":39}},"type":"binary-expr","locations":[{"start":{"line":168,"column":6},"end":{"line":168,"column":11}},{"start":{"line":168,"column":15},"end":{"line":168,"column":39}}],"line":168},"19":{"loc":{"start":{"line":174,"column":4},"end":{"line":176,"column":5}},"type":"if","locations":[{"start":{"line":174,"column":4},"end":{"line":176,"column":5}},{"start":{},"end":{}}],"line":174},"20":{"loc":{"start":{"line":186,"column":2},"end":{"line":194,"column":3}},"type":"if","locations":[{"start":{"line":186,"column":2},"end":{"line":194,"column":3}},{"start":{},"end":{}}],"line":186},"21":{"loc":{"start":{"line":192,"column":10},"end":{"line":192,"column":48}},"type":"binary-expr","locations":[{"start":{"line":192,"column":10},"end":{"line":192,"column":16}},{"start":{"line":192,"column":20},"end":{"line":192,"column":48}}],"line":192},"22":{"loc":{"start":{"line":215,"column":8},"end":{"line":215,"column":81}},"type":"if","locations":[{"start":{"line":215,"column":8},"end":{"line":215,"column":81}},{"start":{},"end":{}}],"line":215},"23":{"loc":{"start":{"line":215,"column":12},"end":{"line":215,"column":72}},"type":"binary-expr","locations":[{"start":{"line":215,"column":12},"end":{"line":215,"column":21}},{"start":{"line":215,"column":25},"end":{"line":215,"column":72}}],"line":215},"24":{"loc":{"start":{"line":216,"column":8},"end":{"line":216,"column":77}},"type":"if","locations":[{"start":{"line":216,"column":8},"end":{"line":216,"column":77}},{"start":{},"end":{}}],"line":216},"25":{"loc":{"start":{"line":216,"column":12},"end":{"line":216,"column":68}},"type":"binary-expr","locations":[{"start":{"line":216,"column":12},"end":{"line":216,"column":19}},{"start":{"line":216,"column":23},"end":{"line":216,"column":68}}],"line":216},"26":{"loc":{"start":{"line":219,"column":8},"end":{"line":219,"column":59}},"type":"if","locations":[{"start":{"line":219,"column":8},"end":{"line":219,"column":59}},{"start":{},"end":{}}],"line":219},"27":{"loc":{"start":{"line":219,"column":12},"end":{"line":219,"column":50}},"type":"binary-expr","locations":[{"start":{"line":219,"column":12},"end":{"line":219,"column":21}},{"start":{"line":219,"column":25},"end":{"line":219,"column":50}}],"line":219}},"s":{"0":0,"1":0,"2":0,"3":0,"4":0,"5":0,"6":0,"7":0,"8":0,"9":0,"10":0,"11":0,"12":0,"13":0,"14":0,"15":0,"16":0,"17":0,"18":0,"19":0,"20":0,"21":0,"22":0,"23":0,"24":0,"25":0,"26":0,"27":0,"28":0,"29":0,"30":0,"31":0,"32":0,"33":0,"34":0,"35":0,"36":0,"37":0,"38":0,"39":0,"40":0,"41":0,"42":0,"43":0,"44":0,"45":0,"46":0,"47":0,"48":0,"49":0,"50":0,"51":0,"52":0,"53":0,"54":0,"55":0,"56":0,"57":0,"58":0,"59":0,"60":0,"61":0,"62":0,"63":0,"64":0,"65":0,"66":0,"67":0,"68":0,"69":0},"f":{"0":0,"1":0,"2":0,"3":0,"4":0,"5":0,"6":0,"7":0,"8":0,"9":0,"10":0,"11":0,"12":0,"13":0,"14":0,"15":0,"16":0,"17":0,"18":0},"b":{"0":[0,0],"1":[0,0],"2":[0,0],"3":[0,0,0],"4":[0,0],"5":[0,0],"6":[0,0],"7":[0,0],"8":[0,0],"9":[0,0],"10":[0,0],"11":[0,0],"12":[0,0],"13":[0,0],"14":[0,0],"15":[0,0],"16":[0,0],"17":[0,0],"18":[0,0],"19":[0,0],"20":[0,0],"21":[0,0],"22":[0,0],"23":[0,0],"24":[0,0],"25":[0,0],"26":[0,0],"27":[0,0]}}
,"C:\\Users\\tawan\\Desktop\\wyzar-ecommerce\\backend\\middleware\\auth.js": {"path":"C:\\Users\\tawan\\Desktop\\wyzar-ecommerce\\backend\\middleware\\auth.js","statementMap":{"0":{"start":{"line":4,"column":30},"end":{"line":4,"column":62}},"1":{"start":{"line":5,"column":41},"end":{"line":5,"column":74}},"2":{"start":{"line":6,"column":12},"end":{"line":6,"column":35}},"3":{"start":{"line":9,"column":14},"end":{"line":11,"column":2}},"4":{"start":{"line":19,"column":2},"end":{"line":160,"column":3}},"5":{"start":{"line":21,"column":23},"end":{"line":21,"column":50}},"6":{"start":{"line":23,"column":4},"end":{"line":25,"column":5}},"7":{"start":{"line":24,"column":6},"end":{"line":24,"column":77}},"8":{"start":{"line":27,"column":18},"end":{"line":27,"column":42}},"9":{"start":{"line":29,"column":4},"end":{"line":31,"column":5}},"10":{"start":{"line":30,"column":6},"end":{"line":30,"column":77}},"11":{"start":{"line":33,"column":19},"end":{"line":33,"column":46}},"12":{"start":{"line":36,"column":4},"end":{"line":118,"column":5}},"13":{"start":{"line":37,"column":35},"end":{"line":37,"column":65}},"14":{"start":{"line":39,"column":6},"end":{"line":115,"column":7}},"15":{"start":{"line":41,"column":19},"end":{"line":44,"column":10}},"16":{"start":{"line":47,"column":8},"end":{"line":101,"column":9}},"17":{"start":{"line":48,"column":10},"end":{"line":100,"column":11}},"18":{"start":{"line":49,"column":30},"end":{"line":49,"column":68}},"19":{"start":{"line":50,"column":26},"end":{"line":50,"column":67}},"20":{"start":{"line":52,"column":12},"end":{"line":96,"column":13}},"21":{"start":{"line":53,"column":35},"end":{"line":56,"column":16}},"22":{"start":{"line":58,"column":14},"end":{"line":95,"column":15}},"23":{"start":{"line":59,"column":37},"end":{"line":59,"column":95}},"24":{"start":{"line":60,"column":35},"end":{"line":65,"column":17}},"25":{"start":{"line":66,"column":16},"end":{"line":69,"column":17}},"26":{"start":{"line":67,"column":18},"end":{"line":67,"column":49}},"27":{"start":{"line":68,"column":18},"end":{"line":68,"column":106}},"28":{"start":{"line":70,"column":16},"end":{"line":74,"column":19}},"29":{"start":{"line":75,"column":16},"end":{"line":75,"column":88}},"30":{"start":{"line":77,"column":37},"end":{"line":77,"column":82}},"31":{"start":{"line":78,"column":35},"end":{"line":85,"column":17}},"32":{"start":{"line":86,"column":16},"end":{"line":89,"column":17}},"33":{"start":{"line":87,"column":18},"end":{"line":87,"column":49}},"34":{"start":{"line":88,"column":18},"end":{"line":88,"column":112}},"35":{"start":{"line":90,"column":16},"end":{"line":93,"column":19}},"36":{"start":{"line":94,"column":16},"end":{"line":94,"column":68}},"37":{"start":{"line":98,"column":12},"end":{"line":98,"column":75}},"38":{"start":{"line":99,"column":12},"end":{"line":99,"column":88}},"39":{"start":{"line":103,"column":8},"end":{"line":114,"column":9}},"40":{"start":{"line":104,"column":10},"end":{"line":112,"column":12}},"41":{"start":{"line":113,"column":10},"end":{"line":113,"column":24}},"42":{"start":{"line":121,"column":4},"end":{"line":149,"column":5}},"43":{"start":{"line":122,"column":22},"end":{"line":122,"column":63}},"44":{"start":{"line":124,"column":6},"end":{"line":144,"column":7}},"45":{"start":{"line":125,"column":21},"end":{"line":128,"column":10}},"46":{"start":{"line":130,"column":8},"end":{"line":132,"column":9}},"47":{"start":{"line":131,"column":10},"end":{"line":131,"column":65}},"48":{"start":{"line":134,"column":8},"end":{"line":142,"column":10}},"49":{"start":{"line":143,"column":8},"end":{"line":143,"column":22}},"50":{"start":{"line":146,"column":6},"end":{"line":148,"column":7}},"51":{"start":{"line":147,"column":8},"end":{"line":147,"column":66}},"52":{"start":{"line":151,"column":4},"end":{"line":151,"column":63}},"53":{"start":{"line":153,"column":4},"end":{"line":153,"column":49}},"54":{"start":{"line":155,"column":4},"end":{"line":157,"column":5}},"55":{"start":{"line":156,"column":6},"end":{"line":156,"column":64}},"56":{"start":{"line":159,"column":4},"end":{"line":159,"column":63}},"57":{"start":{"line":163,"column":0},"end":{"line":163,"column":22}}},"fnMap":{"0":{"name":"auth","decl":{"start":{"line":18,"column":15},"end":{"line":18,"column":19}},"loc":{"start":{"line":18,"column":36},"end":{"line":161,"column":1}},"line":18}},"branchMap":{"0":{"loc":{"start":{"line":23,"column":4},"end":{"line":25,"column":5}},"type":"if","locations":[{"start":{"line":23,"column":4},"end":{"line":25,"column":5}},{"start":{},"end":{}}],"line":23},"1":{"loc":{"start":{"line":23,"column":8},"end":{"line":23,"column":56}},"type":"binary-expr","locations":[{"start":{"line":23,"column":8},"end":{"line":23,"column":19}},{"start":{"line":23,"column":23},"end":{"line":23,"column":56}}],"line":23},"2":{"loc":{"start":{"line":29,"column":4},"end":{"line":31,"column":5}},"type":"if","locations":[{"start":{"line":29,"column":4},"end":{"line":31,"column":5}},{"start":{},"end":{}}],"line":29},"3":{"loc":{"start":{"line":39,"column":6},"end":{"line":115,"column":7}},"type":"if","locations":[{"start":{"line":39,"column":6},"end":{"line":115,"column":7}},{"start":{},"end":{}}],"line":39},"4":{"loc":{"start":{"line":47,"column":8},"end":{"line":101,"column":9}},"type":"if","locations":[{"start":{"line":47,"column":8},"end":{"line":101,"column":9}},{"start":{},"end":{}}],"line":47},"5":{"loc":{"start":{"line":52,"column":12},"end":{"line":96,"column":13}},"type":"if","locations":[{"start":{"line":52,"column":12},"end":{"line":96,"column":13}},{"start":{},"end":{}}],"line":52},"6":{"loc":{"start":{"line":58,"column":14},"end":{"line":95,"column":15}},"type":"if","locations":[{"start":{"line":58,"column":14},"end":{"line":95,"column":15}},{"start":{"line":76,"column":21},"end":{"line":95,"column":15}}],"line":58},"7":{"loc":{"start":{"line":62,"column":29},"end":{"line":62,"column":61}},"type":"binary-expr","locations":[{"start":{"line":62,"column":29},"end":{"line":62,"column":48}},{"start":{"line":62,"column":52},"end":{"line":62,"column":61}}],"line":62},"8":{"loc":{"start":{"line":63,"column":28},"end":{"line":63,"column":59}},"type":"binary-expr","locations":[{"start":{"line":63,"column":28},"end":{"line":63,"column":46}},{"start":{"line":63,"column":50},"end":{"line":63,"column":59}}],"line":63},"9":{"loc":{"start":{"line":64,"column":28},"end":{"line":64,"column":59}},"type":"binary-expr","locations":[{"start":{"line":64,"column":28},"end":{"line":64,"column":46}},{"start":{"line":64,"column":50},"end":{"line":64,"column":59}}],"line":64},"10":{"loc":{"start":{"line":66,"column":16},"end":{"line":69,"column":17}},"type":"if","locations":[{"start":{"line":66,"column":16},"end":{"line":69,"column":17}},{"start":{},"end":{}}],"line":66},"11":{"loc":{"start":{"line":81,"column":29},"end":{"line":81,"column":54}},"type":"binary-expr","locations":[{"start":{"line":81,"column":29},"end":{"line":81,"column":48}},{"start":{"line":81,"column":52},"end":{"line":81,"column":54}}],"line":81},"12":{"loc":{"start":{"line":82,"column":28},"end":{"line":82,"column":52}},"type":"binary-expr","locations":[{"start":{"line":82,"column":28},"end":{"line":82,"column":46}},{"start":{"line":82,"column":50},"end":{"line":82,"column":52}}],"line":82},"13":{"loc":{"start":{"line":83,"column":28},"end":{"line":83,"column":52}},"type":"binary-expr","locations":[{"start":{"line":83,"column":28},"end":{"line":83,"column":46}},{"start":{"line":83,"column":50},"end":{"line":83,"column":52}}],"line":83},"14":{"loc":{"start":{"line":86,"column":16},"end":{"line":89,"column":17}},"type":"if","locations":[{"start":{"line":86,"column":16},"end":{"line":89,"column":17}},{"start":{},"end":{}}],"line":86},"15":{"loc":{"start":{"line":103,"column":8},"end":{"line":114,"column":9}},"type":"if","locations":[{"start":{"line":103,"column":8},"end":{"line":114,"column":9}},{"start":{},"end":{}}],"line":103},"16":{"loc":{"start":{"line":124,"column":6},"end":{"line":144,"column":7}},"type":"if","locations":[{"start":{"line":124,"column":6},"end":{"line":144,"column":7}},{"start":{},"end":{}}],"line":124},"17":{"loc":{"start":{"line":124,"column":10},"end":{"line":124,"column":52}},"type":"binary-expr","locations":[{"start":{"line":124,"column":10},"end":{"line":124,"column":17}},{"start":{"line":124,"column":21},"end":{"line":124,"column":33}},{"start":{"line":124,"column":37},"end":{"line":124,"column":52}}],"line":124},"18":{"loc":{"start":{"line":130,"column":8},"end":{"line":132,"column":9}},"type":"if","locations":[{"start":{"line":130,"column":8},"end":{"line":132,"column":9}},{"start":{},"end":{}}],"line":130},"19":{"loc":{"start":{"line":146,"column":6},"end":{"line":148,"column":7}},"type":"if","locations":[{"start":{"line":146,"column":6},"end":{"line":148,"column":7}},{"start":{},"end":{}}],"line":146},"20":{"loc":{"start":{"line":155,"column":4},"end":{"line":157,"column":5}},"type":"if","locations":[{"start":{"line":155,"column":4},"end":{"line":157,"column":5}},{"start":{},"end":{}}],"line":155}},"s":{"0":0,"1":0,"2":0,"3":0,"4":0,"5":0,"6":0,"7":0,"8":0,"9":0,"10":0,"11":0,"12":0,"13":0,"14":0,"15":0,"16":0,"17":0,"18":0,"19":0,"20":0,"21":0,"22":0,"23":0,"24":0,"25":0,"26":0,"27":0,"28":0,"29":0,"30":0,"31":0,"32":0,"33":0,"34":0,"35":0,"36":0,"37":0,"38":0,"39":0,"40":0,"41":0,"42":0,"43":0,"44":0,"45":0,"46":0,"47":0,"48":0,"49":0,"50":0,"51":0,"52":0,"53":0,"54":0,"55":0,"56":0,"57":0},"f":{"0":0},"b":{"0":[0,0],"1":[0,0],"2":[0,0],"3":[0,0],"4":[0,0],"5":[0,0],"6":[0,0],"7":[0,0],"8":[0,0],"9":[0,0],"10":[0,0],"11":[0,0],"12":[0,0],"13":[0,0],"14":[0,0],"15":[0,0],"16":[0,0],"17":[0,0,0],"18":[0,0],"19":[0,0],"20":[0,0]}}
,"C:\\Users\\tawan\\Desktop\\wyzar-ecommerce\\backend\\middleware\\csrfProtection.js": {"path":"C:\\Users\\tawan\\Desktop\\wyzar-ecommerce\\backend\\middleware\\csrfProtection.js","statementMap":{"0":{"start":{"line":2,"column":15},"end":{"line":2,"column":32}},"1":{"start":{"line":19,"column":20},"end":{"line":19,"column":29}},"2":{"start":{"line":21,"column":21},"end":{"line":21,"column":29}},"3":{"start":{"line":25,"column":14},"end":{"line":25,"column":24}},"4":{"start":{"line":26,"column":2},"end":{"line":28,"column":3}},"5":{"start":{"line":27,"column":4},"end":{"line":27,"column":48}},"6":{"start":{"line":27,"column":22},"end":{"line":27,"column":48}},"7":{"start":{"line":33,"column":2},"end":{"line":33,"column":17}},"8":{"start":{"line":34,"column":16},"end":{"line":34,"column":54}},"9":{"start":{"line":35,"column":2},"end":{"line":35,"column":52}},"10":{"start":{"line":36,"column":2},"end":{"line":36,"column":15}},"11":{"start":{"line":41,"column":2},"end":{"line":41,"column":27}},"12":{"start":{"line":41,"column":14},"end":{"line":41,"column":27}},"13":{"start":{"line":42,"column":17},"end":{"line":42,"column":39}},"14":{"start":{"line":43,"column":2},"end":{"line":43,"column":28}},"15":{"start":{"line":43,"column":15},"end":{"line":43,"column":28}},"16":{"start":{"line":44,"column":2},"end":{"line":47,"column":3}},"17":{"start":{"line":45,"column":4},"end":{"line":45,"column":30}},"18":{"start":{"line":46,"column":4},"end":{"line":46,"column":17}},"19":{"start":{"line":48,"column":2},"end":{"line":48,"column":14}},"20":{"start":{"line":53,"column":2},"end":{"line":58,"column":5}},"21":{"start":{"line":68,"column":24},"end":{"line":73,"column":1}},"22":{"start":{"line":69,"column":16},"end":{"line":69,"column":31}},"23":{"start":{"line":70,"column":2},"end":{"line":70,"column":31}},"24":{"start":{"line":71,"column":2},"end":{"line":71,"column":28}},"25":{"start":{"line":72,"column":2},"end":{"line":72,"column":9}},"26":{"start":{"line":82,"column":21},"end":{"line":103,"column":1}},"27":{"start":{"line":83,"column":22},"end":{"line":83,"column":48}},"28":{"start":{"line":84,"column":2},"end":{"line":84,"column":54}},"29":{"start":{"line":84,"column":40},"end":{"line":84,"column":54}},"30":{"start":{"line":87,"column":4},"end":{"line":89,"column":32}},"31":{"start":{"line":91,"column":2},"end":{"line":93,"column":3}},"32":{"start":{"line":92,"column":4},"end":{"line":92,"column":79}},"33":{"start":{"line":95,"column":2},"end":{"line":100,"column":3}},"34":{"start":{"line":96,"column":4},"end":{"line":99,"column":7}},"35":{"start":{"line":102,"column":2},"end":{"line":102,"column":9}},"36":{"start":{"line":112,"column":23},"end":{"line":138,"column":1}},"37":{"start":{"line":114,"column":21},"end":{"line":114,"column":36}},"38":{"start":{"line":115,"column":2},"end":{"line":115,"column":33}},"39":{"start":{"line":116,"column":2},"end":{"line":116,"column":36}},"40":{"start":{"line":118,"column":22},"end":{"line":118,"column":48}},"41":{"start":{"line":119,"column":2},"end":{"line":119,"column":54}},"42":{"start":{"line":119,"column":40},"end":{"line":119,"column":54}},"43":{"start":{"line":122,"column":4},"end":{"line":124,"column":32}},"44":{"start":{"line":126,"column":2},"end":{"line":128,"column":3}},"45":{"start":{"line":127,"column":4},"end":{"line":127,"column":79}},"46":{"start":{"line":130,"column":2},"end":{"line":135,"column":3}},"47":{"start":{"line":131,"column":4},"end":{"line":134,"column":7}},"48":{"start":{"line":137,"column":2},"end":{"line":137,"column":9}},"49":{"start":{"line":143,"column":21},"end":{"line":148,"column":1}},"50":{"start":{"line":144,"column":16},"end":{"line":144,"column":31}},"51":{"start":{"line":145,"column":2},"end":{"line":145,"column":31}},"52":{"start":{"line":146,"column":2},"end":{"line":146,"column":28}},"53":{"start":{"line":147,"column":2},"end":{"line":147,"column":48}},"54":{"start":{"line":153,"column":25},"end":{"line":167,"column":1}},"55":{"start":{"line":154,"column":2},"end":{"line":154,"column":53}},"56":{"start":{"line":154,"column":36},"end":{"line":154,"column":53}},"57":{"start":{"line":156,"column":2},"end":{"line":161,"column":5}},"58":{"start":{"line":163,"column":2},"end":{"line":166,"column":5}},"59":{"start":{"line":170,"column":26},"end":{"line":170,"column":38}},"60":{"start":{"line":172,"column":0},"end":{"line":179,"column":2}}},"fnMap":{"0":{"name":"purgeExpired","decl":{"start":{"line":24,"column":9},"end":{"line":24,"column":21}},"loc":{"start":{"line":24,"column":24},"end":{"line":29,"column":1}},"line":24},"1":{"name":"generateToken","decl":{"start":{"line":32,"column":9},"end":{"line":32,"column":22}},"loc":{"start":{"line":32,"column":25},"end":{"line":37,"column":1}},"line":32},"2":{"name":"isValidToken","decl":{"start":{"line":40,"column":9},"end":{"line":40,"column":21}},"loc":{"start":{"line":40,"column":29},"end":{"line":49,"column":1}},"line":40},"3":{"name":"setXsrfCookie","decl":{"start":{"line":52,"column":9},"end":{"line":52,"column":22}},"loc":{"start":{"line":52,"column":35},"end":{"line":59,"column":1}},"line":52},"4":{"name":"(anonymous_4)","decl":{"start":{"line":68,"column":24},"end":{"line":68,"column":25}},"loc":{"start":{"line":68,"column":44},"end":{"line":73,"column":1}},"line":68},"5":{"name":"(anonymous_5)","decl":{"start":{"line":82,"column":21},"end":{"line":82,"column":22}},"loc":{"start":{"line":82,"column":41},"end":{"line":103,"column":1}},"line":82},"6":{"name":"(anonymous_6)","decl":{"start":{"line":112,"column":23},"end":{"line":112,"column":24}},"loc":{"start":{"line":112,"column":43},"end":{"line":138,"column":1}},"line":112},"7":{"name":"(anonymous_7)","decl":{"start":{"line":143,"column":21},"end":{"line":143,"column":22}},"loc":{"start":{"line":143,"column":35},"end":{"line":148,"column":1}},"line":143},"8":{"name":"(anonymous_8)","decl":{"start":{"line":153,"column":25},"end":{"line":153,"column":26}},"loc":{"start":{"line":153,"column":50},"end":{"line":167,"column":1}},"line":153}},"branchMap":{"0":{"loc":{"start":{"line":27,"column":4},"end":{"line":27,"column":48}},"type":"if","locations":[{"start":{"line":27,"column":4},"end":{"line":27,"column":48}},{"start":{},"end":{}}],"line":27},"1":{"loc":{"start":{"line":41,"column":2},"end":{"line":41,"column":27}},"type":"if","locations":[{"start":{"line":41,"column":2},"end":{"line":41,"column":27}},{"start":{},"end":{}}],"line":41},"2":{"loc":{"start":{"line":43,"column":2},"end":{"line":43,"column":28}},"type":"if","locations":[{"start":{"line":43,"column":2},"end":{"line":43,"column":28}},{"start":{},"end":{}}],"line":43},"3":{"loc":{"start":{"line":44,"column":2},"end":{"line":47,"column":3}},"type":"if","locations":[{"start":{"line":44,"column":2},"end":{"line":47,"column":3}},{"start":{},"end":{}}],"line":44},"4":{"loc":{"start":{"line":84,"column":2},"end":{"line":84,"column":54}},"type":"if","locations":[{"start":{"line":84,"column":2},"end":{"line":84,"column":54}},{"start":{},"end":{}}],"line":84},"5":{"loc":{"start":{"line":87,"column":4},"end":{"line":89,"column":32}},"type":"binary-expr","locations":[{"start":{"line":87,"column":4},"end":{"line":87,"column":31}},{"start":{"line":88,"column":4},"end":{"line":88,"column":31}},{"start":{"line":89,"column":5},"end":{"line":89,"column":13}},{"start":{"line":89,"column":17},"end":{"line":89,"column":31}}],"line":87},"6":{"loc":{"start":{"line":91,"column":2},"end":{"line":93,"column":3}},"type":"if","locations":[{"start":{"line":91,"column":2},"end":{"line":93,"column":3}},{"start":{},"end":{}}],"line":91},"7":{"loc":{"start":{"line":95,"column":2},"end":{"line":100,"column":3}},"type":"if","locations":[{"start":{"line":95,"column":2},"end":{"line":100,"column":3}},{"start":{},"end":{}}],"line":95},"8":{"loc":{"start":{"line":119,"column":2},"end":{"line":119,"column":54}},"type":"if","locations":[{"start":{"line":119,"column":2},"end":{"line":119,"column":54}},{"start":{},"end":{}}],"line":119},"9":{"loc":{"start":{"line":122,"column":4},"end":{"line":124,"column":32}},"type":"binary-expr","locations":[{"start":{"line":122,"column":4},"end":{"line":122,"column":31}},{"start":{"line":123,"column":4},"end":{"line":123,"column":31}},{"start":{"line":124,"column":5},"end":{"line":124,"column":13}},{"start":{"line":124,"column":17},"end":{"line":124,"column":31}}],"line":122},"10":{"loc":{"start":{"line":126,"column":2},"end":{"line":128,"column":3}},"type":"if","locations":[{"start":{"line":126,"column":2},"end":{"line":128,"column":3}},{"start":{},"end":{}}],"line":126},"11":{"loc":{"start":{"line":130,"column":2},"end":{"line":135,"column":3}},"type":"if","locations":[{"start":{"line":130,"column":2},"end":{"line":135,"column":3}},{"start":{},"end":{}}],"line":130},"12":{"loc":{"start":{"line":154,"column":2},"end":{"line":154,"column":53}},"type":"if","locations":[{"start":{"line":154,"column":2},"end":{"line":154,"column":53}},{"start":{},"end":{}}],"line":154}},"s":{"0":1,"1":1,"2":1,"3":9,"4":9,"5":36,"6":0,"7":9,"8":9,"9":9,"10":9,"11":4,"12":0,"13":4,"14":4,"15":1,"16":3,"17":0,"18":0,"19":3,"20":9,"21":1,"22":7,"23":7,"24":7,"25":7,"26":1,"27":5,"28":5,"29":1,"30":4,"31":4,"32":1,"33":3,"34":1,"35":2,"36":1,"37":2,"38":2,"39":2,"40":2,"41":2,"42":0,"43":2,"44":2,"45":1,"46":1,"47":0,"48":1,"49":1,"50":0,"51":0,"52":0,"53":0,"54":1,"55":0,"56":0,"57":0,"58":0,"59":1,"60":1},"f":{"0":9,"1":9,"2":4,"3":9,"4":7,"5":5,"6":2,"7":0,"8":0},"b":{"0":[0,36],"1":[0,4],"2":[1,3],"3":[0,3],"4":[1,4],"5":[4,2,2,2],"6":[1,3],"7":[1,2],"8":[0,2],"9":[2,1,1,1],"10":[1,1],"11":[0,1],"12":[0,0]},"_coverageSchema":"1a1c01bbd47fc00a2c39e90264f33305004495a9","hash":"a84360f141efc3ddea9b918a707e4a4678df4a3c"}
,"C:\\Users\\tawan\\Desktop\\wyzar-ecommerce\\backend\\middleware\\csvUpload.js": {"path":"C:\\Users\\tawan\\Desktop\\wyzar-ecommerce\\backend\\middleware\\csvUpload.js","statementMap":{"0":{"start":{"line":1,"column":15},"end":{"line":1,"column":32}},"1":{"start":{"line":2,"column":13},"end":{"line":2,"column":28}},"2":{"start":{"line":4,"column":16},"end":{"line":4,"column":38}},"3":{"start":{"line":6,"column":18},"end":{"line":12,"column":25}},"4":{"start":{"line":10,"column":4},"end":{"line":10,"column":28}},"5":{"start":{"line":15,"column":20},"end":{"line":15,"column":25}},"6":{"start":{"line":16,"column":18},"end":{"line":16,"column":79}},"7":{"start":{"line":17,"column":19},"end":{"line":17,"column":47}},"8":{"start":{"line":19,"column":2},"end":{"line":23,"column":3}},"9":{"start":{"line":20,"column":4},"end":{"line":20,"column":26}},"10":{"start":{"line":22,"column":4},"end":{"line":22,"column":33}},"11":{"start":{"line":26,"column":0},"end":{"line":26,"column":27}}},"fnMap":{"0":{"name":"(anonymous_0)","decl":{"start":{"line":9,"column":14},"end":{"line":9,"column":15}},"loc":{"start":{"line":9,"column":33},"end":{"line":11,"column":3}},"line":9},"1":{"name":"checkFileType","decl":{"start":{"line":14,"column":9},"end":{"line":14,"column":22}},"loc":{"start":{"line":14,"column":33},"end":{"line":24,"column":1}},"line":14}},"branchMap":{"0":{"loc":{"start":{"line":19,"column":2},"end":{"line":23,"column":3}},"type":"if","locations":[{"start":{"line":19,"column":2},"end":{"line":23,"column":3}},{"start":{"line":21,"column":9},"end":{"line":23,"column":3}}],"line":19},"1":{"loc":{"start":{"line":19,"column":6},"end":{"line":19,"column":25}},"type":"binary-expr","locations":[{"start":{"line":19,"column":6},"end":{"line":19,"column":13}},{"start":{"line":19,"column":17},"end":{"line":19,"column":25}}],"line":19}},"s":{"0":0,"1":0,"2":0,"3":0,"4":0,"5":0,"6":0,"7":0,"8":0,"9":0,"10":0,"11":0},"f":{"0":0,"1":0},"b":{"0":[0,0],"1":[0,0]}}
,"C:\\Users\\tawan\\Desktop\\wyzar-ecommerce\\backend\\middleware\\errorMiddleware.js": {"path":"C:\\Users\\tawan\\Desktop\\wyzar-ecommerce\\backend\\middleware\\errorMiddleware.js","statementMap":{"0":{"start":{"line":11,"column":4},"end":{"line":11,"column":36}},"1":{"start":{"line":17,"column":16},"end":{"line":17,"column":67}},"2":{"start":{"line":18,"column":2},"end":{"line":18,"column":23}},"3":{"start":{"line":20,"column":18},"end":{"line":20,"column":66}},"4":{"start":{"line":21,"column":21},"end":{"line":21,"column":41}},"5":{"start":{"line":23,"column":24},"end":{"line":30,"column":3}},"6":{"start":{"line":32,"column":2},"end":{"line":35,"column":3}},"7":{"start":{"line":33,"column":4},"end":{"line":33,"column":44}},"8":{"start":{"line":34,"column":4},"end":{"line":34,"column":54}},"9":{"start":{"line":37,"column":2},"end":{"line":37,"column":45}},"10":{"start":{"line":44,"column":16},"end":{"line":44,"column":78}},"11":{"start":{"line":45,"column":2},"end":{"line":45,"column":14}},"12":{"start":{"line":52,"column":2},"end":{"line":54,"column":4}},"13":{"start":{"line":53,"column":4},"end":{"line":53,"column":52}},"14":{"start":{"line":57,"column":0},"end":{"line":61,"column":2}}},"fnMap":{"0":{"name":"errorHandler","decl":{"start":{"line":16,"column":9},"end":{"line":16,"column":21}},"loc":{"start":{"line":16,"column":43},"end":{"line":38,"column":1}},"line":16},"1":{"name":"notFoundHandler","decl":{"start":{"line":43,"column":9},"end":{"line":43,"column":24}},"loc":{"start":{"line":43,"column":41},"end":{"line":46,"column":1}},"line":43},"2":{"name":"asyncHandler","decl":{"start":{"line":51,"column":9},"end":{"line":51,"column":21}},"loc":{"start":{"line":51,"column":26},"end":{"line":55,"column":1}},"line":51},"3":{"name":"(anonymous_3)","decl":{"start":{"line":52,"column":9},"end":{"line":52,"column":10}},"loc":{"start":{"line":52,"column":29},"end":{"line":54,"column":3}},"line":52}},"branchMap":{"0":{"loc":{"start":{"line":17,"column":16},"end":{"line":17,"column":67}},"type":"cond-expr","locations":[{"start":{"line":17,"column":42},"end":{"line":17,"column":45}},{"start":{"line":17,"column":48},"end":{"line":17,"column":67}}],"line":17},"1":{"loc":{"start":{"line":32,"column":2},"end":{"line":35,"column":3}},"type":"if","locations":[{"start":{"line":32,"column":2},"end":{"line":35,"column":3}},{"start":{},"end":{}}],"line":32}},"s":{"0":1,"1":4,"2":4,"3":4,"4":4,"5":4,"6":4,"7":2,"8":2,"9":4,"10":1,"11":1,"12":2,"13":2,"14":1},"f":{"0":4,"1":1,"2":2,"3":2},"b":{"0":[4,0],"1":[2,2]},"_coverageSchema":"1a1c01bbd47fc00a2c39e90264f33305004495a9","hash":"4eec1b71dacda90d15d2678da31f171fbda3dda0"}
,"C:\\Users\\tawan\\Desktop\\wyzar-ecommerce\\backend\\middleware\\imagekitUpload.js": {"path":"C:\\Users\\tawan\\Desktop\\wyzar-ecommerce\\backend\\middleware\\imagekitUpload.js","statementMap":{"0":{"start":{"line":4,"column":15},"end":{"line":4,"column":32}},"1":{"start":{"line":5,"column":13},"end":{"line":5,"column":28}},"2":{"start":{"line":6,"column":45},"end":{"line":6,"column":74}},"3":{"start":{"line":7,"column":25},"end":{"line":7,"column":58}},"4":{"start":{"line":8,"column":11},"end":{"line":8,"column":24}},"5":{"start":{"line":11,"column":16},"end":{"line":25,"column":2}},"6":{"start":{"line":13,"column":22},"end":{"line":13,"column":41}},"7":{"start":{"line":15,"column":4},"end":{"line":17,"column":5}},"8":{"start":{"line":16,"column":6},"end":{"line":16,"column":51}},"9":{"start":{"line":18,"column":4},"end":{"line":18,"column":24}},"10":{"start":{"line":21,"column":25},"end":{"line":21,"column":75}},"11":{"start":{"line":22,"column":21},"end":{"line":22,"column":87}},"12":{"start":{"line":23,"column":4},"end":{"line":23,"column":23}},"13":{"start":{"line":28,"column":20},"end":{"line":38,"column":1}},"14":{"start":{"line":29,"column":23},"end":{"line":29,"column":46}},"15":{"start":{"line":30,"column":18},"end":{"line":30,"column":82}},"16":{"start":{"line":31,"column":19},"end":{"line":31,"column":51}},"17":{"start":{"line":33,"column":2},"end":{"line":37,"column":3}},"18":{"start":{"line":34,"column":4},"end":{"line":34,"column":26}},"19":{"start":{"line":36,"column":4},"end":{"line":36,"column":88}},"20":{"start":{"line":41,"column":23},"end":{"line":51,"column":1}},"21":{"start":{"line":42,"column":23},"end":{"line":42,"column":41}},"22":{"start":{"line":43,"column":18},"end":{"line":43,"column":82}},"23":{"start":{"line":44,"column":19},"end":{"line":44,"column":51}},"24":{"start":{"line":46,"column":2},"end":{"line":50,"column":3}},"25":{"start":{"line":47,"column":4},"end":{"line":47,"column":26}},"26":{"start":{"line":49,"column":4},"end":{"line":49,"column":90}},"27":{"start":{"line":54,"column":28},"end":{"line":67,"column":2}},"28":{"start":{"line":56,"column":22},"end":{"line":56,"column":45}},"29":{"start":{"line":57,"column":4},"end":{"line":59,"column":5}},"30":{"start":{"line":58,"column":6},"end":{"line":58,"column":51}},"31":{"start":{"line":60,"column":4},"end":{"line":60,"column":24}},"32":{"start":{"line":63,"column":25},"end":{"line":63,"column":75}},"33":{"start":{"line":64,"column":21},"end":{"line":64,"column":87}},"34":{"start":{"line":65,"column":4},"end":{"line":65,"column":23}},"35":{"start":{"line":70,"column":21},"end":{"line":75,"column":1}},"36":{"start":{"line":78,"column":27},"end":{"line":81,"column":2}},"37":{"start":{"line":83,"column":30},"end":{"line":87,"column":2}},"38":{"start":{"line":94,"column":28},"end":{"line":197,"column":1}},"39":{"start":{"line":96,"column":17},"end":{"line":100,"column":4}},"40":{"start":{"line":102,"column":2},"end":{"line":196,"column":5}},"41":{"start":{"line":103,"column":4},"end":{"line":114,"column":5}},"42":{"start":{"line":104,"column":6},"end":{"line":112,"column":7}},"43":{"start":{"line":105,"column":8},"end":{"line":107,"column":9}},"44":{"start":{"line":106,"column":10},"end":{"line":106,"column":98}},"45":{"start":{"line":108,"column":8},"end":{"line":110,"column":9}},"46":{"start":{"line":109,"column":10},"end":{"line":109,"column":87}},"47":{"start":{"line":111,"column":8},"end":{"line":111,"column":77}},"48":{"start":{"line":113,"column":6},"end":{"line":113,"column":56}},"49":{"start":{"line":117,"column":21},"end":{"line":117,"column":23}},"50":{"start":{"line":118,"column":4},"end":{"line":122,"column":5}},"51":{"start":{"line":119,"column":6},"end":{"line":119,"column":83}},"52":{"start":{"line":119,"column":38},"end":{"line":119,"column":83}},"53":{"start":{"line":120,"column":6},"end":{"line":120,"column":69}},"54":{"start":{"line":120,"column":31},"end":{"line":120,"column":69}},"55":{"start":{"line":121,"column":6},"end":{"line":121,"column":73}},"56":{"start":{"line":121,"column":33},"end":{"line":121,"column":73}},"57":{"start":{"line":123,"column":4},"end":{"line":123,"column":25}},"58":{"start":{"line":126,"column":4},"end":{"line":128,"column":5}},"59":{"start":{"line":127,"column":6},"end":{"line":127,"column":20}},"60":{"start":{"line":130,"column":4},"end":{"line":195,"column":5}},"61":{"start":{"line":132,"column":6},"end":{"line":189,"column":7}},"62":{"start":{"line":134,"column":31},"end":{"line":159,"column":10}},"63":{"start":{"line":135,"column":10},"end":{"line":158,"column":11}},"64":{"start":{"line":137,"column":27},"end":{"line":144,"column":13}},"65":{"start":{"line":147,"column":12},"end":{"line":149,"column":13}},"66":{"start":{"line":148,"column":14},"end":{"line":148,"column":59}},"67":{"start":{"line":148,"column":20},"end":{"line":148,"column":45}},"68":{"start":{"line":151,"column":12},"end":{"line":151,"column":26}},"69":{"start":{"line":153,"column":12},"end":{"line":153,"column":55}},"70":{"start":{"line":154,"column":12},"end":{"line":157,"column":14}},"71":{"start":{"line":161,"column":30},"end":{"line":161,"column":63}},"72":{"start":{"line":164,"column":30},"end":{"line":164,"column":77}},"73":{"start":{"line":164,"column":61},"end":{"line":164,"column":76}},"74":{"start":{"line":165,"column":8},"end":{"line":171,"column":9}},"75":{"start":{"line":166,"column":10},"end":{"line":166,"column":68}},"76":{"start":{"line":167,"column":10},"end":{"line":170,"column":13}},"77":{"start":{"line":169,"column":43},"end":{"line":169,"column":50}},"78":{"start":{"line":174,"column":8},"end":{"line":179,"column":12}},"79":{"start":{"line":174,"column":57},"end":{"line":179,"column":9}},"80":{"start":{"line":182,"column":8},"end":{"line":182,"column":84}},"81":{"start":{"line":183,"column":8},"end":{"line":188,"column":12}},"82":{"start":{"line":183,"column":51},"end":{"line":188,"column":9}},"83":{"start":{"line":191,"column":6},"end":{"line":191,"column":13}},"84":{"start":{"line":193,"column":6},"end":{"line":193,"column":50}},"85":{"start":{"line":194,"column":6},"end":{"line":194,"column":70}},"86":{"start":{"line":202,"column":30},"end":{"line":263,"column":1}},"87":{"start":{"line":203,"column":17},"end":{"line":203,"column":69}},"88":{"start":{"line":205,"column":2},"end":{"line":262,"column":5}},"89":{"start":{"line":206,"column":4},"end":{"line":214,"column":5}},"90":{"start":{"line":207,"column":6},"end":{"line":212,"column":7}},"91":{"start":{"line":208,"column":8},"end":{"line":210,"column":9}},"92":{"start":{"line":209,"column":10},"end":{"line":209,"column":87}},"93":{"start":{"line":211,"column":8},"end":{"line":211,"column":77}},"94":{"start":{"line":213,"column":6},"end":{"line":213,"column":56}},"95":{"start":{"line":217,"column":4},"end":{"line":219,"column":5}},"96":{"start":{"line":218,"column":6},"end":{"line":218,"column":20}},"97":{"start":{"line":221,"column":4},"end":{"line":261,"column":5}},"98":{"start":{"line":223,"column":6},"end":{"line":255,"column":7}},"99":{"start":{"line":225,"column":29},"end":{"line":232,"column":9}},"100":{"start":{"line":234,"column":8},"end":{"line":236,"column":9}},"101":{"start":{"line":235,"column":10},"end":{"line":235,"column":115}},"102":{"start":{"line":239,"column":8},"end":{"line":239,"column":57}},"103":{"start":{"line":239,"column":14},"end":{"line":239,"column":43}},"104":{"start":{"line":242,"column":8},"end":{"line":246,"column":10}},"105":{"start":{"line":249,"column":8},"end":{"line":249,"column":73}},"106":{"start":{"line":250,"column":8},"end":{"line":254,"column":10}},"107":{"start":{"line":257,"column":6},"end":{"line":257,"column":13}},"108":{"start":{"line":259,"column":6},"end":{"line":259,"column":53}},"109":{"start":{"line":260,"column":6},"end":{"line":260,"column":84}},"110":{"start":{"line":268,"column":27},"end":{"line":329,"column":1}},"111":{"start":{"line":269,"column":17},"end":{"line":269,"column":61}},"112":{"start":{"line":271,"column":2},"end":{"line":328,"column":5}},"113":{"start":{"line":272,"column":4},"end":{"line":280,"column":5}},"114":{"start":{"line":273,"column":6},"end":{"line":278,"column":7}},"115":{"start":{"line":274,"column":8},"end":{"line":276,"column":9}},"116":{"start":{"line":275,"column":10},"end":{"line":275,"column":87}},"117":{"start":{"line":277,"column":8},"end":{"line":277,"column":77}},"118":{"start":{"line":279,"column":6},"end":{"line":279,"column":56}},"119":{"start":{"line":283,"column":4},"end":{"line":285,"column":5}},"120":{"start":{"line":284,"column":6},"end":{"line":284,"column":20}},"121":{"start":{"line":287,"column":4},"end":{"line":327,"column":5}},"122":{"start":{"line":289,"column":6},"end":{"line":321,"column":7}},"123":{"start":{"line":291,"column":29},"end":{"line":298,"column":9}},"124":{"start":{"line":300,"column":8},"end":{"line":302,"column":9}},"125":{"start":{"line":301,"column":10},"end":{"line":301,"column":120}},"126":{"start":{"line":305,"column":8},"end":{"line":305,"column":57}},"127":{"start":{"line":305,"column":14},"end":{"line":305,"column":43}},"128":{"start":{"line":308,"column":8},"end":{"line":312,"column":10}},"129":{"start":{"line":315,"column":8},"end":{"line":315,"column":73}},"130":{"start":{"line":316,"column":8},"end":{"line":320,"column":10}},"131":{"start":{"line":323,"column":6},"end":{"line":323,"column":13}},"132":{"start":{"line":325,"column":6},"end":{"line":325,"column":53}},"133":{"start":{"line":326,"column":6},"end":{"line":326,"column":89}},"134":{"start":{"line":331,"column":0},"end":{"line":335,"column":2}}},"fnMap":{"0":{"name":"(anonymous_0)","decl":{"start":{"line":12,"column":15},"end":{"line":12,"column":16}},"loc":{"start":{"line":12,"column":34},"end":{"line":19,"column":3}},"line":12},"1":{"name":"(anonymous_1)","decl":{"start":{"line":20,"column":12},"end":{"line":20,"column":13}},"loc":{"start":{"line":20,"column":31},"end":{"line":24,"column":3}},"line":20},"2":{"name":"(anonymous_2)","decl":{"start":{"line":28,"column":20},"end":{"line":28,"column":21}},"loc":{"start":{"line":28,"column":39},"end":{"line":38,"column":1}},"line":28},"3":{"name":"(anonymous_3)","decl":{"start":{"line":41,"column":23},"end":{"line":41,"column":24}},"loc":{"start":{"line":41,"column":42},"end":{"line":51,"column":1}},"line":41},"4":{"name":"(anonymous_4)","decl":{"start":{"line":55,"column":15},"end":{"line":55,"column":16}},"loc":{"start":{"line":55,"column":34},"end":{"line":61,"column":3}},"line":55},"5":{"name":"(anonymous_5)","decl":{"start":{"line":62,"column":12},"end":{"line":62,"column":13}},"loc":{"start":{"line":62,"column":31},"end":{"line":66,"column":3}},"line":62},"6":{"name":"(anonymous_6)","decl":{"start":{"line":94,"column":28},"end":{"line":94,"column":29}},"loc":{"start":{"line":94,"column":48},"end":{"line":197,"column":1}},"line":94},"7":{"name":"(anonymous_7)","decl":{"start":{"line":102,"column":19},"end":{"line":102,"column":20}},"loc":{"start":{"line":102,"column":34},"end":{"line":196,"column":3}},"line":102},"8":{"name":"(anonymous_8)","decl":{"start":{"line":134,"column":45},"end":{"line":134,"column":46}},"loc":{"start":{"line":134,"column":61},"end":{"line":159,"column":9}},"line":134},"9":{"name":"(anonymous_9)","decl":{"start":{"line":164,"column":51},"end":{"line":164,"column":52}},"loc":{"start":{"line":164,"column":61},"end":{"line":164,"column":76}},"line":164},"10":{"name":"(anonymous_10)","decl":{"start":{"line":169,"column":38},"end":{"line":169,"column":39}},"loc":{"start":{"line":169,"column":43},"end":{"line":169,"column":50}},"line":169},"11":{"name":"(anonymous_11)","decl":{"start":{"line":174,"column":46},"end":{"line":174,"column":47}},"loc":{"start":{"line":174,"column":57},"end":{"line":179,"column":9}},"line":174},"12":{"name":"(anonymous_12)","decl":{"start":{"line":183,"column":42},"end":{"line":183,"column":43}},"loc":{"start":{"line":183,"column":51},"end":{"line":188,"column":9}},"line":183},"13":{"name":"(anonymous_13)","decl":{"start":{"line":202,"column":30},"end":{"line":202,"column":31}},"loc":{"start":{"line":202,"column":50},"end":{"line":263,"column":1}},"line":202},"14":{"name":"(anonymous_14)","decl":{"start":{"line":205,"column":19},"end":{"line":205,"column":20}},"loc":{"start":{"line":205,"column":34},"end":{"line":262,"column":3}},"line":205},"15":{"name":"(anonymous_15)","decl":{"start":{"line":268,"column":27},"end":{"line":268,"column":28}},"loc":{"start":{"line":268,"column":47},"end":{"line":329,"column":1}},"line":268},"16":{"name":"(anonymous_16)","decl":{"start":{"line":271,"column":19},"end":{"line":271,"column":20}},"loc":{"start":{"line":271,"column":34},"end":{"line":328,"column":3}},"line":271}},"branchMap":{"0":{"loc":{"start":{"line":15,"column":4},"end":{"line":17,"column":5}},"type":"if","locations":[{"start":{"line":15,"column":4},"end":{"line":17,"column":5}},{"start":{},"end":{}}],"line":15},"1":{"loc":{"start":{"line":33,"column":2},"end":{"line":37,"column":3}},"type":"if","locations":[{"start":{"line":33,"column":2},"end":{"line":37,"column":3}},{"start":{"line":35,"column":9},"end":{"line":37,"column":3}}],"line":33},"2":{"loc":{"start":{"line":33,"column":6},"end":{"line":33,"column":25}},"type":"binary-expr","locations":[{"start":{"line":33,"column":6},"end":{"line":33,"column":14}},{"start":{"line":33,"column":18},"end":{"line":33,"column":25}}],"line":33},"3":{"loc":{"start":{"line":46,"column":2},"end":{"line":50,"column":3}},"type":"if","locations":[{"start":{"line":46,"column":2},"end":{"line":50,"column":3}},{"start":{"line":48,"column":9},"end":{"line":50,"column":3}}],"line":46},"4":{"loc":{"start":{"line":46,"column":6},"end":{"line":46,"column":25}},"type":"binary-expr","locations":[{"start":{"line":46,"column":6},"end":{"line":46,"column":14}},{"start":{"line":46,"column":18},"end":{"line":46,"column":25}}],"line":46},"5":{"loc":{"start":{"line":57,"column":4},"end":{"line":59,"column":5}},"type":"if","locations":[{"start":{"line":57,"column":4},"end":{"line":59,"column":5}},{"start":{},"end":{}}],"line":57},"6":{"loc":{"start":{"line":103,"column":4},"end":{"line":114,"column":5}},"type":"if","locations":[{"start":{"line":103,"column":4},"end":{"line":114,"column":5}},{"start":{},"end":{}}],"line":103},"7":{"loc":{"start":{"line":104,"column":6},"end":{"line":112,"column":7}},"type":"if","locations":[{"start":{"line":104,"column":6},"end":{"line":112,"column":7}},{"start":{},"end":{}}],"line":104},"8":{"loc":{"start":{"line":105,"column":8},"end":{"line":107,"column":9}},"type":"if","locations":[{"start":{"line":105,"column":8},"end":{"line":107,"column":9}},{"start":{},"end":{}}],"line":105},"9":{"loc":{"start":{"line":108,"column":8},"end":{"line":110,"column":9}},"type":"if","locations":[{"start":{"line":108,"column":8},"end":{"line":110,"column":9}},{"start":{},"end":{}}],"line":108},"10":{"loc":{"start":{"line":118,"column":4},"end":{"line":122,"column":5}},"type":"if","locations":[{"start":{"line":118,"column":4},"end":{"line":122,"column":5}},{"start":{},"end":{}}],"line":118},"11":{"loc":{"start":{"line":119,"column":6},"end":{"line":119,"column":83}},"type":"if","locations":[{"start":{"line":119,"column":6},"end":{"line":119,"column":83}},{"start":{},"end":{}}],"line":119},"12":{"loc":{"start":{"line":120,"column":6},"end":{"line":120,"column":69}},"type":"if","locations":[{"start":{"line":120,"column":6},"end":{"line":120,"column":69}},{"start":{},"end":{}}],"line":120},"13":{"loc":{"start":{"line":121,"column":6},"end":{"line":121,"column":73}},"type":"if","locations":[{"start":{"line":121,"column":6},"end":{"line":121,"column":73}},{"start":{},"end":{}}],"line":121},"14":{"loc":{"start":{"line":126,"column":4},"end":{"line":128,"column":5}},"type":"if","locations":[{"start":{"line":126,"column":4},"end":{"line":128,"column":5}},{"start":{},"end":{}}],"line":126},"15":{"loc":{"start":{"line":126,"column":8},"end":{"line":126,"column":44}},"type":"binary-expr","locations":[{"start":{"line":126,"column":8},"end":{"line":126,"column":18}},{"start":{"line":126,"column":22},"end":{"line":126,"column":44}}],"line":126},"16":{"loc":{"start":{"line":132,"column":6},"end":{"line":189,"column":7}},"type":"if","locations":[{"start":{"line":132,"column":6},"end":{"line":189,"column":7}},{"start":{"line":180,"column":13},"end":{"line":189,"column":7}}],"line":132},"17":{"loc":{"start":{"line":147,"column":12},"end":{"line":149,"column":13}},"type":"if","locations":[{"start":{"line":147,"column":12},"end":{"line":149,"column":13}},{"start":{},"end":{}}],"line":147},"18":{"loc":{"start":{"line":165,"column":8},"end":{"line":171,"column":9}},"type":"if","locations":[{"start":{"line":165,"column":8},"end":{"line":171,"column":9}},{"start":{},"end":{}}],"line":165},"19":{"loc":{"start":{"line":206,"column":4},"end":{"line":214,"column":5}},"type":"if","locations":[{"start":{"line":206,"column":4},"end":{"line":214,"column":5}},{"start":{},"end":{}}],"line":206},"20":{"loc":{"start":{"line":207,"column":6},"end":{"line":212,"column":7}},"type":"if","locations":[{"start":{"line":207,"column":6},"end":{"line":212,"column":7}},{"start":{},"end":{}}],"line":207},"21":{"loc":{"start":{"line":208,"column":8},"end":{"line":210,"column":9}},"type":"if","locations":[{"start":{"line":208,"column":8},"end":{"line":210,"column":9}},{"start":{},"end":{}}],"line":208},"22":{"loc":{"start":{"line":217,"column":4},"end":{"line":219,"column":5}},"type":"if","locations":[{"start":{"line":217,"column":4},"end":{"line":219,"column":5}},{"start":{},"end":{}}],"line":217},"23":{"loc":{"start":{"line":223,"column":6},"end":{"line":255,"column":7}},"type":"if","locations":[{"start":{"line":223,"column":6},"end":{"line":255,"column":7}},{"start":{"line":247,"column":13},"end":{"line":255,"column":7}}],"line":223},"24":{"loc":{"start":{"line":234,"column":8},"end":{"line":236,"column":9}},"type":"if","locations":[{"start":{"line":234,"column":8},"end":{"line":236,"column":9}},{"start":{},"end":{}}],"line":234},"25":{"loc":{"start":{"line":272,"column":4},"end":{"line":280,"column":5}},"type":"if","locations":[{"start":{"line":272,"column":4},"end":{"line":280,"column":5}},{"start":{},"end":{}}],"line":272},"26":{"loc":{"start":{"line":273,"column":6},"end":{"line":278,"column":7}},"type":"if","locations":[{"start":{"line":273,"column":6},"end":{"line":278,"column":7}},{"start":{},"end":{}}],"line":273},"27":{"loc":{"start":{"line":274,"column":8},"end":{"line":276,"column":9}},"type":"if","locations":[{"start":{"line":274,"column":8},"end":{"line":276,"column":9}},{"start":{},"end":{}}],"line":274},"28":{"loc":{"start":{"line":283,"column":4},"end":{"line":285,"column":5}},"type":"if","locations":[{"start":{"line":283,"column":4},"end":{"line":285,"column":5}},{"start":{},"end":{}}],"line":283},"29":{"loc":{"start":{"line":289,"column":6},"end":{"line":321,"column":7}},"type":"if","locations":[{"start":{"line":289,"column":6},"end":{"line":321,"column":7}},{"start":{"line":313,"column":13},"end":{"line":321,"column":7}}],"line":289},"30":{"loc":{"start":{"line":300,"column":8},"end":{"line":302,"column":9}},"type":"if","locations":[{"start":{"line":300,"column":8},"end":{"line":302,"column":9}},{"start":{},"end":{}}],"line":300}},"s":{"0":0,"1":0,"2":0,"3":0,"4":0,"5":0,"6":0,"7":0,"8":0,"9":0,"10":0,"11":0,"12":0,"13":0,"14":0,"15":0,"16":0,"17":0,"18":0,"19":0,"20":0,"21":0,"22":0,"23":0,"24":0,"25":0,"26":0,"27":0,"28":0,"29":0,"30":0,"31":0,"32":0,"33":0,"34":0,"35":0,"36":0,"37":0,"38":0,"39":0,"40":0,"41":0,"42":0,"43":0,"44":0,"45":0,"46":0,"47":0,"48":0,"49":0,"50":0,"51":0,"52":0,"53":0,"54":0,"55":0,"56":0,"57":0,"58":0,"59":0,"60":0,"61":0,"62":0,"63":0,"64":0,"65":0,"66":0,"67":0,"68":0,"69":0,"70":0,"71":0,"72":0,"73":0,"74":0,"75":0,"76":0,"77":0,"78":0,"79":0,"80":0,"81":0,"82":0,"83":0,"84":0,"85":0,"86":0,"87":0,"88":0,"89":0,"90":0,"91":0,"92":0,"93":0,"94":0,"95":0,"96":0,"97":0,"98":0,"99":0,"100":0,"101":0,"102":0,"103":0,"104":0,"105":0,"106":0,"107":0,"108":0,"109":0,"110":0,"111":0,"112":0,"113":0,"114":0,"115":0,"116":0,"117":0,"118":0,"119":0,"120":0,"121":0,"122":0,"123":0,"124":0,"125":0,"126":0,"127":0,"128":0,"129":0,"130":0,"131":0,"132":0,"133":0,"134":0},"f":{"0":0,"1":0,"2":0,"3":0,"4":0,"5":0,"6":0,"7":0,"8":0,"9":0,"10":0,"11":0,"12":0,"13":0,"14":0,"15":0,"16":0},"b":{"0":[0,0],"1":[0,0],"2":[0,0],"3":[0,0],"4":[0,0],"5":[0,0],"6":[0,0],"7":[0,0],"8":[0,0],"9":[0,0],"10":[0,0],"11":[0,0],"12":[0,0],"13":[0,0],"14":[0,0],"15":[0,0],"16":[0,0],"17":[0,0],"18":[0,0],"19":[0,0],"20":[0,0],"21":[0,0],"22":[0,0],"23":[0,0],"24":[0,0],"25":[0,0],"26":[0,0],"27":[0,0],"28":[0,0],"29":[0,0],"30":[0,0]}}
,"C:\\Users\\tawan\\Desktop\\wyzar-ecommerce\\backend\\middleware\\productUpload.js": {"path":"C:\\Users\\tawan\\Desktop\\wyzar-ecommerce\\backend\\middleware\\productUpload.js","statementMap":{"0":{"start":{"line":2,"column":15},"end":{"line":2,"column":32}},"1":{"start":{"line":3,"column":13},"end":{"line":3,"column":28}},"2":{"start":{"line":4,"column":11},"end":{"line":4,"column":24}},"3":{"start":{"line":7,"column":18},"end":{"line":7,"column":37}},"4":{"start":{"line":10,"column":0},"end":{"line":10,"column":45}},"5":{"start":{"line":13,"column":16},"end":{"line":23,"column":2}},"6":{"start":{"line":15,"column":4},"end":{"line":15,"column":24}},"7":{"start":{"line":19,"column":25},"end":{"line":19,"column":75}},"8":{"start":{"line":20,"column":21},"end":{"line":20,"column":87}},"9":{"start":{"line":21,"column":4},"end":{"line":21,"column":23}},"10":{"start":{"line":26,"column":19},"end":{"line":36,"column":1}},"11":{"start":{"line":27,"column":23},"end":{"line":27,"column":41}},"12":{"start":{"line":28,"column":18},"end":{"line":28,"column":82}},"13":{"start":{"line":29,"column":19},"end":{"line":29,"column":51}},"14":{"start":{"line":31,"column":2},"end":{"line":35,"column":3}},"15":{"start":{"line":32,"column":4},"end":{"line":32,"column":26}},"16":{"start":{"line":34,"column":4},"end":{"line":34,"column":82}},"17":{"start":{"line":41,"column":22},"end":{"line":45,"column":28}},"18":{"start":{"line":47,"column":0},"end":{"line":47,"column":31}}},"fnMap":{"0":{"name":"(anonymous_0)","decl":{"start":{"line":14,"column":15},"end":{"line":14,"column":16}},"loc":{"start":{"line":14,"column":34},"end":{"line":16,"column":3}},"line":14},"1":{"name":"(anonymous_1)","decl":{"start":{"line":17,"column":12},"end":{"line":17,"column":13}},"loc":{"start":{"line":17,"column":31},"end":{"line":22,"column":3}},"line":17},"2":{"name":"(anonymous_2)","decl":{"start":{"line":26,"column":19},"end":{"line":26,"column":20}},"loc":{"start":{"line":26,"column":38},"end":{"line":36,"column":1}},"line":26}},"branchMap":{"0":{"loc":{"start":{"line":31,"column":2},"end":{"line":35,"column":3}},"type":"if","locations":[{"start":{"line":31,"column":2},"end":{"line":35,"column":3}},{"start":{"line":33,"column":9},"end":{"line":35,"column":3}}],"line":31},"1":{"loc":{"start":{"line":31,"column":6},"end":{"line":31,"column":25}},"type":"binary-expr","locations":[{"start":{"line":31,"column":6},"end":{"line":31,"column":14}},{"start":{"line":31,"column":18},"end":{"line":31,"column":25}}],"line":31}},"s":{"0":0,"1":0,"2":0,"3":0,"4":0,"5":0,"6":0,"7":0,"8":0,"9":0,"10":0,"11":0,"12":0,"13":0,"14":0,"15":0,"16":0,"17":0,"18":0},"f":{"0":0,"1":0,"2":0},"b":{"0":[0,0],"1":[0,0]}}
,"C:\\Users\\tawan\\Desktop\\wyzar-ecommerce\\backend\\middleware\\productUploadOptimized.js": {"path":"C:\\Users\\tawan\\Desktop\\wyzar-ecommerce\\backend\\middleware\\productUploadOptimized.js","statementMap":{"0":{"start":{"line":4,"column":15},"end":{"line":4,"column":32}},"1":{"start":{"line":5,"column":13},"end":{"line":5,"column":28}},"2":{"start":{"line":6,"column":61},"end":{"line":6,"column":94}},"3":{"start":{"line":9,"column":16},"end":{"line":19,"column":2}},"4":{"start":{"line":11,"column":22},"end":{"line":11,"column":48}},"5":{"start":{"line":12,"column":4},"end":{"line":12,"column":24}},"6":{"start":{"line":16,"column":21},"end":{"line":16,"column":69}},"7":{"start":{"line":17,"column":4},"end":{"line":17,"column":23}},"8":{"start":{"line":22,"column":19},"end":{"line":37,"column":1}},"9":{"start":{"line":24,"column":2},"end":{"line":26,"column":3}},"10":{"start":{"line":25,"column":4},"end":{"line":25,"column":26}},"11":{"start":{"line":29,"column":14},"end":{"line":29,"column":59}},"12":{"start":{"line":30,"column":22},"end":{"line":30,"column":64}},"13":{"start":{"line":32,"column":2},"end":{"line":34,"column":3}},"14":{"start":{"line":33,"column":4},"end":{"line":33,"column":26}},"15":{"start":{"line":36,"column":2},"end":{"line":36,"column":86}},"16":{"start":{"line":40,"column":31},"end":{"line":47,"column":29}},"17":{"start":{"line":50,"column":39},"end":{"line":81,"column":1}},"18":{"start":{"line":51,"column":2},"end":{"line":80,"column":5}},"19":{"start":{"line":52,"column":4},"end":{"line":76,"column":5}},"20":{"start":{"line":54,"column":6},"end":{"line":59,"column":7}},"21":{"start":{"line":55,"column":8},"end":{"line":58,"column":11}},"22":{"start":{"line":60,"column":6},"end":{"line":65,"column":7}},"23":{"start":{"line":61,"column":8},"end":{"line":64,"column":11}},"24":{"start":{"line":66,"column":6},"end":{"line":69,"column":9}},"25":{"start":{"line":70,"column":11},"end":{"line":76,"column":5}},"26":{"start":{"line":72,"column":6},"end":{"line":75,"column":9}},"27":{"start":{"line":79,"column":4},"end":{"line":79,"column":11}},"28":{"start":{"line":83,"column":0},"end":{"line":83,"column":48}}},"fnMap":{"0":{"name":"(anonymous_0)","decl":{"start":{"line":10,"column":15},"end":{"line":10,"column":16}},"loc":{"start":{"line":10,"column":34},"end":{"line":13,"column":3}},"line":10},"1":{"name":"(anonymous_1)","decl":{"start":{"line":14,"column":12},"end":{"line":14,"column":13}},"loc":{"start":{"line":14,"column":31},"end":{"line":18,"column":3}},"line":14},"2":{"name":"(anonymous_2)","decl":{"start":{"line":22,"column":19},"end":{"line":22,"column":20}},"loc":{"start":{"line":22,"column":38},"end":{"line":37,"column":1}},"line":22},"3":{"name":"(anonymous_3)","decl":{"start":{"line":50,"column":39},"end":{"line":50,"column":40}},"loc":{"start":{"line":50,"column":59},"end":{"line":81,"column":1}},"line":50},"4":{"name":"(anonymous_4)","decl":{"start":{"line":51,"column":35},"end":{"line":51,"column":36}},"loc":{"start":{"line":51,"column":44},"end":{"line":80,"column":3}},"line":51}},"branchMap":{"0":{"loc":{"start":{"line":24,"column":2},"end":{"line":26,"column":3}},"type":"if","locations":[{"start":{"line":24,"column":2},"end":{"line":26,"column":3}},{"start":{},"end":{}}],"line":24},"1":{"loc":{"start":{"line":32,"column":2},"end":{"line":34,"column":3}},"type":"if","locations":[{"start":{"line":32,"column":2},"end":{"line":34,"column":3}},{"start":{},"end":{}}],"line":32},"2":{"loc":{"start":{"line":52,"column":4},"end":{"line":76,"column":5}},"type":"if","locations":[{"start":{"line":52,"column":4},"end":{"line":76,"column":5}},{"start":{"line":70,"column":11},"end":{"line":76,"column":5}}],"line":52},"3":{"loc":{"start":{"line":54,"column":6},"end":{"line":59,"column":7}},"type":"if","locations":[{"start":{"line":54,"column":6},"end":{"line":59,"column":7}},{"start":{},"end":{}}],"line":54},"4":{"loc":{"start":{"line":60,"column":6},"end":{"line":65,"column":7}},"type":"if","locations":[{"start":{"line":60,"column":6},"end":{"line":65,"column":7}},{"start":{},"end":{}}],"line":60},"5":{"loc":{"start":{"line":70,"column":11},"end":{"line":76,"column":5}},"type":"if","locations":[{"start":{"line":70,"column":11},"end":{"line":76,"column":5}},{"start":{},"end":{}}],"line":70}},"s":{"0":0,"1":0,"2":0,"3":0,"4":0,"5":0,"6":0,"7":0,"8":0,"9":0,"10":0,"11":0,"12":0,"13":0,"14":0,"15":0,"16":0,"17":0,"18":0,"19":0,"20":0,"21":0,"22":0,"23":0,"24":0,"25":0,"26":0,"27":0,"28":0},"f":{"0":0,"1":0,"2":0,"3":0,"4":0},"b":{"0":[0,0],"1":[0,0],"2":[0,0],"3":[0,0],"4":[0,0],"5":[0,0]}}
,"C:\\Users\\tawan\\Desktop\\wyzar-ecommerce\\backend\\middleware\\sellerAuth.js": {"path":"C:\\Users\\tawan\\Desktop\\wyzar-ecommerce\\backend\\middleware\\sellerAuth.js","statementMap":{"0":{"start":{"line":4,"column":15},"end":{"line":4,"column":42}},"1":{"start":{"line":12,"column":2},"end":{"line":41,"column":3}},"2":{"start":{"line":13,"column":17},"end":{"line":16,"column":6}},"3":{"start":{"line":18,"column":4},"end":{"line":20,"column":5}},"4":{"start":{"line":19,"column":6},"end":{"line":19,"column":62}},"5":{"start":{"line":22,"column":4},"end":{"line":24,"column":5}},"6":{"start":{"line":23,"column":6},"end":{"line":23,"column":101}},"7":{"start":{"line":26,"column":4},"end":{"line":28,"column":5}},"8":{"start":{"line":27,"column":6},"end":{"line":27,"column":110}},"9":{"start":{"line":30,"column":4},"end":{"line":35,"column":5}},"10":{"start":{"line":31,"column":6},"end":{"line":34,"column":9}},"11":{"start":{"line":37,"column":4},"end":{"line":37,"column":11}},"12":{"start":{"line":39,"column":4},"end":{"line":39,"column":55}},"13":{"start":{"line":40,"column":4},"end":{"line":40,"column":57}},"14":{"start":{"line":44,"column":0},"end":{"line":44,"column":28}}},"fnMap":{"0":{"name":"sellerAuth","decl":{"start":{"line":11,"column":15},"end":{"line":11,"column":25}},"loc":{"start":{"line":11,"column":42},"end":{"line":42,"column":1}},"line":11}},"branchMap":{"0":{"loc":{"start":{"line":18,"column":4},"end":{"line":20,"column":5}},"type":"if","locations":[{"start":{"line":18,"column":4},"end":{"line":20,"column":5}},{"start":{},"end":{}}],"line":18},"1":{"loc":{"start":{"line":22,"column":4},"end":{"line":24,"column":5}},"type":"if","locations":[{"start":{"line":22,"column":4},"end":{"line":24,"column":5}},{"start":{},"end":{}}],"line":22},"2":{"loc":{"start":{"line":26,"column":4},"end":{"line":28,"column":5}},"type":"if","locations":[{"start":{"line":26,"column":4},"end":{"line":28,"column":5}},{"start":{},"end":{}}],"line":26},"3":{"loc":{"start":{"line":30,"column":4},"end":{"line":35,"column":5}},"type":"if","locations":[{"start":{"line":30,"column":4},"end":{"line":35,"column":5}},{"start":{},"end":{}}],"line":30}},"s":{"0":0,"1":0,"2":0,"3":0,"4":0,"5":0,"6":0,"7":0,"8":0,"9":0,"10":0,"11":0,"12":0,"13":0,"14":0},"f":{"0":0},"b":{"0":[0,0],"1":[0,0],"2":[0,0],"3":[0,0]}}
[...]
ne":208,"column":38},"end":{"line":227,"column":1}},"line":208},"9":{"name":"(anonymous_9)","decl":{"start":{"line":232,"column":28},"end":{"line":232,"column":29}},"loc":{"start":{"line":232,"column":59},"end":{"line":252,"column":1}},"line":232},"10":{"name":"(anonymous_10)","decl":{"start":{"line":257,"column":25},"end":{"line":257,"column":26}},"loc":{"start":{"line":257,"column":63},"end":{"line":278,"column":1}},"line":257},"11":{"name":"(anonymous_11)","decl":{"start":{"line":283,"column":24},"end":{"line":283,"column":25}},"loc":{"start":{"line":283,"column":37},"end":{"line":303,"column":1}},"line":283},"12":{"name":"(anonymous_12)","decl":{"start":{"line":308,"column":20},"end":{"line":308,"column":21}},"loc":{"start":{"line":308,"column":48},"end":{"line":318,"column":1}},"line":308},"13":{"name":"(anonymous_13)","decl":{"start":{"line":323,"column":27},"end":{"line":323,"column":28}},"loc":{"start":{"line":323,"column":51},"end":{"line":351,"column":1}},"line":323},"14":{"name":"(anonymous_14)","decl":{"start":{"line":357,"column":28},"end":{"line":357,"column":29}},"loc":{"start":{"line":357,"column":48},"end":{"line":363,"column":1}},"line":357},"15":{"name":"(anonymous_15)","decl":{"start":{"line":368,"column":28},"end":{"line":368,"column":29}},"loc":{"start":{"line":368,"column":48},"end":{"line":373,"column":1}},"line":368},"16":{"name":"(anonymous_16)","decl":{"start":{"line":378,"column":27},"end":{"line":378,"column":28}},"loc":{"start":{"line":378,"column":47},"end":{"line":410,"column":1}},"line":378}},"branchMap":{"0":{"loc":{"start":{"line":21,"column":31},"end":{"line":21,"column":43}},"type":"default-arg","locations":[{"start":{"line":21,"column":41},"end":{"line":21,"column":43}}],"line":21},"1":{"loc":{"start":{"line":22,"column":2},"end":{"line":22,"column":46}},"type":"if","locations":[{"start":{"line":22,"column":2},"end":{"line":22,"column":46}},{"start":{},"end":{}}],"line":22},"2":{"loc":{"start":{"line":25,"column":4},"end":{"line":25,"column":15}},"type":"default-arg","locations":[{"start":{"line":25,"column":11},"end":{"line":25,"column":15}}],"line":25},"3":{"loc":{"start":{"line":26,"column":4},"end":{"line":26,"column":20}},"type":"default-arg","locations":[{"start":{"line":26,"column":16},"end":{"line":26,"column":20}}],"line":26},"4":{"loc":{"start":{"line":27,"column":4},"end":{"line":27,"column":20}},"type":"default-arg","locations":[{"start":{"line":27,"column":16},"end":{"line":27,"column":20}}],"line":27},"5":{"loc":{"start":{"line":28,"column":4},"end":{"line":28,"column":23}},"type":"default-arg","locations":[{"start":{"line":28,"column":19},"end":{"line":28,"column":23}}],"line":28},"6":{"loc":{"start":{"line":34,"column":2},"end":{"line":34,"column":41}},"type":"if","locations":[{"start":{"line":34,"column":2},"end":{"line":34,"column":41}},{"start":{},"end":{}}],"line":34},"7":{"loc":{"start":{"line":37,"column":2},"end":{"line":39,"column":3}},"type":"if","locations":[{"start":{"line":37,"column":2},"end":{"line":39,"column":3}},{"start":{},"end":{}}],"line":37},"8":{"loc":{"start":{"line":42,"column":2},"end":{"line":44,"column":3}},"type":"if","locations":[{"start":{"line":42,"column":2},"end":{"line":44,"column":3}},{"start":{},"end":{}}],"line":42},"9":{"loc":{"start":{"line":42,"column":6},"end":{"line":42,"column":47}},"type":"binary-expr","locations":[{"start":{"line":42,"column":6},"end":{"line":42,"column":15}},{"start":{"line":42,"column":19},"end":{"line":42,"column":47}}],"line":42},"10":{"loc":{"start":{"line":47,"column":2},"end":{"line":50,"column":3}},"type":"if","locations":[{"start":{"line":47,"column":2},"end":{"line":50,"column":3}},{"start":{},"end":{}}],"line":47},"11":{"loc":{"start":{"line":58,"column":29},"end":{"line":58,"column":38}},"type":"default-arg","locations":[{"start":{"line":58,"column":37},"end":{"line":58,"column":38}}],"line":58},"12":{"loc":{"start":{"line":58,"column":40},"end":{"line":58,"column":52}},"type":"default-arg","locations":[{"start":{"line":58,"column":51},"end":{"line":58,"column":52}}],"line":58},"13":{"loc":{"start":{"line":58,"column":54},"end":{"line":58,"column":72}},"type":"default-arg","locations":[{"start":{"line":58,"column":70},"end":{"line":58,"column":72}}],"line":58},"14":{"loc":{"start":{"line":59,"column":2},"end":{"line":59,"column":35}},"type":"if","locations":[{"start":{"line":59,"column":2},"end":{"line":59,"column":35}},{"start":{},"end":{}}],"line":59},"15":{"loc":{"start":{"line":60,"column":2},"end":{"line":60,"column":50}},"type":"if","locations":[{"start":{"line":60,"column":2},"end":{"line":60,"column":50}},{"start":{},"end":{}}],"line":60},"16":{"loc":{"start":{"line":60,"column":6},"end":{"line":60,"column":37}},"type":"binary-expr","locations":[{"start":{"line":60,"column":6},"end":{"line":60,"column":10}},{"start":{"line":60,"column":14},"end":{"line":60,"column":37}}],"line":60},"17":{"loc":{"start":{"line":62,"column":20},"end":{"line":62,"column":48}},"type":"cond-expr","locations":[{"start":{"line":62,"column":41},"end":{"line":62,"column":43}},{"start":{"line":62,"column":46},"end":{"line":62,"column":48}}],"line":62},"18":{"loc":{"start":{"line":72,"column":4},"end":{"line":74,"column":5}},"type":"if","locations":[{"start":{"line":72,"column":4},"end":{"line":74,"column":5}},{"start":{},"end":{}}],"line":72},"19":{"loc":{"start":{"line":72,"column":8},"end":{"line":72,"column":87}},"type":"binary-expr","locations":[{"start":{"line":72,"column":8},"end":{"line":72,"column":31}},{"start":{"line":72,"column":35},"end":{"line":72,"column":60}},{"start":{"line":72,"column":64},"end":{"line":72,"column":87}}],"line":72},"20":{"loc":{"start":{"line":77,"column":4},"end":{"line":85,"column":5}},"type":"if","locations":[{"start":{"line":77,"column":4},"end":{"line":85,"column":5}},{"start":{"line":79,"column":11},"end":{"line":85,"column":5}}],"line":77},"21":{"loc":{"start":{"line":79,"column":11},"end":{"line":85,"column":5}},"type":"if","locations":[{"start":{"line":79,"column":11},"end":{"line":85,"column":5}},{"start":{"line":81,"column":11},"end":{"line":85,"column":5}}],"line":79},"22":{"loc":{"start":{"line":81,"column":11},"end":{"line":85,"column":5}},"type":"if","locations":[{"start":{"line":81,"column":11},"end":{"line":85,"column":5}},{"start":{"line":83,"column":11},"end":{"line":85,"column":5}}],"line":81},"23":{"loc":{"start":{"line":81,"column":15},"end":{"line":81,"column":58}},"type":"binary-expr","locations":[{"start":{"line":81,"column":15},"end":{"line":81,"column":40}},{"start":{"line":81,"column":44},"end":{"line":81,"column":58}}],"line":81},"24":{"loc":{"start":{"line":95,"column":2},"end":{"line":97,"column":3}},"type":"if","locations":[{"start":{"line":95,"column":2},"end":{"line":97,"column":3}},{"start":{},"end":{}}],"line":95},"25":{"loc":{"start":{"line":95,"column":6},"end":{"line":95,"column":41}},"type":"binary-expr","locations":[{"start":{"line":95,"column":6},"end":{"line":95,"column":12}},{"start":{"line":95,"column":16},"end":{"line":95,"column":41}}],"line":95},"26":{"loc":{"start":{"line":101,"column":2},"end":{"line":103,"column":3}},"type":"if","locations":[{"start":{"line":101,"column":2},"end":{"line":103,"column":3}},{"start":{},"end":{}}],"line":101},"27":{"loc":{"start":{"line":106,"column":2},"end":{"line":108,"column":3}},"type":"if","locations":[{"start":{"line":106,"column":2},"end":{"line":108,"column":3}},{"start":{},"end":{}}],"line":106},"28":{"loc":{"start":{"line":117,"column":2},"end":{"line":119,"column":3}},"type":"if","locations":[{"start":{"line":117,"column":2},"end":{"line":119,"column":3}},{"start":{},"end":{}}],"line":117},"29":{"loc":{"start":{"line":117,"column":6},"end":{"line":117,"column":41}},"type":"binary-expr","locations":[{"start":{"line":117,"column":6},"end":{"line":117,"column":12}},{"start":{"line":117,"column":16},"end":{"line":117,"column":41}}],"line":117},"30":{"loc":{"start":{"line":133,"column":2},"end":{"line":138,"column":3}},"type":"if","locations":[{"start":{"line":133,"column":2},"end":{"line":138,"column":3}},{"start":{},"end":{}}],"line":133},"31":{"loc":{"start":{"line":149,"column":2},"end":{"line":151,"column":3}},"type":"if","locations":[{"start":{"line":149,"column":2},"end":{"line":151,"column":3}},{"start":{},"end":{}}],"line":149},"32":{"loc":{"start":{"line":153,"column":2},"end":{"line":155,"column":3}},"type":"if","locations":[{"start":{"line":153,"column":2},"end":{"line":155,"column":3}},{"start":{},"end":{}}],"line":153},"33":{"loc":{"start":{"line":157,"column":2},"end":{"line":159,"column":3}},"type":"if","locations":[{"start":{"line":157,"column":2},"end":{"line":159,"column":3}},{"start":{},"end":{}}],"line":157},"34":{"loc":{"start":{"line":171,"column":2},"end":{"line":173,"column":3}},"type":"if","locations":[{"start":{"line":171,"column":2},"end":{"line":173,"column":3}},{"start":{},"end":{}}],"line":171},"35":{"loc":{"start":{"line":175,"column":2},"end":{"line":177,"column":3}},"type":"if","locations":[{"start":{"line":175,"column":2},"end":{"line":177,"column":3}},{"start":{},"end":{}}],"line":175},"36":{"loc":{"start":{"line":179,"column":2},"end":{"line":181,"column":3}},"type":"if","locations":[{"start":{"line":179,"column":2},"end":{"line":181,"column":3}},{"start":{},"end":{}}],"line":179},"37":{"loc":{"start":{"line":189,"column":30},"end":{"line":189,"column":46}},"type":"default-arg","locations":[{"start":{"line":189,"column":42},"end":{"line":189,"column":46}}],"line":189},"38":{"loc":{"start":{"line":190,"column":2},"end":{"line":192,"column":3}},"type":"if","locations":[{"start":{"line":190,"column":2},"end":{"line":192,"column":3}},{"start":{},"end":{}}],"line":190},"39":{"loc":{"start":{"line":198,"column":2},"end":{"line":200,"column":3}},"type":"if","locations":[{"start":{"line":198,"column":2},"end":{"line":200,"column":3}},{"start":{},"end":{}}],"line":198},"40":{"loc":{"start":{"line":209,"column":2},"end":{"line":211,"column":3}},"type":"if","locations":[{"start":{"line":209,"column":2},"end":{"line":211,"column":3}},{"start":{},"end":{}}],"line":209},"41":{"loc":{"start":{"line":209,"column":6},"end":{"line":209,"column":39}},"type":"binary-expr","locations":[{"start":{"line":209,"column":6},"end":{"line":209,"column":11}},{"start":{"line":209,"column":15},"end":{"line":209,"column":39}}],"line":209},"42":{"loc":{"start":{"line":218,"column":2},"end":{"line":220,"column":3}},"type":"if","locations":[{"start":{"line":218,"column":2},"end":{"line":220,"column":3}},{"start":{},"end":{}}],"line":218},"43":{"loc":{"start":{"line":222,"column":2},"end":{"line":224,"column":3}},"type":"if","locations":[{"start":{"line":222,"column":2},"end":{"line":224,"column":3}},{"start":{},"end":{}}],"line":222},"44":{"loc":{"start":{"line":232,"column":42},"end":{"line":232,"column":54}},"type":"default-arg","locations":[{"start":{"line":232,"column":52},"end":{"line":232,"column":54}}],"line":232},"45":{"loc":{"start":{"line":233,"column":10},"end":{"line":233,"column":24}},"type":"default-arg","locations":[{"start":{"line":233,"column":22},"end":{"line":233,"column":24}}],"line":233},"46":{"loc":{"start":{"line":233,"column":26},"end":{"line":233,"column":42}},"type":"default-arg","locations":[{"start":{"line":233,"column":38},"end":{"line":233,"column":42}}],"line":233},"47":{"loc":{"start":{"line":235,"column":2},"end":{"line":237,"column":3}},"type":"if","locations":[{"start":{"line":235,"column":2},"end":{"line":237,"column":3}},{"start":{},"end":{}}],"line":235},"48":{"loc":{"start":{"line":235,"column":6},"end":{"line":235,"column":53}},"type":"binary-expr","locations":[{"start":{"line":235,"column":6},"end":{"line":235,"column":18}},{"start":{"line":235,"column":22},"end":{"line":235,"column":53}}],"line":235},"49":{"loc":{"start":{"line":244,"column":2},"end":{"line":249,"column":3}},"type":"if","locations":[{"start":{"line":244,"column":2},"end":{"line":249,"column":3}},{"start":{},"end":{}}],"line":244},"50":{"loc":{"start":{"line":257,"column":36},"end":{"line":257,"column":58}},"type":"default-arg","locations":[{"start":{"line":257,"column":56},"end":{"line":257,"column":58}}],"line":257},"51":{"loc":{"start":{"line":258,"column":2},"end":{"line":260,"column":3}},"type":"if","locations":[{"start":{"line":258,"column":2},"end":{"line":260,"column":3}},{"start":{},"end":{}}],"line":258},"52":{"loc":{"start":{"line":258,"column":6},"end":{"line":258,"column":47}},"type":"binary-expr","locations":[{"start":{"line":258,"column":6},"end":{"line":258,"column":15}},{"start":{"line":258,"column":19},"end":{"line":258,"column":47}}],"line":258},"53":{"loc":{"start":{"line":268,"column":2},"end":{"line":275,"column":3}},"type":"if","locations":[{"start":{"line":268,"column":2},"end":{"line":275,"column":3}},{"start":{},"end":{}}],"line":268},"54":{"loc":{"start":{"line":269,"column":4},"end":{"line":274,"column":5}},"type":"if","locations":[{"start":{"line":269,"column":4},"end":{"line":274,"column":5}},{"start":{},"end":{}}],"line":269},"55":{"loc":{"start":{"line":288,"column":4},"end":{"line":290,"column":5}},"type":"if","locations":[{"start":{"line":288,"column":4},"end":{"line":290,"column":5}},{"start":{},"end":{}}],"line":288},"56":{"loc":{"start":{"line":293,"column":2},"end":{"line":295,"column":3}},"type":"if","locations":[{"start":{"line":293,"column":2},"end":{"line":295,"column":3}},{"start":{},"end":{}}],"line":293},"57":{"loc":{"start":{"line":308,"column":26},"end":{"line":308,"column":43}},"type":"default-arg","locations":[{"start":{"line":308,"column":38},"end":{"line":308,"column":43}}],"line":308},"58":{"loc":{"start":{"line":309,"column":2},"end":{"line":311,"column":3}},"type":"if","locations":[{"start":{"line":309,"column":2},"end":{"line":311,"column":3}},{"start":{},"end":{}}],"line":309},"59":{"loc":{"start":{"line":309,"column":6},"end":{"line":309,"column":37}},"type":"binary-expr","locations":[{"start":{"line":309,"column":6},"end":{"line":309,"column":10}},{"start":{"line":309,"column":14},"end":{"line":309,"column":37}}],"line":309},"60":{"loc":{"start":{"line":313,"column":2},"end":{"line":315,"column":3}},"type":"if","locations":[{"start":{"line":313,"column":2},"end":{"line":315,"column":3}},{"start":{},"end":{}}],"line":313},"61":{"loc":{"start":{"line":323,"column":34},"end":{"line":323,"column":46}},"type":"default-arg","locations":[{"start":{"line":323,"column":44},"end":{"line":323,"column":46}}],"line":323},"62":{"loc":{"start":{"line":325,"column":4},"end":{"line":325,"column":29}},"type":"default-arg","locations":[{"start":{"line":325,"column":14},"end":{"line":325,"column":29}}],"line":325},"63":{"loc":{"start":{"line":326,"column":4},"end":{"line":326,"column":72}},"type":"default-arg","locations":[{"start":{"line":326,"column":19},"end":{"line":326,"column":72}}],"line":326},"64":{"loc":{"start":{"line":327,"column":4},"end":{"line":327,"column":22}},"type":"default-arg","locations":[{"start":{"line":327,"column":16},"end":{"line":327,"column":22}}],"line":327},"65":{"loc":{"start":{"line":330,"column":2},"end":{"line":332,"column":3}},"type":"if","locations":[{"start":{"line":330,"column":2},"end":{"line":332,"column":3}},{"start":{},"end":{}}],"line":330},"66":{"loc":{"start":{"line":335,"column":2},"end":{"line":340,"column":3}},"type":"if","locations":[{"start":{"line":335,"column":2},"end":{"line":340,"column":3}},{"start":{},"end":{}}],"line":335},"67":{"loc":{"start":{"line":343,"column":2},"end":{"line":348,"column":3}},"type":"if","locations":[{"start":{"line":343,"column":2},"end":{"line":348,"column":3}},{"start":{},"end":{}}],"line":343},"68":{"loc":{"start":{"line":358,"column":2},"end":{"line":361,"column":3}},"type":"if","locations":[{"start":{"line":358,"column":2},"end":{"line":361,"column":3}},{"start":{},"end":{}}],"line":358},"69":{"loc":{"start":{"line":358,"column":6},"end":{"line":358,"column":46}},"type":"binary-expr","locations":[{"start":{"line":358,"column":6},"end":{"line":358,"column":14}},{"start":{"line":358,"column":18},"end":{"line":358,"column":46}}],"line":358},"70":{"loc":{"start":{"line":369,"column":2},"end":{"line":371,"column":3}},"type":"if","locations":[{"start":{"line":369,"column":2},"end":{"line":371,"column":3}},{"start":{},"end":{}}],"line":369},"71":{"loc":{"start":{"line":369,"column":6},"end":{"line":369,"column":48}},"type":"binary-expr","locations":[{"start":{"line":369,"column":6},"end":{"line":369,"column":15}},{"start":{"line":369,"column":19},"end":{"line":369,"column":48}}],"line":369},"72":{"loc":{"start":{"line":380,"column":4},"end":{"line":389,"column":5}},"type":"if","locations":[{"start":{"line":380,"column":4},"end":{"line":389,"column":5}},{"start":{},"end":{}}],"line":380},"73":{"loc":{"start":{"line":382,"column":6},"end":{"line":387,"column":7}},"type":"if","locations":[{"start":{"line":382,"column":6},"end":{"line":387,"column":7}},{"start":{},"end":{}}],"line":382},"74":{"loc":{"start":{"line":382,"column":10},"end":{"line":382,"column":33}},"type":"binary-expr","locations":[{"start":{"line":382,"column":10},"end":{"line":382,"column":21}},{"start":{"line":382,"column":25},"end":{"line":382,"column":33}}],"line":382},"75":{"loc":{"start":{"line":391,"column":4},"end":{"line":400,"column":5}},"type":"if","locations":[{"start":{"line":391,"column":4},"end":{"line":400,"column":5}},{"start":{},"end":{}}],"line":391},"76":{"loc":{"start":{"line":393,"column":6},"end":{"line":398,"column":7}},"type":"if","locations":[{"start":{"line":393,"column":6},"end":{"line":398,"column":7}},{"start":{},"end":{}}],"line":393},"77":{"loc":{"start":{"line":393,"column":10},"end":{"line":393,"column":50}},"type":"binary-expr","locations":[{"start":{"line":393,"column":10},"end":{"line":393,"column":22}},{"start":{"line":393,"column":26},"end":{"line":393,"column":35}},{"start":{"line":393,"column":39},"end":{"line":393,"column":50}}],"line":393}},"s":{"0":0,"1":0,"2":0,"3":0,"4":0,"5":0,"6":0,"7":0,"8":0,"9":0,"10":0,"11":0,"12":0,"13":0,"14":0,"15":0,"16":0,"17":0,"18":0,"19":0,"20":0,"21":0,"22":0,"23":0,"24":0,"25":0,"26":0,"27":0,"28":0,"29":0,"30":0,"31":0,"32":0,"33":0,"34":0,"35":0,"36":0,"37":0,"38":0,"39":0,"40":0,"41":0,"42":0,"43":0,"44":0,"45":0,"46":0,"47":0,"48":0,"49":0,"50":0,"51":0,"52":0,"53":0,"54":0,"55":0,"56":0,"57":0,"58":0,"59":0,"60":0,"61":0,"62":0,"63":0,"64":0,"65":0,"66":0,"67":0,"68":0,"69":0,"70":0,"71":0,"72":0,"73":0,"74":0,"75":0,"76":0,"77":0,"78":0,"79":0,"80":0,"81":0,"82":0,"83":0,"84":0,"85":0,"86":0,"87":0,"88":0,"89":0,"90":0,"91":0,"92":0,"93":0,"94":0,"95":0,"96":0,"97":0,"98":0,"99":0,"100":0,"101":0,"102":0,"103":0,"104":0,"105":0,"106":0,"107":0,"108":0,"109":0,"110":0,"111":0,"112":0,"113":0,"114":0,"115":0,"116":0,"117":0,"118":0,"119":0,"120":0,"121":0,"122":0,"123":0,"124":0,"125":0,"126":0,"127":0,"128":0,"129":0,"130":0,"131":0,"132":0,"133":0,"134":0,"135":0,"136":0,"137":0,"138":0,"139":0,"140":0,"141":0,"142":0,"143":0,"144":0,"145":0,"146":0,"147":0,"148":0,"149":0,"150":0,"151":0,"152":0},"f":{"0":0,"1":0,"2":0,"3":0,"4":0,"5":0,"6":0,"7":0,"8":0,"9":0,"10":0,"11":0,"12":0,"13":0,"14":0,"15":0,"16":0},"b":{"0":[0],"1":[0,0],"2":[0],"3":[0],"4":[0],"5":[0],"6":[0,0],"7":[0,0],"8":[0,0],"9":[0,0],"10":[0,0],"11":[0],"12":[0],"13":[0],"14":[0,0],"15":[0,0],"16":[0,0],"17":[0,0],"18":[0,0],"19":[0,0,0],"20":[0,0],"21":[0,0],"22":[0,0],"23":[0,0],"24":[0,0],"25":[0,0],"26":[0,0],"27":[0,0],"28":[0,0],"29":[0,0],"30":[0,0],"31":[0,0],"32":[0,0],"33":[0,0],"34":[0,0],"35":[0,0],"36":[0,0],"37":[0],"38":[0,0],"39":[0,0],"40":[0,0],"41":[0,0],"42":[0,0],"43":[0,0],"44":[0],"45":[0],"46":[0],"47":[0,0],"48":[0,0],"49":[0,0],"50":[0],"51":[0,0],"52":[0,0],"53":[0,0],"54":[0,0],"55":[0,0],"56":[0,0],"57":[0],"58":[0,0],"59":[0,0],"60":[0,0],"61":[0],"62":[0],"63":[0],"64":[0],"65":[0,0],"66":[0,0],"67":[0,0],"68":[0,0],"69":[0,0],"70":[0,0],"71":[0,0],"72":[0,0],"73":[0,0],"74":[0,0],"75":[0,0],"76":[0,0],"77":[0,0,0]}}
}
