{"C:\\Users\\HP\\wyzar-ecommerce\\backend\\middleware\\adminAuth.js": {"path":"C:\\Users\\HP\\wyzar-ecommerce\\backend\\middleware\\adminAuth.js","statementMap":{"0":{"start":{"line":3,"column":30},"end":{"line":3,"column":62}},"1":{"start":{"line":4,"column":15},"end":{"line":4,"column":42}},"2":{"start":{"line":7,"column":14},"end":{"line":9,"column":2}},"3":{"start":{"line":16,"column":2},"end":{"line":105,"column":3}},"4":{"start":{"line":18,"column":23},"end":{"line":18,"column":50}},"5":{"start":{"line":20,"column":4},"end":{"line":22,"column":5}},"6":{"start":{"line":21,"column":6},"end":{"line":21,"column":77}},"7":{"start":{"line":24,"column":18},"end":{"line":24,"column":42}},"8":{"start":{"line":26,"column":4},"end":{"line":28,"column":5}},"9":{"start":{"line":27,"column":6},"end":{"line":27,"column":77}},"10":{"start":{"line":31,"column":33},"end":{"line":31,"column":63}},"11":{"start":{"line":33,"column":4},"end":{"line":35,"column":5}},"12":{"start":{"line":34,"column":6},"end":{"line":34,"column":65}},"13":{"start":{"line":38,"column":15},"end":{"line":47,"column":6}},"14":{"start":{"line":51,"column":4},"end":{"line":74,"column":5}},"15":{"start":{"line":52,"column":9},"end":{"line":73,"column":7}},"16":{"start":{"line":53,"column":26},"end":{"line":53,"column":64}},"17":{"start":{"line":54,"column":22},"end":{"line":54,"column":63}},"18":{"start":{"line":56,"column":8},"end":{"line":70,"column":9}},"19":{"start":{"line":57,"column":31},"end":{"line":60,"column":12}},"20":{"start":{"line":62,"column":10},"end":{"line":69,"column":11}},"21":{"start":{"line":64,"column":12},"end":{"line":68,"column":15}},"22":{"start":{"line":72,"column":8},"end":{"line":72,"column":54}},"23":{"start":{"line":76,"column":4},"end":{"line":78,"column":5}},"24":{"start":{"line":77,"column":6},"end":{"line":77,"column":73}},"25":{"start":{"line":81,"column":4},"end":{"line":83,"column":5}},"26":{"start":{"line":82,"column":6},"end":{"line":82,"column":67}},"27":{"start":{"line":86,"column":4},"end":{"line":88,"column":5}},"28":{"start":{"line":87,"column":6},"end":{"line":87,"column":88}},"29":{"start":{"line":91,"column":4},"end":{"line":96,"column":6}},"30":{"start":{"line":98,"column":4},"end":{"line":98,"column":11}},"31":{"start":{"line":100,"column":4},"end":{"line":100,"column":44}},"32":{"start":{"line":101,"column":4},"end":{"line":103,"column":5}},"33":{"start":{"line":102,"column":8},"end":{"line":102,"column":66}},"34":{"start":{"line":104,"column":4},"end":{"line":104,"column":56}},"35":{"start":{"line":108,"column":0},"end":{"line":108,"column":27}}},"fnMap":{"0":{"name":"adminAuth","decl":{"start":{"line":15,"column":15},"end":{"line":15,"column":24}},"loc":{"start":{"line":15,"column":41},"end":{"line":106,"column":1}},"line":15}},"branchMap":{"0":{"loc":{"start":{"line":20,"column":4},"end":{"line":22,"column":5}},"type":"if","locations":[{"start":{"line":20,"column":4},"end":{"line":22,"column":5}},{"start":{},"end":{}}],"line":20},"1":{"loc":{"start":{"line":20,"column":8},"end":{"line":20,"column":56}},"type":"binary-expr","locations":[{"start":{"line":20,"column":8},"end":{"line":20,"column":19}},{"start":{"line":20,"column":23},"end":{"line":20,"column":56}}],"line":20},"2":{"loc":{"start":{"line":26,"column":4},"end":{"line":28,"column":5}},"type":"if","locations":[{"start":{"line":26,"column":4},"end":{"line":28,"column":5}},{"start":{},"end":{}}],"line":26},"3":{"loc":{"start":{"line":33,"column":4},"end":{"line":35,"column":5}},"type":"if","locations":[{"start":{"line":33,"column":4},"end":{"line":35,"column":5}},{"start":{},"end":{}}],"line":33},"4":{"loc":{"start":{"line":51,"column":4},"end":{"line":74,"column":5}},"type":"if","locations":[{"start":{"line":51,"column":4},"end":{"line":74,"column":5}},{"start":{},"end":{}}],"line":51},"5":{"loc":{"start":{"line":56,"column":8},"end":{"line":70,"column":9}},"type":"if","locations":[{"start":{"line":56,"column":8},"end":{"line":70,"column":9}},{"start":{},"end":{}}],"line":56},"6":{"loc":{"start":{"line":62,"column":10},"end":{"line":69,"column":11}},"type":"if","locations":[{"start":{"line":62,"column":10},"end":{"line":69,"column":11}},{"start":{},"end":{}}],"line":62},"7":{"loc":{"start":{"line":76,"column":4},"end":{"line":78,"column":5}},"type":"if","locations":[{"start":{"line":76,"column":4},"end":{"line":78,"column":5}},{"start":{},"end":{}}],"line":76},"8":{"loc":{"start":{"line":81,"column":4},"end":{"line":83,"column":5}},"type":"if","locations":[{"start":{"line":81,"column":4},"end":{"line":83,"column":5}},{"start":{},"end":{}}],"line":81},"9":{"loc":{"start":{"line":86,"column":4},"end":{"line":88,"column":5}},"type":"if","locations":[{"start":{"line":86,"column":4},"end":{"line":88,"column":5}},{"start":{},"end":{}}],"line":86},"10":{"loc":{"start":{"line":101,"column":4},"end":{"line":103,"column":5}},"type":"if","locations":[{"start":{"line":101,"column":4},"end":{"line":103,"column":5}},{"start":{},"end":{}}],"line":101}},"s":{"0":0,"1":0,"2":0,"3":0,"4":0,"5":0,"6":0,"7":0,"8":0,"9":0,"10":0,"11":0,"12":0,"13":0,"14":0,"15":0,"16":0,"17":0,"18":0,"19":0,"20":0,"21":0,"22":0,"23":0,"24":0,"25":0,"26":0,"27":0,"28":0,"29":0,"30":0,"31":0,"32":0,"33":0,"34":0,"35":0},"f":{"0":0},"b":{"0":[0,0],"1":[0,0],"2":[0,0],"3":[0,0],"4":[0,0],"5":[0,0],"6":[0,0],"7":[0,0],"8":[0,0],"9":[0,0],"10":[0,0]}}
,"C:\\Users\\HP\\wyzar-ecommerce\\backend\\middleware\\auditLog.js": {"path":"C:\\Users\\HP\\wyzar-ecommerce\\backend\\middleware\\auditLog.js","statementMap":{"0":{"start":{"line":2,"column":11},"end":{"line":2,"column":24}},"1":{"start":{"line":3,"column":13},"end":{"line":3,"column":28}},"2":{"start":{"line":11,"column":16},"end":{"line":11,"column":47}},"3":{"start":{"line":12,"column":0},"end":{"line":14,"column":1}},"4":{"start":{"line":13,"column":2},"end":{"line":13,"column":45}},"5":{"start":{"line":19,"column":25},"end":{"line":36,"column":1}},"6":{"start":{"line":20,"column":20},"end":{"line":20,"column":44}},"7":{"start":{"line":21,"column":19},"end":{"line":24,"column":3}},"8":{"start":{"line":26,"column":18},"end":{"line":26,"column":49}},"9":{"start":{"line":29,"column":18},"end":{"line":29,"column":94}},"10":{"start":{"line":30,"column":2},"end":{"line":30,"column":38}},"11":{"start":{"line":33,"column":2},"end":{"line":35,"column":3}},"12":{"start":{"line":34,"column":4},"end":{"line":34,"column":37}},"13":{"start":{"line":41,"column":23},"end":{"line":62,"column":1}},"14":{"start":{"line":43,"column":23},"end":{"line":43,"column":31}},"15":{"start":{"line":45,"column":2},"end":{"line":59,"column":4}},"16":{"start":{"line":46,"column":20},"end":{"line":46,"column":57}},"17":{"start":{"line":48,"column":4},"end":{"line":56,"column":7}},"18":{"start":{"line":58,"column":4},"end":{"line":58,"column":41}},"19":{"start":{"line":61,"column":2},"end":{"line":61,"column":9}},"20":{"start":{"line":67,"column":23},"end":{"line":75,"column":1}},"21":{"start":{"line":68,"column":2},"end":{"line":74,"column":5}},"22":{"start":{"line":80,"column":23},"end":{"line":88,"column":1}},"23":{"start":{"line":81,"column":2},"end":{"line":87,"column":5}},"24":{"start":{"line":93,"column":23},"end":{"line":107,"column":1}},"25":{"start":{"line":95,"column":2},"end":{"line":105,"column":3}},"26":{"start":{"line":96,"column":4},"end":{"line":104,"column":7}},"27":{"start":{"line":106,"column":2},"end":{"line":106,"column":9}},"28":{"start":{"line":112,"column":25},"end":{"line":121,"column":1}},"29":{"start":{"line":113,"column":2},"end":{"line":120,"column":5}},"30":{"start":{"line":126,"column":32},"end":{"line":135,"column":1}},"31":{"start":{"line":127,"column":2},"end":{"line":134,"column":5}},"32":{"start":{"line":140,"column":30},"end":{"line":147,"column":1}},"33":{"start":{"line":141,"column":2},"end":{"line":146,"column":5}},"34":{"start":{"line":152,"column":30},"end":{"line":162,"column":1}},"35":{"start":{"line":153,"column":2},"end":{"line":161,"column":5}},"36":{"start":{"line":167,"column":24},"end":{"line":180,"column":1}},"37":{"start":{"line":168,"column":2},"end":{"line":168,"column":53}},"38":{"start":{"line":168,"column":41},"end":{"line":168,"column":53}},"39":{"start":{"line":170,"column":20},"end":{"line":170,"column":31}},"40":{"start":{"line":171,"column":26},"end":{"line":171,"column":75}},"41":{"start":{"line":173,"column":2},"end":{"line":177,"column":5}},"42":{"start":{"line":174,"column":4},"end":{"line":176,"column":5}},"43":{"start":{"line":175,"column":6},"end":{"line":175,"column":38}},"44":{"start":{"line":179,"column":2},"end":{"line":179,"column":19}},"45":{"start":{"line":185,"column":32},"end":{"line":196,"column":1}},"46":{"start":{"line":186,"column":2},"end":{"line":194,"column":3}},"47":{"start":{"line":187,"column":4},"end":{"line":193,"column":7}},"48":{"start":{"line":195,"column":2},"end":{"line":195,"column":9}},"49":{"start":{"line":201,"column":21},"end":{"line":229,"column":1}},"50":{"start":{"line":203,"column":15},"end":{"line":203,"column":17}},"51":{"start":{"line":204,"column":16},"end":{"line":204,"column":71}},"52":{"start":{"line":204,"column":52},"end":{"line":204,"column":70}},"53":{"start":{"line":206,"column":2},"end":{"line":226,"column":5}},"54":{"start":{"line":207,"column":20},"end":{"line":207,"column":69}},"55":{"start":{"line":208,"column":18},"end":{"line":208,"column":59}},"56":{"start":{"line":208,"column":50},"end":{"line":208,"column":58}},"57":{"start":{"line":210,"column":4},"end":{"line":225,"column":7}},"58":{"start":{"line":211,"column":6},"end":{"line":224,"column":7}},"59":{"start":{"line":212,"column":22},"end":{"line":212,"column":38}},"60":{"start":{"line":215,"column":8},"end":{"line":215,"column":81}},"61":{"start":{"line":215,"column":74},"end":{"line":215,"column":81}},"62":{"start":{"line":216,"column":8},"end":{"line":216,"column":77}},"63":{"start":{"line":216,"column":70},"end":{"line":216,"column":77}},"64":{"start":{"line":219,"column":8},"end":{"line":219,"column":59}},"65":{"start":{"line":219,"column":52},"end":{"line":219,"column":59}},"66":{"start":{"line":221,"column":8},"end":{"line":221,"column":25}},"67":{"start":{"line":228,"column":2},"end":{"line":228,"column":76}},"68":{"start":{"line":228,"column":29},"end":{"line":228,"column":74}},"69":{"start":{"line":231,"column":0},"end":{"line":242,"column":2}}},"fnMap":{"0":{"name":"(anonymous_0)","decl":{"start":{"line":19,"column":25},"end":{"line":19,"column":26}},"loc":{"start":{"line":19,"column":36},"end":{"line":36,"column":1}},"line":19},"1":{"name":"(anonymous_1)","decl":{"start":{"line":41,"column":23},"end":{"line":41,"column":24}},"loc":{"start":{"line":41,"column":43},"end":{"line":62,"column":1}},"line":41},"2":{"name":"(anonymous_2)","decl":{"start":{"line":45,"column":13},"end":{"line":45,"column":14}},"loc":{"start":{"line":45,"column":28},"end":{"line":59,"column":3}},"line":45},"3":{"name":"(anonymous_3)","decl":{"start":{"line":67,"column":23},"end":{"line":67,"column":24}},"loc":{"start":{"line":67,"column":47},"end":{"line":75,"column":1}},"line":67},"4":{"name":"(anonymous_4)","decl":{"start":{"line":80,"column":23},"end":{"line":80,"column":24}},"loc":{"start":{"line":80,"column":52},"end":{"line":88,"column":1}},"line":80},"5":{"name":"(anonymous_5)","decl":{"start":{"line":93,"column":23},"end":{"line":93,"column":24}},"loc":{"start":{"line":93,"column":43},"end":{"line":107,"column":1}},"line":93},"6":{"name":"(anonymous_6)","decl":{"start":{"line":112,"column":25},"end":{"line":112,"column":26}},"loc":{"start":{"line":112,"column":59},"end":{"line":121,"column":1}},"line":112},"7":{"name":"(anonymous_7)","decl":{"start":{"line":126,"column":32},"end":{"line":126,"column":33}},"loc":{"start":{"line":126,"column":55},"end":{"line":135,"column":1}},"line":126},"8":{"name":"(anonymous_8)","decl":{"start":{"line":140,"column":30},"end":{"line":140,"column":31}},"loc":{"start":{"line":140,"column":39},"end":{"line":147,"column":1}},"line":140},"9":{"name":"(anonymous_9)","decl":{"start":{"line":152,"column":30},"end":{"line":152,"column":31}},"loc":{"start":{"line":152,"column":54},"end":{"line":162,"column":1}},"line":152},"10":{"name":"(anonymous_10)","decl":{"start":{"line":167,"column":24},"end":{"line":167,"column":25}},"loc":{"start":{"line":167,"column":34},"end":{"line":180,"column":1}},"line":167},"11":{"name":"(anonymous_11)","decl":{"start":{"line":173,"column":26},"end":{"line":173,"column":27}},"loc":{"start":{"line":173,"column":35},"end":{"line":177,"column":3}},"line":173},"12":{"name":"(anonymous_12)","decl":{"start":{"line":185,"column":32},"end":{"line":185,"column":33}},"loc":{"start":{"line":185,"column":52},"end":{"line":196,"column":1}},"line":185},"13":{"name":"(anonymous_13)","decl":{"start":{"line":201,"column":21},"end":{"line":201,"column":22}},"loc":{"start":{"line":201,"column":56},"end":{"line":229,"column":1}},"line":201},"14":{"name":"(anonymous_14)","decl":{"start":{"line":204,"column":47},"end":{"line":204,"column":48}},"loc":{"start":{"line":204,"column":52},"end":{"line":204,"column":70}},"line":204},"15":{"name":"(anonymous_15)","decl":{"start":{"line":206,"column":16},"end":{"line":206,"column":17}},"loc":{"start":{"line":206,"column":24},"end":{"line":226,"column":3}},"line":206},"16":{"name":"(anonymous_16)","decl":{"start":{"line":208,"column":45},"end":{"line":208,"column":46}},"loc":{"start":{"line":208,"column":50},"end":{"line":208,"column":58}},"line":208},"17":{"name":"(anonymous_17)","decl":{"start":{"line":210,"column":18},"end":{"line":210,"column":19}},"loc":{"start":{"line":210,"column":26},"end":{"line":225,"column":5}},"line":210},"18":{"name":"(anonymous_18)","decl":{"start":{"line":228,"column":19},"end":{"line":228,"column":20}},"loc":{"start":{"line":228,"column":29},"end":{"line":228,"column":74}},"line":228}},"branchMap":{"0":{"loc":{"start":{"line":12,"column":0},"end":{"line":14,"column":1}},"type":"if","locations":[{"start":{"line":12,"column":0},"end":{"line":14,"column":1}},{"start":{},"end":{}}],"line":12},"1":{"loc":{"start":{"line":33,"column":2},"end":{"line":35,"column":3}},"type":"if","locations":[{"start":{"line":33,"column":2},"end":{"line":35,"column":3}},{"start":{},"end":{}}],"line":33},"2":{"loc":{"start":{"line":46,"column":20},"end":{"line":46,"column":57}},"type":"binary-expr","locations":[{"start":{"line":46,"column":20},"end":{"line":46,"column":42}},{"start":{"line":46,"column":46},"end":{"line":46,"column":57}}],"line":46},"3":{"loc":{"start":{"line":51,"column":18},"end":{"line":51,"column":63}},"type":"binary-expr","locations":[{"start":{"line":51,"column":18},"end":{"line":51,"column":32}},{"start":{"line":51,"column":36},"end":{"line":51,"column":50}},{"start":{"line":51,"column":54},"end":{"line":51,"column":63}}],"line":51},"4":{"loc":{"start":{"line":52,"column":10},"end":{"line":52,"column":48}},"type":"binary-expr","locations":[{"start":{"line":52,"column":10},"end":{"line":52,"column":16}},{"start":{"line":52,"column":20},"end":{"line":52,"column":48}}],"line":52},"5":{"loc":{"start":{"line":72,"column":8},"end":{"line":72,"column":46}},"type":"binary-expr","locations":[{"start":{"line":72,"column":8},"end":{"line":72,"column":14}},{"start":{"line":72,"column":18},"end":{"line":72,"column":46}}],"line":72},"6":{"loc":{"start":{"line":85,"column":8},"end":{"line":85,"column":46}},"type":"binary-expr","locations":[{"start":{"line":85,"column":8},"end":{"line":85,"column":14}},{"start":{"line":85,"column":18},"end":{"line":85,"column":46}}],"line":85},"7":{"loc":{"start":{"line":95,"column":2},"end":{"line":105,"column":3}},"type":"if","locations":[{"start":{"line":95,"column":2},"end":{"line":105,"column":3}},{"start":{},"end":{}}],"line":95},"8":{"loc":{"start":{"line":95,"column":6},"end":{"line":95,"column":43}},"type":"binary-expr","locations":[{"start":{"line":95,"column":6},"end":{"line":95,"column":14}},{"start":{"line":95,"column":18},"end":{"line":95,"column":43}}],"line":95},"9":{"loc":{"start":{"line":101,"column":10},"end":{"line":101,"column":48}},"type":"binary-expr","locations":[{"start":{"line":101,"column":10},"end":{"line":101,"column":16}},{"start":{"line":101,"column":20},"end":{"line":101,"column":48}}],"line":101},"10":{"loc":{"start":{"line":118,"column":17},"end":{"line":118,"column":50}},"type":"cond-expr","locations":[{"start":{"line":118,"column":28},"end":{"line":118,"column":39}},{"start":{"line":118,"column":42},"end":{"line":118,"column":50}}],"line":118},"11":{"loc":{"start":{"line":119,"column":8},"end":{"line":119,"column":46}},"type":"binary-expr","locations":[{"start":{"line":119,"column":8},"end":{"line":119,"column":14}},{"start":{"line":119,"column":18},"end":{"line":119,"column":46}}],"line":119},"12":{"loc":{"start":{"line":129,"column":12},"end":{"line":129,"column":48}},"type":"cond-expr","locations":[{"start":{"line":129,"column":23},"end":{"line":129,"column":34}},{"start":{"line":129,"column":37},"end":{"line":129,"column":48}}],"line":129},"13":{"loc":{"start":{"line":131,"column":14},"end":{"line":131,"column":47}},"type":"cond-expr","locations":[{"start":{"line":131,"column":25},"end":{"line":131,"column":38}},{"start":{"line":131,"column":41},"end":{"line":131,"column":47}}],"line":131},"14":{"loc":{"start":{"line":133,"column":8},"end":{"line":133,"column":46}},"type":"binary-expr","locations":[{"start":{"line":133,"column":8},"end":{"line":133,"column":14}},{"start":{"line":133,"column":18},"end":{"line":133,"column":46}}],"line":133},"15":{"loc":{"start":{"line":143,"column":8},"end":{"line":143,"column":46}},"type":"binary-expr","locations":[{"start":{"line":143,"column":8},"end":{"line":143,"column":14}},{"start":{"line":143,"column":18},"end":{"line":143,"column":46}}],"line":143},"16":{"loc":{"start":{"line":157,"column":8},"end":{"line":157,"column":46}},"type":"binary-expr","locations":[{"start":{"line":157,"column":8},"end":{"line":157,"column":14}},{"start":{"line":157,"column":18},"end":{"line":157,"column":46}}],"line":157},"17":{"loc":{"start":{"line":168,"column":2},"end":{"line":168,"column":53}},"type":"if","locations":[{"start":{"line":168,"column":2},"end":{"line":168,"column":53}},{"start":{},"end":{}}],"line":168},"18":{"loc":{"start":{"line":168,"column":6},"end":{"line":168,"column":39}},"type":"binary-expr","locations":[{"start":{"line":168,"column":6},"end":{"line":168,"column":11}},{"start":{"line":168,"column":15},"end":{"line":168,"column":39}}],"line":168},"19":{"loc":{"start":{"line":174,"column":4},"end":{"line":176,"column":5}},"type":"if","locations":[{"start":{"line":174,"column":4},"end":{"line":176,"column":5}},{"start":{},"end":{}}],"line":174},"20":{"loc":{"start":{"line":186,"column":2},"end":{"line":194,"column":3}},"type":"if","locations":[{"start":{"line":186,"column":2},"end":{"line":194,"column":3}},{"start":{},"end":{}}],"line":186},"21":{"loc":{"start":{"line":192,"column":10},"end":{"line":192,"column":48}},"type":"binary-expr","locations":[{"start":{"line":192,"column":10},"end":{"line":192,"column":16}},{"start":{"line":192,"column":20},"end":{"line":192,"column":48}}],"line":192},"22":{"loc":{"start":{"line":215,"column":8},"end":{"line":215,"column":81}},"type":"if","locations":[{"start":{"line":215,"column":8},"end":{"line":215,"column":81}},{"start":{},"end":{}}],"line":215},"23":{"loc":{"start":{"line":215,"column":12},"end":{"line":215,"column":72}},"type":"binary-expr","locations":[{"start":{"line":215,"column":12},"end":{"line":215,"column":21}},{"start":{"line":215,"column":25},"end":{"line":215,"column":72}}],"line":215},"24":{"loc":{"start":{"line":216,"column":8},"end":{"line":216,"column":77}},"type":"if","locations":[{"start":{"line":216,"column":8},"end":{"line":216,"column":77}},{"start":{},"end":{}}],"line":216},"25":{"loc":{"start":{"line":216,"column":12},"end":{"line":216,"column":68}},"type":"binary-expr","locations":[{"start":{"line":216,"column":12},"end":{"line":216,"column":19}},{"start":{"line":216,"column":23},"end":{"line":216,"column":68}}],"line":216},"26":{"loc":{"start":{"line":219,"column":8},"end":{"line":219,"column":59}},"type":"if","locations":[{"start":{"line":219,"column":8},"end":{"line":219,"column":59}},{"start":{},"end":{}}],"line":219},"27":{"loc":{"start":{"line":219,"column":12},"end":{"line":219,"column":50}},"type":"binary-expr","locations":[{"start":{"line":219,"column":12},"end":{"line":219,"column":21}},{"start":{"line":219,"column":25},"end":{"line":219,"column":50}}],"line":219}},"s":{"0":0,"1":0,"2":0,"3":0,"4":0,"5":0,"6":0,"7":0,"8":0,"9":0,"10":0,"11":0,"12":0,"13":0,"14":0,"15":0,"16":0,"17":0,"18":0,"19":0,"20":0,"21":0,"22":0,"23":0,"24":0,"25":0,"26":0,"27":0,"28":0,"29":0,"30":0,"31":0,"32":0,"33":0,"34":0,"35":0,"36":0,"37":0,"38":0,"39":0,"40":0,"41":0,"42":0,"43":0,"44":0,"45":0,"46":0,"47":0,"48":0,"49":0,"50":0,"51":0,"52":0,"53":0,"54":0,"55":0,"56":0,"57":0,"58":0,"59":0,"60":0,"61":0,"62":0,"63":0,"64":0,"65":0,"66":0,"67":0,"68":0,"69":0},"f":{"0":0,"1":0,"2":0,"3":0,"4":0,"5":0,"6":0,"7":0,"8":0,"9":0,"10":0,"11":0,"12":0,"13":0,"14":0,"15":0,"16":0,"17":0,"18":0},"b":{"0":[0,0],"1":[0,0],"2":[0,0],"3":[0,0,0],"4":[0,0],"5":[0,0],"6":[0,0],"7":[0,0],"8":[0,0],"9":[0,0],"10":[0,0],"11":[0,0],"12":[0,0],"13":[0,0],"14":[0,0],"15":[0,0],"16":[0,0],"17":[0,0],"18":[0,0],"19":[0,0],"20":[0,0],"21":[0,0],"22":[0,0],"23":[0,0],"24":[0,0],"25":[0,0],"26":[0,0],"27":[0,0]}}
,"C:\\Users\\HP\\wyzar-ecommerce\\backend\\middleware\\auth.js": {"path":"C:\\Users\\HP\\wyzar-ecommerce\\backend\\middleware\\auth.js","statementMap":{"0":{"start":{"line":4,"column":30},"end":{"line":4,"column":62}},"1":{"start":{"line":7,"column":14},"end":{"line":9,"column":2}},"2":{"start":{"line":16,"column":2},"end":{"line":113,"column":3}},"3":{"start":{"line":18,"column":23},"end":{"line":18,"column":50}},"4":{"start":{"line":20,"column":4},"end":{"line":22,"column":5}},"5":{"start":{"line":21,"column":6},"end":{"line":21,"column":77}},"6":{"start":{"line":24,"column":18},"end":{"line":24,"column":42}},"7":{"start":{"line":26,"column":4},"end":{"line":28,"column":5}},"8":{"start":{"line":27,"column":6},"end":{"line":27,"column":77}},"9":{"start":{"line":31,"column":33},"end":{"line":31,"column":63}},"10":{"start":{"line":33,"column":4},"end":{"line":35,"column":5}},"11":{"start":{"line":34,"column":6},"end":{"line":34,"column":65}},"12":{"start":{"line":38,"column":19},"end":{"line":38,"column":46}},"13":{"start":{"line":40,"column":15},"end":{"line":43,"column":6}},"14":{"start":{"line":46,"column":4},"end":{"line":91,"column":5}},"15":{"start":{"line":47,"column":6},"end":{"line":90,"column":7}},"16":{"start":{"line":48,"column":26},"end":{"line":48,"column":64}},"17":{"start":{"line":49,"column":22},"end":{"line":49,"column":63}},"18":{"start":{"line":51,"column":8},"end":{"line":86,"column":9}},"19":{"start":{"line":53,"column":31},"end":{"line":56,"column":12}},"20":{"start":{"line":58,"column":10},"end":{"line":85,"column":11}},"21":{"start":{"line":60,"column":12},"end":{"line":69,"column":15}},"22":{"start":{"line":70,"column":12},"end":{"line":70,"column":84}},"23":{"start":{"line":73,"column":12},"end":{"line":83,"column":15}},"24":{"start":{"line":84,"column":12},"end":{"line":84,"column":64}},"25":{"start":{"line":88,"column":8},"end":{"line":88,"column":71}},"26":{"start":{"line":89,"column":8},"end":{"line":89,"column":84}},"27":{"start":{"line":94,"column":4},"end":{"line":102,"column":6}},"28":{"start":{"line":104,"column":4},"end":{"line":104,"column":11}},"29":{"start":{"line":106,"column":4},"end":{"line":106,"column":49}},"30":{"start":{"line":108,"column":4},"end":{"line":110,"column":5}},"31":{"start":{"line":109,"column":6},"end":{"line":109,"column":64}},"32":{"start":{"line":112,"column":4},"end":{"line":112,"column":63}},"33":{"start":{"line":116,"column":0},"end":{"line":116,"column":22}}},"fnMap":{"0":{"name":"auth","decl":{"start":{"line":15,"column":15},"end":{"line":15,"column":19}},"loc":{"start":{"line":15,"column":36},"end":{"line":114,"column":1}},"line":15}},"branchMap":{"0":{"loc":{"start":{"line":20,"column":4},"end":{"line":22,"column":5}},"type":"if","locations":[{"start":{"line":20,"column":4},"end":{"line":22,"column":5}},{"start":{},"end":{}}],"line":20},"1":{"loc":{"start":{"line":20,"column":8},"end":{"line":20,"column":56}},"type":"binary-expr","locations":[{"start":{"line":20,"column":8},"end":{"line":20,"column":19}},{"start":{"line":20,"column":23},"end":{"line":20,"column":56}}],"line":20},"2":{"loc":{"start":{"line":26,"column":4},"end":{"line":28,"column":5}},"type":"if","locations":[{"start":{"line":26,"column":4},"end":{"line":28,"column":5}},{"start":{},"end":{}}],"line":26},"3":{"loc":{"start":{"line":33,"column":4},"end":{"line":35,"column":5}},"type":"if","locations":[{"start":{"line":33,"column":4},"end":{"line":35,"column":5}},{"start":{},"end":{}}],"line":33},"4":{"loc":{"start":{"line":46,"column":4},"end":{"line":91,"column":5}},"type":"if","locations":[{"start":{"line":46,"column":4},"end":{"line":91,"column":5}},{"start":{},"end":{}}],"line":46},"5":{"loc":{"start":{"line":51,"column":8},"end":{"line":86,"column":9}},"type":"if","locations":[{"start":{"line":51,"column":8},"end":{"line":86,"column":9}},{"start":{},"end":{}}],"line":51},"6":{"loc":{"start":{"line":58,"column":10},"end":{"line":85,"column":11}},"type":"if","locations":[{"start":{"line":58,"column":10},"end":{"line":85,"column":11}},{"start":{"line":71,"column":17},"end":{"line":85,"column":11}}],"line":58},"7":{"loc":{"start":{"line":64,"column":27},"end":{"line":64,"column":59}},"type":"binary-expr","locations":[{"start":{"line":64,"column":27},"end":{"line":64,"column":46}},{"start":{"line":64,"column":50},"end":{"line":64,"column":59}}],"line":64},"8":{"loc":{"start":{"line":65,"column":26},"end":{"line":65,"column":57}},"type":"binary-expr","locations":[{"start":{"line":65,"column":26},"end":{"line":65,"column":44}},{"start":{"line":65,"column":48},"end":{"line":65,"column":57}}],"line":65},"9":{"loc":{"start":{"line":66,"column":26},"end":{"line":66,"column":57}},"type":"binary-expr","locations":[{"start":{"line":66,"column":26},"end":{"line":66,"column":44}},{"start":{"line":66,"column":48},"end":{"line":66,"column":57}}],"line":66},"10":{"loc":{"start":{"line":77,"column":27},"end":{"line":77,"column":52}},"type":"binary-expr","locations":[{"start":{"line":77,"column":27},"end":{"line":77,"column":46}},{"start":{"line":77,"column":50},"end":{"line":77,"column":52}}],"line":77},"11":{"loc":{"start":{"line":78,"column":26},"end":{"line":78,"column":50}},"type":"binary-expr","locations":[{"start":{"line":78,"column":26},"end":{"line":78,"column":44}},{"start":{"line":78,"column":48},"end":{"line":78,"column":50}}],"line":78},"12":{"loc":{"start":{"line":79,"column":26},"end":{"line":79,"column":50}},"type":"binary-expr","locations":[{"start":{"line":79,"column":26},"end":{"line":79,"column":44}},{"start":{"line":79,"column":48},"end":{"line":79,"column":50}}],"line":79},"13":{"loc":{"start":{"line":108,"column":4},"end":{"line":110,"column":5}},"type":"if","locations":[{"start":{"line":108,"column":4},"end":{"line":110,"column":5}},{"start":{},"end":{}}],"line":108}},"s":{"0":0,"1":0,"2":0,"3":0,"4":0,"5":0,"6":0,"7":0,"8":0,"9":0,"10":0,"11":0,"12":0,"13":0,"14":0,"15":0,"16":0,"17":0,"18":0,"19":0,"20":0,"21":0,"22":0,"23":0,"24":0,"25":0,"26":0,"27":0,"28":0,"29":0,"30":0,"31":0,"32":0,"33":0},"f":{"0":0},"b":{"0":[0,0],"1":[0,0],"2":[0,0],"3":[0,0],"4":[0,0],"5":[0,0],"6":[0,0],"7":[0,0],"8":[0,0],"9":[0,0],"10":[0,0],"11":[0,0],"12":[0,0],"13":[0,0]}}
,"C:\\Users\\HP\\wyzar-ecommerce\\backend\\middleware\\csrfProtection.js": {"path":"C:\\Users\\HP\\wyzar-ecommerce\\backend\\middleware\\csrfProtection.js","statementMap":{"0":{"start":{"line":2,"column":13},"end":{"line":2,"column":29}},"1":{"start":{"line":10,"column":23},"end":{"line":17,"column":2}},"2":{"start":{"line":22,"column":24},"end":{"line":30,"column":1}},"3":{"start":{"line":24,"column":2},"end":{"line":28,"column":5}},"4":{"start":{"line":29,"column":2},"end":{"line":29,"column":9}},"5":{"start":{"line":35,"column":26},"end":{"line":48,"column":1}},"6":{"start":{"line":37,"column":16},"end":{"line":37,"column":61}},"7":{"start":{"line":39,"column":2},"end":{"line":44,"column":3}},"8":{"start":{"line":40,"column":4},"end":{"line":43,"column":7}},"9":{"start":{"line":47,"column":2},"end":{"line":47,"column":9}},"10":{"start":{"line":53,"column":21},"end":{"line":58,"column":1}},"11":{"start":{"line":54,"column":2},"end":{"line":57,"column":5}},"12":{"start":{"line":63,"column":25},"end":{"line":78,"column":1}},"13":{"start":{"line":64,"column":2},"end":{"line":64,"column":53}},"14":{"start":{"line":64,"column":36},"end":{"line":64,"column":53}},"15":{"start":{"line":67,"column":2},"end":{"line":72,"column":5}},"16":{"start":{"line":74,"column":2},"end":{"line":77,"column":5}},"17":{"start":{"line":80,"column":0},"end":{"line":86,"column":2}}},"fnMap":{"0":{"name":"(anonymous_0)","decl":{"start":{"line":22,"column":24},"end":{"line":22,"column":25}},"loc":{"start":{"line":22,"column":44},"end":{"line":30,"column":1}},"line":22},"1":{"name":"(anonymous_1)","decl":{"start":{"line":35,"column":26},"end":{"line":35,"column":27}},"loc":{"start":{"line":35,"column":46},"end":{"line":48,"column":1}},"line":35},"2":{"name":"(anonymous_2)","decl":{"start":{"line":53,"column":21},"end":{"line":53,"column":22}},"loc":{"start":{"line":53,"column":35},"end":{"line":58,"column":1}},"line":53},"3":{"name":"(anonymous_3)","decl":{"start":{"line":63,"column":25},"end":{"line":63,"column":26}},"loc":{"start":{"line":63,"column":50},"end":{"line":78,"column":1}},"line":63}},"branchMap":{"0":{"loc":{"start":{"line":37,"column":16},"end":{"line":37,"column":61}},"type":"binary-expr","locations":[{"start":{"line":37,"column":16},"end":{"line":37,"column":43}},{"start":{"line":37,"column":47},"end":{"line":37,"column":61}}],"line":37},"1":{"loc":{"start":{"line":39,"column":2},"end":{"line":44,"column":3}},"type":"if","locations":[{"start":{"line":39,"column":2},"end":{"line":44,"column":3}},{"start":{},"end":{}}],"line":39},"2":{"loc":{"start":{"line":64,"column":2},"end":{"line":64,"column":53}},"type":"if","locations":[{"start":{"line":64,"column":2},"end":{"line":64,"column":53}},{"start":{},"end":{}}],"line":64}},"s":{"0":1,"1":1,"2":1,"3":2,"4":0,"5":1,"6":0,"7":0,"8":0,"9":0,"10":1,"11":0,"12":1,"13":0,"14":0,"15":0,"16":0,"17":1},"f":{"0":2,"1":0,"2":0,"3":0},"b":{"0":[0,0],"1":[0,0],"2":[0,0]},"_coverageSchema":"1a1c01bbd47fc00a2c39e90264f33305004495a9","hash":"b44c7188c1341d55b1cf0ccfaa92961f6a89e0cb"}
,"C:\\Users\\HP\\wyzar-ecommerce\\backend\\middleware\\csvUpload.js": {"path":"C:\\Users\\HP\\wyzar-ecommerce\\backend\\middleware\\csvUpload.js","statementMap":{"0":{"start":{"line":1,"column":15},"end":{"line":1,"column":32}},"1":{"start":{"line":2,"column":13},"end":{"line":2,"column":28}},"2":{"start":{"line":4,"column":16},"end":{"line":4,"column":38}},"3":{"start":{"line":6,"column":18},"end":{"line":12,"column":25}},"4":{"start":{"line":10,"column":4},"end":{"line":10,"column":28}},"5":{"start":{"line":15,"column":20},"end":{"line":15,"column":25}},"6":{"start":{"line":16,"column":18},"end":{"line":16,"column":79}},"7":{"start":{"line":17,"column":19},"end":{"line":17,"column":47}},"8":{"start":{"line":19,"column":2},"end":{"line":23,"column":3}},"9":{"start":{"line":20,"column":4},"end":{"line":20,"column":26}},"10":{"start":{"line":22,"column":4},"end":{"line":22,"column":33}},"11":{"start":{"line":26,"column":0},"end":{"line":26,"column":27}}},"fnMap":{"0":{"name":"(anonymous_0)","decl":{"start":{"line":9,"column":14},"end":{"line":9,"column":15}},"loc":{"start":{"line":9,"column":33},"end":{"line":11,"column":3}},"line":9},"1":{"name":"checkFileType","decl":{"start":{"line":14,"column":9},"end":{"line":14,"column":22}},"loc":{"start":{"line":14,"column":33},"end":{"line":24,"column":1}},"line":14}},"branchMap":{"0":{"loc":{"start":{"line":19,"column":2},"end":{"line":23,"column":3}},"type":"if","locations":[{"start":{"line":19,"column":2},"end":{"line":23,"column":3}},{"start":{"line":21,"column":9},"end":{"line":23,"column":3}}],"line":19},"1":{"loc":{"start":{"line":19,"column":6},"end":{"line":19,"column":25}},"type":"binary-expr","locations":[{"start":{"line":19,"column":6},"end":{"line":19,"column":13}},{"start":{"line":19,"column":17},"end":{"line":19,"column":25}}],"line":19}},"s":{"0":0,"1":0,"2":0,"3":0,"4":0,"5":0,"6":0,"7":0,"8":0,"9":0,"10":0,"11":0},"f":{"0":0,"1":0},"b":{"0":[0,0],"1":[0,0]}}
,"C:\\Users\\HP\\wyzar-ecommerce\\backend\\middleware\\errorMiddleware.js": {"path":"C:\\Users\\HP\\wyzar-ecommerce\\backend\\middleware\\errorMiddleware.js","statementMap":{"0":{"start":{"line":11,"column":4},"end":{"line":11,"column":36}},"1":{"start":{"line":17,"column":16},"end":{"line":17,"column":67}},"2":{"start":{"line":18,"column":2},"end":{"line":18,"column":23}},"3":{"start":{"line":20,"column":18},"end":{"line":20,"column":66}},"4":{"start":{"line":21,"column":21},"end":{"line":21,"column":41}},"5":{"start":{"line":23,"column":24},"end":{"line":30,"column":3}},"6":{"start":{"line":32,"column":2},"end":{"line":35,"column":3}},"7":{"start":{"line":33,"column":4},"end":{"line":33,"column":44}},"8":{"start":{"line":34,"column":4},"end":{"line":34,"column":54}},"9":{"start":{"line":37,"column":2},"end":{"line":37,"column":45}},"10":{"start":{"line":44,"column":16},"end":{"line":44,"column":78}},"11":{"start":{"line":45,"column":2},"end":{"line":45,"column":14}},"12":{"start":{"line":52,"column":2},"end":{"line":54,"column":4}},"13":{"start":{"line":53,"column":4},"end":{"line":53,"column":52}},"14":{"start":{"line":57,"column":0},"end":{"line":61,"column":2}}},"fnMap":{"0":{"name":"errorHandler","decl":{"start":{"line":16,"column":9},"end":{"line":16,"column":21}},"loc":{"start":{"line":16,"column":43},"end":{"line":38,"column":1}},"line":16},"1":{"name":"notFoundHandler","decl":{"start":{"line":43,"column":9},"end":{"line":43,"column":24}},"loc":{"start":{"line":43,"column":41},"end":{"line":46,"column":1}},"line":43},"2":{"name":"asyncHandler","decl":{"start":{"line":51,"column":9},"end":{"line":51,"column":21}},"loc":{"start":{"line":51,"column":26},"end":{"line":55,"column":1}},"line":51},"3":{"name":"(anonymous_3)","decl":{"start":{"line":52,"column":9},"end":{"line":52,"column":10}},"loc":{"start":{"line":52,"column":29},"end":{"line":54,"column":3}},"line":52}},"branchMap":{"0":{"loc":{"start":{"line":17,"column":16},"end":{"line":17,"column":67}},"type":"cond-expr","locations":[{"start":{"line":17,"column":42},"end":{"line":17,"column":45}},{"start":{"line":17,"column":48},"end":{"line":17,"column":67}}],"line":17},"1":{"loc":{"start":{"line":32,"column":2},"end":{"line":35,"column":3}},"type":"if","locations":[{"start":{"line":32,"column":2},"end":{"line":35,"column":3}},{"start":{},"end":{}}],"line":32}},"s":{"0":1,"1":4,"2":4,"3":4,"4":4,"5":4,"6":4,"7":2,"8":2,"9":4,"10":1,"11":1,"12":2,"13":2,"14":1},"f":{"0":4,"1":1,"2":2,"3":2},"b":{"0":[4,0],"1":[2,2]},"_coverageSchema":"1a1c01bbd47fc00a2c39e90264f33305004495a9","hash":"35833120796c9d2b3915e2b18479b8e441966549"}
,"C:\\Users\\HP\\wyzar-ecommerce\\backend\\middleware\\productUpload.js": {"path":"C:\\Users\\HP\\wyzar-ecommerce\\backend\\middleware\\productUpload.js","statementMap":{"0":{"start":{"line":2,"column":15},"end":{"line":2,"column":32}},"1":{"start":{"line":3,"column":13},"end":{"line":3,"column":28}},"2":{"start":{"line":4,"column":11},"end":{"line":4,"column":24}},"3":{"start":{"line":7,"column":18},"end":{"line":7,"column":37}},"4":{"start":{"line":10,"column":0},"end":{"line":10,"column":45}},"5":{"start":{"line":13,"column":16},"end":{"line":23,"column":2}},"6":{"start":{"line":15,"column":4},"end":{"line":15,"column":24}},"7":{"start":{"line":19,"column":25},"end":{"line":19,"column":75}},"8":{"start":{"line":20,"column":21},"end":{"line":20,"column":87}},"9":{"start":{"line":21,"column":4},"end":{"line":21,"column":23}},"10":{"start":{"line":26,"column":19},"end":{"line":36,"column":1}},"11":{"start":{"line":27,"column":23},"end":{"line":27,"column":41}},"12":{"start":{"line":28,"column":18},"end":{"line":28,"column":82}},"13":{"start":{"line":29,"column":19},"end":{"line":29,"column":51}},"14":{"start":{"line":31,"column":2},"end":{"line":35,"column":3}},"15":{"start":{"line":32,"column":4},"end":{"line":32,"column":26}},"16":{"start":{"line":34,"column":4},"end":{"line":34,"column":82}},"17":{"start":{"line":41,"column":22},"end":{"line":45,"column":28}},"18":{"start":{"line":47,"column":0},"end":{"line":47,"column":31}}},"fnMap":{"0":{"name":"(anonymous_0)","decl":{"start":{"line":14,"column":15},"end":{"line":14,"column":16}},"loc":{"start":{"line":14,"column":34},"end":{"line":16,"column":3}},"line":14},"1":{"name":"(anonymous_1)","decl":{"start":{"line":17,"column":12},"end":{"line":17,"column":13}},"loc":{"start":{"line":17,"column":31},"end":{"line":22,"column":3}},"line":17},"2":{"name":"(anonymous_2)","decl":{"start":{"line":26,"column":19},"end":{"line":26,"column":20}},"loc":{"start":{"line":26,"column":38},"end":{"line":36,"column":1}},"line":26}},"branchMap":{"0":{"loc":{"start":{"line":31,"column":2},"end":{"line":35,"column":3}},"type":"if","locations":[{"start":{"line":31,"column":2},"end":{"line":35,"column":3}},{"start":{"line":33,"column":9},"end":{"line":35,"column":3}}],"line":31},"1":{"loc":{"start":{"line":31,"column":6},"end":{"line":31,"column":25}},"type":"binary-expr","locations":[{"start":{"line":31,"column":6},"end":{"line":31,"column":14}},{"start":{"line":31,"column":18},"end":{"line":31,"column":25}}],"line":31}},"s":{"0":0,"1":0,"2":0,"3":0,"4":0,"5":0,"6":0,"7":0,"8":0,"9":0,"10":0,"11":0,"12":0,"13":0,"14":0,"15":0,"16":0,"17":0,"18":0},"f":{"0":0,"1":0,"2":0},"b":{"0":[0,0],"1":[0,0]}}
,"C:\\Users\\HP\\wyzar-ecommerce\\backend\\middleware\\productUploadOptimized.js": {"path":"C:\\Users\\HP\\wyzar-ecommerce\\backend\\middleware\\productUploadOptimized.js","statementMap":{"0":{"start":{"line":4,"column":15},"end":{"line":4,"column":32}},"1":{"start":{"line":5,"column":13},"end":{"line":5,"column":28}},"2":{"start":{"line":6,"column":61},"end":{"line":6,"column":94}},"3":{"start":{"line":9,"column":16},"end":{"line":19,"column":2}},"4":{"start":{"line":11,"column":22},"end":{"line":11,"column":48}},"5":{"start":{"line":12,"column":4},"end":{"line":12,"column":24}},"6":{"start":{"line":16,"column":21},"end":{"line":16,"column":69}},"7":{"start":{"line":17,"column":4},"end":{"line":17,"column":23}},"8":{"start":{"line":22,"column":19},"end":{"line":37,"column":1}},"9":{"start":{"line":24,"column":2},"end":{"line":26,"column":3}},"10":{"start":{"line":25,"column":4},"end":{"line":25,"column":26}},"11":{"start":{"line":29,"column":14},"end":{"line":29,"column":59}},"12":{"start":{"line":30,"column":22},"end":{"line":30,"column":64}},"13":{"start":{"line":32,"column":2},"end":{"line":34,"column":3}},"14":{"start":{"line":33,"column":4},"end":{"line":33,"column":26}},"15":{"start":{"line":36,"column":2},"end":{"line":36,"column":86}},"16":{"start":{"line":40,"column":31},"end":{"line":47,"column":29}},"17":{"start":{"line":50,"column":39},"end":{"line":81,"column":1}},"18":{"start":{"line":51,"column":2},"end":{"line":80,"column":5}},"19":{"start":{"line":52,"column":4},"end":{"line":76,"column":5}},"20":{"start":{"line":54,"column":6},"end":{"line":59,"column":7}},"21":{"start":{"line":55,"column":8},"end":{"line":58,"column":11}},"22":{"start":{"line":60,"column":6},"end":{"line":65,"column":7}},"23":{"start":{"line":61,"column":8},"end":{"line":64,"column":11}},"24":{"start":{"line":66,"column":6},"end":{"line":69,"column":9}},"25":{"start":{"line":70,"column":11},"end":{"line":76,"column":5}},"26":{"start":{"line":72,"column":6},"end":{"line":75,"column":9}},"27":{"start":{"line":79,"column":4},"end":{"line":79,"column":11}},"28":{"start":{"line":83,"column":0},"end":{"line":83,"column":48}}},"fnMap":{"0":{"name":"(anonymous_0)","decl":{"start":{"line":10,"column":15},"end":{"line":10,"column":16}},"loc":{"start":{"line":10,"column":34},"end":{"line":13,"column":3}},"line":10},"1":{"name":"(anonymous_1)","decl":{"start":{"line":14,"column":12},"end":{"line":14,"column":13}},"loc":{"start":{"line":14,"column":31},"end":{"line":18,"column":3}},"line":14},"2":{"name":"(anonymous_2)","decl":{"start":{"line":22,"column":19},"end":{"line":22,"column":20}},"loc":{"start":{"line":22,"column":38},"end":{"line":37,"column":1}},"line":22},"3":{"name":"(anonymous_3)","decl":{"start":{"line":50,"column":39},"end":{"line":50,"column":40}},"loc":{"start":{"line":50,"column":59},"end":{"line":81,"column":1}},"line":50},"4":{"name":"(anonymous_4)","decl":{"start":{"line":51,"column":35},"end":{"line":51,"column":36}},"loc":{"start":{"line":51,"column":44},"end":{"line":80,"column":3}},"line":51}},"branchMap":{"0":{"loc":{"start":{"line":24,"column":2},"end":{"line":26,"column":3}},"type":"if","locations":[{"start":{"line":24,"column":2},"end":{"line":26,"column":3}},{"start":{},"end":{}}],"line":24},"1":{"loc":{"start":{"line":32,"column":2},"end":{"line":34,"column":3}},"type":"if","locations":[{"start":{"line":32,"column":2},"end":{"line":34,"column":3}},{"start":{},"end":{}}],"line":32},"2":{"loc":{"start":{"line":52,"column":4},"end":{"line":76,"column":5}},"type":"if","locations":[{"start":{"line":52,"column":4},"end":{"line":76,"column":5}},{"start":{"line":70,"column":11},"end":{"line":76,"column":5}}],"line":52},"3":{"loc":{"start":{"line":54,"column":6},"end":{"line":59,"column":7}},"type":"if","locations":[{"start":{"line":54,"column":6},"end":{"line":59,"column":7}},{"start":{},"end":{}}],"line":54},"4":{"loc":{"start":{"line":60,"column":6},"end":{"line":65,"column":7}},"type":"if","locations":[{"start":{"line":60,"column":6},"end":{"line":65,"column":7}},{"start":{},"end":{}}],"line":60},"5":{"loc":{"start":{"line":70,"column":11},"end":{"line":76,"column":5}},"type":"if","locations":[{"start":{"line":70,"column":11},"end":{"line":76,"column":5}},{"start":{},"end":{}}],"line":70}},"s":{"0":0,"1":0,"2":0,"3":0,"4":0,"5":0,"6":0,"7":0,"8":0,"9":0,"10":0,"11":0,"12":0,"13":0,"14":0,"15":0,"16":0,"17":0,"18":0,"19":0,"20":0,"21":0,"22":0,"23":0,"24":0,"25":0,"26":0,"27":0,"28":0},"f":{"0":0,"1":0,"2":0,"3":0,"4":0},"b":{"0":[0,0],"1":[0,0],"2":[0,0],"3":[0,0],"4":[0,0],"5":[0,0]}}
,"C:\\Users\\HP\\wyzar-ecommerce\\backend\\middleware\\upload.js": {"path":"C:\\Users\\HP\\wyzar-ecommerce\\backend\\middleware\\upload.js","statementMap":{"0":{"start":{"line":2,"column":15},"end":{"line":2,"column":32}},"1":{"start":{"line":3,"column":13},"end":{"line":3,"column":28}},"2":{"start":{"line":7,"column":16},"end":{"line":18,"column":2}},"3":{"start":{"line":10,"column":4},"end":{"line":10,"column":25}},"4":{"start":{"line":15,"column":25},"end":{"line":15,"column":75}},"5":{"start":{"line":16,"column":4},"end":{"line":16,"column":81}},"6":{"start":{"line":22,"column":19},"end":{"line":32,"column":1}},"7":{"start":{"line":23,"column":23},"end":{"line":23,"column":41}},"8":{"start":{"line":24,"column":18},"end":{"line":24,"column":82}},"9":{"start":{"line":25,"column":19},"end":{"line":25,"column":51}},"10":{"start":{"line":27,"column":2},"end":{"line":31,"column":3}},"11":{"start":{"line":28,"column":4},"end":{"line":28,"column":26}},"12":{"start":{"line":30,"column":4},"end":{"line":30,"column":90}},"13":{"start":{"line":36,"column":15},"end":{"line":40,"column":33}},"14":{"start":{"line":42,"column":0},"end":{"line":42,"column":24}}},"fnMap":{"0":{"name":"(anonymous_0)","decl":{"start":{"line":8,"column":15},"end":{"line":8,"column":16}},"loc":{"start":{"line":8,"column":34},"end":{"line":11,"column":3}},"line":8},"1":{"name":"(anonymous_1)","decl":{"start":{"line":12,"column":12},"end":{"line":12,"column":13}},"loc":{"start":{"line":12,"column":31},"end":{"line":17,"column":3}},"line":12},"2":{"name":"(anonymous_2)","decl":{"start":{"line":22,"column":19},"end":{"line":22,"column":20}},"loc":{"start":{"line":22,"column":38},"end":{"line":32,"column":1}},"line":22}},"branchMap":{"0":{"loc":{"start":{"line":27,"column":2},"end":{"line":31,"column":3}},"type":"if","locations":[{"start":{"line":27,"column":2},"end":{"line":31,"column":3}},{"start":{"line":29,"column":9},"end":{"line":31,"column":3}}],"line":27},"1":{"loc":{"start":{"line":27,"column":6},"end":{"line":27,"column":25}},"type":"binary-expr","locations":[{"start":{"line":27,"column":6},"end":{"line":27,"column":14}},{"start":{"line":27,"column":18},"end":{"line":27,"column":25}}],"line":27}},"s":{"0":0,"1":0,"2":0,"3":0,"4":0,"5":0,"6":0,"7":0,"8":0,"9":0,"10":0,"11":0,"12":0,"13":0,"14":0},"f":{"0":0,"1":0,"2":0},"b":{"0":[0,0],"1":[0,0]}}
,"C:\\Users\\HP\\wyzar-ecommerce\\backend\\middleware\\validateInput.js": {"path":"C:\\Users\\HP\\wyzar-ecommerce\\backend\\middleware\\validateInput.js","statementMap":{"0":{"start":{"line":14,"column":4},"end":{"line":14,"column":48}},"1":{"start":{"line":19,"column":29},"end":{"line":50,"column":1}},"2":{"start":{"line":20,"column":2},"end":{"line":20,"column":60}},"3":{"start":{"line":21,"column":2},"end":{"line":49,"column":3}},"4":{"start":{"line":22,"column":39},"end":{"line":22,"column":47}},"5":{"start":{"line":25,"column":4},"end":{"line":28,"column":5}},"6":{"start":{"line":26,"column":6},"end":{"line":26,"column":44}},"7":{"start":{"line":27,"column":6},"end":{"line":27,"column":54}},"8":{"start":{"line":31,"column":4},"end":{"line":34,"column":5}},"9":{"start":{"line":32,"column":6},"end":{"line":32,"column":44}},"10":{"start":{"line":33,"column":6},"end":{"line":33,"column":54}},"11":{"start":{"line":37,"column":4},"end":{"line":37,"column":47}},"12":{"start":{"line":38,"column":4},"end":{"line":38,"column":11}},"13":{"start":{"line":40,"column":4},"end":{"line":40,"column":75}},"14":{"start":{"line":41,"column":4},"end":{"line":47,"column":5}},"15":{"start":{"line":42,"column":6},"end":{"line":46,"column":9}},"16":{"start":{"line":48,"column":4},"end":{"line":48,"column":16}},"17":{"start":{"line":55,"column":22},"end":{"line":89,"column":1}},"18":{"start":{"line":56,"column":2},"end":{"line":88,"column":3}},"19":{"start":{"line":57,"column":39},"end":{"line":57,"column":47}},"20":{"start":{"line":59,"column":4},"end":{"line":64,"column":5}},"21":{"start":{"line":60,"column":6},"end":{"line":63,"column":9}},"22":{"start":{"line":67,"column":4},"end":{"line":76,"column":5}},"23":{"start":{"line":68,"column":6},"end":{"line":68,"column":44}},"24":{"start":{"line":69,"column":11},"end":{"line":76,"column":5}},"25":{"start":{"line":70,"column":6},"end":{"line":70,"column":44}},"26":{"start":{"line":72,"column":6},"end":{"line":75,"column":9}},"27":{"start":{"line":78,"column":4},"end":{"line":78,"column":11}},"28":{"start":{"line":80,"column":4},"end":{"line":86,"column":5}},"29":{"start":{"line":81,"column":6},"end":{"line":85,"column":9}},"30":{"start":{"line":87,"column":4},"end":{"line":87,"column":16}},"31":{"start":{"line":94,"column":32},"end":{"line":135,"column":1}},"32":{"start":{"line":95,"column":2},"end":{"line":134,"column":3}},"33":{"start":{"line":96,"column":61},"end":{"line":96,"column":69}},"34":{"start":{"line":99,"column":4},"end":{"line":104,"column":5}},"35":{"start":{"line":100,"column":6},"end":{"line":103,"column":9}},"36":{"start":{"line":107,"column":4},"end":{"line":107,"column":46}},"37":{"start":{"line":108,"column":4},"end":{"line":108,"column":60}},"38":{"start":{"line":109,"column":4},"end":{"line":109,"column":42}},"39":{"start":{"line":110,"column":4},"end":{"line":110,"column":51}},"40":{"start":{"line":111,"column":4},"end":{"line":111,"column":51}},"41":{"start":{"line":114,"column":4},"end":{"line":116,"column":5}},"42":{"start":{"line":115,"column":6},"end":{"line":115,"column":74}},"43":{"start":{"line":117,"column":4},"end":{"line":119,"column":5}},"44":{"start":{"line":118,"column":6},"end":{"line":118,"column":88}},"45":{"start":{"line":120,"column":4},"end":{"line":122,"column":5}},"46":{"start":{"line":121,"column":6},"end":{"line":121,"column":94}},"47":{"start":{"line":124,"column":4},"end":{"line":124,"column":11}},"48":{"start":{"line":126,"column":4},"end":{"line":132,"column":5}},"49":{"start":{"line":127,"column":6},"end":{"line":131,"column":9}},"50":{"start":{"line":133,"column":4},"end":{"line":133,"column":16}},"51":{"start":{"line":140,"column":30},"end":{"line":183,"column":1}},"52":{"start":{"line":141,"column":2},"end":{"line":182,"column":3}},"53":{"start":{"line":142,"column":61},"end":{"line":142,"column":69}},"54":{"start":{"line":145,"column":4},"end":{"line":147,"column":5}},"55":{"start":{"line":146,"column":6},"end":{"line":146,"column":48}},"56":{"start":{"line":148,"column":4},"end":{"line":150,"column":5}},"57":{"start":{"line":149,"column":6},"end":{"line":149,"column":62}},"58":{"start":{"line":151,"column":4},"end":{"line":153,"column":5}},"59":{"start":{"line":152,"column":6},"end":{"line":152,"column":44}},"60":{"start":{"line":154,"column":4},"end":{"line":156,"column":5}},"61":{"start":{"line":155,"column":6},"end":{"line":155,"column":53}},"62":{"start":{"line":157,"column":4},"end":{"line":159,"column":5}},"63":{"start":{"line":158,"column":6},"end":{"line":158,"column":53}},"64":{"start":{"line":162,"column":4},"end":{"line":164,"column":5}},"65":{"start":{"line":163,"column":6},"end":{"line":163,"column":74}},"66":{"start":{"line":165,"column":4},"end":{"line":167,"column":5}},"67":{"start":{"line":166,"column":6},"end":{"line":166,"column":88}},"68":{"start":{"line":168,"column":4},"end":{"line":170,"column":5}},"69":{"start":{"line":169,"column":6},"end":{"line":169,"column":94}},"70":{"start":{"line":172,"column":4},"end":{"line":172,"column":11}},"71":{"start":{"line":174,"column":4},"end":{"line":180,"column":5}},"72":{"start":{"line":175,"column":6},"end":{"line":179,"column":9}},"73":{"start":{"line":181,"column":4},"end":{"line":181,"column":16}},"74":{"start":{"line":188,"column":30},"end":{"line":233,"column":1}},"75":{"start":{"line":189,"column":2},"end":{"line":232,"column":3}},"76":{"start":{"line":190,"column":43},"end":{"line":190,"column":51}},"77":{"start":{"line":192,"column":4},"end":{"line":197,"column":5}},"78":{"start":{"line":193,"column":6},"end":{"line":196,"column":9}},"79":{"start":{"line":199,"column":4},"end":{"line":204,"column":5}},"80":{"start":{"line":200,"column":6},"end":{"line":203,"column":9}},"81":{"start":{"line":207,"column":4},"end":{"line":207,"column":64}},"82":{"start":{"line":210,"column":4},"end":{"line":220,"column":7}},"83":{"start":{"line":212,"column":21},"end":{"line":212,"column":40}},"84":{"start":{"line":213,"column":6},"end":{"line":215,"column":7}},"85":{"start":{"line":214,"column":8},"end":{"line":214,"column":75}},"86":{"start":{"line":216,"column":6},"end":{"line":219,"column":8}},"87":{"start":{"line":222,"column":4},"end":{"line":222,"column":11}},"88":{"start":{"line":224,"column":4},"end":{"line":230,"column":5}},"89":{"start":{"line":225,"column":6},"end":{"line":229,"column":9}},"90":{"start":{"line":231,"column":4},"end":{"line":231,"column":16}},"91":{"start":{"line":238,"column":31},"end":{"line":282,"column":1}},"92":{"start":{"line":239,"column":2},"end":{"line":281,"column":3}},"93":{"start":{"line":240,"column":43},"end":{"line":240,"column":51}},"94":{"start":{"line":242,"column":4},"end":{"line":247,"column":5}},"95":{"start":{"line":243,"column":6},"end":{"line":246,"column":9}},"96":{"start":{"line":250,"column":4},"end":{"line":250,"column":66}},"97":{"start":{"line":253,"column":22},"end":{"line":253,"column":42}},"98":{"start":{"line":254,"column":4},"end":{"line":260,"column":5}},"99":{"start":{"line":255,"column":6},"end":{"line":259,"column":9}},"100":{"start":{"line":261,"column":4},"end":{"line":261,"column":32}},"101":{"start":{"line":264,"column":4},"end":{"line":264,"column":88}},"102":{"start":{"line":267,"column":4},"end":{"line":269,"column":5}},"103":{"start":{"line":268,"column":6},"end":{"line":268,"column":74}},"104":{"start":{"line":271,"column":4},"end":{"line":271,"column":11}},"105":{"start":{"line":273,"column":4},"end":{"line":279,"column":5}},"106":{"start":{"line":274,"column":6},"end":{"line":278,"column":9}},"107":{"start":{"line":280,"column":4},"end":{"line":280,"column":16}},"108":{"start":{"line":287,"column":30},"end":{"line":304,"column":1}},"109":{"start":{"line":288,"column":2},"end":{"line":303,"column":4}},"110":{"start":{"line":289,"column":4},"end":{"line":302,"column":5}},"111":{"start":{"line":290,"column":17},"end":{"line":290,"column":38}},"112":{"start":{"line":291,"column":6},"end":{"line":291,"column":62}},"113":{"start":{"line":292,"column":6},"end":{"line":292,"column":13}},"114":{"start":{"line":294,"column":6},"end":{"line":300,"column":7}},"115":{"start":{"line":295,"column":8},"end":{"line":299,"column":11}},"116":{"start":{"line":301,"column":6},"end":{"line":301,"column":18}},"117":{"start":{"line":306,"column":0},"end":{"line":314,"column":2}}},"fnMap":{"0":{"name":"(anonymous_0)","decl":{"start":{"line":19,"column":29},"end":{"line":19,"column":30}},"loc":{"start":{"line":19,"column":49},"end":{"line":50,"column":1}},"line":19},"1":{"name":"(anonymous_1)","decl":{"start":{"line":55,"column":22},"end":{"line":55,"column":23}},"loc":{"start":{"line":55,"column":42},"end":{"line":89,"column":1}},"line":55},"2":{"name":"(anonymous_2)","decl":{"start":{"line":94,"column":32},"end":{"line":94,"column":33}},"loc":{"start":{"line":94,"column":52},"end":{"line":135,"column":1}},"line":94},"3":{"name":"(anonymous_3)","decl":{"start":{"line":140,"column":30},"end":{"line":140,"column":31}},"loc":{"start":{"line":140,"column":50},"end":{"line":183,"column":1}},"line":140},"4":{"name":"(anonymous_4)","decl":{"start":{"line":188,"column":30},"end":{"line":188,"column":31}},"loc":{"start":{"line":188,"column":50},"end":{"line":233,"column":1}},"line":188},"5":{"name":"(anonymous_5)","decl":{"start":{"line":210,"column":39},"end":{"line":210,"column":40}},"loc":{"start":{"line":210,"column":47},"end":{"line":220,"column":5}},"line":210},"6":{"name":"(anonymous_6)","decl":{"start":{"line":238,"column":31},"end":{"line":238,"column":32}},"loc":{"start":{"line":238,"column":51},"end":{"line":282,"column":1}},"line":238},"7":{"name":"(anonymous_7)","decl":{"start":{"line":287,"column":30},"end":{"line":287,"column":31}},"loc":{"start":{"line":287,"column":52},"end":{"line":304,"column":1}},"line":287},"8":{"name":"(anonymous_8)","decl":{"start":{"line":288,"column":9},"end":{"line":288,"column":10}},"loc":{"start":{"line":288,"column":29},"end":{"line":303,"column":3}},"line":288}},"branchMap":{"0":{"loc":{"start":{"line":25,"column":4},"end":{"line":28,"column":5}},"type":"if","locations":[{"start":{"line":25,"column":4},"end":{"line":28,"column":5}},{"start":{},"end":{}}],"line":25},"1":{"loc":{"start":{"line":31,"column":4},"end":{"line":34,"column":5}},"type":"if","locations":[{"start":{"line":31,"column":4},"end":{"line":34,"column":5}},{"start":{},"end":{}}],"line":31},"2":{"loc":{"start":{"line":41,"column":4},"end":{"line":47,"column":5}},"type":"if","locations":[{"start":{"line":41,"column":4},"end":{"line":47,"column":5}},{"start":{},"end":{}}],"line":41},"3":{"loc":{"start":{"line":59,"column":4},"end":{"line":64,"column":5}},"type":"if","locations":[{"start":{"line":59,"column":4},"end":{"line":64,"column":5}},{"start":{},"end":{}}],"line":59},"4":{"loc":{"start":{"line":67,"column":4},"end":{"line":76,"column":5}},"type":"if","locations":[{"start":{"line":67,"column":4},"end":{"line":76,"column":5}},{"start":{"line":69,"column":11},"end":{"line":76,"column":5}}],"line":67},"5":{"loc":{"start":{"line":69,"column":11},"end":{"line":76,"column":5}},"type":"if","locations":[{"start":{"line":69,"column":11},"end":{"line":76,"column":5}},{"start":{"line":71,"column":11},"end":{"line":76,"column":5}}],"line":69},"6":{"loc":{"start":{"line":80,"column":4},"end":{"line":86,"column":5}},"type":"if","locations":[{"start":{"line":80,"column":4},"end":{"line":86,"column":5}},{"start":{},"end":{}}],"line":80},"7":{"loc":{"start":{"line":99,"column":4},"end":{"line":104,"column":5}},"type":"if","locations":[{"start":{"line":99,"column":4},"end":{"line":104,"column":5}},{"start":{},"end":{}}],"line":99},"8":{"loc":{"start":{"line":99,"column":8},"end":{"line":99,"column":65}},"type":"binary-expr","locations":[{"start":{"line":99,"column":8},"end":{"line":99,"column":13}},{"start":{"line":99,"column":17},"end":{"line":99,"column":29}},{"start":{"line":99,"column":33},"end":{"line":99,"column":39}},{"start":{"line":99,"column":43},"end":{"line":99,"column":52}},{"start":{"line":99,"column":56},"end":{"line":99,"column":65}}],"line":99},"9":{"loc":{"start":{"line":114,"column":4},"end":{"line":116,"column":5}},"type":"if","locations":[{"start":{"line":114,"column":4},"end":{"line":116,"column":5}},{"start":{},"end":{}}],"line":114},"10":{"loc":{"start":{"line":117,"column":4},"end":{"line":119,"column":5}},"type":"if","locations":[{"start":{"line":117,"column":4},"end":{"line":119,"column":5}},{"start":{},"end":{}}],"line":117},"11":{"loc":{"start":{"line":120,"column":4},"end":{"line":122,"column":5}},"type":"if","locations":[{"start":{"line":120,"column":4},"end":{"line":122,"column":5}},{"start":{},"end":{}}],"line":120},"12":{"loc":{"start":{"line":126,"column":4},"end":{"line":132,"column":5}},"type":"if","locations":[{"start":{"line":126,"column":4},"end":{"line":132,"column":5}},{"start":{},"end":{}}],"line":126},"13":{"loc":{"start":{"line":145,"column":4},"end":{"line":147,"column":5}},"type":"if","locations":[{"start":{"line":145,"column":4},"end":{"line":147,"column":5}},{"start":{},"end":{}}],"line":145},"14":{"loc":{"start":{"line":148,"column":4},"end":{"line":150,"column":5}},"type":"if","locations":[{"start":{"line":148,"column":4},"end":{"line":150,"column":5}},{"start":{},"end":{}}],"line":148},"15":{"loc":{"start":{"line":151,"column":4},"end":{"line":153,"column":5}},"type":"if","locations":[{"start":{"line":151,"column":4},"end":{"line":153,"column":5}},{"start":{},"end":{}}],"line":151},"16":{"loc":{"start":{"line":154,"column":4},"end":{"line":156,"column":5}},"type":"if","locations":[{"start":{"line":154,"column":4},"end":{"line":156,"column":5}},{"start":{},"end":{}}],"line":154},"17":{"loc":{"start":{"line":157,"column":4},"end":{"line":159,"column":5}},"type":"if","locations":[{"start":{"line":157,"column":4},"end":{"line":159,"column":5}},{"start":{},"end":{}}],"line":157},"18":{"loc":{"start":{"line":162,"column":4},"end":{"line":164,"column":5}},"type":"if","locations":[{"start":{"line":162,"column":4},"end":{"line":164,"column":5}},{"start":{},"end":{}}],"line":162},"19":{"loc":{"start":{"line":165,"column":4},"end":{"line":167,"column":5}},"type":"if","locations":[{"start":{"line":165,"column":4},"end":{"line":167,"column":5}},{"start":{},"end":{}}],"line":165},"20":{"loc":{"start":{"line":168,"column":4},"end":{"line":170,"column":5}},"type":"if","locations":[{"start":{"line":168,"column":4},"end":{"line":170,"column":5}},{"start":{},"end":{}}],"line":168},"21":{"loc":{"start":{"line":174,"column":4},"end":{"line":180,"column":5}},"type":"if","locations":[{"start":{"line":174,"column":4},"end":{"line":180,"column":5}},{"start":{},"end":{}}],"line":174},"22":{"loc":{"start":{"line":192,"column":4},"end":{"line":197,"column":5}},"type":"if","locations":[{"start":{"line":192,"column":4},"end":{"line":197,"column":5}},{"start":{},"end":{}}],"line":192},"23":{"loc":{"start":{"line":199,"column":4},"end":{"line":204,"column":5}},"type":"if","locations":[{"start":{"line":199,"column":4},"end":{"line":204,"column":5}},{"start":{},"end":{}}],"line":199},"24":{"loc":{"start":{"line":199,"column":8},"end":{"line":199,"column":73}},"type":"binary-expr","locations":[{"start":{"line":199,"column":8},"end":{"line":199,"column":18}},{"start":{"line":199,"column":22},"end":{"line":199,"column":47}},{"start":{"line":199,"column":51},"end":{"line":199,"column":73}}],"line":199},"25":{"loc":{"start":{"line":212,"column":21},"end":{"line":212,"column":40}},"type":"binary-expr","locations":[{"start":{"line":212,"column":21},"end":{"line":212,"column":29}},{"start":{"line":212,"column":33},"end":{"line":212,"column":40}}],"line":212},"26":{"loc":{"start":{"line":213,"column":6},"end":{"line":215,"column":7}},"type":"if","locations":[{"start":{"line":213,"column":6},"end":{"line":215,"column":7}},{"start":{},"end":{}}],"line":213},"27":{"loc":{"start":{"line":213,"column":10},"end":{"line":213,"column":39}},"type":"binary-expr","locations":[{"start":{"line":213,"column":10},"end":{"line":213,"column":17}},{"start":{"line":213,"column":21},"end":{"line":213,"column":39}}],"line":213},"28":{"loc":{"start":{"line":224,"column":4},"end":{"line":230,"column":5}},"type":"if","locations":[{"start":{"line":224,"column":4},"end":{"line":230,"column":5}},{"start":{},"end":{}}],"line":224},"29":{"loc":{"start":{"line":242,"column":4},"end":{"line":247,"column":5}},"type":"if","locations":[{"start":{"line":242,"column":4},"end":{"line":247,"column":5}},{"start":{},"end":{}}],"line":242},"30":{"loc":{"start":{"line":242,"column":8},"end":{"line":242,"column":41}},"type":"binary-expr","locations":[{"start":{"line":242,"column":8},"end":{"line":242,"column":18}},{"start":{"line":242,"column":22},"end":{"line":242,"column":29}},{"start":{"line":242,"column":33},"end":{"line":242,"column":41}}],"line":242},"31":{"loc":{"start":{"line":254,"column":4},"end":{"line":260,"column":5}},"type":"if","locations":[{"start":{"line":254,"column":4},"end":{"line":260,"column":5}},{"start":{},"end":{}}],"line":254},"32":{"loc":{"start":{"line":254,"column":8},"end":{"line":254,"column":58}},"type":"binary-expr","locations":[{"start":{"line":254,"column":8},"end":{"line":254,"column":24}},{"start":{"line":254,"column":28},"end":{"line":254,"column":41}},{"start":{"line":254,"column":45},"end":{"line":254,"column":58}}],"line":254},"33":{"loc":{"start":{"line":267,"column":4},"end":{"line":269,"column":5}},"type":"if","locations":[{"start":{"line":267,"column":4},"end":{"line":269,"column":5}},{"start":{},"end":{}}],"line":267},"34":{"loc":{"start":{"line":273,"column":4},"end":{"line":279,"column":5}},"type":"if","locations":[{"start":{"line":273,"column":4},"end":{"line":279,"column":5}},{"start":{},"end":{}}],"line":273},"35":{"loc":{"start":{"line":287,"column":31},"end":{"line":287,"column":47}},"type":"default-arg","locations":[{"start":{"line":287,"column":43},"end":{"line":287,"column":47}}],"line":287},"36":{"loc":{"start":{"line":294,"column":6},"end":{"line":300,"column":7}},"type":"if","locations":[{"start":{"line":294,"column":6},"end":{"line":300,"column":7}},{"start":{},"end":{}}],"line":294}},"s":{"0":0,"1":0,"2":0,"3":0,"4":0,"5":0,"6":0,"7":0,"8":0,"9":0,"10":0,"11":0,"12":0,"13":0,"14":0,"15":0,"16":0,"17":0,"18":0,"19":0,"20":0,"21":0,"22":0,"23":0,"24":0,"25":0,"26":0,"27":0,"28":0,"29":0,"30":0,"31":0,"32":0,"33":0,"34":0,"35":0,"36":0,"37":0,"38":0,"39":0,"40":0,"41":0,"42":0,"43":0,"44":0,"45":0,"46":0,"47":0,"48":0,"49":0,"50":0,"51":0,"52":0,"53":0,"54":0,"55":0,"56":0,"57":0,"58":0,"59":0,"60":0,"61":0,"62":0,"63":0,"64":0,"65":0,"66":0,"67":0,"68":0,"69":0,"70":0,"71":0,"72":0,"73":0,"74":0,"75":0,"76":0,"77":0,"78":0,"79":0,"80":0,"81":0,"82":0,"83":0,"84":0,"85":0,"86":0,"87":0,"88":0,"89":0,"90":0,"91":0,"92":0,"93":0,"94":0,"95":0,"96":0,"97":0,"98":0,"99":0,"100":0,"101":0,"102":0,"103":0,"104":0,"105":0,"106":0,"107":0,"108":0,"109":0,"110":0,"111":0,"112":0,"113":0,"114":0,"115":0,"116":0,"117":0},"f":{"0":0,"1":0,"2":0,"3":0,"4":0,"5":0,"6":0,"7":0,"8":0},"b":{"0":[0,0],"1":[0,0],"2":[0,0],"3":[0,0],"4":[0,0],"5":[0,0],"6":[0,0],"7":[0,0],"8":[0,0,0,0,0],"9":[0,0],"10":[0,0],"11":[0,0],"12":[0,0],"13":[0,0],"14":[0,0],"15":[0,0],"16":[0,0],"17":[0,0],"18":[0,0],"19":[0,0],"20":[0,0],"21":[0,0],"22":[0,0],"23":[0,0],"24":[0,0,0],"25":[0,0],"26":[0,0],"27":[0,0],"28":[0,0],"29":[0,0],"30":[0,0,0],"31":[0,0],"32":[0,0,0],"33":[0,0],"34":[0,0],"35":[0],"36":[0,0]}}
,"C:\\Users\\HP\\wyzar-ecommerce\\backend\\middleware\\verificationUploadOptimized.js": {"path":"C:\\Users\\HP\\wyzar-ecommerce\\backend\\middleware\\verificationUploadOptimized.js","statementMap":{"0":{"start":{"line":2,"column":15},"end":{"line":2,"column":32}},"1":{"start":{"line":3,"column":13},"end":{"line":3,"column":28}},"2":{"start":{"line":4,"column":61},"end":{"line":4,"column":94}},"3":{"start":{"line":7,"column":16},"end":{"line":16,"column":2}},"4":{"start":{"line":9,"column":22},"end":{"line":9,"column":52}},"5":{"start":{"line":10,"column":4},"end":{"line":10,"column":24}},"6":{"start":{"line":13,"column":21},"end":{"line":13,"column":83}},"7":{"start":{"line":14,"column":4},"end":{"line":14,"column":23}},"8":{"start":{"line":19,"column":19},"end":{"line":32,"column":1}},"9":{"start":{"line":20,"column":2},"end":{"line":22,"column":3}},"10":{"start":{"line":21,"column":4},"end":{"line":21,"column":26}},"11":{"start":{"line":24,"column":14},"end":{"line":24,"column":59}},"12":{"start":{"line":25,"column":22},"end":{"line":25,"column":55}},"13":{"start":{"line":27,"column":2},"end":{"line":29,"column":3}},"14":{"start":{"line":28,"column":4},"end":{"line":28,"column":26}},"15":{"start":{"line":31,"column":2},"end":{"line":31,"column":68}},"16":{"start":{"line":35,"column":27},"end":{"line":42,"column":33}},"17":{"start":{"line":45,"column":36},"end":{"line":66,"column":1}},"18":{"start":{"line":46,"column":2},"end":{"line":65,"column":5}},"19":{"start":{"line":47,"column":4},"end":{"line":63,"column":5}},"20":{"start":{"line":48,"column":6},"end":{"line":53,"column":7}},"21":{"start":{"line":49,"column":8},"end":{"line":52,"column":11}},"22":{"start":{"line":54,"column":6},"end":{"line":57,"column":9}},"23":{"start":{"line":58,"column":11},"end":{"line":63,"column":5}},"24":{"start":{"line":59,"column":6},"end":{"line":62,"column":9}},"25":{"start":{"line":64,"column":4},"end":{"line":64,"column":11}},"26":{"start":{"line":68,"column":0},"end":{"line":68,"column":45}}},"fnMap":{"0":{"name":"(anonymous_0)","decl":{"start":{"line":8,"column":15},"end":{"line":8,"column":16}},"loc":{"start":{"line":8,"column":34},"end":{"line":11,"column":3}},"line":8},"1":{"name":"(anonymous_1)","decl":{"start":{"line":12,"column":12},"end":{"line":12,"column":13}},"loc":{"start":{"line":12,"column":31},"end":{"line":15,"column":3}},"line":12},"2":{"name":"(anonymous_2)","decl":{"start":{"line":19,"column":19},"end":{"line":19,"column":20}},"loc":{"start":{"line":19,"column":38},"end":{"line":32,"column":1}},"line":19},"3":{"name":"(anonymous_3)","decl":{"start":{"line":45,"column":36},"end":{"line":45,"column":37}},"loc":{"start":{"line":45,"column":56},"end":{"line":66,"column":1}},"line":45},"4":{"name":"(anonymous_4)","decl":{"start":{"line":46,"column":31},"end":{"line":46,"column":32}},"loc":{"start":{"line":46,"column":40},"end":{"line":65,"column":3}},"line":46}},"branchMap":{"0":{"loc":{"start":{"line":13,"column":38},"end":{"line":13,"column":63}},"type":"binary-expr","locations":[{"start":{"line":13,"column":38},"end":{"line":13,"column":50}},{"start":{"line":13,"column":54},"end":{"line":13,"column":63}}],"line":13},"1":{"loc":{"start":{"line":20,"column":2},"end":{"line":22,"column":3}},"type":"if","locations":[{"start":{"line":20,"column":2},"end":{"line":22,"column":3}},{"start":{},"end":{}}],"line":20},"2":{"loc":{"start":{"line":27,"column":2},"end":{"line":29,"column":3}},"type":"if","locations":[{"start":{"line":27,"column":2},"end":{"line":29,"column":3}},{"start":{},"end":{}}],"line":27},"3":{"loc":{"start":{"line":47,"column":4},"end":{"line":63,"column":5}},"type":"if","locations":[{"start":{"line":47,"column":4},"end":{"line":63,"column":5}},{"start":{"line":58,"column":11},"end":{"line":63,"column":5}}],"line":47},"4":{"loc":{"start":{"line":48,"column":6},"end":{"line":53,"column":7}},"type":"if","locations":[{"start":{"line":48,"column":6},"end":{"line":53,"column":7}},{"start":{},"end":{}}],"line":48},"5":{"loc":{"start":{"line":58,"column":11},"end":{"line":63,"column":5}},"type":"if","locations":[{"start":{"line":58,"column":11},"end":{"line":63,"column":5}},{"start":{},"end":{}}],"line":58}},"s":{"0":0,"1":0,"2":0,"3":0,"4":0,"5":0,"6":0,"7":0,"8":0,"9":0,"10":0,"11":0,"12":0,"13":0,"14":0,"15":0,"16":0,"17":0,"18":0,"19":0,"20":0,"21":0,"22":0,"23":0,"24":0,"25":0,"26":0},"f":{"0":0,"1":0,"2":0,"3":0,"4":0},"b":{"0":[0,0],"1":[0,0],"2":[0,0],"3":[0,0],"4":[0,0],"5":[0,0]}}
,"C:\\Users\\HP\\wyzar-ecommerce\\backend\\routes\\admin.js": {"path":"C:\\Users\\HP\\wyzar-ecommerce\\backend\\routes\\admin.js","statementMap":{"0":{"start":{"line":4,"column":16},"end":{"line":4,"column":34}},"1":{"start":{"line":5,"column":15},"end":{"line":5,"column":31}},"2":{"start":{"line":6,"column":18},"end":{"line":6,"column":52}},"3":{"start":{"line":7,"column":15},"end":{"line":7,"column":42}},"4":{"start":{"line":16,"column":0},"end":{"line":130,"column":3}},"5":{"start":{"line":17,"column":2},"end":{"line":129,"column":3}},"6":{"start":{"line":19,"column":18},"end":{"line":19,"column":28}},"7":{"start":{"line":20,"column":4},"end":{"line":20,"column":31}},"8":{"start":{"line":22,"column":21},"end":{"line":22,"column":31}},"9":{"start":{"line":23,"column":4},"end":{"line":23,"column":45}},"10":{"start":{"line":25,"column":22},"end":{"line":25,"column":32}},"11":{"start":{"line":26,"column":4},"end":{"line":26,"column":25}},"12":{"start":{"line":27,"column":4},"end":{"line":27,"column":35}},"13":{"start":{"line":39,"column":8},"end":{"line":48,"column":6}},"14":{"start":{"line":51,"column":23},"end":{"line":54,"column":6}},"15":{"start":{"line":56,"column":25},"end":{"line":62,"column":6}},"16":{"start":{"line":64,"column":24},"end":{"line":70,"column":6}},"17":{"start":{"line":72,"column":25},"end":{"line":78,"column":6}},"18":{"start":{"line":80,"column":20},"end":{"line":85,"column":5}},"19":{"start":{"line":88,"column":28},"end":{"line":88,"column":32}},"20":{"start":{"line":89,"column":23},"end":{"line":94,"column":5}},"21":{"start":{"line":96,"column":4},"end":{"line":121,"column":7}},"22":{"start":{"line":123,"column":4},"end":{"line":123,"column":59}},"23":{"start":{"line":124,"column":4},"end":{"line":128,"column":7}},"24":{"start":{"line":135,"column":0},"end":{"line":196,"column":3}},"25":{"start":{"line":136,"column":2},"end":{"line":195,"column":3}},"26":{"start":{"line":137,"column":34},"end":{"line":137,"column":43}},"27":{"start":{"line":139,"column":19},"end":{"line":139,"column":21}},"28":{"start":{"line":140,"column":4},"end":{"line":140,"column":41}},"29":{"start":{"line":140,"column":28},"end":{"line":140,"column":41}},"30":{"start":{"line":141,"column":4},"end":{"line":141,"column":43}},"31":{"start":{"line":141,"column":29},"end":{"line":141,"column":43}},"32":{"start":{"line":142,"column":4},"end":{"line":142,"column":45}},"33":{"start":{"line":142,"column":30},"end":{"line":142,"column":45}},"34":{"start":{"line":144,"column":22},"end":{"line":144,"column":32}},"35":{"start":{"line":145,"column":4},"end":{"line":145,"column":54}},"36":{"start":{"line":146,"column":4},"end":{"line":146,"column":35}},"37":{"start":{"line":148,"column":19},"end":{"line":157,"column":6}},"38":{"start":{"line":160,"column":25},"end":{"line":160,"column":27}},"39":{"start":{"line":161,"column":4},"end":{"line":168,"column":7}},"40":{"start":{"line":162,"column":19},"end":{"line":162,"column":62}},"41":{"start":{"line":163,"column":6},"end":{"line":165,"column":7}},"42":{"start":{"line":164,"column":8},"end":{"line":164,"column":55}},"43":{"start":{"line":166,"column":6},"end":{"line":166,"column":53}},"44":{"start":{"line":167,"column":6},"end":{"line":167,"column":37}},"45":{"start":{"line":170,"column":24},"end":{"line":176,"column":49}},"46":{"start":{"line":171,"column":30},"end":{"line":175,"column":7}},"47":{"start":{"line":176,"column":22},"end":{"line":176,"column":48}},"48":{"start":{"line":178,"column":4},"end":{"line":187,"column":7}},"49":{"start":{"line":181,"column":37},"end":{"line":186,"column":7}},"50":{"start":{"line":189,"column":4},"end":{"line":189,"column":58}},"51":{"start":{"line":190,"column":4},"end":{"line":194,"column":7}},"52":{"start":{"line":201,"column":0},"end":{"line":255,"column":3}},"53":{"start":{"line":202,"column":2},"end":{"line":254,"column":3}},"54":{"start":{"line":203,"column":34},"end":{"line":203,"column":43}},"55":{"start":{"line":205,"column":19},"end":{"line":205,"column":21}},"56":{"start":{"line":206,"column":4},"end":{"line":206,"column":41}},"57":{"start":{"line":206,"column":28},"end":{"line":206,"column":41}},"58":{"start":{"line":207,"column":4},"end":{"line":207,"column":43}},"59":{"start":{"line":207,"column":29},"end":{"line":207,"column":43}},"60":{"start":{"line":209,"column":22},"end":{"line":209,"column":32}},"61":{"start":{"line":210,"column":4},"end":{"line":210,"column":54}},"62":{"start":{"line":212,"column":18},"end":{"line":221,"column":6}},"63":{"start":{"line":224,"column":23},"end":{"line":224,"column":25}},"64":{"start":{"line":225,"column":4},"end":{"line":232,"column":7}},"65":{"start":{"line":226,"column":19},"end":{"line":226,"column":61}},"66":{"start":{"line":227,"column":6},"end":{"line":229,"column":7}},"67":{"start":{"line":228,"column":8},"end":{"line":228,"column":52}},"68":{"start":{"line":230,"column":6},"end":{"line":230,"column":34}},"69":{"start":{"line":231,"column":6},"end":{"line":231,"column":55}},"70":{"start":{"line":231,"column":25},"end":{"line":231,"column":55}},"71":{"start":{"line":234,"column":21},"end":{"line":240,"column":49}},"72":{"start":{"line":235,"column":30},"end":{"line":239,"column":7}},"73":{"start":{"line":240,"column":22},"end":{"line":240,"column":48}},"74":{"start":{"line":242,"column":4},"end":{"line":246,"column":7}},"75":{"start":{"line":248,"column":4},"end":{"line":248,"column":55}},"76":{"start":{"line":249,"column":4},"end":{"line":253,"column":7}},"77":{"start":{"line":260,"column":0},"end":{"line":318,"column":3}},"78":{"start":{"line":261,"column":2},"end":{"line":317,"column":3}},"79":{"start":{"line":262,"column":31},"end":{"line":274,"column":6}},"80":{"start":{"line":277,"column":26},"end":{"line":281,"column":7}},"81":{"start":{"line":277,"column":57},"end":{"line":281,"column":5}},"82":{"start":{"line":283,"column":24},"end":{"line":303,"column":6}},"83":{"start":{"line":305,"column":4},"end":{"line":309,"column":7}},"84":{"start":{"line":311,"column":4},"end":{"line":311,"column":58}},"85":{"start":{"line":312,"column":4},"end":{"line":316,"column":7}},"86":{"start":{"line":323,"column":0},"end":{"line":398,"column":3}},"87":{"start":{"line":324,"column":2},"end":{"line":397,"column":3}},"88":{"start":{"line":325,"column":56},"end":{"line":382,"column":6}},"89":{"start":{"line":384,"column":4},"end":{"line":389,"column":7}},"90":{"start":{"line":391,"column":4},"end":{"line":391,"column":60}},"91":{"start":{"line":392,"column":4},"end":{"line":396,"column":7}},"92":{"start":{"line":400,"column":0},"end":{"line":400,"column":24}}},"fnMap":{"0":{"name":"(anonymous_0)","decl":{"start":{"line":16,"column":41},"end":{"line":16,"column":42}},"loc":{"start":{"line":16,"column":61},"end":{"line":130,"column":1}},"line":16},"1":{"name":"(anonymous_1)","decl":{"start":{"line":135,"column":40},"end":{"line":135,"column":41}},"loc":{"start":{"line":135,"column":60},"end":{"line":196,"column":1}},"line":135},"2":{"name":"(anonymous_2)","decl":{"start":{"line":161,"column":19},"end":{"line":161,"column":20}},"loc":{"start":{"line":161,"column":28},"end":{"line":168,"column":5}},"line":161},"3":{"name":"(anonymous_3)","decl":{"start":{"line":171,"column":11},"end":{"line":171,"column":12}},"loc":{"start":{"line":171,"column":30},"end":{"line":175,"column":7}},"line":171},"4":{"name":"(anonymous_4)","decl":{"start":{"line":176,"column":12},"end":{"line":176,"column":13}},"loc":{"start":{"line":176,"column":22},"end":{"line":176,"column":48}},"line":176},"5":{"name":"(anonymous_5)","decl":{"start":{"line":181,"column":28},"end":{"line":181,"column":29}},"loc":{"start":{"line":181,"column":37},"end":{"line":186,"column":7}},"line":181},"6":{"name":"(anonymous_6)","decl":{"start":{"line":201,"column":38},"end":{"line":201,"column":39}},"loc":{"start":{"line":201,"column":58},"end":{"line":255,"column":1}},"line":201},"7":{"name":"(anonymous_7)","decl":{"start":{"line":225,"column":18},"end":{"line":225,"column":19}},"loc":{"start":{"line":225,"column":26},"end":{"line":232,"column":5}},"line":225},"8":{"name":"(anonymous_8)","decl":{"start":{"line":235,"column":11},"end":{"line":235,"column":12}},"loc":{"start":{"line":235,"column":30},"end":{"line":239,"column":7}},"line":235},"9":{"name":"(anonymous_9)","decl":{"start":{"line":240,"column":12},"end":{"line":240,"column":13}},"loc":{"start":{"line":240,"column":22},"end":{"line":240,"column":48}},"line":240},"10":{"name":"(anonymous_10)","decl":{"start":{"line":260,"column":41},"end":{"line":260,"column":42}},"loc":{"start":{"line":260,"column":61},"end":{"line":318,"column":1}},"line":260},"11":{"name":"(anonymous_11)","decl":{"start":{"line":277,"column":49},"end":{"line":277,"column":50}},"loc":{"start":{"line":277,"column":57},"end":{"line":281,"column":5}},"line":277},"12":{"name":"(anonymous_12)","decl":{"start":{"line":323,"column":48},"end":{"line":323,"column":49}},"loc":{"start":{"line":323,"column":68},"end":{"line":398,"column":1}},"line":323}},"branchMap":{"0":{"loc":{"start":{"line":81,"column":20},"end":{"line":81,"column":51}},"type":"binary-expr","locations":[{"start":{"line":81,"column":20},"end":{"line":81,"column":46}},{"start":{"line":81,"column":50},"end":{"line":81,"column":51}}],"line":81},"1":{"loc":{"start":{"line":82,"column":20},"end":{"line":82,"column":53}},"type":"binary-expr","locations":[{"start":{"line":82,"column":20},"end":{"line":82,"column":48}},{"start":{"line":82,"column":52},"end":{"line":82,"column":53}}],"line":82},"2":{"loc":{"start":{"line":83,"column":19},"end":{"line":83,"column":51}},"type":"binary-expr","locations":[{"start":{"line":83,"column":19},"end":{"line":83,"column":46}},{"start":{"line":83,"column":50},"end":{"line":83,"column":51}}],"line":83},"3":{"loc":{"start":{"line":84,"column":20},"end":{"line":84,"column":53}},"type":"binary-expr","locations":[{"start":{"line":84,"column":20},"end":{"line":84,"column":48}},{"start":{"line":84,"column":52},"end":{"line":84,"column":53}}],"line":84},"4":{"loc":{"start":{"line":137,"column":12},"end":{"line":137,"column":29}},"type":"default-arg","locations":[{"start":{"line":137,"column":21},"end":{"line":137,"column":29}}],"line":137},"5":{"loc":{"start":{"line":140,"column":4},"end":{"line":140,"column":41}},"type":"if","locations":[{"start":{"line":140,"column":4},"end":{"line":140,"column":41}},{"start":{},"end":{}}],"line":140},"6":{"loc":{"start":{"line":141,"column":4},"end":{"line":141,"column":43}},"type":"if","locations":[{"start":{"line":141,"column":4},"end":{"line":141,"column":43}},{"start":{},"end":{}}],"line":141},"7":{"loc":{"start":{"line":142,"column":4},"end":{"line":142,"column":45}},"type":"if","locations":[{"start":{"line":142,"column":4},"end":{"line":142,"column":45}},{"start":{},"end":{}}],"line":142},"8":{"loc":{"start":{"line":163,"column":6},"end":{"line":165,"column":7}},"type":"if","locations":[{"start":{"line":163,"column":6},"end":{"line":165,"column":7}},{"start":{},"end":{}}],"line":163},"9":{"loc":{"start":{"line":203,"column":12},"end":{"line":203,"column":29}},"type":"default-arg","locations":[{"start":{
[...]
ne":208,"column":38},"end":{"line":227,"column":1}},"line":208},"9":{"name":"(anonymous_9)","decl":{"start":{"line":232,"column":28},"end":{"line":232,"column":29}},"loc":{"start":{"line":232,"column":59},"end":{"line":252,"column":1}},"line":232},"10":{"name":"(anonymous_10)","decl":{"start":{"line":257,"column":25},"end":{"line":257,"column":26}},"loc":{"start":{"line":257,"column":63},"end":{"line":278,"column":1}},"line":257},"11":{"name":"(anonymous_11)","decl":{"start":{"line":283,"column":24},"end":{"line":283,"column":25}},"loc":{"start":{"line":283,"column":37},"end":{"line":303,"column":1}},"line":283},"12":{"name":"(anonymous_12)","decl":{"start":{"line":308,"column":20},"end":{"line":308,"column":21}},"loc":{"start":{"line":308,"column":48},"end":{"line":318,"column":1}},"line":308},"13":{"name":"(anonymous_13)","decl":{"start":{"line":323,"column":27},"end":{"line":323,"column":28}},"loc":{"start":{"line":323,"column":51},"end":{"line":351,"column":1}},"line":323},"14":{"name":"(anonymous_14)","decl":{"start":{"line":357,"column":28},"end":{"line":357,"column":29}},"loc":{"start":{"line":357,"column":48},"end":{"line":363,"column":1}},"line":357},"15":{"name":"(anonymous_15)","decl":{"start":{"line":368,"column":28},"end":{"line":368,"column":29}},"loc":{"start":{"line":368,"column":48},"end":{"line":373,"column":1}},"line":368},"16":{"name":"(anonymous_16)","decl":{"start":{"line":378,"column":27},"end":{"line":378,"column":28}},"loc":{"start":{"line":378,"column":47},"end":{"line":410,"column":1}},"line":378}},"branchMap":{"0":{"loc":{"start":{"line":21,"column":31},"end":{"line":21,"column":43}},"type":"default-arg","locations":[{"start":{"line":21,"column":41},"end":{"line":21,"column":43}}],"line":21},"1":{"loc":{"start":{"line":22,"column":2},"end":{"line":22,"column":46}},"type":"if","locations":[{"start":{"line":22,"column":2},"end":{"line":22,"column":46}},{"start":{},"end":{}}],"line":22},"2":{"loc":{"start":{"line":25,"column":4},"end":{"line":25,"column":15}},"type":"default-arg","locations":[{"start":{"line":25,"column":11},"end":{"line":25,"column":15}}],"line":25},"3":{"loc":{"start":{"line":26,"column":4},"end":{"line":26,"column":20}},"type":"default-arg","locations":[{"start":{"line":26,"column":16},"end":{"line":26,"column":20}}],"line":26},"4":{"loc":{"start":{"line":27,"column":4},"end":{"line":27,"column":20}},"type":"default-arg","locations":[{"start":{"line":27,"column":16},"end":{"line":27,"column":20}}],"line":27},"5":{"loc":{"start":{"line":28,"column":4},"end":{"line":28,"column":23}},"type":"default-arg","locations":[{"start":{"line":28,"column":19},"end":{"line":28,"column":23}}],"line":28},"6":{"loc":{"start":{"line":34,"column":2},"end":{"line":34,"column":41}},"type":"if","locations":[{"start":{"line":34,"column":2},"end":{"line":34,"column":41}},{"start":{},"end":{}}],"line":34},"7":{"loc":{"start":{"line":37,"column":2},"end":{"line":39,"column":3}},"type":"if","locations":[{"start":{"line":37,"column":2},"end":{"line":39,"column":3}},{"start":{},"end":{}}],"line":37},"8":{"loc":{"start":{"line":42,"column":2},"end":{"line":44,"column":3}},"type":"if","locations":[{"start":{"line":42,"column":2},"end":{"line":44,"column":3}},{"start":{},"end":{}}],"line":42},"9":{"loc":{"start":{"line":42,"column":6},"end":{"line":42,"column":47}},"type":"binary-expr","locations":[{"start":{"line":42,"column":6},"end":{"line":42,"column":15}},{"start":{"line":42,"column":19},"end":{"line":42,"column":47}}],"line":42},"10":{"loc":{"start":{"line":47,"column":2},"end":{"line":50,"column":3}},"type":"if","locations":[{"start":{"line":47,"column":2},"end":{"line":50,"column":3}},{"start":{},"end":{}}],"line":47},"11":{"loc":{"start":{"line":58,"column":29},"end":{"line":58,"column":38}},"type":"default-arg","locations":[{"start":{"line":58,"column":37},"end":{"line":58,"column":38}}],"line":58},"12":{"loc":{"start":{"line":58,"column":40},"end":{"line":58,"column":52}},"type":"default-arg","locations":[{"start":{"line":58,"column":51},"end":{"line":58,"column":52}}],"line":58},"13":{"loc":{"start":{"line":58,"column":54},"end":{"line":58,"column":72}},"type":"default-arg","locations":[{"start":{"line":58,"column":70},"end":{"line":58,"column":72}}],"line":58},"14":{"loc":{"start":{"line":59,"column":2},"end":{"line":59,"column":35}},"type":"if","locations":[{"start":{"line":59,"column":2},"end":{"line":59,"column":35}},{"start":{},"end":{}}],"line":59},"15":{"loc":{"start":{"line":60,"column":2},"end":{"line":60,"column":50}},"type":"if","locations":[{"start":{"line":60,"column":2},"end":{"line":60,"column":50}},{"start":{},"end":{}}],"line":60},"16":{"loc":{"start":{"line":60,"column":6},"end":{"line":60,"column":37}},"type":"binary-expr","locations":[{"start":{"line":60,"column":6},"end":{"line":60,"column":10}},{"start":{"line":60,"column":14},"end":{"line":60,"column":37}}],"line":60},"17":{"loc":{"start":{"line":62,"column":20},"end":{"line":62,"column":48}},"type":"cond-expr","locations":[{"start":{"line":62,"column":41},"end":{"line":62,"column":43}},{"start":{"line":62,"column":46},"end":{"line":62,"column":48}}],"line":62},"18":{"loc":{"start":{"line":72,"column":4},"end":{"line":74,"column":5}},"type":"if","locations":[{"start":{"line":72,"column":4},"end":{"line":74,"column":5}},{"start":{},"end":{}}],"line":72},"19":{"loc":{"start":{"line":72,"column":8},"end":{"line":72,"column":87}},"type":"binary-expr","locations":[{"start":{"line":72,"column":8},"end":{"line":72,"column":31}},{"start":{"line":72,"column":35},"end":{"line":72,"column":60}},{"start":{"line":72,"column":64},"end":{"line":72,"column":87}}],"line":72},"20":{"loc":{"start":{"line":77,"column":4},"end":{"line":85,"column":5}},"type":"if","locations":[{"start":{"line":77,"column":4},"end":{"line":85,"column":5}},{"start":{"line":79,"column":11},"end":{"line":85,"column":5}}],"line":77},"21":{"loc":{"start":{"line":79,"column":11},"end":{"line":85,"column":5}},"type":"if","locations":[{"start":{"line":79,"column":11},"end":{"line":85,"column":5}},{"start":{"line":81,"column":11},"end":{"line":85,"column":5}}],"line":79},"22":{"loc":{"start":{"line":81,"column":11},"end":{"line":85,"column":5}},"type":"if","locations":[{"start":{"line":81,"column":11},"end":{"line":85,"column":5}},{"start":{"line":83,"column":11},"end":{"line":85,"column":5}}],"line":81},"23":{"loc":{"start":{"line":81,"column":15},"end":{"line":81,"column":58}},"type":"binary-expr","locations":[{"start":{"line":81,"column":15},"end":{"line":81,"column":40}},{"start":{"line":81,"column":44},"end":{"line":81,"column":58}}],"line":81},"24":{"loc":{"start":{"line":95,"column":2},"end":{"line":97,"column":3}},"type":"if","locations":[{"start":{"line":95,"column":2},"end":{"line":97,"column":3}},{"start":{},"end":{}}],"line":95},"25":{"loc":{"start":{"line":95,"column":6},"end":{"line":95,"column":41}},"type":"binary-expr","locations":[{"start":{"line":95,"column":6},"end":{"line":95,"column":12}},{"start":{"line":95,"column":16},"end":{"line":95,"column":41}}],"line":95},"26":{"loc":{"start":{"line":101,"column":2},"end":{"line":103,"column":3}},"type":"if","locations":[{"start":{"line":101,"column":2},"end":{"line":103,"column":3}},{"start":{},"end":{}}],"line":101},"27":{"loc":{"start":{"line":106,"column":2},"end":{"line":108,"column":3}},"type":"if","locations":[{"start":{"line":106,"column":2},"end":{"line":108,"column":3}},{"start":{},"end":{}}],"line":106},"28":{"loc":{"start":{"line":117,"column":2},"end":{"line":119,"column":3}},"type":"if","locations":[{"start":{"line":117,"column":2},"end":{"line":119,"column":3}},{"start":{},"end":{}}],"line":117},"29":{"loc":{"start":{"line":117,"column":6},"end":{"line":117,"column":41}},"type":"binary-expr","locations":[{"start":{"line":117,"column":6},"end":{"line":117,"column":12}},{"start":{"line":117,"column":16},"end":{"line":117,"column":41}}],"line":117},"30":{"loc":{"start":{"line":133,"column":2},"end":{"line":138,"column":3}},"type":"if","locations":[{"start":{"line":133,"column":2},"end":{"line":138,"column":3}},{"start":{},"end":{}}],"line":133},"31":{"loc":{"start":{"line":149,"column":2},"end":{"line":151,"column":3}},"type":"if","locations":[{"start":{"line":149,"column":2},"end":{"line":151,"column":3}},{"start":{},"end":{}}],"line":149},"32":{"loc":{"start":{"line":153,"column":2},"end":{"line":155,"column":3}},"type":"if","locations":[{"start":{"line":153,"column":2},"end":{"line":155,"column":3}},{"start":{},"end":{}}],"line":153},"33":{"loc":{"start":{"line":157,"column":2},"end":{"line":159,"column":3}},"type":"if","locations":[{"start":{"line":157,"column":2},"end":{"line":159,"column":3}},{"start":{},"end":{}}],"line":157},"34":{"loc":{"start":{"line":171,"column":2},"end":{"line":173,"column":3}},"type":"if","locations":[{"start":{"line":171,"column":2},"end":{"line":173,"column":3}},{"start":{},"end":{}}],"line":171},"35":{"loc":{"start":{"line":175,"column":2},"end":{"line":177,"column":3}},"type":"if","locations":[{"start":{"line":175,"column":2},"end":{"line":177,"column":3}},{"start":{},"end":{}}],"line":175},"36":{"loc":{"start":{"line":179,"column":2},"end":{"line":181,"column":3}},"type":"if","locations":[{"start":{"line":179,"column":2},"end":{"line":181,"column":3}},{"start":{},"end":{}}],"line":179},"37":{"loc":{"start":{"line":189,"column":30},"end":{"line":189,"column":46}},"type":"default-arg","locations":[{"start":{"line":189,"column":42},"end":{"line":189,"column":46}}],"line":189},"38":{"loc":{"start":{"line":190,"column":2},"end":{"line":192,"column":3}},"type":"if","locations":[{"start":{"line":190,"column":2},"end":{"line":192,"column":3}},{"start":{},"end":{}}],"line":190},"39":{"loc":{"start":{"line":198,"column":2},"end":{"line":200,"column":3}},"type":"if","locations":[{"start":{"line":198,"column":2},"end":{"line":200,"column":3}},{"start":{},"end":{}}],"line":198},"40":{"loc":{"start":{"line":209,"column":2},"end":{"line":211,"column":3}},"type":"if","locations":[{"start":{"line":209,"column":2},"end":{"line":211,"column":3}},{"start":{},"end":{}}],"line":209},"41":{"loc":{"start":{"line":209,"column":6},"end":{"line":209,"column":39}},"type":"binary-expr","locations":[{"start":{"line":209,"column":6},"end":{"line":209,"column":11}},{"start":{"line":209,"column":15},"end":{"line":209,"column":39}}],"line":209},"42":{"loc":{"start":{"line":218,"column":2},"end":{"line":220,"column":3}},"type":"if","locations":[{"start":{"line":218,"column":2},"end":{"line":220,"column":3}},{"start":{},"end":{}}],"line":218},"43":{"loc":{"start":{"line":222,"column":2},"end":{"line":224,"column":3}},"type":"if","locations":[{"start":{"line":222,"column":2},"end":{"line":224,"column":3}},{"start":{},"end":{}}],"line":222},"44":{"loc":{"start":{"line":232,"column":42},"end":{"line":232,"column":54}},"type":"default-arg","locations":[{"start":{"line":232,"column":52},"end":{"line":232,"column":54}}],"line":232},"45":{"loc":{"start":{"line":233,"column":10},"end":{"line":233,"column":24}},"type":"default-arg","locations":[{"start":{"line":233,"column":22},"end":{"line":233,"column":24}}],"line":233},"46":{"loc":{"start":{"line":233,"column":26},"end":{"line":233,"column":42}},"type":"default-arg","locations":[{"start":{"line":233,"column":38},"end":{"line":233,"column":42}}],"line":233},"47":{"loc":{"start":{"line":235,"column":2},"end":{"line":237,"column":3}},"type":"if","locations":[{"start":{"line":235,"column":2},"end":{"line":237,"column":3}},{"start":{},"end":{}}],"line":235},"48":{"loc":{"start":{"line":235,"column":6},"end":{"line":235,"column":53}},"type":"binary-expr","locations":[{"start":{"line":235,"column":6},"end":{"line":235,"column":18}},{"start":{"line":235,"column":22},"end":{"line":235,"column":53}}],"line":235},"49":{"loc":{"start":{"line":244,"column":2},"end":{"line":249,"column":3}},"type":"if","locations":[{"start":{"line":244,"column":2},"end":{"line":249,"column":3}},{"start":{},"end":{}}],"line":244},"50":{"loc":{"start":{"line":257,"column":36},"end":{"line":257,"column":58}},"type":"default-arg","locations":[{"start":{"line":257,"column":56},"end":{"line":257,"column":58}}],"line":257},"51":{"loc":{"start":{"line":258,"column":2},"end":{"line":260,"column":3}},"type":"if","locations":[{"start":{"line":258,"column":2},"end":{"line":260,"column":3}},{"start":{},"end":{}}],"line":258},"52":{"loc":{"start":{"line":258,"column":6},"end":{"line":258,"column":47}},"type":"binary-expr","locations":[{"start":{"line":258,"column":6},"end":{"line":258,"column":15}},{"start":{"line":258,"column":19},"end":{"line":258,"column":47}}],"line":258},"53":{"loc":{"start":{"line":268,"column":2},"end":{"line":275,"column":3}},"type":"if","locations":[{"start":{"line":268,"column":2},"end":{"line":275,"column":3}},{"start":{},"end":{}}],"line":268},"54":{"loc":{"start":{"line":269,"column":4},"end":{"line":274,"column":5}},"type":"if","locations":[{"start":{"line":269,"column":4},"end":{"line":274,"column":5}},{"start":{},"end":{}}],"line":269},"55":{"loc":{"start":{"line":288,"column":4},"end":{"line":290,"column":5}},"type":"if","locations":[{"start":{"line":288,"column":4},"end":{"line":290,"column":5}},{"start":{},"end":{}}],"line":288},"56":{"loc":{"start":{"line":293,"column":2},"end":{"line":295,"column":3}},"type":"if","locations":[{"start":{"line":293,"column":2},"end":{"line":295,"column":3}},{"start":{},"end":{}}],"line":293},"57":{"loc":{"start":{"line":308,"column":26},"end":{"line":308,"column":43}},"type":"default-arg","locations":[{"start":{"line":308,"column":38},"end":{"line":308,"column":43}}],"line":308},"58":{"loc":{"start":{"line":309,"column":2},"end":{"line":311,"column":3}},"type":"if","locations":[{"start":{"line":309,"column":2},"end":{"line":311,"column":3}},{"start":{},"end":{}}],"line":309},"59":{"loc":{"start":{"line":309,"column":6},"end":{"line":309,"column":37}},"type":"binary-expr","locations":[{"start":{"line":309,"column":6},"end":{"line":309,"column":10}},{"start":{"line":309,"column":14},"end":{"line":309,"column":37}}],"line":309},"60":{"loc":{"start":{"line":313,"column":2},"end":{"line":315,"column":3}},"type":"if","locations":[{"start":{"line":313,"column":2},"end":{"line":315,"column":3}},{"start":{},"end":{}}],"line":313},"61":{"loc":{"start":{"line":323,"column":34},"end":{"line":323,"column":46}},"type":"default-arg","locations":[{"start":{"line":323,"column":44},"end":{"line":323,"column":46}}],"line":323},"62":{"loc":{"start":{"line":325,"column":4},"end":{"line":325,"column":29}},"type":"default-arg","locations":[{"start":{"line":325,"column":14},"end":{"line":325,"column":29}}],"line":325},"63":{"loc":{"start":{"line":326,"column":4},"end":{"line":326,"column":72}},"type":"default-arg","locations":[{"start":{"line":326,"column":19},"end":{"line":326,"column":72}}],"line":326},"64":{"loc":{"start":{"line":327,"column":4},"end":{"line":327,"column":22}},"type":"default-arg","locations":[{"start":{"line":327,"column":16},"end":{"line":327,"column":22}}],"line":327},"65":{"loc":{"start":{"line":330,"column":2},"end":{"line":332,"column":3}},"type":"if","locations":[{"start":{"line":330,"column":2},"end":{"line":332,"column":3}},{"start":{},"end":{}}],"line":330},"66":{"loc":{"start":{"line":335,"column":2},"end":{"line":340,"column":3}},"type":"if","locations":[{"start":{"line":335,"column":2},"end":{"line":340,"column":3}},{"start":{},"end":{}}],"line":335},"67":{"loc":{"start":{"line":343,"column":2},"end":{"line":348,"column":3}},"type":"if","locations":[{"start":{"line":343,"column":2},"end":{"line":348,"column":3}},{"start":{},"end":{}}],"line":343},"68":{"loc":{"start":{"line":358,"column":2},"end":{"line":361,"column":3}},"type":"if","locations":[{"start":{"line":358,"column":2},"end":{"line":361,"column":3}},{"start":{},"end":{}}],"line":358},"69":{"loc":{"start":{"line":358,"column":6},"end":{"line":358,"column":46}},"type":"binary-expr","locations":[{"start":{"line":358,"column":6},"end":{"line":358,"column":14}},{"start":{"line":358,"column":18},"end":{"line":358,"column":46}}],"line":358},"70":{"loc":{"start":{"line":369,"column":2},"end":{"line":371,"column":3}},"type":"if","locations":[{"start":{"line":369,"column":2},"end":{"line":371,"column":3}},{"start":{},"end":{}}],"line":369},"71":{"loc":{"start":{"line":369,"column":6},"end":{"line":369,"column":48}},"type":"binary-expr","locations":[{"start":{"line":369,"column":6},"end":{"line":369,"column":15}},{"start":{"line":369,"column":19},"end":{"line":369,"column":48}}],"line":369},"72":{"loc":{"start":{"line":380,"column":4},"end":{"line":389,"column":5}},"type":"if","locations":[{"start":{"line":380,"column":4},"end":{"line":389,"column":5}},{"start":{},"end":{}}],"line":380},"73":{"loc":{"start":{"line":382,"column":6},"end":{"line":387,"column":7}},"type":"if","locations":[{"start":{"line":382,"column":6},"end":{"line":387,"column":7}},{"start":{},"end":{}}],"line":382},"74":{"loc":{"start":{"line":382,"column":10},"end":{"line":382,"column":33}},"type":"binary-expr","locations":[{"start":{"line":382,"column":10},"end":{"line":382,"column":21}},{"start":{"line":382,"column":25},"end":{"line":382,"column":33}}],"line":382},"75":{"loc":{"start":{"line":391,"column":4},"end":{"line":400,"column":5}},"type":"if","locations":[{"start":{"line":391,"column":4},"end":{"line":400,"column":5}},{"start":{},"end":{}}],"line":391},"76":{"loc":{"start":{"line":393,"column":6},"end":{"line":398,"column":7}},"type":"if","locations":[{"start":{"line":393,"column":6},"end":{"line":398,"column":7}},{"start":{},"end":{}}],"line":393},"77":{"loc":{"start":{"line":393,"column":10},"end":{"line":393,"column":50}},"type":"binary-expr","locations":[{"start":{"line":393,"column":10},"end":{"line":393,"column":22}},{"start":{"line":393,"column":26},"end":{"line":393,"column":35}},{"start":{"line":393,"column":39},"end":{"line":393,"column":50}}],"line":393}},"s":{"0":0,"1":0,"2":0,"3":0,"4":0,"5":0,"6":0,"7":0,"8":0,"9":0,"10":0,"11":0,"12":0,"13":0,"14":0,"15":0,"16":0,"17":0,"18":0,"19":0,"20":0,"21":0,"22":0,"23":0,"24":0,"25":0,"26":0,"27":0,"28":0,"29":0,"30":0,"31":0,"32":0,"33":0,"34":0,"35":0,"36":0,"37":0,"38":0,"39":0,"40":0,"41":0,"42":0,"43":0,"44":0,"45":0,"46":0,"47":0,"48":0,"49":0,"50":0,"51":0,"52":0,"53":0,"54":0,"55":0,"56":0,"57":0,"58":0,"59":0,"60":0,"61":0,"62":0,"63":0,"64":0,"65":0,"66":0,"67":0,"68":0,"69":0,"70":0,"71":0,"72":0,"73":0,"74":0,"75":0,"76":0,"77":0,"78":0,"79":0,"80":0,"81":0,"82":0,"83":0,"84":0,"85":0,"86":0,"87":0,"88":0,"89":0,"90":0,"91":0,"92":0,"93":0,"94":0,"95":0,"96":0,"97":0,"98":0,"99":0,"100":0,"101":0,"102":0,"103":0,"104":0,"105":0,"106":0,"107":0,"108":0,"109":0,"110":0,"111":0,"112":0,"113":0,"114":0,"115":0,"116":0,"117":0,"118":0,"119":0,"120":0,"121":0,"122":0,"123":0,"124":0,"125":0,"126":0,"127":0,"128":0,"129":0,"130":0,"131":0,"132":0,"133":0,"134":0,"135":0,"136":0,"137":0,"138":0,"139":0,"140":0,"141":0,"142":0,"143":0,"144":0,"145":0,"146":0,"147":0,"148":0,"149":0,"150":0,"151":0,"152":0},"f":{"0":0,"1":0,"2":0,"3":0,"4":0,"5":0,"6":0,"7":0,"8":0,"9":0,"10":0,"11":0,"12":0,"13":0,"14":0,"15":0,"16":0},"b":{"0":[0],"1":[0,0],"2":[0],"3":[0],"4":[0],"5":[0],"6":[0,0],"7":[0,0],"8":[0,0],"9":[0,0],"10":[0,0],"11":[0],"12":[0],"13":[0],"14":[0,0],"15":[0,0],"16":[0,0],"17":[0,0],"18":[0,0],"19":[0,0,0],"20":[0,0],"21":[0,0],"22":[0,0],"23":[0,0],"24":[0,0],"25":[0,0],"26":[0,0],"27":[0,0],"28":[0,0],"29":[0,0],"30":[0,0],"31":[0,0],"32":[0,0],"33":[0,0],"34":[0,0],"35":[0,0],"36":[0,0],"37":[0],"38":[0,0],"39":[0,0],"40":[0,0],"41":[0,0],"42":[0,0],"43":[0,0],"44":[0],"45":[0],"46":[0],"47":[0,0],"48":[0,0],"49":[0,0],"50":[0],"51":[0,0],"52":[0,0],"53":[0,0],"54":[0,0],"55":[0,0],"56":[0,0],"57":[0],"58":[0,0],"59":[0,0],"60":[0,0],"61":[0],"62":[0],"63":[0],"64":[0],"65":[0,0],"66":[0,0],"67":[0,0],"68":[0,0],"69":[0,0],"70":[0,0],"71":[0,0],"72":[0,0],"73":[0,0],"74":[0,0],"75":[0,0],"76":[0,0],"77":[0,0,0]}}
}
