TN:
SF:middleware\adminAuth.js
FN:11,adminAuth
FNF:1
FNH:0
FNDA:0,adminAuth
DA:3,0
DA:4,0
DA:12,0
DA:14,0
DA:17,0
DA:18,0
DA:22,0
DA:25,0
DA:27,0
DA:28,0
DA:32,0
DA:33,0
DA:37,0
DA:38,0
DA:42,0
DA:48,0
DA:50,0
DA:51,0
DA:55,0
LF:19
LH:0
BRDA:17,0,0,0
BRDA:17,0,1,0
BRDA:27,1,0,0
BRDA:27,1,1,0
BRDA:32,2,0,0
BRDA:32,2,1,0
BRDA:37,3,0,0
BRDA:37,3,1,0
BRF:8
BRH:0
end_of_record
TN:
SF:middleware\auditLog.js
FN:19,(anonymous_0)
FN:41,(anonymous_1)
FN:45,(anonymous_2)
FN:67,(anonymous_3)
FN:80,(anonymous_4)
FN:93,(anonymous_5)
FN:112,(anonymous_6)
FN:126,(anonymous_7)
FN:140,(anonymous_8)
FN:152,(anonymous_9)
FN:167,(anonymous_10)
FN:173,(anonymous_11)
FN:185,(anonymous_12)
FN:201,(anonymous_13)
FN:204,(anonymous_14)
FN:206,(anonymous_15)
FN:208,(anonymous_16)
FN:210,(anonymous_17)
FN:228,(anonymous_18)
FNF:19
FNH:0
FNDA:0,(anonymous_0)
FNDA:0,(anonymous_1)
FNDA:0,(anonymous_2)
FNDA:0,(anonymous_3)
FNDA:0,(anonymous_4)
FNDA:0,(anonymous_5)
FNDA:0,(anonymous_6)
FNDA:0,(anonymous_7)
FNDA:0,(anonymous_8)
FNDA:0,(anonymous_9)
FNDA:0,(anonymous_10)
FNDA:0,(anonymous_11)
FNDA:0,(anonymous_12)
FNDA:0,(anonymous_13)
FNDA:0,(anonymous_14)
FNDA:0,(anonymous_15)
FNDA:0,(anonymous_16)
FNDA:0,(anonymous_17)
FNDA:0,(anonymous_18)
DA:2,0
DA:3,0
DA:11,0
DA:12,0
DA:13,0
DA:19,0
DA:20,0
DA:21,0
DA:26,0
DA:29,0
DA:30,0
DA:33,0
DA:34,0
DA:41,0
DA:43,0
DA:45,0
DA:46,0
DA:48,0
DA:58,0
DA:61,0
DA:67,0
DA:68,0
DA:80,0
DA:81,0
DA:93,0
DA:95,0
DA:96,0
DA:106,0
DA:112,0
DA:113,0
DA:126,0
DA:127,0
DA:140,0
DA:141,0
DA:152,0
DA:153,0
DA:167,0
DA:168,0
DA:170,0
DA:171,0
DA:173,0
DA:174,0
DA:175,0
DA:179,0
DA:185,0
DA:186,0
DA:187,0
DA:195,0
DA:201,0
DA:203,0
DA:204,0
DA:206,0
DA:207,0
DA:208,0
DA:210,0
DA:211,0
DA:212,0
DA:215,0
DA:216,0
DA:219,0
DA:221,0
DA:228,0
DA:231,0
LF:63
LH:0
BRDA:12,0,0,0
BRDA:12,0,1,0
BRDA:33,1,0,0
BRDA:33,1,1,0
BRDA:46,2,0,0
BRDA:46,2,1,0
BRDA:51,3,0,0
BRDA:51,3,1,0
BRDA:51,3,2,0
BRDA:52,4,0,0
BRDA:52,4,1,0
BRDA:72,5,0,0
BRDA:72,5,1,0
BRDA:85,6,0,0
BRDA:85,6,1,0
BRDA:95,7,0,0
BRDA:95,7,1,0
BRDA:95,8,0,0
BRDA:95,8,1,0
BRDA:101,9,0,0
BRDA:101,9,1,0
BRDA:118,10,0,0
BRDA:118,10,1,0
BRDA:119,11,0,0
BRDA:119,11,1,0
BRDA:129,12,0,0
BRDA:129,12,1,0
BRDA:131,13,0,0
BRDA:131,13,1,0
BRDA:133,14,0,0
BRDA:133,14,1,0
BRDA:143,15,0,0
BRDA:143,15,1,0
BRDA:157,16,0,0
BRDA:157,16,1,0
BRDA:168,17,0,0
BRDA:168,17,1,0
BRDA:168,18,0,0
BRDA:168,18,1,0
BRDA:174,19,0,0
BRDA:174,19,1,0
BRDA:186,20,0,0
BRDA:186,20,1,0
BRDA:192,21,0,0
BRDA:192,21,1,0
BRDA:215,22,0,0
BRDA:215,22,1,0
BRDA:215,23,0,0
BRDA:215,23,1,0
BRDA:216,24,0,0
BRDA:216,24,1,0
BRDA:216,25,0,0
BRDA:216,25,1,0
BRDA:219,26,0,0
BRDA:219,26,1,0
BRDA:219,27,0,0
BRDA:219,27,1,0
BRF:57
BRH:0
end_of_record
TN:
SF:middleware\auth.js
FN:5,auth
FNF:1
FNH:0
FNDA:0,auth
DA:3,0
DA:7,0
DA:10,0
DA:12,0
DA:16,0
DA:17,0
DA:20,0
DA:21,0
DA:23,0
DA:27,0
LF:10
LH:0
BRDA:10,0,0,0
BRDA:10,0,1,0
BRF:2
BRH:0
end_of_record
TN:
SF:middleware\csrfProtection.js
FN:16,attachCsrfToken
FN:49,validateCsrf
FN:98,csrfProtection
FN:100,(anonymous_3)
FNF:4
FNH:4
FNDA:9,attachCsrfToken
FNDA:7,validateCsrf
FNDA:2,csrfProtection
FNDA:2,(anonymous_3)
DA:10,1
DA:17,9
DA:19,9
DA:22,9
DA:25,9
DA:28,9
DA:35,9
DA:37,0
DA:38,0
DA:51,7
DA:52,1
DA:55,6
DA:57,6
DA:61,6
DA:62,2
DA:69,4
DA:72,4
DA:74,4
DA:75,1
DA:84,3
DA:86,0
DA:87,0
DA:100,2
DA:101,2
DA:104,2
DA:108,1
LF:26
LH:22
BRDA:19,0,0,9
BRDA:19,0,1,0
BRDA:19,0,2,0
BRDA:51,1,0,1
BRDA:51,1,1,6
BRDA:57,2,0,6
BRDA:57,2,1,3
BRDA:57,2,2,3
BRDA:61,3,0,2
BRDA:61,3,1,4
BRDA:69,4,0,4
BRDA:69,4,1,0
BRDA:69,4,2,0
BRDA:74,5,0,1
BRDA:74,5,1,3
BRDA:101,6,0,0
BRDA:101,6,1,2
BRF:17
BRH:12
end_of_record
TN:
SF:middleware\csvUpload.js
FN:9,(anonymous_0)
FN:14,checkFileType
FNF:2
FNH:0
FNDA:0,(anonymous_0)
FNDA:0,checkFileType
DA:1,0
DA:2,0
DA:4,0
DA:6,0
DA:10,0
DA:15,0
DA:16,0
DA:17,0
DA:19,0
DA:20,0
DA:22,0
DA:26,0
LF:12
LH:0
BRDA:19,0,0,0
BRDA:19,0,1,0
BRDA:19,1,0,0
BRDA:19,1,1,0
BRF:4
BRH:0
end_of_record
TN:
SF:middleware\errorMiddleware.js
FN:16,errorHandler
FN:43,notFoundHandler
FN:51,asyncHandler
FN:52,(anonymous_3)
FNF:4
FNH:4
FNDA:4,errorHandler
FNDA:1,notFoundHandler
FNDA:2,asyncHandler
FNDA:2,(anonymous_3)
DA:11,1
DA:17,4
DA:18,4
DA:20,4
DA:21,4
DA:23,4
DA:32,4
DA:33,2
DA:34,2
DA:37,4
DA:44,1
DA:45,1
DA:52,2
DA:53,2
DA:57,1
LF:15
LH:15
BRDA:17,0,0,4
BRDA:17,0,1,0
BRDA:32,1,0,2
BRDA:32,1,1,2
BRF:4
BRH:3
end_of_record
TN:
SF:middleware\productUpload.js
FN:14,(anonymous_0)
FN:17,(anonymous_1)
FN:26,(anonymous_2)
FNF:3
FNH:0
FNDA:0,(anonymous_0)
FNDA:0,(anonymous_1)
FNDA:0,(anonymous_2)
DA:2,0
DA:3,0
DA:4,0
DA:7,0
DA:10,0
DA:13,0
DA:15,0
DA:19,0
DA:20,0
DA:21,0
DA:26,0
DA:27,0
DA:28,0
DA:29,0
DA:31,0
DA:32,0
DA:34,0
DA:41,0
DA:47,0
LF:19
LH:0
BRDA:31,0,0,0
BRDA:31,0,1,0
BRDA:31,1,0,0
BRDA:31,1,1,0
BRF:4
BRH:0
end_of_record
TN:
SF:middleware\upload.js
FN:8,(anonymous_0)
FN:12,(anonymous_1)
FN:22,(anonymous_2)
FNF:3
FNH:0
FNDA:0,(anonymous_0)
FNDA:0,(anonymous_1)
FNDA:0,(anonymous_2)
DA:2,0
DA:3,0
DA:7,0
DA:10,0
DA:15,0
DA:16,0
DA:22,0
DA:23,0
DA:24,0
DA:25,0
DA:27,0
DA:28,0
DA:30,0
DA:36,0
DA:42,0
LF:15
LH:0
BRDA:27,0,0,0
BRDA:27,0,1,0
BRDA:27,1,0,0
BRDA:27,1,1,0
BRF:4
BRH:0
end_of_record
TN:
SF:middleware\validateInput.js
FN:17,(anonymous_0)
FN:49,(anonymous_1)
FN:88,(anonymous_2)
FN:134,(anonymous_3)
FN:156,(anonymous_4)
FN:182,(anonymous_5)
FNF:6
FNH:0
FNDA:0,(anonymous_0)
FNDA:0,(anonymous_1)
FNDA:0,(anonymous_2)
FNDA:0,(anonymous_3)
FNDA:0,(anonymous_4)
FNDA:0,(anonymous_5)
DA:12,0
DA:17,0
DA:18,0
DA:19,0
DA:22,0
DA:23,0
DA:27,0
DA:28,0
DA:33,0
DA:35,0
DA:36,0
DA:42,0
DA:49,0
DA:50,0
DA:51,0
DA:53,0
DA:54,0
DA:61,0
DA:62,0
DA:63,0
DA:64,0
DA:66,0
DA:72,0
DA:74,0
DA:75,0
DA:81,0
DA:88,0
DA:89,0
DA:90,0
DA:93,0
DA:94,0
DA:101,0
DA:102,0
DA:103,0
DA:104,0
DA:105,0
DA:108,0
DA:109,0
DA:111,0
DA:112,0
DA:114,0
DA:115,0
DA:118,0
DA:120,0
DA:121,0
DA:127,0
DA:134,0
DA:135,0
DA:136,0
DA:138,0
DA:139,0
DA:145,0
DA:146,0
DA:153,0
DA:156,0
DA:157,0
DA:158,0
DA:160,0
DA:166,0
DA:168,0
DA:169,0
DA:175,0
DA:182,0
DA:183,0
DA:184,0
DA:186,0
DA:187,0
DA:194,0
DA:197,0
DA:198,0
DA:199,0
DA:205,0
DA:208,0
DA:211,0
DA:212,0
DA:215,0
DA:217,0
DA:218,0
DA:224,0
DA:228,0
LF:80
LH:0
BRDA:22,0,0,0
BRDA:22,0,1,0
BRDA:27,1,0,0
BRDA:27,1,1,0
BRDA:35,2,0,0
BRDA:35,2,1,0
BRDA:53,3,0,0
BRDA:53,3,1,0
BRDA:61,4,0,0
BRDA:61,4,1,0
BRDA:63,5,0,0
BRDA:63,5,1,0
BRDA:74,6,0,0
BRDA:74,6,1,0
BRDA:93,7,0,0
BRDA:93,7,1,0
BRDA:93,8,0,0
BRDA:93,8,1,0
BRDA:93,8,2,0
BRDA:93,8,3,0
BRDA:93,8,4,0
BRDA:108,9,0,0
BRDA:108,9,1,0
BRDA:111,10,0,0
BRDA:111,10,1,0
BRDA:114,11,0,0
BRDA:114,11,1,0
BRDA:120,12,0,0
BRDA:120,12,1,0
BRDA:138,13,0,0
BRDA:138,13,1,0
BRDA:145,14,0,0
BRDA:145,14,1,0
BRDA:145,15,0,0
BRDA:145,15,1,0
BRDA:145,15,2,0
BRDA:157,16,0,0
BRDA:157,16,1,0
BRDA:157,17,0,0
BRDA:157,17,1,0
BRDA:168,18,0,0
BRDA:168,18,1,0
BRDA:186,19,0,0
BRDA:186,19,1,0
BRDA:186,20,0,0
BRDA:186,20,1,0
BRDA:186,20,2,0
BRDA:198,21,0,0
BRDA:198,21,1,0
BRDA:198,22,0,0
BRDA:198,22,1,0
BRDA:198,22,2,0
BRDA:211,23,0,0
BRDA:211,23,1,0
BRDA:217,24,0,0
BRDA:217,24,1,0
BRF:56
BRH:0
end_of_record
TN:
SF:routes\admin.js
FN:18,(anonymous_0)
FN:133,(anonymous_1)
FN:168,(anonymous_2)
FN:188,(anonymous_3)
FN:238,(anonymous_4)
FN:275,(anonymous_5)
FNF:6
FNH:0
FNDA:0,(anonymous_0)
FNDA:0,(anonymous_1)
FNDA:0,(anonymous_2)
FNDA:0,(anonymous_3)
FNDA:0,(anonymous_4)
FNDA:0,(anonymous_5)
DA:4,0
DA:5,0
DA:6,0
DA:7,0
DA:8,0
DA:9,0
DA:18,0
DA:19,0
DA:21,0
DA:22,0
DA:24,0
DA:25,0
DA:27,0
DA:28,0
DA:29,0
DA:41,0
DA:53,0
DA:78,0
DA:86,0
DA:87,0
DA:94,0
DA:121,0
DA:122,0
DA:133,0
DA:134,0
DA:135,0
DA:137,0
DA:138,0
DA:139,0
DA:140,0
DA:142,0
DA:143,0
DA:144,0
DA:146,0
DA:165,0
DA:168,0
DA:176,0
DA:177,0
DA:188,0
DA:189,0
DA:190,0
DA:192,0
DA:193,0
DA:194,0
DA:196,0
DA:197,0
DA:199,0
DA:220,0
DA:226,0
DA:227,0
DA:238,0
DA:239,0
DA:240,0
DA:251,0
DA:257,0
DA:263,0
DA:264,0
DA:275,0
DA:276,0
DA:277,0
DA:296,0
DA:303,0
DA:304,0
DA:312,0
LF:64
LH:0
BRDA:78,0,0,0
BRDA:78,0,1,0
BRDA:135,1,0,0
BRDA:138,2,0,0
BRDA:138,2,1,0
BRDA:139,3,0,0
BRDA:139,3,1,0
BRDA:140,4,0,0
BRDA:140,4,1,0
BRDA:190,5,0,0
BRDA:193,6,0,0
BRDA:193,6,1,0
BRDA:194,7,0,0
BRDA:194,7,1,0
BRF:14
BRH:0
end_of_record
TN:
SF:routes\adminAccessControl.js
FN:17,(anonymous_0)
FN:41,(anonymous_1)
FN:113,(anonymous_2)
FN:171,(anonymous_3)
FN:228,(anonymous_4)
FN:275,(anonymous_5)
FNF:6
FNH:0
FNDA:0,(anonymous_0)
FNDA:0,(anonymous_1)
FNDA:0,(anonymous_2)
FNDA:0,(anonymous_3)
FNDA:0,(anonymous_4)
FNDA:0,(anonymous_5)
DA:4,0
DA:5,0
DA:6,0
DA:7,0
DA:8,0
DA:17,0
DA:18,0
DA:19,0
DA:23,0
DA:29,0
DA:30,0
DA:41,0
DA:42,0
DA:43,0
DA:46,0
DA:47,0
DA:53,0
DA:54,0
DA:60,0
DA:61,0
DA:68,0
DA:69,0
DA:70,0
DA:77,0
DA:78,0
DA:81,0
DA:90,0
DA:93,0
DA:95,0
DA:101,0
DA:102,0
DA:113,0
DA:114,0
DA:115,0
DA:117,0
DA:118,0
DA:124,0
DA:126,0
DA:127,0
DA:134,0
DA:135,0
DA:141,0
DA:144,0
DA:145,0
DA:146,0
DA:149,0
DA:151,0
DA:153,0
DA:159,0
DA:160,0
DA:171,0
DA:172,0
DA:173,0
DA:175,0
DA:176,0
DA:182,0
DA:183,0
DA:189,0
DA:190,0
DA:196,0
DA:198,0
DA:199,0
DA:206,0
DA:207,0
DA:209,0
DA:211,0
DA:216,0
DA:217,0
DA:228,0
DA:229,0
DA:230,0
DA:232,0
DA:233,0
DA:240,0
DA:241,0
DA:247,0
DA:248,0
DA:255,0
DA:256,0
DA:258,0
DA:263,0
DA:264,0
DA:275,0
DA:276,0
DA:277,0
DA:283,0
DA:293,0
DA:294,0
DA:302,0
LF:89
LH:0
BRDA:46,0,0,0
BRDA:46,0,1,0
BRDA:46,1,0,0
BRDA:46,1,1,0
BRDA:46,1,2,0
BRDA:53,2,0,0
BRDA:53,2,1,0
BRDA:60,3,0,0
BRDA:60,3,1,0
BRDA:69,4,0,0
BRDA:69,4,1,0
BRDA:117,5,0,0
BRDA:117,5,1,0
BRDA:126,6,0,0
BRDA:126,6,1,0
BRDA:134,7,0,0
BRDA:134,7,1,0
BRDA:144,8,0,0
BRDA:144,8,1,0
BRDA:175,9,0,0
BRDA:175,9,1,0
BRDA:175,10,0,0
BRDA:175,10,1,0
BRDA:182,11,0,0
BRDA:182,11,1,0
BRDA:189,12,0,0
BRDA:189,12,1,0
BRDA:198,13,0,0
BRDA:198,13,1,0
BRDA:232,14,0,0
BRDA:232,14,1,0
BRDA:240,15,0,0
BRDA:240,15,1,0
BRDA:247,16,0,0
BRDA:247,16,1,0
BRF:35
BRH:0
end_of_record
TN:
SF:routes\adminOrders.js
FN:19,(anonymous_0)
FN:55,(anonymous_1)
FN:85,(anonymous_2)
FN:115,(anonymous_3)
FN:208,(anonymous_4)
FN:289,(anonymous_5)
FNF:6
FNH:0
FNDA:0,(anonymous_0)
FNDA:0,(anonymous_1)
FNDA:0,(anonymous_2)
FNDA:0,(anonymous_3)
FNDA:0,(anonymous_4)
FNDA:0,(anonymous_5)
DA:4,0
DA:5,0
DA:6,0
DA:7,0
DA:8,0
DA:9,0
DA:10,0
DA:19,0
DA:20,0
DA:28,0
DA:31,0
DA:34,0
DA:35,0
DA:39,0
DA:40,0
DA:41,0
DA:42,0
DA:46,0
DA:53,0
DA:54,0
DA:55,0
DA:56,0
DA:63,0
DA:65,0
DA:73,0
DA:74,0
DA:85,0
DA:86,0
DA:87,0
DA:91,0
DA:92,0
DA:98,0
DA:103,0
DA:104,0
DA:115,0
DA:116,0
DA:117,0
DA:119,0
DA:120,0
DA:121,0
DA:127,0
DA:129,0
DA:130,0
DA:136,0
DA:137,0
DA:140,0
DA:141,0
DA:143,0
DA:144,0
DA:146,0
DA:147,0
DA:150,0
DA:153,0
DA:154,0
DA:161,0
DA:162,0
DA:179,0
DA:180,0
DA:186,0
DA:190,0
DA:196,0
DA:197,0
DA:208,0
DA:209,0
DA:210,0
DA:212,0
DA:214,0
DA:215,0
DA:222,0
DA:223,0
DA:230,0
DA:231,0
DA:232,0
DA:239,0
DA:240,0
DA:247,0
DA:250,0
DA:251,0
DA:252,0
DA:268,0
DA:271,0
DA:277,0
DA:278,0
DA:289,0
DA:290,0
DA:297,0
DA:305,0
DA:316,0
DA:317,0
DA:325,0
LF:90
LH:0
BRDA:22,0,0,0
BRDA:23,1,0,0
BRDA:24,2,0,0
BRDA:25,3,0,0
BRDA:26,4,0,0
BRDA:27,5,0,0
BRDA:34,6,0,0
BRDA:34,6,1,0
BRDA:39,7,0,0
BRDA:39,7,1,0
BRDA:39,8,0,0
BRDA:39,8,1,0
BRDA:41,9,0,0
BRDA:41,9,1,0
BRDA:42,10,0,0
BRDA:42,10,1,0
BRDA:54,11,0,0
BRDA:54,11,1,0
BRDA:56,12,0,0
BRDA:56,12,1,0
BRDA:56,12,2,0
BRDA:91,13,0,0
BRDA:91,13,1,0
BRDA:120,14,0,0
BRDA:120,14,1,0
BRDA:129,15,0,0
BRDA:129,15,1,0
BRDA:140,16,0,0
BRDA:140,16,1,0
BRDA:140,17,0,0
BRDA:140,17,1,0
BRDA:143,18,0,0
BRDA:143,18,1,0
BRDA:143,19,0,0
BRDA:143,19,1,0
BRDA:146,20,0,0
BRDA:146,20,1,0
BRDA:146,21,0,0
BRDA:146,21,1,0
BRDA:161,22,0,0
BRDA:161,22,1,0
BRDA:161,23,0,0
BRDA:161,23,1,0
BRDA:179,24,0,0
BRDA:179,24,1,0
BRDA:179,25,0,0
BRDA:179,25,1,0
BRDA:214,26,0,0
BRDA:214,26,1,0
BRDA:222,27,0,0
BRDA:222,27,1,0
BRDA:230,28,0,0
BRDA:230,28,1,0
BRDA:231,29,0,0
BRDA:231,29,1,0
BRDA:242,30,0,0
BRDA:242,30,1,0
BRDA:251,31,0,0
BRDA:251,31,1,0
BRDA:260,32,0,0
BRDA:260,32,1,0
BRF:61
BRH:0
end_of_record
TN:
SF:routes\adminProducts.js
FN:17,(anonymous_0)
FN:94,(anonymous_1)
FN:123,(anonymous_2)
FN:157,(anonymous_3)
FN:172,(anonymous_4)
FN:198,(anonymous_5)
FN:228,(anonymous_6)
FNF:7
FNH:0
FNDA:0,(anonymous_0)
FNDA:0,(anonymous_1)
FNDA:0,(anonymous_2)
FNDA:0,(anonymous_3)
FNDA:0,(anonymous_4)
FNDA:0,(anonymous_5)
FNDA:0,(anonymous_6)
DA:4,0
DA:5,0
DA:6,0
DA:7,0
DA:8,0
DA:17,0
DA:18,0
DA:28,0
DA:31,0
DA:34,0
DA:35,0
DA:43,0
DA:44,0
DA:48,0
DA:49,0
DA:53,0
DA:54,0
DA:58,0
DA:59,0
DA:60,0
DA:61,0
DA:65,0
DA:72,0
DA:74,0
DA:82,0
DA:83,0
DA:94,0
DA:95,0
DA:96,0
DA:99,0
DA:100,0
DA:106,0
DA:111,0
DA:112,0
DA:123,0
DA:124,0
DA:125,0
DA:127,0
DA:129,0
DA:130,0
DA:136,0
DA:137,0
DA:139,0
DA:145,0
DA:146,0
DA:157,0
DA:158,0
DA:159,0
DA:161,0
DA:163,0
DA:164,0
DA:171,0
DA:172,0
DA:173,0
DA:174,0
DA:178,0
DA:180,0
DA:186,0
DA:187,0
DA:198,0
DA:199,0
DA:200,0
DA:202,0
DA:203,0
DA:209,0
DA:211,0
DA:216,0
DA:217,0
DA:228,0
DA:229,0
DA:230,0
DA:241,0
DA:246,0
DA:247,0
DA:255,0
LF:75
LH:0
BRDA:20,0,0,0
BRDA:21,1,0,0
BRDA:22,2,0,0
BRDA:23,3,0,0
BRDA:24,4,0,0
BRDA:25,5,0,0
BRDA:26,6,0,0
BRDA:27,7,0,0
BRDA:34,8,0,0
BRDA:34,8,1,0
BRDA:43,9,0,0
BRDA:43,9,1,0
BRDA:48,10,0,0
BRDA:48,10,1,0
BRDA:53,11,0,0
BRDA:53,11,1,0
BRDA:58,12,0,0
BRDA:58,12,1,0
BRDA:58,13,0,0
BRDA:58,13,1,0
BRDA:60,14,0,0
BRDA:60,14,1,0
BRDA:61,15,0,0
BRDA:61,15,1,0
BRDA:99,16,0,0
BRDA:99,16,1,0
BRDA:129,17,0,0
BRDA:129,17,1,0
BRDA:141,18,0,0
BRDA:141,18,1,0
BRDA:163,19,0,0
BRDA:163,19,1,0
BRDA:173,20,0,0
BRDA:173,20,1,0
BRDA:202,21,0,0
BRDA:202,21,1,0
BRF:36
BRH:0
end_of_record
TN:
SF:routes\adminSellers.js
FN:19,(anonymous_0)
FN:47,(anonymous_1)
FN:91,(anonymous_2)
FN:206,(anonymous_3)
FN:306,(anonymous_4)
FNF:5
FNH:0
FNDA:0,(anonymous_0)
FNDA:0,(anonymous_1)
FNDA:0,(anonymous_2)
FNDA:0,(anonymous_3)
FNDA:0,(anonymous_4)
DA:4,0
DA:5,0
DA:6,0
DA:7,0
DA:8,0
DA:9,0
DA:10,0
DA:19,0
DA:20,0
DA:21,0
DA:29,0
DA:35,0
DA:36,0
DA:47,0
DA:48,0
DA:49,0
DA:51,0
DA:56,0
DA:57,0
DA:63,0
DA:69,0
DA:71,0
DA:79,0
DA:80,0
DA:91,0
DA:92,0
DA:93,0
DA:95,0
DA:96,0
DA:102,0
DA:103,0
DA:110,0
DA:115,0
DA:145,0
DA:179,0
DA:186,0
DA:194,0
DA:195,0
DA:206,0
DA:207,0
DA:208,0
DA:210,0
DA:212,0
DA:213,0
DA:219,0
DA:220,0
DA:226,0
DA:227,0
DA:233,0
DA:235,0
DA:236,0
DA:239,0
DA:240,0
DA:253,0
DA:257,0
DA:264,0
DA:265,0
DA:266,0
DA:269,0
DA:270,0
DA:284,0
DA:287,0
DA:294,0
DA:295,0
DA:306,0
DA:307,0
DA:308,0
DA:310,0
DA:312,0
DA:313,0
DA:319,0
DA:320,0
DA:326,0
DA:327,0
DA:328,0
DA:329,0
DA:330,0
DA:333,0
DA:336,0
DA:337,0
DA:358,0
DA:361,0
DA:367,0
DA:368,0
DA:376,0
LF:85
LH:0
BRDA:49,0,0,0
BRDA:49,1,0,0
BRDA:49,2,0,0
BRDA:56,3,0,0
BRDA:56,3,1,0
BRDA:95,4,0,0
BRDA:95,4,1,0
BRDA:102,5,0,0
BRDA:102,5,1,0
BRDA:181,6,0,0
BRDA:181,6,1,0
BRDA:182,7,0,0
BRDA:182,7,1,0
BRDA:183,8,0,0
BRDA:183,8,1,0
BRDA:212,9,0,0
BRDA:212,9,1,0
BRDA:219,10,0,0
BRDA:219,10,1,0
BRDA:226,11,0,0
BRDA:226,11,1,0
BRDA:233,12,0,0
BRDA:233,12,1,0
BRDA:245,13,0,0
BRDA:245,13,1,0
BRDA:275,14,0,0
BRDA:275,14,1,0
BRDA:278,15,0,0
BRDA:278,15,1,0
BRDA:290,16,0,0
BRDA:290,16,1,0
BRDA:312,17,0,0
BRDA:312,17,1,0
BRDA:319,18,0,0
BRDA:319,18,1,0
BRDA:327,19,0,0
BRDA:327,19,1,0
BRDA:327,20,0,0
BRDA:327,20,1,0
BRDA:329,21,0,0
BRDA:329,21,1,0
BRDA:339,22,0,0
BRDA:339,22,1,0
BRDA:340,23,0,0
BRDA:340,23,1,0
BRDA:343,24,0,0
BRDA:343,24,1,0
BRDA:345,25,0,0
BRDA:345,25,1,0
BRDA:351,26,0,0
BRDA:351,26,1,0
BRDA:363,27,0,0
BRDA:363,27,1,0
BRF:53
BRH:0
end_of_record
TN:
SF:routes\adminUsers.js
FN:18,(anonymous_0)
FN:92,(anonymous_1)
FN:172,(anonymous_2)
FN:221,(anonymous_3)
FN:277,(anonymous_4)
FNF:5
FNH:0
FNDA:0,(anonymous_0)
FNDA:0,(anonymous_1)
FNDA:0,(anonymous_2)
FNDA:0,(anonymous_3)
FNDA:0,(anonymous_4)
DA:4,0
DA:5,0
DA:6,0
DA:7,0
DA:8,0
DA:9,0
DA:18,0
DA:19,0
DA:28,0
DA:31,0
DA:34,0
DA:35,0
DA:43,0
DA:44,0
DA:48,0
DA:49,0
DA:53,0
DA:54,0
DA:58,0
DA:59,0
DA:63,0
DA:70,0
DA:72,0
DA:80,0
DA:81,0
DA:92,0
DA:93,0
DA:94,0
DA:96,0
DA:97,0
DA:104,0
DA:105,0
DA:106,0
DA:140,0
DA:148,0
DA:153,0
DA:160,0
DA:161,0
DA:172,0
DA:173,0
DA:174,0
DA:176,0
DA:178,0
DA:179,0
DA:186,0
DA:187,0
DA:194,0
DA:195,0
DA:196,0
DA:197,0
DA:198,0
DA:199,0
DA:201,0
DA:203,0
DA:209,0
DA:210,0
DA:221,0
DA:222,0
DA:223,0
DA:225,0
DA:227,0
DA:228,0
DA:235,0
DA:236,0
DA:243,0
DA:244,0
DA:250,0
DA:251,0
DA:252,0
DA:253,0
DA:254,0
DA:257,0
DA:259,0
DA:265,0
DA:266,0
DA:277,0
DA:278,0
DA:279,0
DA:281,0
DA:282,0
DA:289,0
DA:290,0
DA:297,0
DA:298,0
DA:305,0
DA:306,0
DA:307,0
DA:309,0
DA:314,0
DA:315,0
DA:323,0
LF:91
LH:0
BRDA:21,0,0,0
BRDA:22,1,0,0
BRDA:23,2,0,0
BRDA:24,3,0,0
BRDA:25,4,0,0
BRDA:26,5,0,0
BRDA:27,6,0,0
BRDA:34,7,0,0
BRDA:34,7,1,0
BRDA:43,8,0,0
BRDA:43,8,1,0
BRDA:48,9,0,0
BRDA:48,9,1,0
BRDA:53,10,0,0
BRDA:53,10,1,0
BRDA:58,11,0,0
BRDA:58,11,1,0
BRDA:96,12,0,0
BRDA:96,12,1,0
BRDA:105,13,0,0
BRDA:105,13,1,0
BRDA:143,14,0,0
BRDA:143,14,1,0
BRDA:178,15,0,0
BRDA:178,15,1,0
BRDA:186,16,0,0
BRDA:186,16,1,0
BRDA:186,17,0,0
BRDA:186,17,1,0
BRDA:194,18,0,0
BRDA:194,18,1,0
BRDA:195,19,0,0
BRDA:195,19,1,0
BRDA:196,20,0,0
BRDA:196,20,1,0
BRDA:197,21,0,0
BRDA:197,21,1,0
BRDA:198,22,0,0
BRDA:198,22,1,0
BRDA:199,23,0,0
BRDA:199,23,1,0
BRDA:199,24,0,0
BRDA:199,24,1,0
BRDA:227,25,0,0
BRDA:227,25,1,0
BRDA:235,26,0,0
BRDA:235,26,1,0
BRDA:243,27,0,0
BRDA:243,27,1,0
BRDA:251,28,0,0
BRDA:251,28,1,0
BRDA:251,29,0,0
BRDA:251,29,1,0
BRDA:253,30,0,0
BRDA:253,30,1,0
BRDA:261,31,0,0
BRDA:261,31,1,0
BRDA:281,32,0,0
BRDA:281,32,1,0
BRDA:289,33,0,0
BRDA:289,33,1,0
BRDA:297,34,0,0
BRDA:297,34,1,0
BRF:63
BRH:0
end_of_record
TN:
SF:routes\auth.js
FN:17,(anonymous_0)
FN:59,(anonymous_1)
FN:78,(anonymous_2)
FN:109,(anonymous_3)
FN:151,(anonymous_4)
FN:172,(anonymous_5)
FN:206,(anonymous_6)
FNF:7
FNH:0
FNDA:0,(anonymous_0)
FNDA:0,(anonymous_1)
FNDA:0,(anonymous_2)
FNDA:0,(anonymous_3)
FNDA:0,(anonymous_4)
FNDA:0,(anonymous_5)
FNDA:0,(anonymous_6)
DA:2,0
DA:3,0
DA:4,0
DA:5,0
DA:6,0
DA:7,0
DA:8,0
DA:9,0
DA:10,0
DA:11,0
DA:17,0
DA:19,0
DA:21,0
DA:23,0
DA:24,0
DA:31,0
DA:32,0
DA:33,0
DA:45,0
DA:52,0
DA:53,0
DA:56,0
DA:59,0
DA:60,0
DA:65,0
DA:74,0
DA:79,0
DA:80,0
DA:96,0
DA:97,0
DA:109,0
DA:111,0
DA:113,0
DA:115,0
DA:116,0
DA:123,0
DA:125,0
DA:126,0
DA:133,0
DA:134,0
DA:135,0
DA:142,0
DA:144,0
DA:148,0
DA:152,0
DA:157,0
DA:168,0
DA:173,0
DA:175,0
DA:192,0
DA:193,0
DA:206,0
DA:207,0
DA:210,0
DA:211,0
DA:213,0
DA:214,0
DA:218,0
LF:58
LH:0
BRDA:23,0,0,0
BRDA:23,0,1,0
BRDA:23,1,0,0
BRDA:23,1,1,0
BRDA:32,2,0,0
BRDA:32,2,1,0
BRDA:79,3,0,0
BRDA:79,3,1,0
BRDA:115,4,0,0
BRDA:115,4,1,0
BRDA:115,5,0,0
BRDA:115,5,1,0
BRDA:125,6,0,0
BRDA:125,6,1,0
BRDA:134,7,0,0
BRDA:134,7,1,0
BRDA:142,8,0,0
BRDA:142,8,1,0
BRDA:150,9,0,0
BRDA:150,9,1,0
BRDA:150,9,2,0
BRDA:173,10,0,0
BRDA:173,10,1,0
BRF:23
BRH:0
end_of_record
TN:
SF:routes\order.js
FN:46,(anonymous_0)
FN:62,(anonymous_1)
FN:72,(anonymous_2)
FN:106,(anonymous_3)
FN:132,(anonymous_4)
FN:223,(anonymous_5)
FN:274,(anonymous_6)
FN:300,(anonymous_7)
FN:378,(anonymous_8)
FN:421,(anonymous_9)
FN:443,(anonymous_10)
FN:457,(anonymous_11)
FN:484,(anonymous_12)
FN:516,(anonymous_13)
FN:534,(anonymous_14)
FN:537,(anonymous_15)
FN:585,(anonymous_16)
FN:615,(anonymous_17)
FN:627,(anonymous_18)
FN:645,(anonymous_19)
FN:647,(anonymous_20)
FN:653,(anonymous_21)
FN:684,(anonymous_22)
FN:696,(anonymous_23)
FN:721,(anonymous_24)
FN:726,(anonymous_25)
FN:738,(anonymous_26)
FNF:27
FNH:0
FNDA:0,(anonymous_0)
FNDA:0,(anonymous_1)
FNDA:0,(anonymous_2)
FNDA:0,(anonymous_3)
FNDA:0,(anonymous_4)
FNDA:0,(anonymous_5)
FNDA:0,(anonymous_6)
FNDA:0,(anonymous_7)
FNDA:0,(anonymous_8)
FNDA:0,(anonymous_9)
FNDA:0,(anonymous_10)
FNDA:0,(anonymous_11)
FNDA:0,(anonymous_12)
FNDA:0,(anonymous_13)
FNDA:0,(anonymous_14)
FNDA:0,(anonymous_15)
FNDA:0,(anonymous_16)
FNDA:0,(anonymous_17)
FNDA:0,(anonymous_18)
FNDA:0,(anonymous_19)
FNDA:0,(anonymous_20)
FNDA:0,(anonymous_21)
FNDA:0,(anonymous_22)
FNDA:0,(anonymous_23)
FNDA:0,(anonymous_24)
FNDA:0,(anonymous_25)
FNDA:0,(anonymous_26)
DA:3,0
DA:4,0
DA:5,0
DA:6,0
DA:9,0
DA:10,0
DA:11,0
DA:18,0
DA:23,0
DA:29,0
DA:30,0
DA:35,0
DA:36,0
DA:37,0
DA:39,0
DA:46,0
DA:47,0
DA:48,0
DA:51,0
DA:52,0
DA:53,0
DA:57,0
DA:62,0
DA:65,0
DA:67,0
DA:68,0
DA:71,0
DA:72,0
DA:73,0
DA:74,0
DA:76,0
DA:77,0
DA:80,0
DA:81,0
DA:83,0
DA:93,0
DA:103,0
DA:106,0
DA:107,0
DA:111,0
DA:112,0
DA:113,0
DA:114,0
DA:115,0
DA:116,0
DA:121,0
DA:126,0
DA:127,0
DA:128,0
DA:132,0
DA:133,0
DA:140,0
DA:142,0
DA:143,0
DA:148,0
DA:153,0
DA:155,0
DA:164,0
DA:167,0
DA:170,0
DA:173,0
DA:175,0
DA:177,0
DA:182,0
DA:183,0
DA:187,0
DA:188,0
DA:189,0
DA:196,0
DA:197,0
DA:202,0
DA:205,0
DA:213,0
DA:214,0
DA:223,0
DA:224,0
DA:225,0
DA:228,0
DA:232,0
DA:234,0
DA:235,0
DA:237,0
DA:241,0
DA:242,0
DA:243,0
DA:248,0
DA:250,0
DA:252,0
DA:253,0
DA:254,0
DA:262,0
DA:263,0
DA:268,0
DA:269,0
DA:272,0
DA:273,0
DA:274,0
DA:275,0
DA:280,0
DA:282,0
DA:283,0
DA:287,0
DA:290,0
DA:291,0
DA:300,0
DA:301,0
DA:302,0
DA:304,0
DA:305,0
DA:309,0
DA:310,0
DA:311,0
DA:315,0
DA:316,0
DA:323,0
DA:324,0
DA:325,0
DA:327,0
DA:328,0
DA:329,0
DA:330,0
DA:331,0
DA:334,0
DA:335,0
DA:340,0
DA:342,0
DA:348,0
DA:355,0
DA:361,0
DA:368,0
DA:369,0
DA:378,0
DA:379,0
DA:380,0
DA:382,0
DA:383,0
DA:387,0
DA:388,0
DA:389,0
DA:393,0
DA:394,0
DA:401,0
DA:402,0
DA:403,0
DA:410,0
DA:411,0
DA:416,0
DA:419,0
DA:420,0
DA:421,0
DA:422,0
DA:426,0
DA:433,0
DA:434,0
DA:443,0
DA:444,0
DA:445,0
DA:446,0
DA:448,0
DA:449,0
DA:457,0
DA:458,0
DA:459,0
DA:461,0
DA:462,0
DA:466,0
DA:467,0
DA:470,0
DA:472,0
DA:473,0
DA:474,0
DA:476,0
DA:484,0
DA:485,0
DA:486,0
DA:489,0
DA:490,0
DA:491,0
DA:498,0
DA:499,0
DA:500,0
DA:507,0
DA:508,0
DA:509,0
DA:516,0
DA:518,0
DA:521,0
DA:526,0
DA:527,0
DA:534,0
DA:537,0
DA:538,0
DA:539,0
DA:549,0
DA:550,0
DA:559,0
DA:560,0
DA:567,0
DA:570,0
DA:571,0
DA:575,0
DA:576,0
DA:578,0
DA:579,0
DA:582,0
DA:585,0
DA:586,0
DA:589,0
DA:602,0
DA:603,0
DA:615,0
DA:616,0
DA:617,0
DA:618,0
DA:619,0
DA:626,0
DA:627,0
DA:629,0
DA:630,0
DA:638,0
DA:645,0
DA:646,0
DA:647,0
DA:648,0
DA:649,0
DA:653,0
DA:654,0
DA:657,0
DA:664,0
DA:671,0
DA:672,0
DA:684,0
DA:685,0
DA:686,0
DA:687,0
DA:688,0
DA:695,0
DA:696,0
DA:698,0
DA:699,0
DA:710,0
DA:716,0
DA:718,0
DA:719,0
DA:721,0
DA:722,0
DA:723,0
DA:726,0
DA:727,0
DA:730,0
DA:735,0
DA:738,0
DA:739,0
DA:742,0
DA:752,0
DA:753,0
DA:761,0
LF:257
LH:0
BRDA:23,0,0,0
BRDA:23,0,1,0
BRDA:23,0,2,0
BRDA:23,0,3,0
BRDA:29,1,0,0
BRDA:29,1,1,0
BRDA:48,2,0,0
BRDA:52,3,0,0
BRDA:52,3,1,0
BRDA:73,4,0,0
BRDA:73,4,1,0
BRDA:76,5,0,0
BRDA:76,5,1,0
BRDA:99,6,0,0
BRDA:99,6,1,0
BRDA:114,7,0,0
BRDA:114,7,1,0
BRDA:114,8,0,0
BRDA:114,8,1,0
BRDA:115,9,0,0
BRDA:115,9,1,0
BRDA:140,10,0,0
BRDA:140,10,1,0
BRDA:164,11,0,0
BRDA:164,11,1,0
BRDA:175,12,0,0
BRDA:175,12,1,0
BRDA:234,13,0,0
BRDA:234,13,1,0
BRDA:241,14,0,0
BRDA:241,14,1,0
BRDA:250,15,0,0
BRDA:250,15,1,0
BRDA:273,16,0,0
BRDA:273,16,1,0
BRDA:304,17,0,0
BRDA:304,17,1,0
BRDA:310,18,0,0
BRDA:310,18,1,0
BRDA:315,19,0,0
BRDA:315,19,1,0
BRDA:323,20,0,0
BRDA:323,20,1,0
BRDA:323,21,0,0
BRDA:323,21,1,0
BRDA:327,22,0,0
BRDA:327,22,1,0
BRDA:382,23,0,0
BRDA:382,23,1,0
BRDA:388,24,0,0
BRDA:388,24,1,0
BRDA:393,25,0,0
BRDA:393,25,1,0
BRDA:420,26,0,0
BRDA:420,26,1,0
BRDA:461,27,0,0
BRDA:461,27,1,0
BRDA:466,28,0,0
BRDA:466,28,1,0
BRDA:473,29,0,0
BRDA:473,29,1,0
BRDA:490,30,0,0
BRDA:490,30,1,0
BRDA:499,31,0,0
BRDA:499,31,1,0
BRDA:508,32,0,0
BRDA:508,32,1,0
BRDA:518,33,0,0
BRDA:518,33,1,0
BRDA:526,34,0,0
BRDA:526,34,1,0
BRDA:538,35,0,0
BRDA:538,35,1,0
BRDA:559,36,0,0
BRDA:559,36,1,0
BRDA:562,37,0,0
BRDA:562,37,1,0
BRDA:570,38,0,0
BRDA:570,38,1,0
BRDA:575,39,0,0
BRDA:575,39,1,0
BRDA:575,40,0,0
BRDA:575,40,1,0
BRDA:578,41,0,0
BRDA:578,41,1,0
BRDA:578,42,0,0
BRDA:578,42,1,0
BRDA:618,43,0,0
BRDA:618,43,1,0
BRDA:629,44,0,0
BRDA:629,44,1,0
BRDA:648,45,0,0
BRDA:648,45,1,0
BRDA:687,46,0,0
BRDA:687,46,1,0
BRDA:698,47,0,0
BRDA:698,47,1,0
BRDA:719,48,0,0
BRDA:719,48,1,0
BRDA:722,49,0,0
BRDA:722,49,1,0
BRDA:739,50,0,0
BRDA:739,50,1,0
BRF:103
BRH:0
end_of_record
TN:
SF:routes\otp.js
FN:13,(anonymous_0)
FN:21,(anonymous_1)
FN:135,(anonymous_2)
FN:222,(anonymous_3)
FNF:4
FNH:0
FNDA:0,(anonymous_0)
FNDA:0,(anonymous_1)
FNDA:0,(anonymous_2)
FNDA:0,(anonymous_3)
DA:3,0
DA:4,0
DA:5,0
DA:6,0
DA:7,0
DA:8,0
DA:13,0
DA:14,0
DA:21,0
DA:22,0
DA:24,0
DA:26,0
DA:27,0
DA:34,0
DA:35,0
DA:42,0
DA:43,0
DA:44,0
DA:45,0
DA:53,0
DA:54,0
DA:55,0
DA:56,0
DA:64,0
DA:70,0
DA:71,0
DA:78,0
DA:81,0
DA:88,0
DA:92,0
DA:93,0
DA:95,0
DA:98,0
DA:101,0
DA:103,0
DA:113,0
DA:122,0
DA:123,0
DA:135,0
DA:136,0
DA:138,0
DA:140,0
DA:141,0
DA:148,0
DA:154,0
DA:155,0
DA:162,0
DA:163,0
DA:170,0
DA:171,0
DA:178,0
DA:180,0
DA:182,0
DA:183,0
DA:190,0
DA:191,0
DA:194,0
DA:195,0
DA:196,0
DA:197,0
DA:198,0
DA:202,0
DA:209,0
DA:210,0
DA:222,0
DA:225,0
DA:228,0
LF:67
LH:0
BRDA:26,0,0,0
BRDA:26,0,1,0
BRDA:26,1,0,0
BRDA:26,1,1,0
BRDA:34,2,0,0
BRDA:34,2,1,0
BRDA:42,3,0,0
BRDA:42,3,1,0
BRDA:44,4,0,0
BRDA:44,4,1,0
BRDA:53,5,0,0
BRDA:53,5,1,0
BRDA:55,6,0,0
BRDA:55,6,1,0
BRDA:70,7,0,0
BRDA:70,7,1,0
BRDA:92,8,0,0
BRDA:92,8,1,0
BRDA:98,9,0,0
BRDA:98,9,1,0
BRDA:108,10,0,0
BRDA:108,10,1,0
BRDA:118,11,0,0
BRDA:118,11,1,0
BRDA:140,12,0,0
BRDA:140,12,1,0
BRDA:140,13,0,0
BRDA:140,13,1,0
BRDA:140,13,2,0
BRDA:154,14,0,0
BRDA:154,14,1,0
BRDA:162,15,0,0
BRDA:162,15,1,0
BRDA:170,16,0,0
BRDA:170,16,1,0
BRDA:178,17,0,0
BRDA:178,17,1,0
BRDA:194,18,0,0
BRDA:194,18,1,0
BRDA:194,19,0,0
BRDA:194,19,1,0
BRDA:196,20,0,0
BRDA:196,20,1,0
BRDA:196,21,0,0
BRDA:196,21,1,0
BRF:45
BRH:0
end_of_record
TN:
SF:routes\product.js
FN:15,(anonymous_0)
FN:30,(anonymous_1)
FN:34,(anonymous_2)
FN:63,(anonymous_3)
FN:63,(anonymous_4)
FN:78,(anonymous_5)
FN:83,(anonymous_6)
FN:114,(anonymous_7)
FN:138,(anonymous_8)
FN:140,(anonymous_9)
FN:169,(anonymous_10)
FN:198,(anonymous_11)
FN:216,(anonymous_12)
FN:242,(anonymous_13)
FN:261,(anonymous_14)
FN:262,(anonymous_15)
FN:281,(anonymous_16)
FN:313,(anonymous_17)
FNF:18
FNH:0
FNDA:0,(anonymous_0)
FNDA:0,(anonymous_1)
FNDA:0,(anonymous_2)
FNDA:0,(anonymous_3)
FNDA:0,(anonymous_4)
FNDA:0,(anonymous_5)
FNDA:0,(anonymous_6)
FNDA:0,(anonymous_7)
FNDA:0,(anonymous_8)
FNDA:0,(anonymous_9)
FNDA:0,(anonymous_10)
FNDA:0,(anonymous_11)
FNDA:0,(anonymous_12)
FNDA:0,(anonymous_13)
FNDA:0,(anonymous_14)
FNDA:0,(anonymous_15)
FNDA:0,(anonymous_16)
FNDA:0,(anonymous_17)
DA:3,0
DA:4,0
DA:5,0
DA:6,0
DA:7,0
DA:8,0
DA:9,0
DA:10,0
DA:15,0
DA:16,0
DA:17,0
DA:20,0
DA:21,0
DA:22,0
DA:23,0
DA:26,0
DA:29,0
DA:30,0
DA:31,0
DA:35,0
DA:36,0
DA:37,0
DA:39,0
DA:40,0
DA:41,0
DA:43,0
DA:44,0
DA:45,0
DA:48,0
DA:49,0
DA:51,0
DA:52,0
DA:53,0
DA:55,0
DA:56,0
DA:57,0
DA:61,0
DA:62,0
DA:63,0
DA:66,0
DA:78,0
DA:82,0
DA:83,0
DA:84,0
DA:88,0
DA:89,0
DA:90,0
DA:93,0
DA:97,0
DA:98,0
DA:106,0
DA:111,0
DA:115,0
DA:116,0
DA:121,0
DA:123,0
DA:124,0
DA:126,0
DA:129,0
DA:130,0
DA:138,0
DA:140,0
DA:141,0
DA:142,0
DA:146,0
DA:147,0
DA:151,0
DA:154,0
DA:155,0
DA:158,0
DA:161,0
DA:162,0
DA:163,0
DA:169,0
DA:172,0
DA:185,0
DA:186,0
DA:189,0
DA:190,0
DA:198,0
DA:199,0
DA:202,0
DA:206,0
DA:208,0
DA:209,0
DA:216,0
DA:217,0
DA:218,0
DA:221,0
DA:222,0
DA:226,0
DA:228,0
DA:230,0
DA:232,0
DA:233,0
DA:235,0
DA:242,0
DA:243,0
DA:244,0
DA:245,0
DA:246,0
DA:249,0
DA:250,0
DA:253,0
DA:254,0
DA:261,0
DA:262,0
DA:263,0
DA:264,0
DA:267,0
DA:270,0
DA:271,0
DA:272,0
DA:273,0
DA:274,0
DA:275,0
DA:276,0
DA:277,0
DA:280,0
DA:281,0
DA:284,0
DA:285,0
DA:287,0
DA:288,0
DA:292,0
DA:293,0
DA:296,0
DA:302,0
DA:304,0
DA:305,0
DA:313,0
DA:314,0
DA:315,0
DA:317,0
DA:318,0
DA:322,0
DA:323,0
DA:328,0
DA:330,0
DA:332,0
DA:333,0
DA:337,0
LF:142
LH:0
BRDA:16,0,0,0
BRDA:16,0,1,0
BRDA:22,1,0,0
BRDA:22,1,1,0
BRDA:43,2,0,0
BRDA:43,2,1,0
BRDA:43,3,0,0
BRDA:43,3,1,0
BRDA:43,3,2,0
BRDA:43,3,3,0
BRDA:43,3,4,0
BRDA:51,4,0,0
BRDA:51,4,1,0
BRDA:51,5,0,0
BRDA:51,5,1,0
BRDA:55,6,0,0
BRDA:55,6,1,0
BRDA:55,7,0,0
BRDA:55,7,1,0
BRDA:62,8,0,0
BRDA:62,8,1,0
BRDA:62,9,0,0
BRDA:62,9,1,0
BRDA:74,10,0,0
BRDA:74,10,1,0
BRDA:75,11,0,0
BRDA:75,11,1,0
BRDA:76,12,0,0
BRDA:76,12,1,0
BRDA:77,13,0,0
BRDA:77,13,1,0
BRDA:78,14,0,0
BRDA:78,14,1,0
BRDA:82,15,0,0
BRDA:82,15,1,0
BRDA:88,16,0,0
BRDA:88,16,1,0
BRDA:97,17,0,0
BRDA:97,17,1,0
BRDA:123,18,0,0
BRDA:123,18,1,0
BRDA:123,19,0,0
BRDA:123,19,1,0
BRDA:141,20,0,0
BRDA:141,20,1,0
BRDA:146,21,0,0
BRDA:146,21,1,0
BRDA:146,22,0,0
BRDA:146,22,1,0
BRDA:154,23,0,0
BRDA:154,23,1,0
BRDA:154,24,0,0
BRDA:154,24,1,0
BRDA:154,24,2,0
BRDA:154,24,3,0
BRDA:154,24,4,0
BRDA:162,25,0,0
BRDA:162,25,1,0
BRDA:180,26,0,0
BRDA:180,26,1,0
BRDA:181,27,0,0
BRDA:181,27,1,0
BRDA:221,28,0,0
BRDA:221,28,1,0
BRDA:232,29,0,0
BRDA:232,29,1,0
BRDA:245,30,0,0
BRDA:245,30,1,0
BRDA:263,31,0,0
BRDA:263,31,1,0
BRDA:271,32,0,0
BRDA:271,32,1,0
BRDA:272,33,0,0
BRDA:272,33,1,0
BRDA:273,34,0,0
BRDA:273,34,1,0
BRDA:274,35,0,0
BRDA:274,35,1,0
BRDA:275,36,0,0
BRDA:275,36,1,0
BRDA:276,37,0,0
BRDA:276,37,1,0
BRDA:277,38,0,0
BRDA:277,38,1,0
BRDA:280,39,0,0
BRDA:280,39,1,0
BRDA:280,40,0,0
BRDA:280,40,1,0
BRDA:287,41,0,0
BRDA:287,41,1,0
BRDA:292,42,0,0
BRDA:292,42,1,0
BRDA:317,43,0,0
BRDA:317,43,1,0
BRDA:322,44,0,0
BRDA:322,44,1,0
BRF:96
BRH:0
end_of_record
TN:
SF:routes\review.js
FN:20,(anonymous_0)
FN:111,(anonymous_1)
FN:158,(anonymous_2)
FN:171,(anonymous_3)
FN:223,(anonymous_4)
FN:283,(anonymous_5)
FN:324,(anonymous_6)
FN:347,(anonymous_7)
FN:383,(anonymous_8)
FN:424,(anonymous_9)
FN:462,(anonymous_10)
FN:497,updateProductRating
FNF:12
FNH:0
FNDA:0,(anonymous_0)
FNDA:0,(anonymous_1)
FNDA:0,(anonymous_2)
FNDA:0,(anonymous_3)
FNDA:0,(anonymous_4)
FNDA:0,(anonymous_5)
FNDA:0,(anonymous_6)
FNDA:0,(anonymous_7)
FNDA:0,(anonymous_8)
FNDA:0,(anonymous_9)
FNDA:0,(anonymous_10)
FNDA:0,updateProductRating
DA:3,0
DA:4,0
DA:5,0
DA:6,0
DA:7,0
DA:8,0
DA:9,0
DA:10,0
DA:11,0
DA:20,0
DA:21,0
DA:22,0
DA:23,0
DA:25,0
DA:26,0
DA:27,0
DA:28,0
DA:29,0
DA:31,0
DA:40,0
DA:46,0
DA:63,0
DA:79,0
DA:95,0
DA:96,0
DA:111,0
DA:112,0
DA:113,0
DA:116,0
DA:117,0
DA:123,0
DA:124,0
DA:131,0
DA:132,0
DA:133,0
DA:140,0
DA:145,0
DA:146,0
DA:153,0
DA:154,0
DA:155,0
DA:156,0
DA:157,0
DA:158,0
DA:160,0
DA:164,0
DA:169,0
DA:170,0
DA:171,0
DA:173,0
DA:174,0
DA:175,0
DA:181,0
DA:191,0
DA:194,0
DA:197,0
DA:199,0
DA:205,0
DA:206,0
DA:207,0
DA:212,0
DA:223,0
DA:224,0
DA:225,0
DA:227,0
DA:228,0
DA:229,0
DA:236,0
DA:237,0
DA:244,0
DA:245,0
DA:246,0
DA:251,0
DA:253,0
DA:254,0
DA:255,0
DA:256,0
DA:258,0
DA:261,0
DA:263,0
DA:265,0
DA:271,0
DA:272,0
DA:283,0
DA:284,0
DA:285,0
DA:286,0
DA:287,0
DA:294,0
DA:295,0
DA:301,0
DA:302,0
DA:305,0
DA:307,0
DA:312,0
DA:313,0
DA:324,0
DA:325,0
DA:326,0
DA:330,0
DA:335,0
DA:336,0
DA:347,0
DA:348,0
DA:349,0
DA:350,0
DA:351,0
DA:358,0
DA:359,0
DA:361,0
DA:367,0
DA:368,0
DA:383,0
DA:384,0
DA:385,0
DA:386,0
DA:388,0
DA:389,0
DA:390,0
DA:391,0
DA:393,0
DA:400,0
DA:402,0
DA:412,0
DA:413,0
DA:424,0
DA:425,0
DA:426,0
DA:427,0
DA:429,0
DA:430,0
DA:436,0
DA:437,0
DA:440,0
DA:441,0
DA:444,0
DA:450,0
DA:451,0
DA:462,0
DA:463,0
DA:464,0
DA:465,0
DA:466,0
DA:472,0
DA:473,0
DA:476,0
DA:478,0
DA:483,0
DA:484,0
DA:498,0
DA:499,0
DA:515,0
DA:516,0
DA:522,0
DA:528,0
DA:532,0
LF:156
LH:0
BRDA:22,0,0,0
BRDA:22,1,0,0
BRDA:22,2,0,0
BRDA:26,3,0,0
BRDA:26,3,1,0
BRDA:27,4,0,0
BRDA:27,4,1,0
BRDA:28,5,0,0
BRDA:28,5,1,0
BRDA:29,6,0,0
BRDA:29,6,1,0
BRDA:89,7,0,0
BRDA:89,7,1,0
BRDA:90,8,0,0
BRDA:90,8,1,0
BRDA:116,9,0,0
BRDA:116,9,1,0
BRDA:116,10,0,0
BRDA:116,10,1,0
BRDA:116,10,2,0
BRDA:123,11,0,0
BRDA:123,11,1,0
BRDA:123,12,0,0
BRDA:123,12,1,0
BRDA:132,13,0,0
BRDA:132,13,1,0
BRDA:145,14,0,0
BRDA:145,14,1,0
BRDA:154,15,0,0
BRDA:154,15,1,0
BRDA:156,16,0,0
BRDA:156,16,1,0
BRDA:156,17,0,0
BRDA:156,17,1,0
BRDA:173,18,0,0
BRDA:173,18,1,0
BRDA:185,19,0,0
BRDA:185,19,1,0
BRDA:187,20,0,0
BRDA:187,20,1,0
BRDA:206,21,0,0
BRDA:206,21,1,0
BRDA:228,22,0,0
BRDA:228,22,1,0
BRDA:236,23,0,0
BRDA:236,23,1,0
BRDA:244,24,0,0
BRDA:244,24,1,0
BRDA:245,25,0,0
BRDA:245,25,1,0
BRDA:245,26,0,0
BRDA:245,26,1,0
BRDA:253,27,0,0
BRDA:253,27,1,0
BRDA:254,28,0,0
BRDA:254,28,1,0
BRDA:286,29,0,0
BRDA:286,29,1,0
BRDA:294,30,0,0
BRDA:294,30,1,0
BRDA:350,31,0,0
BRDA:350,31,1,0
BRDA:385,32,0,0
BRDA:385,33,0,0
BRDA:385,34,0,0
BRDA:385,35,0,0
BRDA:389,36,0,0
BRDA:389,36,1,0
BRDA:390,37,0,0
BRDA:390,37,1,0
BRDA:391,38,0,0
BRDA:391,38,1,0
BRDA:429,39,0,0
BRDA:429,39,1,0
BRDA:440,40,0,0
BRDA:440,40,1,0
BRDA:446,41,0,0
BRDA:446,41,1,0
BRDA:465,42,0,0
BRDA:465,42,1,0
BRDA:515,43,0,0
BRDA:515,43,1,0
BRF:82
BRH:0
end_of_record
TN:
SF:routes\search.js
FN:12,(anonymous_0)
FN:149,(anonymous_1)
FN:176,(anonymous_2)
FN:211,(anonymous_3)
FN:218,(anonymous_4)
FN:218,(anonymous_5)
FN:223,(anonymous_6)
FN:223,(anonymous_7)
FN:255,(anonymous_8)
FN:277,(anonymous_9)
FN:323,(anonymous_10)
FNF:11
FNH:0
FNDA:0,(anonymous_0)
FNDA:0,(anonymous_1)
FNDA:0,(anonymous_2)
FNDA:0,(anonymous_3)
FNDA:0,(anonymous_4)
FNDA:0,(anonymous_5)
FNDA:0,(anonymous_6)
FNDA:0,(anonymous_7)
FNDA:0,(anonymous_8)
FNDA:0,(anonymous_9)
FNDA:0,(anonymous_10)
DA:2,0
DA:3,0
DA:4,0
DA:12,0
DA:13,0
DA:27,0
DA:30,0
DA:33,0
DA:34,0
DA:38,0
DA:39,0
DA:43,0
DA:44,0
DA:45,0
DA:46,0
DA:50,0
DA:51,0
DA:55,0
DA:56,0
DA:60,0
DA:61,0
DA:65,0
DA:66,0
DA:70,0
DA:71,0
DA:75,0
DA:76,0
DA:79,0
DA:80,0
DA:81,0
DA:83,0
DA:87,0
DA:88,0
DA:92,0
DA:100,0
DA:103,0
DA:104,0
DA:105,0
DA:107,0
DA:134,0
DA:135,0
DA:149,0
DA:150,0
DA:151,0
DA:153,0
DA:154,0
DA:161,0
DA:173,0
DA:174,0
DA:176,0
DA:177,0
DA:178,0
DA:179,0
DA:181,0
DA:182,0
DA:183,0
DA:185,0
DA:186,0
DA:187,0
DA:191,0
DA:197,0
DA:198,0
DA:211,0
DA:212,0
DA:214,0
DA:217,0
DA:218,0
DA:222,0
DA:223,0
DA:227,0
DA:239,0
DA:248,0
DA:255,0
DA:263,0
DA:264,0
DA:277,0
DA:278,0
DA:279,0
DA:282,0
DA:288,0
DA:294,0
DA:299,0
DA:309,0
DA:310,0
DA:323,0
DA:324,0
DA:325,0
DA:326,0
DA:329,0
DA:331,0
DA:332,0
DA:339,0
DA:351,0
DA:357,0
DA:358,0
DA:366,0
LF:96
LH:0
BRDA:24,0,0,0
BRDA:25,1,0,0
BRDA:26,2,0,0
BRDA:33,3,0,0
BRDA:33,3,1,0
BRDA:33,4,0,0
BRDA:33,4,1,0
BRDA:38,5,0,0
BRDA:38,5,1,0
BRDA:43,6,0,0
BRDA:43,6,1,0
BRDA:43,7,0,0
BRDA:43,7,1,0
BRDA:45,8,0,0
BRDA:45,8,1,0
BRDA:46,9,0,0
BRDA:46,9,1,0
BRDA:50,10,0,0
BRDA:50,10,1,0
BRDA:55,11,0,0
BRDA:55,11,1,0
BRDA:60,12,0,0
BRDA:60,12,1,0
BRDA:65,13,0,0
BRDA:65,13,1,0
BRDA:70,14,0,0
BRDA:70,14,1,0
BRDA:80,15,0,0
BRDA:80,15,1,0
BRDA:87,16,0,0
BRDA:87,16,1,0
BRDA:93,17,0,0
BRDA:93,17,1,0
BRDA:119,18,0,0
BRDA:119,18,1,0
BRDA:120,19,0,0
BRDA:120,19,1,0
BRDA:122,20,0,0
BRDA:122,20,1,0
BRDA:123,21,0,0
BRDA:123,21,1,0
BRDA:125,22,0,0
BRDA:125,22,1,0
BRDA:126,23,0,0
BRDA:126,23,1,0
BRDA:127,24,0,0
BRDA:127,24,1,0
BRDA:153,25,0,0
BRDA:153,25,1,0
BRDA:153,26,0,0
BRDA:153,26,1,0
BRDA:177,27,0,0
BRDA:177,27,1,0
BRDA:177,28,0,0
BRDA:177,28,1,0
BRDA:181,29,0,0
BRDA:181,29,1,0
BRDA:181,30,0,0
BRDA:181,30,1,0
BRDA:185,31,0,0
BRDA:185,31,1,0
BRDA:185,32,0,0
BRDA:185,32,1,0
BRDA:254,33,0,0
BRDA:254,33,1,0
BRDA:279,34,0,0
BRDA:326,35,0,0
BRDA:331,36,0,0
BRDA:331,36,1,0
BRF:69
BRH:0
end_of_record
TN:
SF:routes\seller.js
FN:12,(anonymous_0)
FN:15,(anonymous_1)
FN:62,(anonymous_2)
FNF:3
FNH:0
FNDA:0,(anonymous_0)
FNDA:0,(anonymous_1)
FNDA:0,(anonymous_2)
DA:3,0
DA:4,0
DA:5,0
DA:6,0
DA:7,0
DA:12,0
DA:15,0
DA:16,0
DA:18,0
DA:22,0
DA:23,0
DA:27,0
DA:29,0
DA:30,0
DA:33,0
DA:35,0
DA:36,0
DA:37,0
DA:41,0
DA:42,0
DA:43,0
DA:49,0
DA:52,0
DA:53,0
DA:56,0
DA:57,0
DA:62,0
DA:63,0
DA:65,0
DA:66,0
DA:69,0
DA:71,0
DA:73,0
DA:74,0
DA:78,0
DA:82,0
DA:85,0
DA:86,0
DA:89,0
DA:90,0
DA:94,0
LF:41
LH:0
BRDA:16,0,0,0
BRDA:16,0,1,0
BRDA:22,1,0,0
BRDA:22,1,1,0
BRDA:29,2,0,0
BRDA:29,2,1,0
BRDA:29,3,0,0
BRDA:29,3,1,0
BRDA:36,4,0,0
BRDA:36,4,1,0
BRDA:65,5,0,0
BRDA:65,5,1,0
BRDA:73,6,0,0
BRDA:73,6,1,0
BRDA:73,7,0,0
BRDA:73,7,1,0
BRF:16
BRH:0
end_of_record
TN:
SF:utils\accountLockout.js
FN:21,(anonymous_0)
FN:40,(anonymous_1)
FN:78,(anonymous_2)
FN:101,(anonymous_3)
FN:126,(anonymous_4)
FN:136,(anonymous_5)
FN:146,(anonymous_6)
FN:168,(anonymous_7)
FN:196,(anonymous_8)
FN:206,(anonymous_9)
FNF:10
FNH:0
FNDA:0,(anonymous_0)
FNDA:0,(anonymous_1)
FNDA:0,(anonymous_2)
FNDA:0,(anonymous_3)
FNDA:0,(anonymous_4)
FNDA:0,(anonymous_5)
FNDA:0,(anonymous_6)
FNDA:0,(anonymous_7)
FNDA:0,(anonymous_8)
FNDA:0,(anonymous_9)
DA:9,0
DA:10,0
DA:12,0
DA:13,0
DA:14,0
DA:21,0
DA:22,0
DA:23,0
DA:26,0
DA:27,0
DA:28,0
DA:37,0
DA:40,0
DA:43,0
DA:44,0
DA:47,0
DA:48,0
DA:49,0
DA:56,0
DA:58,0
DA:66,0
DA:78,0
DA:79,0
DA:80,0
DA:82,0
DA:84,0
DA:87,0
DA:88,0
DA:89,0
DA:90,0
DA:93,0
DA:101,0
DA:102,0
DA:103,0
DA:105,0
DA:107,0
DA:108,0
DA:110,0
DA:111,0
DA:112,0
DA:115,0
DA:126,0
DA:127,0
DA:128,0
DA:129,0
DA:136,0
DA:137,0
DA:138,0
DA:139,0
DA:140,0
DA:146,0
DA:147,0
DA:148,0
DA:150,0
DA:151,0
DA:152,0
DA:162,0
DA:168,0
DA:169,0
DA:171,0
DA:172,0
DA:178,0
DA:180,0
DA:181,0
DA:190,0
DA:196,0
DA:197,0
DA:199,0
DA:200,0
DA:201,0
DA:205,0
DA:206,0
DA:207,0
DA:208,0
DA:210,0
DA:216,0
DA:218,0
LF:77
LH:0
BRDA:26,0,0,0
BRDA:26,0,1,0
BRDA:37,1,0,0
BRDA:37,1,1,0
BRDA:47,2,0,0
BRDA:47,2,1,0
BRDA:82,3,0,0
BRDA:82,3,1,0
BRDA:87,4,0,0
BRDA:87,4,1,0
BRDA:105,5,0,0
BRDA:105,5,1,0
BRDA:110,6,0,0
BRDA:110,6,1,0
BRDA:151,7,0,0
BRDA:151,7,1,0
BRDA:169,8,0,0
BRDA:169,8,1,0
BRDA:171,9,0,0
BRDA:171,9,1,0
BRDA:180,10,0,0
BRDA:180,10,1,0
BRDA:200,11,0,0
BRDA:200,11,1,0
BRDA:207,12,0,0
BRDA:207,12,1,0
BRF:26
BRH:0
end_of_record
TN:
SF:utils\csrfToken.js
FN:21,generateCsrfToken
FN:43,validateCsrfToken
FN:69,invalidateCsrfToken
FN:78,invalidateSessionTokens
FN:89,cleanupExpiredTokens
FN:101,getTokenStoreSize
FN:108,startCleanupInterval
FN:121,stopCleanupInterval
FNF:8
FNH:3
FNDA:9,generateCsrfToken
FNDA:4,validateCsrfToken
FNDA:0,invalidateCsrfToken
FNDA:0,invalidateSessionTokens
FNDA:9,cleanupExpiredTokens
FNDA:0,getTokenStoreSize
FNDA:0,startCleanupInterval
FNDA:0,stopCleanupInterval
DA:6,1
DA:9,1
DA:12,1
DA:13,1
DA:16,1
DA:22,9
DA:23,0
DA:26,9
DA:28,9
DA:34,9
DA:35,9
DA:37,9
DA:44,4
DA:45,0
DA:48,4
DA:50,4
DA:51,1
DA:54,3
DA:55,0
DA:56,0
DA:59,3
DA:60,0
DA:63,3
DA:70,0
DA:71,0
DA:79,0
DA:80,0
DA:81,0
DA:90,9
DA:91,9
DA:92,45
DA:93,0
DA:102,0
DA:109,0
DA:110,0
DA:112,0
DA:113,0
DA:122,0
DA:123,0
DA:124,0
DA:129,1
DA:130,0
DA:133,1
LF:43
LH:23
BRDA:22,0,0,0
BRDA:22,0,1,9
BRDA:44,1,0,0
BRDA:44,1,1,4
BRDA:44,2,0,4
BRDA:44,2,1,4
BRDA:50,3,0,1
BRDA:50,3,1,3
BRDA:54,4,0,0
BRDA:54,4,1,3
BRDA:59,5,0,0
BRDA:59,5,1,3
BRDA:70,6,0,0
BRDA:70,6,1,0
BRDA:80,7,0,0
BRDA:80,7,1,0
BRDA:92,8,0,0
BRDA:92,8,1,45
BRDA:109,9,0,0
BRDA:109,9,1,0
BRDA:112,10,0,0
BRDA:112,10,1,0
BRDA:122,11,0,0
BRDA:122,11,1,0
BRDA:129,12,0,0
BRDA:129,12,1,1
BRF:26
BRH:10
end_of_record
TN:
SF:utils\encryptedField.js
FN:8,encryptedFieldsPlugin
FN:12,(anonymous_1)
FN:23,(anonymous_2)
FN:25,(anonymous_3)
FN:44,(anonymous_4)
FN:47,(anonymous_5)
FN:52,(anonymous_6)
FN:57,(anonymous_7)
FN:63,(anonymous_8)
FN:71,(anonymous_9)
FN:79,decryptDocument
FN:82,(anonymous_11)
FN:105,isEncrypted
FN:113,(anonymous_13)
FNF:14
FNH:0
FNDA:0,encryptedFieldsPlugin
FNDA:0,(anonymous_1)
FNDA:0,(anonymous_2)
FNDA:0,(anonymous_3)
FNDA:0,(anonymous_4)
FNDA:0,(anonymous_5)
FNDA:0,(anonymous_6)
FNDA:0,(anonymous_7)
FNDA:0,(anonymous_8)
FNDA:0,(anonymous_9)
FNDA:0,decryptDocument
FNDA:0,(anonymous_11)
FNDA:0,isEncrypted
FNDA:0,(anonymous_13)
DA:2,0
DA:10,0
DA:12,0
DA:13,0
DA:14,0
DA:18,0
DA:19,0
DA:23,0
DA:24,0
DA:25,0
DA:26,0
DA:29,0
DA:31,0
DA:32,0
DA:33,0
DA:37,0
DA:39,0
DA:44,0
DA:45,0
DA:47,0
DA:48,0
DA:52,0
DA:53,0
DA:54,0
DA:57,0
DA:58,0
DA:59,0
DA:63,0
DA:64,0
DA:65,0
DA:67,0
DA:71,0
DA:72,0
DA:80,0
DA:82,0
DA:83,0
DA:85,0
DA:86,0
DA:87,0
DA:88,0
DA:89,0
DA:91,0
DA:94,0
DA:106,0
DA:108,0
DA:109,0
DA:112,0
DA:113,0
DA:116,0
LF:49
LH:0
BRDA:8,0,0,0
BRDA:13,1,0,0
BRDA:13,1,1,0
BRDA:13,2,0,0
BRDA:13,2,1,0
BRDA:18,3,0,0
BRDA:18,3,1,0
BRDA:29,4,0,0
BRDA:29,4,1,0
BRDA:29,5,0,0
BRDA:29,5,1,0
BRDA:31,6,0,0
BRDA:31,6,1,0
BRDA:45,7,0,0
BRDA:45,7,1,0
BRDA:53,8,0,0
BRDA:53,8,1,0
BRDA:58,9,0,0
BRDA:58,9,1,0
BRDA:64,10,0,0
BRDA:64,10,1,0
BRDA:80,11,0,0
BRDA:80,11,1,0
BRDA:83,12,0,0
BRDA:83,12,1,0
BRDA:85,13,0,0
BRDA:85,13,1,0
BRDA:85,14,0,0
BRDA:85,14,1,0
BRDA:88,15,0,0
BRDA:88,15,1,0
BRDA:106,16,0,0
BRDA:106,16,1,0
BRDA:109,17,0,0
BRDA:109,17,1,0
BRF:35
BRH:0
end_of_record
TN:
SF:utils\encryption.js
FN:21,(anonymous_0)
FN:30,(anonymous_1)
FN:64,(anonymous_2)
FN:107,(anonymous_3)
FN:116,(anonymous_4)
FNF:5
FNH:0
FNDA:0,(anonymous_0)
FNDA:0,(anonymous_1)
FNDA:0,(anonymous_2)
FNDA:0,(anonymous_3)
FNDA:0,(anonymous_4)
DA:2,0
DA:9,0
DA:10,0
DA:11,0
DA:12,0
DA:13,0
DA:21,0
DA:22,0
DA:30,0
DA:31,0
DA:33,0
DA:34,0
DA:35,0
DA:39,0
DA:40,0
DA:43,0
DA:46,0
DA:49,0
DA:50,0
DA:53,0
DA:56,0
DA:64,0
DA:65,0
DA:67,0
DA:68,0
DA:69,0
DA:72,0
DA:74,0
DA:75,0
DA:76,0
DA:79,0
DA:80,0
DA:81,0
DA:82,0
DA:85,0
DA:88,0
DA:89,0
DA:92,0
DA:93,0
DA:95,0
DA:97,0
DA:98,0
DA:107,0
DA:108,0
DA:116,0
DA:117,0
DA:118,0
DA:121,0
LF:48
LH:0
BRDA:31,0,0,0
BRDA:31,0,1,0
BRDA:34,1,0,0
BRDA:34,1,1,0
BRDA:65,2,0,0
BRDA:65,2,1,0
BRDA:68,3,0,0
BRDA:68,3,1,0
BRDA:75,4,0,0
BRDA:75,4,1,0
BRDA:117,5,0,0
BRDA:117,5,1,0
BRF:12
BRH:0
end_of_record
TN:
SF:utils\envValidator.js
FN:120,(anonymous_0)
FN:125,(anonymous_1)
FN:129,(anonymous_2)
FN:133,(anonymous_3)
FN:137,(anonymous_4)
FN:141,(anonymous_5)
FN:153,validateEnvVar
FN:218,validateEnvironment
FN:228,(anonymous_8)
FN:263,printValidationReport
FN:268,(anonymous_10)
FN:274,(anonymous_11)
FN:291,validateOrExit
FNF:13
FNH:8
FNDA:9,(anonymous_0)
FNDA:10,(anonymous_1)
FNDA:4,(anonymous_2)
FNDA:9,(anonymous_3)
FNDA:0,(anonymous_4)
FNDA:9,(anonymous_5)
FNDA:144,validateEnvVar
FNDA:9,validateEnvironment
FNDA:10,(anonymous_8)
FNDA:0,printValidationReport
FNDA:0,(anonymous_10)
FNDA:0,(anonymous_11)
FNDA:0,validateOrExit
DA:9,1
DA:121,9
DA:122,9
DA:126,10
DA:130,4
DA:134,9
DA:138,0
DA:142,9
DA:154,144
DA:157,144
DA:158,4
DA:159,0
DA:161,4
DA:162,4
DA:166,140
DA:167,97
DA:171,43
DA:173,1
DA:174,1
DA:175,1
DA:177,1
DA:178,1
DA:181,2
DA:182,1
DA:184,2
DA:185,2
DA:189,40
DA:190,1
DA:193,40
DA:194,1
DA:197,40
DA:198,1
DA:202,40
DA:203,1
DA:205,40
DA:208,43
DA:219,9
DA:220,9
DA:223,9
DA:224,144
DA:225,144
DA:227,144
DA:228,10
DA:230,135
DA:235,9
DA:237,1
DA:238,1
DA:241,1
DA:242,1
DA:245,1
DA:246,1
DA:249,1
DA:250,1
DA:254,9
DA:264,0
DA:266,0
DA:267,0
DA:268,0
DA:269,0
DA:272,0
DA:273,0
DA:274,0
DA:275,0
DA:278,0
DA:279,0
DA:280,0
DA:281,0
DA:283,0
DA:284,0
DA:292,0
DA:293,0
DA:295,0
DA:296,0
DA:297,0
DA:300,0
DA:303,1
LF:76
LH:53
BRDA:157,0,0,4
BRDA:157,0,1,140
BRDA:157,1,0,144
BRDA:157,1,1,36
BRDA:158,2,0,0
BRDA:158,2,1,4
BRDA:166,3,0,97
BRDA:166,3,1,43
BRDA:171,4,0,1
BRDA:171,4,1,2
BRDA:171,4,2,40
BRDA:174,5,0,1
BRDA:174,5,1,0
BRDA:181,6,0,1
BRDA:181,6,1,1
BRDA:184,7,0,2
BRDA:184,7,1,2
BRDA:189,8,0,1
BRDA:189,8,1,39
BRDA:189,9,0,40
BRDA:189,9,1,8
BRDA:193,10,0,1
BRDA:193,10,1,39
BRDA:193,11,0,40
BRDA:193,11,1,8
BRDA:197,12,0,1
BRDA:197,12,1,39
BRDA:197,13,0,40
BRDA:197,13,1,8
BRDA:202,14,0,1
BRDA:202,14,1,39
BRDA:202,15,0,40
BRDA:202,15,1,8
BRDA:227,16,0,9
BRDA:227,16,1,135
BRDA:235,17,0,1
BRDA:235,17,1,8
BRDA:237,18,0,1
BRDA:237,18,1,0
BRDA:241,19,0,1
BRDA:241,19,1,0
BRDA:241,20,0,1
BRDA:241,20,1,1
BRDA:245,21,0,1
BRDA:245,21,1,0
BRDA:249,22,0,1
BRDA:249,22,1,0
BRDA:266,23,0,0
BRDA:266,23,1,0
BRDA:272,24,0,0
BRDA:272,24,1,0
BRDA:278,25,0,0
BRDA:278,25,1,0
BRDA:278,26,0,0
BRDA:278,26,1,0
BRDA:280,27,0,0
BRDA:280,27,1,0
BRDA:295,28,0,0
BRDA:295,28,1,0
BRF:59
BRH:41
end_of_record
TN:
SF:utils\errorHandler.js
FN:10,(anonymous_0)
FN:38,getSafeErrorMessage
FN:56,getStatusCode
FN:75,logError
FN:110,handleValidationError
FN:111,(anonymous_5)
FN:115,handleDuplicateKeyError
FN:120,handleCastError
FN:124,handleJWTError
FN:128,handleJWTExpiredError
FN:135,normalizeError
FNF:11
FNH:10
FNDA:14,(anonymous_0)
FNDA:7,getSafeErrorMessage
FNDA:4,getStatusCode
FNDA:4,logError
FNDA:1,handleValidationError
FNDA:2,(anonymous_5)
FNDA:1,handleDuplicateKeyError
FNDA:1,handleCastError
FNDA:1,handleJWTError
FNDA:0,handleJWTExpiredError
FNDA:5,normalizeError
DA:11,14
DA:12,14
DA:13,14
DA:14,14
DA:16,14
DA:23,1
DA:40,7
DA:41,3
DA:45,4
DA:46,1
DA:50,3
DA:57,4
DA:58,4
DA:62,0
DA:63,0
DA:64,0
DA:65,0
DA:66,0
DA:68,0
DA:76,4
DA:86,4
DA:87,4
DA:97,4
DA:98,2
DA:103,2
DA:111,2
DA:112,1
DA:116,1
DA:117,1
DA:121,1
DA:125,1
DA:129,0
DA:137,5
DA:138,1
DA:142,4
DA:143,1
DA:147,3
DA:148,1
DA:152,2
DA:153,1
DA:157,1
DA:158,1
DA:161,0
DA:162,0
DA:166,0
DA:169,1
LF:46
LH:36
BRDA:10,0,0,1
BRDA:10,1,0,9
BRDA:38,2,0,0
BRDA:40,3,0,3
BRDA:40,3,1,4
BRDA:45,4,0,1
BRDA:45,4,1,3
BRDA:57,5,0,4
BRDA:57,5,1,0
BRDA:62,6,0,0
BRDA:62,6,1,0
BRDA:63,7,0,0
BRDA:63,7,1,0
BRDA:64,8,0,0
BRDA:64,8,1,0
BRDA:65,9,0,0
BRDA:65,9,1,0
BRDA:66,10,0,0
BRDA:66,10,1,0
BRDA:75,11,0,0
BRDA:80,12,0,4
BRDA:80,12,1,0
BRDA:81,13,0,4
BRDA:81,13,1,0
BRDA:82,14,0,4
BRDA:82,14,1,0
BRDA:86,15,0,4
BRDA:86,15,1,0
BRDA:92,16,0,4
BRDA:92,16,1,4
BRDA:97,17,0,2
BRDA:97,17,1,2
BRDA:137,18,0,1
BRDA:137,18,1,4
BRDA:142,19,0,1
BRDA:142,19,1,3
BRDA:147,20,0,1
BRDA:147,20,1,2
BRDA:152,21,0,1
BRDA:152,21,1,1
BRDA:157,22,0,1
BRDA:157,22,1,0
BRDA:161,23,0,0
BRDA:161,23,1,0
BRF:44
BRH:24
end_of_record
TN:
SF:utils\optUtils.js
FN:9,(anonymous_0)
FN:20,(anonymous_1)
FN:63,(anonymous_2)
FN:132,(anonymous_3)
FN:167,(anonymous_4)
FNF:5
FNH:0
FNDA:0,(anonymous_0)
FNDA:0,(anonymous_1)
FNDA:0,(anonymous_2)
FNDA:0,(anonymous_3)
FNDA:0,(anonymous_4)
DA:2,0
DA:3,0
DA:9,0
DA:11,0
DA:20,0
DA:21,0
DA:23,0
DA:30,0
DA:33,0
DA:40,0
DA:42,0
DA:48,0
DA:49,0
DA:63,0
DA:64,0
DA:66,0
DA:73,0
DA:74,0
DA:81,0
DA:82,0
DA:89,0
DA:90,0
DA:97,0
DA:100,0
DA:101,0
DA:102,0
DA:109,0
DA:110,0
DA:112,0
DA:117,0
DA:118,0
DA:132,0
DA:133,0
DA:135,0
DA:140,0
DA:141,0
DA:145,0
DA:146,0
DA:148,0
DA:149,0
DA:150,0
DA:157,0
DA:159,0
DA:160,0
DA:167,0
DA:168,0
DA:169,0
DA:172,0
DA:173,0
DA:175,0
DA:176,0
DA:180,0
LF:52
LH:0
BRDA:20,0,0,0
BRDA:63,1,0,0
BRDA:73,2,0,0
BRDA:73,2,1,0
BRDA:81,3,0,0
BRDA:81,3,1,0
BRDA:89,4,0,0
BRDA:89,4,1,0
BRDA:100,5,0,0
BRDA:100,5,1,0
BRDA:132,6,0,0
BRDA:140,7,0,0
BRDA:140,7,1,0
BRDA:148,8,0,0
BRDA:148,8,1,0
BRF:15
BRH:0
end_of_record
TN:
SF:utils\passwordSecurity.js
FN:18,(anonymous_0)
FN:66,(anonymous_1)
FN:90,(anonymous_2)
FN:102,(anonymous_3)
FN:123,(anonymous_4)
FN:130,(anonymous_5)
FN:133,(anonymous_6)
FN:140,(anonymous_7)
FN:173,(anonymous_8)
FNF:9
FNH:0
FNDA:0,(anonymous_0)
FNDA:0,(anonymous_1)
FNDA:0,(anonymous_2)
FNDA:0,(anonymous_3)
FNDA:0,(anonymous_4)
FNDA:0,(anonymous_5)
FNDA:0,(anonymous_6)
FNDA:0,(anonymous_7)
FNDA:0,(anonymous_8)
DA:18,0
DA:19,0
DA:22,0
DA:23,0
DA:27,0
DA:28,0
DA:32,0
DA:33,0
DA:37,0
DA:38,0
DA:42,0
DA:43,0
DA:47,0
DA:52,0
DA:53,0
DA:56,0
DA:66,0
DA:67,0
DA:69,0
DA:72,0
DA:75,0
DA:76,0
DA:77,0
DA:78,0
DA:81,0
DA:82,0
DA:84,0
DA:90,0
DA:91,0
DA:92,0
DA:93,0
DA:94,0
DA:102,0
DA:103,0
DA:104,0
DA:105,0
DA:106,0
DA:108,0
DA:109,0
DA:112,0
DA:113,0
DA:114,0
DA:115,0
DA:118,0
DA:119,0
DA:123,0
DA:130,0
DA:133,0
DA:134,0
DA:140,0
DA:141,0
DA:143,0
DA:144,0
DA:147,0
DA:148,0
DA:149,0
DA:150,0
DA:155,0
DA:156,0
DA:157,0
DA:158,0
DA:163,0
DA:164,0
DA:167,0
DA:173,0
DA:174,0
DA:176,0
DA:177,0
DA:183,0
DA:185,0
DA:186,0
DA:195,0
DA:201,0
DA:202,0
DA:203,0
DA:209,0
DA:212,0
LF:77
LH:0
BRDA:22,0,0,0
BRDA:22,0,1,0
BRDA:22,1,0,0
BRDA:22,1,1,0
BRDA:27,2,0,0
BRDA:27,2,1,0
BRDA:32,3,0,0
BRDA:32,3,1,0
BRDA:37,4,0,0
BRDA:37,4,1,0
BRDA:42,5,0,0
BRDA:42,5,1,0
BRDA:52,6,0,0
BRDA:52,6,1,0
BRDA:67,7,0,0
BRDA:67,7,1,0
BRDA:75,8,0,0
BRDA:75,8,1,0
BRDA:76,9,0,0
BRDA:76,9,1,0
BRDA:77,10,0,0
BRDA:77,10,1,0
BRDA:78,11,0,0
BRDA:78,11,1,0
BRDA:81,12,0,0
BRDA:81,12,1,0
BRDA:82,13,0,0
BRDA:82,13,1,0
BRDA:91,14,0,0
BRDA:91,14,1,0
BRDA:92,15,0,0
BRDA:92,15,1,0
BRDA:93,16,0,0
BRDA:93,16,1,0
BRDA:102,17,0,0
BRDA:141,18,0,0
BRDA:141,18,1,0
BRDA:141,19,0,0
BRDA:141,19,1,0
BRDA:147,20,0,0
BRDA:147,20,1,0
BRDA:149,21,0,0
BRDA:149,21,1,0
BRDA:155,22,0,0
BRDA:155,22,1,0
BRDA:157,23,0,0
BRDA:157,23,1,0
BRDA:157,24,0,0
BRDA:157,24,1,0
BRDA:163,25,0,0
BRDA:163,25,1,0
BRDA:163,26,0,0
BRDA:163,26,1,0
BRDA:176,27,0,0
BRDA:176,27,1,0
BRDA:185,28,0,0
BRDA:185,28,1,0
BRDA:202,29,0,0
BRDA:202,29,1,0
BRF:59
BRH:0
end_of_record
TN:
SF:utils\validation.js
FN:44,validateEmail
FN:88,validatePassword
FN:147,calculatePasswordStrength
FN:162,validatePhone
FN:206,validateName
FN:246,validateText
FN:293,validateUrl
FN:333,validateNumber
FN:366,sanitizeHtml
FN:383,validateObjectId
FNF:10
FNH:10
FNDA:5,validateEmail
FNDA:7,validatePassword
FNDA:7,calculatePasswordStrength
FNDA:4,validatePhone
FNDA:5,validateName
FNDA:5,validateText
FNDA:5,validateUrl
FNDA:5,validateNumber
FNDA:4,sanitizeHtml
FNDA:4,validateObjectId
DA:6,1
DA:11,1
DA:45,5
DA:47,5
DA:48,1
DA:49,1
DA:52,4
DA:53,0
DA:54,0
DA:58,4
DA:61,4
DA:62,1
DA:66,4
DA:67,2
DA:71,4
DA:72,0
DA:73,0
DA:74,0
DA:78,4
DA:89,7
DA:91,7
DA:92,0
DA:93,0
DA:96,7
DA:97,0
DA:98,0
DA:102,7
DA:103,2
DA:106,7
DA:107,0
DA:111,7
DA:112,2
DA:115,7
DA:116,1
DA:119,7
DA:120,1
DA:123,7
DA:124,2
DA:128,7
DA:133,7
DA:134,1
DA:137,7
DA:148,7
DA:150,7
DA:151,7
DA:152,7
DA:153,7
DA:154,7
DA:156,7
DA:163,4
DA:165,4
DA:166,0
DA:167,0
DA:170,4
DA:171,0
DA:172,0
DA:176,4
DA:179,4
DA:180,4
DA:183,4
DA:184,1
DA:188,4
DA:189,1
DA:192,4
DA:193,0
DA:196,4
DA:207,5
DA:209,5
DA:210,0
DA:211,0
DA:214,5
DA:215,0
DA:216,0
DA:220,5
DA:223,5
DA:224,0
DA:227,5
DA:228,0
DA:232,5
DA:233,2
DA:236,5
DA:247,5
DA:249,5
DA:250,0
DA:253,5
DA:254,0
DA:255,0
DA:259,5
DA:262,5
DA:263,1
DA:267,5
DA:276,5
DA:277,21
DA:278,2
DA:279,2
DA:283,5
DA:294,5
DA:296,5
DA:297,0
DA:298,0
DA:301,5
DA:302,0
DA:303,0
DA:307,5
DA:310,5
DA:319,5
DA:320,3
DA:323,5
DA:334,5
DA:336,5
DA:337,0
DA:338,0
DA:341,5
DA:343,5
DA:344,1
DA:345,1
DA:348,4
DA:349,1
DA:352,4
DA:353,1
DA:356,4
DA:367,4
DA:368,2
DA:371,2
DA:384,4
DA:386,4
DA:387,1
DA:388,1
DA:391,3
DA:392,2
DA:395,3
DA:401,1
LF:132
LH:102
BRDA:47,0,0,1
BRDA:47,0,1,4
BRDA:52,1,0,0
BRDA:52,1,1,4
BRDA:61,2,0,1
BRDA:61,2,1,3
BRDA:66,3,0,2
BRDA:66,3,1,2
BRDA:71,4,0,0
BRDA:71,4,1,4
BRDA:71,5,0,4
BRDA:71,5,1,0
BRDA:73,6,0,0
BRDA:73,6,1,0
BRDA:81,7,0,2
BRDA:81,7,1,2
BRDA:91,8,0,0
BRDA:91,8,1,7
BRDA:96,9,0,0
BRDA:96,9,1,7
BRDA:102,10,0,2
BRDA:102,10,1,5
BRDA:106,11,0,0
BRDA:106,11,1,7
BRDA:111,12,0,2
BRDA:111,12,1,5
BRDA:111,13,0,7
BRDA:111,13,1,7
BRDA:115,14,0,1
BRDA:115,14,1,6
BRDA:115,15,0,7
BRDA:115,15,1,7
BRDA:119,16,0,1
BRDA:119,16,1,6
BRDA:119,17,0,7
BRDA:119,17,1,7
BRDA:123,18,0,2
BRDA:123,18,1,5
BRDA:123,19,0,7
BRDA:123,19,1,7
BRDA:133,20,0,1
BRDA:133,20,1,6
BRDA:150,21,0,5
BRDA:150,21,1,2
BRDA:151,22,0,4
BRDA:151,22,1,3
BRDA:152,23,0,4
BRDA:152,23,1,3
BRDA:152,24,0,7
BRDA:152,24,1,5
BRDA:153,25,0,6
BRDA:153,25,1,1
BRDA:154,26,0,5
BRDA:154,26,1,2
BRDA:165,27,0,0
BRDA:165,27,1,4
BRDA:170,28,0,0
BRDA:170,28,1,4
BRDA:183,29,0,1
BRDA:183,29,1,3
BRDA:188,30,0,1
BRDA:188,30,1,3
BRDA:192,31,0,0
BRDA:192,31,1,4
BRDA:199,32,0,2
BRDA:199,32,1,2
BRDA:206,33,0,5
BRDA:209,34,0,0
BRDA:209,34,1,5
BRDA:214,35,0,0
BRDA:214,35,1,5
BRDA:223,36,0,0
BRDA:223,36,1,5
BRDA:227,37,0,0
BRDA:227,37,1,5
BRDA:232,38,0,2
BRDA:232,38,1,3
BRDA:239,39,0,3
BRDA:239,39,1,2
BRDA:246,40,0,5
BRDA:246,41,0,5
BRDA:249,42,0,0
BRDA:249,42,1,5
BRDA:249,43,0,5
BRDA:249,43,1,5
BRDA:253,44,0,0
BRDA:253,44,1,5
BRDA:262,45,0,1
BRDA:262,45,1,4
BRDA:277,46,0,2
BRDA:277,46,1,19
BRDA:286,47,0,2
BRDA:286,47,1,3
BRDA:293,48,0,5
BRDA:296,49,0,0
BRDA:296,49,1,5
BRDA:301,50,0,0
BRDA:301,50,1,5
BRDA:319,51,0,3
BRDA:319,51,1,2
BRDA:326,52,0,2
BRDA:326,52,1,3
BRDA:333,53,0,0
BRDA:333,54,0,1
BRDA:333,55,0,1
BRDA:336,56,0,0
BRDA:336,56,1,5
BRDA:336,57,0,5
BRDA:336,57,1,5
BRDA:343,58,0,1
BRDA:343,58,1,4
BRDA:348,59,0,1
BRDA:348,59,1,3
BRDA:348,60,0,4
BRDA:348,60,1,4
BRDA:352,61,0,1
BRDA:352,61,1,3
BRDA:352,62,0,4
BRDA:352,62,1,4
BRDA:367,63,0,2
BRDA:367,63,1,2
BRDA:367,64,0,4
BRDA:367,64,1,2
BRDA:383,65,0,4
BRDA:386,66,0,1
BRDA:386,66,1,3
BRDA:391,67,0,2
BRDA:391,67,1,1
BRF:128
BRH:107
end_of_record
TN:
SF:utils\security\inputValidation.js
FN:10,(anonymous_0)
FN:21,(anonymous_1)
FN:58,(anonymous_2)
FN:91,(anonymous_3)
FN:113,(anonymous_4)
FN:143,(anonymous_5)
FN:165,(anonymous_6)
FN:186,(anonymous_7)
FN:203,(anonymous_8)
FN:227,(anonymous_9)
FN:252,(anonymous_10)
FN:278,(anonymous_11)
FN:303,(anonymous_12)
FN:318,(anonymous_13)
FN:351,(anonymous_14)
FN:361,(anonymous_15)
FN:371,(anonymous_16)
FNF:17
FNH:0
FNDA:0,(anonymous_0)
FNDA:0,(anonymous_1)
FNDA:0,(anonymous_2)
FNDA:0,(anonymous_3)
FNDA:0,(anonymous_4)
FNDA:0,(anonymous_5)
FNDA:0,(anonymous_6)
FNDA:0,(anonymous_7)
FNDA:0,(anonymous_8)
FNDA:0,(anonymous_9)
FNDA:0,(anonymous_10)
FNDA:0,(anonymous_11)
FNDA:0,(anonymous_12)
FNDA:0,(anonymous_13)
FNDA:0,(anonymous_14)
FNDA:0,(anonymous_15)
FNDA:0,(anonymous_16)
DA:2,0
DA:11,0
DA:12,0
DA:13,0
DA:14,0
DA:21,0
DA:22,0
DA:29,0
DA:31,0
DA:34,0
DA:37,0
DA:38,0
DA:42,0
DA:43,0
DA:47,0
DA:48,0
DA:49,0
DA:52,0
DA:58,0
DA:59,0
DA:60,0
DA:62,0
DA:64,0
DA:66,0
DA:72,0
DA:73,0
DA:76,0
DA:77,0
DA:78,0
DA:79,0
DA:81,0
DA:85,0
DA:91,0
DA:92,0
DA:93,0
DA:96,0
DA:98,0
DA:99,0
DA:103,0
DA:104,0
DA:107,0
DA:113,0
DA:114,0
DA:115,0
DA:118,0
DA:125,0
DA:128,0
DA:130,0
DA:131,0
DA:137,0
DA:143,0
DA:144,0
DA:146,0
DA:147,0
DA:150,0
DA:151,0
DA:154,0
DA:155,0
DA:159,0
DA:165,0
DA:166,0
DA:168,0
DA:169,0
DA:172,0
DA:173,0
DA:176,0
DA:177,0
DA:180,0
DA:186,0
DA:187,0
DA:188,0
DA:191,0
DA:193,0
DA:194,0
DA:197,0
DA:203,0
DA:204,0
DA:205,0
DA:208,0
DA:213,0
DA:214,0
DA:217,0
DA:218,0
DA:221,0
DA:227,0
DA:228,0
DA:230,0
DA:231,0
DA:234,0
DA:239,0
DA:240,0
DA:246,0
DA:252,0
DA:253,0
DA:254,0
DA:257,0
DA:263,0
DA:264,0
DA:265,0
DA:272,0
DA:278,0
DA:279,0
DA:280,0
DA:282,0
DA:283,0
DA:284,0
DA:288,0
DA:289,0
DA:292,0
DA:303,0
DA:304,0
DA:305,0
DA:308,0
DA:309,0
DA:312,0
DA:318,0
DA:323,0
DA:325,0
DA:326,0
DA:330,0
DA:331,0
DA:338,0
DA:339,0
DA:345,0
DA:351,0
DA:352,0
DA:353,0
DA:355,0
DA:361,0
DA:362,0
DA:363,0
DA:365,0
DA:371,0
DA:372,0
DA:373,0
DA:374,0
DA:375,0
DA:376,0
DA:381,0
DA:384,0
DA:385,0
DA:386,0
DA:387,0
DA:392,0
DA:395,0
DA:397,0
DA:405,0
LF:147
LH:0
BRDA:21,0,0,0
BRDA:22,1,0,0
BRDA:22,1,1,0
BRDA:25,2,0,0
BRDA:26,3,0,0
BRDA:27,4,0,0
BRDA:28,5,0,0
BRDA:34,6,0,0
BRDA:34,6,1,0
BRDA:37,7,0,0
BRDA:37,7,1,0
BRDA:42,8,0,0
BRDA:42,8,1,0
BRDA:42,9,0,0
BRDA:42,9,1,0
BRDA:47,10,0,0
BRDA:47,10,1,0
BRDA:58,11,0,0
BRDA:58,12,0,0
BRDA:59,13,0,0
BRDA:59,13,1,0
BRDA:60,14,0,0
BRDA:60,14,1,0
BRDA:60,15,0,0
BRDA:60,15,1,0
BRDA:62,16,0,0
BRDA:62,16,1,0
BRDA:72,17,0,0
BRDA:72,17,1,0
BRDA:72,18,0,0
BRDA:72,18,1,0
BRDA:72,18,2,0
BRDA:76,19,0,0
BRDA:76,19,1,0
BRDA:78,20,0,0
BRDA:78,20,1,0
BRDA:78,21,0,0
BRDA:78,21,1,0
BRDA:92,22,0,0
BRDA:92,22,1,0
BRDA:92,23,0,0
BRDA:92,23,1,0
BRDA:98,24,0,0
BRDA:98,24,1,0
BRDA:103,25,0,0
BRDA:103,25,1,0
BRDA:114,26,0,0
BRDA:114,26,1,0
BRDA:114,27,0,0
BRDA:114,27,1,0
BRDA:130,28,0,0
BRDA:130,28,1,0
BRDA:146,29,0,0
BRDA:146,29,1,0
BRDA:150,30,0,0
BRDA:150,30,1,0
BRDA:154,31,0,0
BRDA:154,31,1,0
BRDA:168,32,0,0
BRDA:168,32,1,0
BRDA:172,33,0,0
BRDA:172,33,1,0
BRDA:176,34,0,0
BRDA:176,34,1,0
BRDA:186,35,0,0
BRDA:187,36,0,0
BRDA:187,36,1,0
BRDA:193,37,0,0
BRDA:193,37,1,0
BRDA:204,38,0,0
BRDA:204,38,1,0
BRDA:204,39,0,0
BRDA:204,39,1,0
BRDA:213,40,0,0
BRDA:213,40,1,0
BRDA:217,41,0,0
BRDA:217,41,1,0
BRDA:227,42,0,0
BRDA:228,43,0,0
BRDA:228,44,0,0
BRDA:230,45,0,0
BRDA:230,45,1,0
BRDA:230,46,0,0
BRDA:230,46,1,0
BRDA:239,47,0,0
BRDA:239,47,1,0
BRDA:252,48,0,0
BRDA:253,49,0,0
BRDA:253,49,1,0
BRDA:253,50,0,0
BRDA:253,50,1,0
BRDA:263,51,0,0
BRDA:263,51,1,0
BRDA:264,52,0,0
BRDA:264,52,1,0
BRDA:283,53,0,0
BRDA:283,53,1,0
BRDA:288,54,0,0
BRDA:288,54,1,0
BRDA:303,55,0,0
BRDA:304,56,0,0
BRDA:304,56,1,0
BRDA:304,57,0,0
BRDA:304,57,1,0
BRDA:308,58,0,0
BRDA:308,58,1,0
BRDA:318,59,0,0
BRDA:320,60,0,0
BRDA:321,61,0,0
BRDA:322,62,0,0
BRDA:325,63,0,0
BRDA:325,63,1,0
BRDA:330,64,0,0
BRDA:330,64,1,0
BRDA:338,65,0,0
BRDA:338,65,1,0
BRDA:352,66,0,0
BRDA:352,66,1,0
BRDA:352,67,0,0
BRDA:352,67,1,0
BRDA:362,68,0,0
BRDA:362,68,1,0
BRDA:362,69,0,0
BRDA:362,69,1,0
BRDA:373,70,0,0
BRDA:373,70,1,0
BRDA:375,71,0,0
BRDA:375,71,1,0
BRDA:375,72,0,0
BRDA:375,72,1,0
BRDA:384,73,0,0
BRDA:384,73,1,0
BRDA:386,74,0,0
BRDA:386,74,1,0
BRDA:386,75,0,0
BRDA:386,75,1,0
BRDA:386,75,2,0
BRF:137
BRH:0
end_of_record
