TN:
SF:middleware\adminAuth.js
FN:17,adminAuth
FNF:1
FNH:0
FNDA:0,adminAuth
DA:3,0
DA:4,0
DA:5,0
DA:6,0
DA:9,0
DA:18,0
DA:20,0
DA:22,0
DA:23,0
DA:26,0
DA:28,0
DA:29,0
DA:32,0
DA:35,0
DA:36,0
DA:38,0
DA:39,0
DA:50,0
DA:51,0
DA:52,0
DA:53,0
DA:55,0
DA:56,0
DA:61,0
DA:62,0
DA:63,0
DA:64,0
DA:65,0
DA:66,0
DA:68,0
DA:76,0
DA:85,0
DA:86,0
DA:87,0
DA:89,0
DA:90,0
DA:102,0
DA:103,0
DA:108,0
DA:109,0
DA:113,0
DA:114,0
DA:118,0
DA:119,0
DA:120,0
DA:124,0
DA:131,0
DA:133,0
DA:134,0
DA:135,0
DA:137,0
DA:141,0
LF:52
LH:0
BRDA:22,0,0,0
BRDA:22,0,1,0
BRDA:22,1,0,0
BRDA:22,1,1,0
BRDA:28,2,0,0
BRDA:28,2,1,0
BRDA:38,3,0,0
BRDA:38,3,1,0
BRDA:50,4,0,0
BRDA:50,4,1,0
BRDA:55,5,0,0
BRDA:55,5,1,0
BRDA:61,6,0,0
BRDA:61,6,1,0
BRDA:64,7,0,0
BRDA:64,7,1,0
BRDA:85,8,0,0
BRDA:85,8,1,0
BRDA:89,9,0,0
BRDA:89,9,1,0
BRDA:89,10,0,0
BRDA:89,10,1,0
BRDA:89,10,2,0
BRDA:102,11,0,0
BRDA:102,11,1,0
BRDA:108,12,0,0
BRDA:108,12,1,0
BRDA:113,13,0,0
BRDA:113,13,1,0
BRDA:118,14,0,0
BRDA:118,14,1,0
BRDA:134,15,0,0
BRDA:134,15,1,0
BRF:33
BRH:0
end_of_record
TN:
SF:middleware\auditLog.js
FN:19,(anonymous_0)
FN:41,(anonymous_1)
FN:45,(anonymous_2)
FN:67,(anonymous_3)
FN:80,(anonymous_4)
FN:93,(anonymous_5)
FN:112,(anonymous_6)
FN:126,(anonymous_7)
FN:140,(anonymous_8)
FN:152,(anonymous_9)
FN:167,(anonymous_10)
FN:173,(anonymous_11)
FN:185,(anonymous_12)
FN:201,(anonymous_13)
FN:204,(anonymous_14)
FN:206,(anonymous_15)
FN:208,(anonymous_16)
FN:210,(anonymous_17)
FN:228,(anonymous_18)
FNF:19
FNH:0
FNDA:0,(anonymous_0)
FNDA:0,(anonymous_1)
FNDA:0,(anonymous_2)
FNDA:0,(anonymous_3)
FNDA:0,(anonymous_4)
FNDA:0,(anonymous_5)
FNDA:0,(anonymous_6)
FNDA:0,(anonymous_7)
FNDA:0,(anonymous_8)
FNDA:0,(anonymous_9)
FNDA:0,(anonymous_10)
FNDA:0,(anonymous_11)
FNDA:0,(anonymous_12)
FNDA:0,(anonymous_13)
FNDA:0,(anonymous_14)
FNDA:0,(anonymous_15)
FNDA:0,(anonymous_16)
FNDA:0,(anonymous_17)
FNDA:0,(anonymous_18)
DA:2,0
DA:3,0
DA:11,0
DA:12,0
DA:13,0
DA:19,0
DA:20,0
DA:21,0
DA:26,0
DA:29,0
DA:30,0
DA:33,0
DA:34,0
DA:41,0
DA:43,0
DA:45,0
DA:46,0
DA:48,0
DA:58,0
DA:61,0
DA:67,0
DA:68,0
DA:80,0
DA:81,0
DA:93,0
DA:95,0
DA:96,0
DA:106,0
DA:112,0
DA:113,0
DA:126,0
DA:127,0
DA:140,0
DA:141,0
DA:152,0
DA:153,0
DA:167,0
DA:168,0
DA:170,0
DA:171,0
DA:173,0
DA:174,0
DA:175,0
DA:179,0
DA:185,0
DA:186,0
DA:187,0
DA:195,0
DA:201,0
DA:203,0
DA:204,0
DA:206,0
DA:207,0
DA:208,0
DA:210,0
DA:211,0
DA:212,0
DA:215,0
DA:216,0
DA:219,0
DA:221,0
DA:228,0
DA:231,0
LF:63
LH:0
BRDA:12,0,0,0
BRDA:12,0,1,0
BRDA:33,1,0,0
BRDA:33,1,1,0
BRDA:46,2,0,0
BRDA:46,2,1,0
BRDA:51,3,0,0
BRDA:51,3,1,0
BRDA:51,3,2,0
BRDA:52,4,0,0
BRDA:52,4,1,0
BRDA:72,5,0,0
BRDA:72,5,1,0
BRDA:85,6,0,0
BRDA:85,6,1,0
BRDA:95,7,0,0
BRDA:95,7,1,0
BRDA:95,8,0,0
BRDA:95,8,1,0
BRDA:101,9,0,0
BRDA:101,9,1,0
BRDA:118,10,0,0
BRDA:118,10,1,0
BRDA:119,11,0,0
BRDA:119,11,1,0
BRDA:129,12,0,0
BRDA:129,12,1,0
BRDA:131,13,0,0
BRDA:131,13,1,0
BRDA:133,14,0,0
BRDA:133,14,1,0
BRDA:143,15,0,0
BRDA:143,15,1,0
BRDA:157,16,0,0
BRDA:157,16,1,0
BRDA:168,17,0,0
BRDA:168,17,1,0
BRDA:168,18,0,0
BRDA:168,18,1,0
BRDA:174,19,0,0
BRDA:174,19,1,0
BRDA:186,20,0,0
BRDA:186,20,1,0
BRDA:192,21,0,0
BRDA:192,21,1,0
BRDA:215,22,0,0
BRDA:215,22,1,0
BRDA:215,23,0,0
BRDA:215,23,1,0
BRDA:216,24,0,0
BRDA:216,24,1,0
BRDA:216,25,0,0
BRDA:216,25,1,0
BRDA:219,26,0,0
BRDA:219,26,1,0
BRDA:219,27,0,0
BRDA:219,27,1,0
BRF:57
BRH:0
end_of_record
TN:
SF:middleware\auth.js
FN:18,auth
FNF:1
FNH:0
FNDA:0,auth
DA:4,0
DA:5,0
DA:6,0
DA:9,0
DA:19,0
DA:21,0
DA:23,0
DA:24,0
DA:27,0
DA:29,0
DA:30,0
DA:33,0
DA:36,0
DA:37,0
DA:39,0
DA:41,0
DA:47,0
DA:48,0
DA:49,0
DA:50,0
DA:52,0
DA:53,0
DA:58,0
DA:59,0
DA:60,0
DA:66,0
DA:67,0
DA:68,0
DA:70,0
DA:75,0
DA:77,0
DA:78,0
DA:86,0
DA:87,0
DA:88,0
DA:90,0
DA:94,0
DA:98,0
DA:99,0
DA:103,0
DA:104,0
DA:113,0
DA:121,0
DA:122,0
DA:124,0
DA:125,0
DA:130,0
DA:131,0
DA:134,0
DA:143,0
DA:146,0
DA:147,0
DA:151,0
DA:153,0
DA:155,0
DA:156,0
DA:159,0
DA:163,0
LF:58
LH:0
BRDA:23,0,0,0
BRDA:23,0,1,0
BRDA:23,1,0,0
BRDA:23,1,1,0
BRDA:29,2,0,0
BRDA:29,2,1,0
BRDA:39,3,0,0
BRDA:39,3,1,0
BRDA:47,4,0,0
BRDA:47,4,1,0
BRDA:52,5,0,0
BRDA:52,5,1,0
BRDA:58,6,0,0
BRDA:58,6,1,0
BRDA:62,7,0,0
BRDA:62,7,1,0
BRDA:63,8,0,0
BRDA:63,8,1,0
BRDA:64,9,0,0
BRDA:64,9,1,0
BRDA:66,10,0,0
BRDA:66,10,1,0
BRDA:81,11,0,0
BRDA:81,11,1,0
BRDA:82,12,0,0
BRDA:82,12,1,0
BRDA:83,13,0,0
BRDA:83,13,1,0
BRDA:86,14,0,0
BRDA:86,14,1,0
BRDA:103,15,0,0
BRDA:103,15,1,0
BRDA:124,16,0,0
BRDA:124,16,1,0
BRDA:124,17,0,0
BRDA:124,17,1,0
BRDA:124,17,2,0
BRDA:130,18,0,0
BRDA:130,18,1,0
BRDA:146,19,0,0
BRDA:146,19,1,0
BRDA:155,20,0,0
BRDA:155,20,1,0
BRF:43
BRH:0
end_of_record
TN:
SF:middleware\csrfProtection.js
FN:22,(anonymous_0)
FN:35,(anonymous_1)
FN:53,(anonymous_2)
FN:63,(anonymous_3)
FNF:4
FNH:1
FNDA:2,(anonymous_0)
FNDA:0,(anonymous_1)
FNDA:0,(anonymous_2)
FNDA:0,(anonymous_3)
DA:2,1
DA:10,1
DA:22,1
DA:24,2
DA:29,0
DA:35,1
DA:37,0
DA:39,0
DA:40,0
DA:47,0
DA:53,1
DA:54,0
DA:63,1
DA:64,0
DA:67,0
DA:74,0
DA:80,1
LF:17
LH:8
BRDA:37,0,0,0
BRDA:37,0,1,0
BRDA:39,1,0,0
BRDA:39,1,1,0
BRDA:64,2,0,0
BRDA:64,2,1,0
BRF:6
BRH:0
end_of_record
TN:
SF:middleware\csvUpload.js
FN:9,(anonymous_0)
FN:14,checkFileType
FNF:2
FNH:0
FNDA:0,(anonymous_0)
FNDA:0,checkFileType
DA:1,0
DA:2,0
DA:4,0
DA:6,0
DA:10,0
DA:15,0
DA:16,0
DA:17,0
DA:19,0
DA:20,0
DA:22,0
DA:26,0
LF:12
LH:0
BRDA:19,0,0,0
BRDA:19,0,1,0
BRDA:19,1,0,0
BRDA:19,1,1,0
BRF:4
BRH:0
end_of_record
TN:
SF:middleware\errorMiddleware.js
FN:16,errorHandler
FN:43,notFoundHandler
FN:51,asyncHandler
FN:52,(anonymous_3)
FNF:4
FNH:4
FNDA:4,errorHandler
FNDA:1,notFoundHandler
FNDA:2,asyncHandler
FNDA:2,(anonymous_3)
DA:11,1
DA:17,4
DA:18,4
DA:20,4
DA:21,4
DA:23,4
DA:32,4
DA:33,2
DA:34,2
DA:37,4
DA:44,1
DA:45,1
DA:52,2
DA:53,2
DA:57,1
LF:15
LH:15
BRDA:17,0,0,4
BRDA:17,0,1,0
BRDA:32,1,0,2
BRDA:32,1,1,2
BRF:4
BRH:3
end_of_record
TN:
SF:middleware\imagekitUpload.js
FN:12,(anonymous_0)
FN:20,(anonymous_1)
FN:28,(anonymous_2)
FN:41,(anonymous_3)
FN:55,(anonymous_4)
FN:62,(anonymous_5)
FN:94,(anonymous_6)
FN:102,(anonymous_7)
FN:134,(anonymous_8)
FN:164,(anonymous_9)
FN:169,(anonymous_10)
FN:174,(anonymous_11)
FN:183,(anonymous_12)
FN:202,(anonymous_13)
FN:205,(anonymous_14)
FN:268,(anonymous_15)
FN:271,(anonymous_16)
FNF:17
FNH:0
FNDA:0,(anonymous_0)
FNDA:0,(anonymous_1)
FNDA:0,(anonymous_2)
FNDA:0,(anonymous_3)
FNDA:0,(anonymous_4)
FNDA:0,(anonymous_5)
FNDA:0,(anonymous_6)
FNDA:0,(anonymous_7)
FNDA:0,(anonymous_8)
FNDA:0,(anonymous_9)
FNDA:0,(anonymous_10)
FNDA:0,(anonymous_11)
FNDA:0,(anonymous_12)
FNDA:0,(anonymous_13)
FNDA:0,(anonymous_14)
FNDA:0,(anonymous_15)
FNDA:0,(anonymous_16)
DA:4,0
DA:5,0
DA:6,0
DA:7,0
DA:8,0
DA:11,0
DA:13,0
DA:15,0
DA:16,0
DA:18,0
DA:21,0
DA:22,0
DA:23,0
DA:28,0
DA:29,0
DA:30,0
DA:31,0
DA:33,0
DA:34,0
DA:36,0
DA:41,0
DA:42,0
DA:43,0
DA:44,0
DA:46,0
DA:47,0
DA:49,0
DA:54,0
DA:56,0
DA:57,0
DA:58,0
DA:60,0
DA:63,0
DA:64,0
DA:65,0
DA:70,0
DA:78,0
DA:83,0
DA:94,0
DA:96,0
DA:102,0
DA:103,0
DA:104,0
DA:105,0
DA:106,0
DA:108,0
DA:109,0
DA:111,0
DA:113,0
DA:117,0
DA:118,0
DA:119,0
DA:120,0
DA:121,0
DA:123,0
DA:126,0
DA:127,0
DA:130,0
DA:132,0
DA:134,0
DA:135,0
DA:137,0
DA:147,0
DA:148,0
DA:151,0
DA:153,0
DA:154,0
DA:161,0
DA:164,0
DA:165,0
DA:166,0
DA:167,0
DA:169,0
DA:174,0
DA:182,0
DA:183,0
DA:191,0
DA:193,0
DA:194,0
DA:202,0
DA:203,0
DA:205,0
DA:206,0
DA:207,0
DA:208,0
DA:209,0
DA:211,0
DA:213,0
DA:217,0
DA:218,0
DA:221,0
DA:223,0
DA:225,0
DA:234,0
DA:235,0
DA:239,0
DA:242,0
DA:249,0
DA:250,0
DA:257,0
DA:259,0
DA:260,0
DA:268,0
DA:269,0
DA:271,0
DA:272,0
DA:273,0
DA:274,0
DA:275,0
DA:277,0
DA:279,0
DA:283,0
DA:284,0
DA:287,0
DA:289,0
DA:291,0
DA:300,0
DA:301,0
DA:305,0
DA:308,0
DA:315,0
DA:316,0
DA:323,0
DA:325,0
DA:326,0
DA:331,0
LF:126
LH:0
BRDA:15,0,0,0
BRDA:15,0,1,0
BRDA:33,1,0,0
BRDA:33,1,1,0
BRDA:33,2,0,0
BRDA:33,2,1,0
BRDA:46,3,0,0
BRDA:46,3,1,0
BRDA:46,4,0,0
BRDA:46,4,1,0
BRDA:57,5,0,0
BRDA:57,5,1,0
BRDA:103,6,0,0
BRDA:103,6,1,0
BRDA:104,7,0,0
BRDA:104,7,1,0
BRDA:105,8,0,0
BRDA:105,8,1,0
BRDA:108,9,0,0
BRDA:108,9,1,0
BRDA:118,10,0,0
BRDA:118,10,1,0
BRDA:119,11,0,0
BRDA:119,11,1,0
BRDA:120,12,0,0
BRDA:120,12,1,0
BRDA:121,13,0,0
BRDA:121,13,1,0
BRDA:126,14,0,0
BRDA:126,14,1,0
BRDA:126,15,0,0
BRDA:126,15,1,0
BRDA:132,16,0,0
BRDA:132,16,1,0
BRDA:147,17,0,0
BRDA:147,17,1,0
BRDA:165,18,0,0
BRDA:165,18,1,0
BRDA:206,19,0,0
BRDA:206,19,1,0
BRDA:207,20,0,0
BRDA:207,20,1,0
BRDA:208,21,0,0
BRDA:208,21,1,0
BRDA:217,22,0,0
BRDA:217,22,1,0
BRDA:223,23,0,0
BRDA:223,23,1,0
BRDA:234,24,0,0
BRDA:234,24,1,0
BRDA:272,25,0,0
BRDA:272,25,1,0
BRDA:273,26,0,0
BRDA:273,26,1,0
BRDA:274,27,0,0
BRDA:274,27,1,0
BRDA:283,28,0,0
BRDA:283,28,1,0
BRDA:289,29,0,0
BRDA:289,29,1,0
BRDA:300,30,0,0
BRDA:300,30,1,0
BRF:62
BRH:0
end_of_record
TN:
SF:middleware\productUpload.js
FN:14,(anonymous_0)
FN:17,(anonymous_1)
FN:26,(anonymous_2)
FNF:3
FNH:0
FNDA:0,(anonymous_0)
FNDA:0,(anonymous_1)
FNDA:0,(anonymous_2)
DA:2,0
DA:3,0
DA:4,0
DA:7,0
DA:10,0
DA:13,0
DA:15,0
DA:19,0
DA:20,0
DA:21,0
DA:26,0
DA:27,0
DA:28,0
DA:29,0
DA:31,0
DA:32,0
DA:34,0
DA:41,0
DA:47,0
LF:19
LH:0
BRDA:31,0,0,0
BRDA:31,0,1,0
BRDA:31,1,0,0
BRDA:31,1,1,0
BRF:4
BRH:0
end_of_record
TN:
SF:middleware\productUploadOptimized.js
FN:10,(anonymous_0)
FN:14,(anonymous_1)
FN:22,(anonymous_2)
FN:50,(anonymous_3)
FN:51,(anonymous_4)
FNF:5
FNH:0
FNDA:0,(anonymous_0)
FNDA:0,(anonymous_1)
FNDA:0,(anonymous_2)
FNDA:0,(anonymous_3)
FNDA:0,(anonymous_4)
DA:4,0
DA:5,0
DA:6,0
DA:9,0
DA:11,0
DA:12,0
DA:16,0
DA:17,0
DA:22,0
DA:24,0
DA:25,0
DA:29,0
DA:30,0
DA:32,0
DA:33,0
DA:36,0
DA:40,0
DA:50,0
DA:51,0
DA:52,0
DA:54,0
DA:55,0
DA:60,0
DA:61,0
DA:66,0
DA:70,0
DA:72,0
DA:79,0
DA:83,0
LF:29
LH:0
BRDA:24,0,0,0
BRDA:24,0,1,0
BRDA:32,1,0,0
BRDA:32,1,1,0
BRDA:52,2,0,0
BRDA:52,2,1,0
BRDA:54,3,0,0
BRDA:54,3,1,0
BRDA:60,4,0,0
BRDA:60,4,1,0
BRDA:70,5,0,0
BRDA:70,5,1,0
BRF:12
BRH:0
end_of_record
TN:
SF:middleware\sellerAuth.js
FN:11,sellerAuth
FNF:1
FNH:0
FNDA:0,sellerAuth
DA:4,0
DA:12,0
DA:13,0
DA:18,0
DA:19,0
DA:22,0
DA:23,0
DA:26,0
DA:27,0
DA:30,0
DA:31,0
DA:37,0
DA:39,0
DA:40,0
DA:44,0
LF:15
LH:0
BRDA:18,0,0,0
BRDA:18,0,1,0
BRDA:22,1,0,0
BRDA:22,1,1,0
BRDA:26,2,0,0
BRDA:26,2,1,0
BRDA:30,3,0,0
BRDA:30,3,1,0
BRF:8
BRH:0
end_of_record
TN:
SF:middleware\upload.js
FN:8,(anonymous_0)
FN:12,(anonymous_1)
FN:22,(anonymous_2)
FNF:3
FNH:0
FNDA:0,(anonymous_0)
FNDA:0,(anonymous_1)
FNDA:0,(anonymous_2)
DA:2,0
DA:3,0
DA:7,0
DA:10,0
DA:15,0
DA:16,0
DA:22,0
DA:23,0
DA:24,0
DA:25,0
DA:27,0
DA:28,0
DA:30,0
DA:36,0
DA:42,0
LF:15
LH:0
BRDA:27,0,0,0
BRDA:27,0,1,0
BRDA:27,1,0,0
BRDA:27,1,1,0
BRF:4
BRH:0
end_of_record
TN:
SF:middleware\validateInput.js
FN:19,(anonymous_0)
FN:55,(anonymous_1)
FN:94,(anonymous_2)
FN:140,(anonymous_3)
FN:188,(anonymous_4)
FN:210,(anonymous_5)
FN:238,(anonymous_6)
FN:287,(anonymous_7)
FN:288,(anonymous_8)
FN:309,(anonymous_9)
FN:369,(anonymous_10)
FNF:11
FNH:0
FNDA:0,(anonymous_0)
FNDA:0,(anonymous_1)
FNDA:0,(anonymous_2)
FNDA:0,(anonymous_3)
FNDA:0,(anonymous_4)
FNDA:0,(anonymous_5)
FNDA:0,(anonymous_6)
FNDA:0,(anonymous_7)
FNDA:0,(anonymous_8)
FNDA:0,(anonymous_9)
FNDA:0,(anonymous_10)
DA:14,0
DA:19,0
DA:20,0
DA:21,0
DA:22,0
DA:25,0
DA:26,0
DA:27,0
DA:31,0
DA:32,0
DA:33,0
DA:37,0
DA:38,0
DA:40,0
DA:41,0
DA:42,0
DA:48,0
DA:55,0
DA:56,0
DA:57,0
DA:59,0
DA:60,0
DA:67,0
DA:68,0
DA:69,0
DA:70,0
DA:72,0
DA:78,0
DA:80,0
DA:81,0
DA:87,0
DA:94,0
DA:95,0
DA:96,0
DA:99,0
DA:100,0
DA:107,0
DA:108,0
DA:109,0
DA:110,0
DA:111,0
DA:114,0
DA:115,0
DA:117,0
DA:118,0
DA:120,0
DA:121,0
DA:124,0
DA:126,0
DA:127,0
DA:133,0
DA:140,0
DA:141,0
DA:142,0
DA:145,0
DA:146,0
DA:148,0
DA:149,0
DA:151,0
DA:152,0
DA:154,0
DA:155,0
DA:157,0
DA:158,0
DA:162,0
DA:163,0
DA:165,0
DA:166,0
DA:168,0
DA:169,0
DA:172,0
DA:174,0
DA:175,0
DA:181,0
DA:188,0
DA:189,0
DA:190,0
DA:192,0
DA:193,0
DA:199,0
DA:200,0
DA:207,0
DA:210,0
DA:212,0
DA:213,0
DA:214,0
DA:216,0
DA:222,0
DA:224,0
DA:225,0
DA:231,0
DA:238,0
DA:239,0
DA:240,0
DA:242,0
DA:243,0
DA:250,0
DA:253,0
DA:254,0
DA:255,0
DA:261,0
DA:264,0
DA:267,0
DA:268,0
DA:271,0
DA:273,0
DA:274,0
DA:280,0
DA:287,0
DA:288,0
DA:289,0
DA:290,0
DA:291,0
DA:292,0
DA:294,0
DA:295,0
DA:301,0
DA:309,0
DA:310,0
DA:311,0
DA:314,0
DA:315,0
DA:320,0
DA:323,0
DA:324,0
DA:330,0
DA:332,0
DA:333,0
DA:339,0
DA:340,0
DA:346,0
DA:349,0
DA:350,0
DA:353,0
DA:355,0
DA:356,0
DA:362,0
DA:369,0
DA:370,0
DA:371,0
DA:374,0
DA:375,0
DA:381,0
DA:382,0
DA:383,0
DA:389,0
DA:390,0
DA:396,0
DA:399,0
DA:400,0
DA:406,0
DA:407,0
DA:408,0
DA:414,0
DA:417,0
DA:418,0
DA:422,0
DA:423,0
DA:425,0
DA:426,0
DA:428,0
DA:429,0
DA:431,0
DA:432,0
DA:434,0
DA:435,0
DA:437,0
DA:438,0
DA:440,0
DA:441,0
DA:444,0
DA:446,0
DA:447,0
DA:453,0
DA:457,0
LF:175
LH:0
BRDA:25,0,0,0
BRDA:25,0,1,0
BRDA:31,1,0,0
BRDA:31,1,1,0
BRDA:41,2,0,0
BRDA:41,2,1,0
BRDA:59,3,0,0
BRDA:59,3,1,0
BRDA:67,4,0,0
BRDA:67,4,1,0
BRDA:69,5,0,0
BRDA:69,5,1,0
BRDA:80,6,0,0
BRDA:80,6,1,0
BRDA:99,7,0,0
BRDA:99,7,1,0
BRDA:99,8,0,0
BRDA:99,8,1,0
BRDA:99,8,2,0
BRDA:99,8,3,0
BRDA:99,8,4,0
BRDA:114,9,0,0
BRDA:114,9,1,0
BRDA:117,10,0,0
BRDA:117,10,1,0
BRDA:120,11,0,0
BRDA:120,11,1,0
BRDA:126,12,0,0
BRDA:126,12,1,0
BRDA:145,13,0,0
BRDA:145,13,1,0
BRDA:148,14,0,0
BRDA:148,14,1,0
BRDA:151,15,0,0
BRDA:151,15,1,0
BRDA:154,16,0,0
BRDA:154,16,1,0
BRDA:157,17,0,0
BRDA:157,17,1,0
BRDA:162,18,0,0
BRDA:162,18,1,0
BRDA:165,19,0,0
BRDA:165,19,1,0
BRDA:168,20,0,0
BRDA:168,20,1,0
BRDA:174,21,0,0
BRDA:174,21,1,0
BRDA:192,22,0,0
BRDA:192,22,1,0
BRDA:199,23,0,0
BRDA:199,23,1,0
BRDA:199,24,0,0
BRDA:199,24,1,0
BRDA:199,24,2,0
BRDA:212,25,0,0
BRDA:212,25,1,0
BRDA:213,26,0,0
BRDA:213,26,1,0
BRDA:213,27,0,0
BRDA:213,27,1,0
BRDA:224,28,0,0
BRDA:224,28,1,0
BRDA:242,29,0,0
BRDA:242,29,1,0
BRDA:242,30,0,0
BRDA:242,30,1,0
BRDA:242,30,2,0
BRDA:254,31,0,0
BRDA:254,31,1,0
BRDA:254,32,0,0
BRDA:254,32,1,0
BRDA:254,32,2,0
BRDA:267,33,0,0
BRDA:267,33,1,0
BRDA:273,34,0,0
BRDA:273,34,1,0
BRDA:287,35,0,0
BRDA:294,36,0,0
BRDA:294,36,1,0
BRDA:314,37,0,0
BRDA:314,37,1,0
BRDA:323,38,0,0
BRDA:323,38,1,0
BRDA:323,39,0,0
BRDA:323,39,1,0
BRDA:332,40,0,0
BRDA:332,40,1,0
BRDA:339,41,0,0
BRDA:339,41,1,0
BRDA:349,42,0,0
BRDA:349,42,1,0
BRDA:355,43,0,0
BRDA:355,43,1,0
BRDA:374,44,0,0
BRDA:374,44,1,0
BRDA:374,45,0,0
BRDA:374,45,1,0
BRDA:382,46,0,0
BRDA:382,46,1,0
BRDA:389,47,0,0
BRDA:389,47,1,0
BRDA:399,48,0,0
BRDA:399,48,1,0
BRDA:399,49,0,0
BRDA:399,49,1,0
BRDA:407,50,0,0
BRDA:407,50,1,0
BRDA:417,51,0,0
BRDA:417,51,1,0
BRDA:422,52,0,0
BRDA:422,52,1,0
BRDA:425,53,0,0
BRDA:425,53,1,0
BRDA:428,54,0,0
BRDA:428,54,1,0
BRDA:431,55,0,0
BRDA:431,55,1,0
BRDA:434,56,0,0
BRDA:434,56,1,0
BRDA:437,57,0,0
BRDA:437,57,1,0
BRDA:440,58,0,0
BRDA:440,58,1,0
BRDA:446,59,0,0
BRDA:446,59,1,0
BRF:125
BRH:0
end_of_record
TN:
SF:middleware\verificationUploadOptimized.js
FN:8,(anonymous_0)
FN:12,(anonymous_1)
FN:19,(anonymous_2)
FN:45,(anonymous_3)
FN:46,(anonymous_4)
FNF:5
FNH:0
FNDA:0,(anonymous_0)
FNDA:0,(anonymous_1)
FNDA:0,(anonymous_2)
FNDA:0,(anonymous_3)
FNDA:0,(anonymous_4)
DA:2,0
DA:3,0
DA:4,0
DA:7,0
DA:9,0
DA:10,0
DA:13,0
DA:14,0
DA:19,0
DA:20,0
DA:21,0
DA:24,0
DA:25,0
DA:27,0
DA:28,0
DA:31,0
DA:35,0
DA:45,0
DA:46,0
DA:47,0
DA:48,0
DA:49,0
DA:54,0
DA:58,0
DA:59,0
DA:64,0
DA:68,0
LF:27
LH:0
BRDA:13,0,0,0
BRDA:13,0,1,0
BRDA:20,1,0,0
BRDA:20,1,1,0
BRDA:27,2,0,0
BRDA:27,2,1,0
BRDA:47,3,0,0
BRDA:47,3,1,0
BRDA:48,4,0,0
BRDA:48,4,1,0
BRDA:58,5,0,0
BRDA:58,5,1,0
BRF:12
BRH:0
end_of_record
TN:
SF:middleware\zodValidate.js
FN:9,(anonymous_0)
FN:10,(anonymous_1)
FN:19,(anonymous_2)
FN:56,(anonymous_3)
FN:61,(anonymous_4)
FN:66,(anonymous_5)
FNF:6
FNH:0
FNDA:0,(anonymous_0)
FNDA:0,(anonymous_1)
FNDA:0,(anonymous_2)
FNDA:0,(anonymous_3)
FNDA:0,(anonymous_4)
FNDA:0,(anonymous_5)
DA:9,0
DA:10,0
DA:11,0
DA:12,0
DA:13,0
DA:15,0
DA:18,0
DA:19,0
DA:25,0
DA:32,0
DA:40,0
DA:41,0
DA:43,0
DA:44,0
DA:56,0
DA:61,0
DA:66,0
DA:68,0
LF:18
LH:0
BRDA:9,0,0,0
BRDA:15,1,0,0
BRDA:15,1,1,0
BRDA:18,2,0,0
BRDA:18,2,1,0
BRDA:18,2,2,0
BRDA:34,3,0,0
BRDA:34,3,1,0
BRF:8
BRH:0
end_of_record
TN:
SF:routes\admin.js
FN:16,(anonymous_0)
FN:135,(anonymous_1)
FN:183,(anonymous_2)
FN:209,(anonymous_3)
FN:219,(anonymous_4)
FN:224,(anonymous_5)
FN:229,(anonymous_6)
FN:249,(anonymous_7)
FN:273,(anonymous_8)
FN:283,(anonymous_9)
FN:288,(anonymous_10)
FN:308,(anonymous_11)
FN:325,(anonymous_12)
FN:371,(anonymous_13)
FNF:14
FNH:0
FNDA:0,(anonymous_0)
FNDA:0,(anonymous_1)
FNDA:0,(anonymous_2)
FNDA:0,(anonymous_3)
FNDA:0,(anonymous_4)
FNDA:0,(anonymous_5)
FNDA:0,(anonymous_6)
FNDA:0,(anonymous_7)
FNDA:0,(anonymous_8)
FNDA:0,(anonymous_9)
FNDA:0,(anonymous_10)
FNDA:0,(anonymous_11)
FNDA:0,(anonymous_12)
FNDA:0,(anonymous_13)
DA:4,0
DA:5,0
DA:6,0
DA:7,0
DA:16,0
DA:17,0
DA:19,0
DA:20,0
DA:22,0
DA:23,0
DA:25,0
DA:26,0
DA:27,0
DA:39,0
DA:51,0
DA:56,0
DA:64,0
DA:72,0
DA:80,0
DA:88,0
DA:89,0
DA:96,0
DA:123,0
DA:124,0
DA:135,0
DA:136,0
DA:137,0
DA:138,0
DA:140,0
DA:141,0
DA:144,0
DA:145,0
DA:151,0
DA:165,0
DA:175,0
DA:176,0
DA:183,0
DA:184,0
DA:185,0
DA:187,0
DA:188,0
DA:189,0
DA:190,0
DA:192,0
DA:193,0
DA:194,0
DA:196,0
DA:208,0
DA:209,0
DA:210,0
DA:211,0
DA:212,0
DA:214,0
DA:215,0
DA:218,0
DA:219,0
DA:224,0
DA:226,0
DA:229,0
DA:237,0
DA:238,0
DA:249,0
DA:250,0
DA:251,0
DA:253,0
DA:254,0
DA:255,0
DA:257,0
DA:258,0
DA:260,0
DA:272,0
DA:273,0
DA:274,0
DA:275,0
DA:276,0
DA:278,0
DA:279,0
DA:282,0
DA:283,0
DA:288,0
DA:290,0
DA:296,0
DA:297,0
DA:308,0
DA:309,0
DA:310,0
DA:325,0
DA:331,0
DA:353,0
DA:359,0
DA:360,0
DA:371,0
DA:372,0
DA:373,0
DA:432,0
DA:439,0
DA:440,0
DA:448,0
LF:98
LH:0
BRDA:81,0,0,0
BRDA:81,0,1,0
BRDA:82,1,0,0
BRDA:82,1,1,0
BRDA:83,2,0,0
BRDA:83,2,1,0
BRDA:84,3,0,0
BRDA:84,3,1,0
BRDA:137,4,0,0
BRDA:137,5,0,0
BRDA:141,6,0,0
BRDA:141,6,1,0
BRDA:144,7,0,0
BRDA:144,7,1,0
BRDA:185,8,0,0
BRDA:188,9,0,0
BRDA:188,9,1,0
BRDA:189,10,0,0
BRDA:189,10,1,0
BRDA:190,11,0,0
BRDA:190,11,1,0
BRDA:211,12,0,0
BRDA:211,12,1,0
BRDA:251,13,0,0
BRDA:254,14,0,0
BRDA:254,14,1,0
BRDA:255,15,0,0
BRDA:255,15,1,0
BRDA:275,16,0,0
BRDA:275,16,1,0
BRDA:279,17,0,0
BRDA:279,17,1,0
BRDA:328,18,0,0
BRDA:328,18,1,0
BRDA:328,19,0,0
BRDA:328,19,1,0
BRF:36
BRH:0
end_of_record
TN:
SF:routes\adminAccessControl.js
FN:17,(anonymous_0)
FN:55,(anonymous_1)
FN:134,(anonymous_2)
FN:212,(anonymous_3)
FN:274,(anonymous_4)
FN:325,(anonymous_5)
FNF:6
FNH:0
FNDA:0,(anonymous_0)
FNDA:0,(anonymous_1)
FNDA:0,(anonymous_2)
FNDA:0,(anonymous_3)
FNDA:0,(anonymous_4)
FNDA:0,(anonymous_5)
DA:4,0
DA:5,0
DA:6,0
DA:7,0
DA:8,0
DA:17,0
DA:18,0
DA:19,0
DA:37,0
DA:43,0
DA:44,0
DA:55,0
DA:56,0
DA:57,0
DA:60,0
DA:61,0
DA:67,0
DA:68,0
DA:74,0
DA:75,0
DA:82,0
DA:86,0
DA:87,0
DA:94,0
DA:95,0
DA:98,0
DA:116,0
DA:122,0
DA:123,0
DA:134,0
DA:135,0
DA:136,0
DA:146,0
DA:147,0
DA:148,0
DA:154,0
DA:156,0
DA:160,0
DA:161,0
DA:168,0
DA:169,0
DA:176,0
DA:179,0
DA:180,0
DA:181,0
DA:184,0
DA:194,0
DA:200,0
DA:201,0
DA:212,0
DA:213,0
DA:214,0
DA:216,0
DA:217,0
DA:223,0
DA:224,0
DA:230,0
DA:231,0
DA:237,0
DA:241,0
DA:242,0
DA:249,0
DA:250,0
DA:252,0
DA:257,0
DA:262,0
DA:263,0
DA:274,0
DA:275,0
DA:276,0
DA:280,0
DA:281,0
DA:288,0
DA:289,0
DA:295,0
DA:296,0
DA:303,0
DA:308,0
DA:313,0
DA:314,0
DA:325,0
DA:326,0
DA:327,0
DA:333,0
DA:343,0
DA:344,0
DA:352,0
LF:87
LH:0
BRDA:60,0,0,0
BRDA:60,0,1,0
BRDA:60,1,0,0
BRDA:60,1,1,0
BRDA:60,1,2,0
BRDA:67,2,0,0
BRDA:67,2,1,0
BRDA:74,3,0,0
BRDA:74,3,1,0
BRDA:86,4,0,0
BRDA:86,4,1,0
BRDA:147,5,0,0
BRDA:147,5,1,0
BRDA:160,6,0,0
BRDA:160,6,1,0
BRDA:168,7,0,0
BRDA:168,7,1,0
BRDA:179,8,0,0
BRDA:179,8,1,0
BRDA:216,9,0,0
BRDA:216,9,1,0
BRDA:216,10,0,0
BRDA:216,10,1,0
BRDA:223,11,0,0
BRDA:223,11,1,0
BRDA:230,12,0,0
BRDA:230,12,1,0
BRDA:241,13,0,0
BRDA:241,13,1,0
BRDA:280,14,0,0
BRDA:280,14,1,0
BRDA:288,15,0,0
BRDA:288,15,1,0
BRDA:295,16,0,0
BRDA:295,16,1,0
BRF:35
BRH:0
end_of_record
TN:
SF:routes\adminOrders.js
FN:17,(anonymous_0)
FN:75,(anonymous_1)
FN:105,(anonymous_2)
FN:149,(anonymous_3)
FN:258,(anonymous_4)
FN:341,(anonymous_5)
FNF:6
FNH:0
FNDA:0,(anonymous_0)
FNDA:0,(anonymous_1)
FNDA:0,(anonymous_2)
FNDA:0,(anonymous_3)
FNDA:0,(anonymous_4)
FNDA:0,(anonymous_5)
DA:4,0
DA:5,0
DA:6,0
DA:7,0
DA:8,0
DA:17,0
DA:18,0
DA:26,0
DA:29,0
DA:32,0
DA:33,0
DA:41,0
DA:42,0
DA:43,0
DA:48,0
DA:49,0
DA:50,0
DA:51,0
DA:55,0
DA:73,0
DA:74,0
DA:75,0
DA:76,0
DA:83,0
DA:85,0
DA:93,0
DA:94,0
DA:105,0
DA:106,0
DA:107,0
DA:125,0
DA:126,0
DA:132,0
DA:137,0
DA:138,0
DA:149,0
DA:150,0
DA:151,0
DA:154,0
DA:163,0
DA:164,0
DA:166,0
DA:167,0
DA:174,0
DA:179,0
DA:180,0
DA:186,0
DA:189,0
DA:190,0
DA:191,0
DA:193,0
DA:194,0
DA:196,0
DA:197,0
DA:201,0
DA:211,0
DA:212,0
DA:219,0
DA:220,0
DA:236,0
DA:240,0
DA:246,0
DA:247,0
DA:258,0
DA:259,0
DA:260,0
DA:262,0
DA:267,0
DA:268,0
DA:275,0
DA:276,0
DA:283,0
DA:284,0
DA:285,0
DA:292,0
DA:302,0
DA:303,0
DA:304,0
DA:320,0
DA:323,0
DA:329,0
DA:330,0
DA:341,0
DA:342,0
DA:349,0
DA:357,0
DA:368,0
DA:369,0
DA:377,0
LF:89
LH:0
BRDA:20,0,0,0
BRDA:21,1,0,0
BRDA:22,2,0,0
BRDA:23,3,0,0
BRDA:24,4,0,0
BRDA:25,5,0,0
BRDA:32,6,0,0
BRDA:32,6,1,0
BRDA:42,7,0,0
BRDA:42,7,1,0
BRDA:48,8,0,0
BRDA:48,8,1,0
BRDA:48,9,0,0
BRDA:48,9,1,0
BRDA:50,10,0,0
BRDA:50,10,1,0
BRDA:51,11,0,0
BRDA:51,11,1,0
BRDA:74,12,0,0
BRDA:74,12,1,0
BRDA:76,13,0,0
BRDA:76,13,1,0
BRDA:76,13,2,0
BRDA:125,14,0,0
BRDA:125,14,1,0
BRDA:163,15,0,0
BRDA:163,15,1,0
BRDA:166,16,0,0
BRDA:166,16,1,0
BRDA:179,17,0,0
BRDA:179,17,1,0
BRDA:190,18,0,0
BRDA:190,18,1,0
BRDA:190,19,0,0
BRDA:190,19,1,0
BRDA:193,20,0,0
BRDA:193,20,1,0
BRDA:193,21,0,0
BRDA:193,21,1,0
BRDA:196,22,0,0
BRDA:196,22,1,0
BRDA:196,23,0,0
BRDA:196,23,1,0
BRDA:219,24,0,0
BRDA:219,24,1,0
BRDA:219,25,0,0
BRDA:219,25,1,0
BRDA:267,26,0,0
BRDA:267,26,1,0
BRDA:275,27,0,0
BRDA:275,27,1,0
BRDA:283,28,0,0
BRDA:283,28,1,0
BRDA:284,29,0,0
BRDA:284,29,1,0
BRDA:303,30,0,0
BRDA:303,30,1,0
BRDA:312,31,0,0
BRDA:312,31,1,0
BRF:59
BRH:0
end_of_record
TN:
SF:routes\adminProducts.js
FN:16,(anonymous_0)
FN:108,(anonymous_1)
FN:150,(anonymous_2)
FN:184,(anonymous_3)
FN:199,(anonymous_4)
FN:225,(anonymous_5)
FN:255,(anonymous_6)
FNF:7
FNH:0
FNDA:0,(anonymous_0)
FNDA:0,(anonymous_1)
FNDA:0,(anonymous_2)
FNDA:0,(anonymous_3)
FNDA:0,(anonymous_4)
FNDA:0,(anonymous_5)
FNDA:0,(anonymous_6)
DA:4,0
DA:5,0
DA:6,0
DA:7,0
DA:16,0
DA:17,0
DA:27,0
DA:30,0
DA:33,0
DA:34,0
DA:42,0
DA:43,0
DA:47,0
DA:48,0
DA:52,0
DA:53,0
DA:57,0
DA:58,0
DA:59,0
DA:60,0
DA:64,0
DA:86,0
DA:88,0
DA:96,0
DA:97,0
DA:108,0
DA:109,0
DA:110,0
DA:126,0
DA:127,0
DA:133,0
DA:138,0
DA:139,0
DA:150,0
DA:151,0
DA:152,0
DA:154,0
DA:156,0
DA:157,0
DA:163,0
DA:164,0
DA:166,0
DA:172,0
DA:173,0
DA:184,0
DA:185,0
DA:186,0
DA:188,0
DA:190,0
DA:191,0
DA:198,0
DA:199,0
DA:200,0
DA:201,0
DA:205,0
DA:207,0
DA:213,0
DA:214,0
DA:225,0
DA:226,0
DA:227,0
DA:229,0
DA:230,0
DA:236,0
DA:238,0
DA:243,0
DA:244,0
DA:255,0
DA:256,0
DA:257,0
DA:268,0
DA:273,0
DA:274,0
DA:282,0
LF:74
LH:0
BRDA:19,0,0,0
BRDA:20,1,0,0
BRDA:21,2,0,0
BRDA:22,3,0,0
BRDA:23,4,0,0
BRDA:24,5,0,0
BRDA:25,6,0,0
BRDA:26,7,0,0
BRDA:33,8,0,0
BRDA:33,8,1,0
BRDA:42,9,0,0
BRDA:42,9,1,0
BRDA:47,10,0,0
BRDA:47,10,1,0
BRDA:52,11,0,0
BRDA:52,11,1,0
BRDA:57,12,0,0
BRDA:57,12,1,0
BRDA:57,13,0,0
BRDA:57,13,1,0
BRDA:59,14,0,0
BRDA:59,14,1,0
BRDA:60,15,0,0
BRDA:60,15,1,0
BRDA:126,16,0,0
BRDA:126,16,1,0
BRDA:156,17,0,0
BRDA:156,17,1,0
BRDA:168,18,0,0
BRDA:168,18,1,0
BRDA:190,19,0,0
BRDA:190,19,1,0
BRDA:200,20,0,0
BRDA:200,20,1,0
BRDA:229,21,0,0
BRDA:229,21,1,0
BRF:36
BRH:0
end_of_record
TN:
SF:routes\adminSellers.js
FN:17,(anonymous_0)
FN:63,(anonymous_1)
FN:125,(anonymous_2)
FN:216,(anonymous_3)
FN:217,(anonymous_4)
FN:218,(anonymous_5)
FN:219,(anonymous_6)
FN:250,(anonymous_7)
FN:378,(anonymous_8)
FN:488,(anonymous_9)
FN:583,(anonymous_10)
FN:659,(anonymous_11)
FN:710,(anonymous_12)
FN:730,(anonymous_13)
FN:788,(anonymous_14)
FN:816,(anonymous_15)
FN:840,(anonymous_16)
FN:891,(anonymous_17)
FN:892,(anonymous_18)
FN:976,(anonymous_19)
FNF:20
FNH:0
FNDA:0,(anonymous_0)
FNDA:0,(anonymous_1)
FNDA:0,(anonymous_2)
FNDA:0,(anonymous_3)
FNDA:0,(anonymous_4)
FNDA:0,(anonymous_5)
FNDA:0,(anonymous_6)
FNDA:0,(anonymous_7)
FNDA:0,(anonymous_8)
FNDA:0,(anonymous_9)
FNDA:0,(anonymous_10)
FNDA:0,(anonymous_11)
FNDA:0,(anonymous_12)
FNDA:0,(anonymous_13)
FNDA:0,(anonymous_14)
FNDA:0,(anonymous_15)
FNDA:0,(anonymous_16)
FNDA:0,(anonymous_17)
FNDA:0,(anonymous_18)
FNDA:0,(anonymous_19)
DA:4,0
DA:5,0
DA:6,0
DA:7,0
DA:8,0
DA:17,0
DA:18,0
DA:19,0
DA:45,0
DA:51,0
DA:52,0
DA:63,0
DA:64,0
DA:65,0
DA:67,0
DA:72,0
DA:73,0
DA:79,0
DA:103,0
DA:105,0
DA:113,0
DA:114,0
DA:125,0
DA:126,0
DA:127,0
DA:150,0
DA:151,0
DA:157,0
DA:158,0
DA:165,0
DA:172,0
DA:185,0
DA:193,0
DA:213,0
DA:214,0
DA:216,0
DA:217,0
DA:218,0
DA:219,0
DA:229,0
DA:238,0
DA:239,0
DA:250,0
DA:251,0
DA:252,0
DA:254,0
DA:265,0
DA:266,0
DA:272,0
DA:273,0
DA:279,0
DA:280,0
DA:286,0
DA:288,0
DA:307,0
DA:308,0
DA:321,0
DA:325,0
DA:332,0
DA:341,0
DA:342,0
DA:356,0
DA:359,0
DA:366,0
DA:367,0
DA:378,0
DA:379,0
DA:380,0
DA:382,0
DA:393,0
DA:394,0
DA:400,0
DA:401,0
DA:407,0
DA:408,0
DA:414,0
DA:423,0
DA:424,0
DA:436,0
DA:437,0
DA:449,0
DA:451,0
DA:452,0
DA:465,0
DA:468,0
DA:476,0
DA:477,0
DA:488,0
DA:489,0
DA:490,0
DA:491,0
DA:494,0
DA:495,0
DA:501,0
DA:506,0
DA:507,0
DA:513,0
DA:514,0
DA:520,0
DA:540,0
DA:541,0
DA:562,0
DA:565,0
DA:571,0
DA:572,0
DA:583,0
DA:584,0
DA:585,0
DA:589,0
DA:590,0
DA:598,0
DA:606,0
DA:607,0
DA:615,0
DA:637,0
DA:642,0
DA:643,0
DA:659,0
DA:660,0
DA:661,0
DA:672,0
DA:673,0
DA:679,0
DA:680,0
DA:686,0
DA:688,0
DA:698,0
DA:699,0
DA:710,0
DA:711,0
DA:712,0
DA:723,0
DA:724,0
DA:730,0
DA:732,0
DA:733,0
DA:739,0
DA:740,0
DA:742,0
DA:744,0
DA:745,0
DA:752,0
DA:753,0
DA:755,0
DA:756,0
DA:762,0
DA:763,0
DA:765,0
DA:766,0
DA:767,0
DA:770,0
DA:771,0
DA:772,0
DA:773,0
DA:774,0
DA:778,0
DA:780,0
DA:781,0
DA:784,0
DA:785,0
DA:786,0
DA:788,0
DA:789,0
DA:790,0
DA:792,0
DA:796,0
DA:797,0
DA:803,0
DA:804,0
DA:812,0
DA:813,0
DA:816,0
DA:817,0
DA:818,0
DA:819,0
DA:820,0
DA:828,0
DA:829,0
DA:840,0
DA:841,0
DA:842,0
DA:844,0
DA:845,0
DA:852,0
DA:864,0
DA:865,0
DA:871,0
DA:872,0
DA:875,0
DA:887,0
DA:891,0
DA:892,0
DA:894,0
DA:895,0
DA:897,0
DA:898,0
DA:899,0
DA:900,0
DA:901,0
DA:905,0
DA:906,0
DA:922,0
DA:924,0
DA:925,0
DA:937,0
DA:938,0
DA:940,0
DA:941,0
DA:953,0
DA:956,0
DA:964,0
DA:965,0
DA:976,0
DA:977,0
DA:978,0
DA:980,0
DA:985,0
DA:986,0
DA:992,0
DA:997,0
DA:1003,0
DA:1004,0
DA:1012,0
LF:223
LH:0
BRDA:65,0,0,0
BRDA:65,1,0,0
BRDA:65,2,0,0
BRDA:72,3,0,0
BRDA:72,3,1,0
BRDA:150,4,0,0
BRDA:150,4,1,0
BRDA:157,5,0,0
BRDA:157,5,1,0
BRDA:187,6,0,0
BRDA:187,6,1,0
BRDA:188,7,0,0
BRDA:188,7,1,0
BRDA:189,8,0,0
BRDA:189,8,1,0
BRDA:213,9,0,0
BRDA:213,9,1,0
BRDA:265,10,0,0
BRDA:265,10,1,0
BRDA:272,11,0,0
BRDA:272,11,1,0
BRDA:279,12,0,0
BRDA:279,12,1,0
BRDA:286,13,0,0
BRDA:286,13,1,0
BRDA:313,14,0,0
BRDA:313,14,1,0
BRDA:347,15,0,0
BRDA:347,15,1,0
BRDA:350,16,0,0
BRDA:350,16,1,0
BRDA:362,17,0,0
BRDA:362,17,1,0
BRDA:380,18,0,0
BRDA:380,19,0,0
BRDA:380,19,1,0
BRDA:393,20,0,0
BRDA:393,20,1,0
BRDA:400,21,0,0
BRDA:400,21,1,0
BRDA:407,22,0,0
BRDA:407,22,1,0
BRDA:423,23,0,0
BRDA:423,23,1,0
BRDA:429,24,0,0
BRDA:429,24,1,0
BRDA:429,24,2,0
BRDA:436,25,0,0
BRDA:436,25,1,0
BRDA:457,26,0,0
BRDA:457,26,1,0
BRDA:459,27,0,0
BRDA:459,27,1,0
BRDA:494,28,0,0
BRDA:494,28,1,0
BRDA:494,29,0,0
BRDA:494,29,1,0
BRDA:506,30,0,0
BRDA:506,30,1,0
BRDA:513,31,0,0
BRDA:513,31,1,0
BRDA:524,32,0,0
BRDA:524,32,1,0
BRDA:524,33,0,0
BRDA:524,33,1,0
BRDA:524,34,0,0
BRDA:524,34,1,0
BRDA:543,35,0,0
BRDA:543,35,1,0
BRDA:544,36,0,0
BRDA:544,36,1,0
BRDA:547,37,0,0
BRDA:547,37,1,0
BRDA:549,38,0,0
BRDA:549,38,1,0
BRDA:555,39,0,0
BRDA:555,39,1,0
BRDA:567,40,0,0
BRDA:567,40,1,0
BRDA:589,41,0,0
BRDA:589,41,1,0
BRDA:606,42,0,0
BRDA:606,42,1,0
BRDA:672,43,0,0
BRDA:672,43,1,0
BRDA:679,44,0,0
BRDA:679,44,1,0
BRDA:686,45,0,0
BRDA:686,45,1,0
BRDA:723,46,0,0
BRDA:723,46,1,0
BRDA:732,47,0,0
BRDA:732,47,1,0
BRDA:742,48,0,0
BRDA:742,48,1,0
BRDA:744,49,0,0
BRDA:744,49,1,0
BRDA:752,50,0,0
BRDA:752,50,1,0
BRDA:755,51,0,0
BRDA:755,51,1,0
BRDA:762,52,0,0
BRDA:762,52,1,0
BRDA:766,53,0,0
BRDA:766,53,1,0
BRDA:774,54,0,0
BRDA:774,54,1,0
BRDA:780,55,0,0
BRDA:780,55,1,0
BRDA:796,56,0,0
BRDA:796,56,1,0
BRDA:812,57,0,0
BRDA:812,57,1,0
BRDA:813,58,0,0
BRDA:813,58,1,0
BRDA:817,59,0,0
BRDA:817,59,1,0
BRDA:819,60,0,0
BRDA:819,60,1,0
BRDA:844,61,0,0
BRDA:844,61,1,0
BRDA:864,62,0,0
BRDA:864,62,1,0
BRDA:878,63,0,0
BRDA:878,63,1,0
BRDA:879,64,0,0
BRDA:879,64,1,0
BRDA:897,65,0,0
BRDA:897,65,1,0
BRDA:897,66,0,0
BRDA:897,66,1,0
BRDA:900,67,0,0
BRDA:900,67,1,0
BRDA:905,68,0,0
BRDA:905,68,1,0
BRDA:905,69,0,0
BRDA:905,69,1,0
BRDA:910,70,0,0
BRDA:910,70,1,0
BRDA:911,71,0,0
BRDA:911,71,1,0
BRDA:922,72,0,0
BRDA:922,72,1,0
BRDA:922,73,0,0
BRDA:922,73,1,0
BRDA:930,74,0,0
BRDA:930,74,1,0
BRDA:938,75,0,0
BRDA:938,75,1,0
BRDA:946,76,0,0
BRDA:946,76,1,0
BRDA:948,77,0,0
BRDA:948,77,1,0
BRDA:985,78,0,0
BRDA:985,78,1,0
BRF:155
BRH:0
end_of_record
TN:
SF:routes\adminUsers.js
FN:16,(anonymous_0)
FN:112,(anonymous_1)
FN:210,(anonymous_2)
FN:280,(anonymous_3)
FN:356,(anonymous_4)
FNF:5
FNH:0
FNDA:0,(anonymous_0)
FNDA:0,(anonymous_1)
FNDA:0,(anonymous_2)
FNDA:0,(anonymous_3)
FNDA:0,(anonymous_4)
DA:4,0
DA:5,0
DA:6,0
DA:7,0
DA:16,0
DA:17,0
DA:26,0
DA:29,0
DA:32,0
DA:33,0
DA:41,0
DA:42,0
DA:46,0
DA:47,0
DA:51,0
DA:52,0
DA:56,0
DA:57,0
DA:61,0
DA:90,0
DA:92,0
DA:100,0
DA:101,0
DA:112,0
DA:113,0
DA:114,0
DA:137,0
DA:138,0
DA:145,0
DA:146,0
DA:147,0
DA:163,0
DA:171,0
DA:191,0
DA:198,0
DA:199,0
DA:210,0
DA:211,0
DA:212,0
DA:214,0
DA:216,0
DA:217,0
DA:224,0
DA:225,0
DA:232,0
DA:233,0
DA:234,0
DA:235,0
DA:236,0
DA:237,0
DA:238,0
DA:239,0
DA:242,0
DA:262,0
DA:268,0
DA:269,0
DA:280,0
DA:281,0
DA:282,0
DA:284,0
DA:286,0
DA:287,0
DA:294,0
DA:295,0
DA:302,0
DA:303,0
DA:309,0
DA:312,0
DA:313,0
DA:314,0
DA:315,0
DA:318,0
DA:338,0
DA:344,0
DA:345,0
DA:356,0
DA:357,0
DA:358,0
DA:360,0
DA:361,0
DA:368,0
DA:369,0
DA:376,0
DA:377,0
DA:384,0
DA:392,0
DA:397,0
DA:398,0
DA:406,0
LF:89
LH:0
BRDA:19,0,0,0
BRDA:20,1,0,0
BRDA:21,2,0,0
BRDA:22,3,0,0
BRDA:23,4,0,0
BRDA:24,5,0,0
BRDA:25,6,0,0
BRDA:32,7,0,0
BRDA:32,7,1,0
BRDA:41,8,0,0
BRDA:41,8,1,0
BRDA:46,9,0,0
BRDA:46,9,1,0
BRDA:51,10,0,0
BRDA:51,10,1,0
BRDA:56,11,0,0
BRDA:56,11,1,0
BRDA:137,12,0,0
BRDA:137,12,1,0
BRDA:146,13,0,0
BRDA:146,13,1,0
BRDA:166,14,0,0
BRDA:166,14,1,0
BRDA:216,15,0,0
BRDA:216,15,1,0
BRDA:224,16,0,0
BRDA:224,16,1,0
BRDA:224,17,0,0
BRDA:224,17,1,0
BRDA:224,17,2,0
BRDA:233,18,0,0
BRDA:233,18,1,0
BRDA:234,19,0,0
BRDA:234,19,1,0
BRDA:235,20,0,0
BRDA:235,20,1,0
BRDA:236,21,0,0
BRDA:236,21,1,0
BRDA:237,22,0,0
BRDA:237,22,1,0
BRDA:238,23,0,0
BRDA:238,23,1,0
BRDA:238,24,0,0
BRDA:238,24,1,0
BRDA:286,25,0,0
BRDA:286,25,1,0
BRDA:294,26,0,0
BRDA:294,26,1,0
BRDA:302,27,0,0
BRDA:302,27,1,0
BRDA:312,28,0,0
BRDA:312,28,1,0
BRDA:312,29,0,0
BRDA:312,29,1,0
BRDA:314,30,0,0
BRDA:314,30,1,0
BRDA:340,31,0,0
BRDA:340,31,1,0
BRDA:360,32,0,0
BRDA:360,32,1,0
BRDA:368,33,0,0
BRDA:368,33,1,0
BRDA:376,34,0,0
BRDA:376,34,1,0
BRF:64
BRH:0
end_of_record
TN:
SF:routes\auth.js
FN:27,(anonymous_0)
FN:77,(anonymous_1)
FN:96,(anonymous_2)
FN:130,(anonymous_3)
FN:181,(anonymous_4)
FN:202,(anonymous_5)
FN:240,(anonymous_6)
FN:280,(anonymous_7)
FNF:8
FNH:0
FNDA:0,(anonymous_0)
FNDA:0,(anonymous_1)
FNDA:0,(anonymous_2)
FNDA:0,(anonymous_3)
FNDA:0,(anonymous_4)
FNDA:0,(anonymous_5)
FNDA:0,(anonymous_6)
FNDA:0,(anonymous_7)
DA:2,0
DA:3,0
DA:4,0
DA:5,0
DA:6,0
DA:7,0
DA:8,0
DA:9,0
DA:12,0
DA:13,0
DA:14,0
DA:15,0
DA:16,0
DA:17,0
DA:19,0
DA:27,0
DA:29,0
DA:30,0
DA:32,0
DA:34,0
DA:35,0
DA:36,0
DA:43,0
DA:44,0
DA:45,0
DA:58,0
DA:59,0
DA:63,0
DA:65,0
DA:77,0
DA:78,0
DA:83,0
DA:92,0
DA:97,0
DA:98,0
DA:117,0
DA:118,0
DA:130,0
DA:132,0
DA:134,0
DA:136,0
DA:147,0
DA:148,0
DA:156,0
DA:157,0
DA:163,0
DA:164,0
DA:165,0
DA:172,0
DA:174,0
DA:178,0
DA:182,0
DA:187,0
DA:198,0
DA:203,0
DA:205,0
DA:226,0
DA:227,0
DA:240,0
DA:241,0
DA:244,0
DA:269,0
DA:271,0
DA:272,0
DA:280,0
DA:281,0
DA:282,0
DA:285,0
DA:286,0
DA:290,0
DA:291,0
DA:293,0
DA:313,0
DA:314,0
DA:321,0
DA:324,0
DA:330,0
DA:333,0
DA:340,0
DA:341,0
DA:342,0
DA:346,0
DA:352,0
DA:368,0
DA:369,0
DA:376,0
LF:86
LH:0
BRDA:34,0,0,0
BRDA:34,0,1,0
BRDA:34,1,0,0
BRDA:34,1,1,0
BRDA:44,2,0,0
BRDA:44,2,1,0
BRDA:63,3,0,0
BRDA:63,3,1,0
BRDA:69,4,0,0
BRDA:69,4,1,0
BRDA:70,5,0,0
BRDA:70,5,1,0
BRDA:97,6,0,0
BRDA:97,6,1,0
BRDA:147,7,0,0
BRDA:147,7,1,0
BRDA:156,8,0,0
BRDA:156,8,1,0
BRDA:164,9,0,0
BRDA:164,9,1,0
BRDA:172,10,0,0
BRDA:172,10,1,0
BRDA:180,11,0,0
BRDA:180,11,1,0
BRDA:180,11,2,0
BRDA:203,12,0,0
BRDA:203,12,1,0
BRDA:208,13,0,0
BRDA:208,13,1,0
BRDA:209,14,0,0
BRDA:209,14,1,0
BRDA:282,15,0,0
BRDA:282,15,1,0
BRDA:285,16,0,0
BRDA:285,16,1,0
BRDA:290,17,0,0
BRDA:290,17,1,0
BRDA:313,18,0,0
BRDA:313,18,1,0
BRDA:313,19,0,0
BRDA:313,19,1,0
BRDA:334,20,0,0
BRDA:334,20,1,0
BRDA:335,21,0,0
BRDA:335,21,1,0
BRDA:336,22,0,0
BRDA:336,22,1,0
BRDA:337,23,0,0
BRDA:337,23,1,0
BRDA:340,24,0,0
BRDA:340,24,1,0
BRF:51
BRH:0
end_of_record
TN:
SF:routes\imagekit.js
FN:12,(anonymous_0)
FN:34,(anonymous_1)
FNF:2
FNH:0
FNDA:0,(anonymous_0)
FNDA:0,(anonymous_1)
DA:4,0
DA:5,0
DA:6,0
DA:7,0
DA:12,0
DA:13,0
DA:15,0
DA:16,0
DA:22,0
DA:24,0
DA:26,0
DA:27,0
DA:34,0
DA:35,0
DA:36,0
DA:38,0
DA:45,0
DA:51,0
DA:52,0
DA:56,0
LF:20
LH:0
BRDA:15,0,0,0
BRDA:15,0,1,0
BRDA:36,1,0,0
BRDA:36,1,1,0
BRF:4
BRH:0
end_of_record
TN:
SF:routes\messages.js
FN:21,(anonymous_0)
FN:61,(anonymous_1)
FN:63,(anonymous_2)
FN:66,(anonymous_3)
FN:90,(anonymous_4)
FN:104,(anonymous_5)
FN:169,(anonymous_6)
FN:297,(anonymous_7)
FN:316,(anonymous_8)
FN:323,(anonymous_9)
FN:335,(anonymous_10)
FN:346,(anonymous_11)
FN:381,(anonymous_12)
FN:438,(anonymous_13)
FN:475,(anonymous_14)
FN:496,(anonymous_15)
FN:510,(anonymous_16)
FN:520,(anonymous_17)
FN:542,(anonymous_18)
FN:575,(anonymous_19)
FN:603,(anonymous_20)
FN:663,(anonymous_21)
FN:667,(anonymous_22)
FN:678,(anonymous_23)
FN:691,(anonymous_24)
FN:692,(anonymous_25)
FN:750,(anonymous_26)
FN:834,(anonymous_27)
FNF:28
FNH:0
FNDA:0,(anonymous_0)
FNDA:0,(anonymous_1)
FNDA:0,(anonymous_2)
FNDA:0,(anonymous_3)
FNDA:0,(anonymous_4)
FNDA:0,(anonymous_5)
FNDA:0,(anonymous_6)
FNDA:0,(anonymous_7)
FNDA:0,(anonymous_8)
FNDA:0,(anonymous_9)
FNDA:0,(anonymous_10)
FNDA:0,(anonymous_11)
FNDA:0,(anonymous_12)
FNDA:0,(anonymous_13)
FNDA:0,(anonymous_14)
FNDA:0,(anonymous_15)
FNDA:0,(anonymous_16)
FNDA:0,(anonymous_17)
FNDA:0,(anonymous_18)
FNDA:0,(anonymous_19)
FNDA:0,(anonymous_20)
FNDA:0,(anonymous_21)
FNDA:0,(anonymous_22)
FNDA:0,(anonymous_23)
FNDA:0,(anonymous_24)
FNDA:0,(anonymous_25)
FNDA:0,(anonymous_26)
FNDA:0,(anonymous_27)
DA:2,0
DA:3,0
DA:4,0
DA:5,0
DA:6,0
DA:7,0
DA:8,0
DA:9,0
DA:12,0
DA:15,0
DA:16,0
DA:21,0
DA:22,0
DA:23,0
DA:61,0
DA:62,0
DA:63,0
DA:65,0
DA:66,0
DA:69,0
DA:80,0
DA:82,0
DA:83,0
DA:90,0
DA:91,0
DA:92,0
DA:99,0
DA:100,0
DA:104,0
DA:105,0
DA:106,0
DA:110,0
DA:136,0
DA:149,0
DA:159,0
DA:161,0
DA:162,0
DA:169,0
DA:170,0
DA:171,0
DA:174,0
DA:175,0
DA:179,0
DA:180,0
DA:181,0
DA:182,0
DA:183,0
DA:188,0
DA:198,0
DA:199,0
DA:211,0
DA:213,0
DA:221,0
DA:247,0
DA:256,0
DA:267,0
DA:268,0
DA:275,0
DA:276,0
DA:278,0
DA:280,0
DA:287,0
DA:295,0
DA:297,0
DA:298,0
DA:303,0
DA:308,0
DA:309,0
DA:316,0
DA:317,0
DA:318,0
DA:323,0
DA:325,0
DA:327,0
DA:328,0
DA:335,0
DA:336,0
DA:337,0
DA:342,0
DA:343,0
DA:346,0
DA:347,0
DA:348,0
DA:351,0
DA:363,0
DA:371,0
DA:373,0
DA:374,0
DA:381,0
DA:382,0
DA:383,0
DA:426,0
DA:428,0
DA:429,0
DA:438,0
DA:439,0
DA:440,0
DA:442,0
DA:443,0
DA:447,0
DA:456,0
DA:457,0
DA:465,0
DA:467,0
DA:468,0
DA:475,0
DA:476,0
DA:477,0
DA:479,0
DA:486,0
DA:488,0
DA:489,0
DA:496,0
DA:497,0
DA:498,0
DA:510,0
DA:512,0
DA:513,0
DA:520,0
DA:521,0
DA:522,0
DA:530,0
DA:532,0
DA:533,0
DA:542,0
DA:543,0
DA:544,0
DA:546,0
DA:547,0
DA:550,0
DA:551,0
DA:554,0
DA:565,0
DA:567,0
DA:568,0
DA:575,0
DA:576,0
DA:577,0
DA:591,0
DA:593,0
DA:594,0
DA:603,0
DA:604,0
DA:605,0
DA:607,0
DA:608,0
DA:611,0
DA:625,0
DA:626,0
DA:629,0
DA:652,0
DA:654,0
DA:655,0
DA:662,0
DA:664,0
DA:665,0
DA:668,0
DA:669,0
DA:673,0
DA:679,0
DA:680,0
DA:681,0
DA:683,0
DA:691,0
DA:692,0
DA:693,0
DA:694,0
DA:695,0
DA:697,0
DA:698,0
DA:700,0
DA:701,0
DA:702,0
DA:705,0
DA:706,0
DA:708,0
DA:709,0
DA:712,0
DA:713,0
DA:717,0
DA:727,0
DA:728,0
DA:740,0
DA:742,0
DA:750,0
DA:753,0
DA:780,0
DA:789,0
DA:800,0
DA:801,0
DA:808,0
DA:809,0
DA:811,0
DA:813,0
DA:820,0
DA:828,0
DA:830,0
DA:834,0
DA:835,0
DA:840,0
DA:845,0
DA:846,0
DA:851,0
LF:203
LH:0
BRDA:75,0,0,0
BRDA:75,0,1,0
BRDA:99,1,0,0
BRDA:99,1,1,0
BRDA:105,2,0,0
BRDA:105,2,1,0
BRDA:174,3,0,0
BRDA:174,3,1,0
BRDA:180,4,0,0
BRDA:180,4,1,0
BRDA:182,5,0,0
BRDA:182,5,1,0
BRDA:198,6,0,0
BRDA:198,6,1,0
BRDA:201,7,0,0
BRDA:201,7,1,0
BRDA:211,8,0,0
BRDA:211,8,1,0
BRDA:211,9,0,0
BRDA:211,9,1,0
BRDA:267,10,0,0
BRDA:267,10,1,0
BRDA:276,11,0,0
BRDA:276,11,1,0
BRDA:278,12,0,0
BRDA:278,12,1,0
BRDA:295,13,0,0
BRDA:295,13,1,0
BRDA:295,14,0,0
BRDA:295,14,1,0
BRDA:342,15,0,0
BRDA:342,15,1,0
BRDA:347,16,0,0
BRDA:347,16,1,0
BRDA:442,17,0,0
BRDA:442,17,1,0
BRDA:456,18,0,0
BRDA:456,18,1,0
BRDA:546,19,0,0
BRDA:546,19,1,0
BRDA:546,20,0,0
BRDA:546,20,1,0
BRDA:550,21,0,0
BRDA:550,21,1,0
BRDA:560,22,0,0
BRDA:560,22,1,0
BRDA:561,23,0,0
BRDA:561,23,1,0
BRDA:607,24,0,0
BRDA:607,24,1,0
BRDA:607,25,0,0
BRDA:607,25,1,0
BRDA:625,26,0,0
BRDA:625,26,1,0
BRDA:680,27,0,0
BRDA:680,27,1,0
BRDA:693,28,0,0
BRDA:693,28,1,0
BRDA:694,29,0,0
BRDA:694,29,1,0
BRDA:697,30,0,0
BRDA:697,30,1,0
BRDA:701,31,0,0
BRDA:701,31,1,0
BRDA:708,32,0,0
BRDA:708,32,1,0
BRDA:712,33,0,0
BRDA:712,33,1,0
BRDA:712,34,0,0
BRDA:712,34,1,0
BRDA:712,34,2,0
BRDA:727,35,0,0
BRDA:727,35,1,0
BRDA:730,36,0,0
BRDA:730,36,1,0
BRDA:740,37,0,0
BRDA:740,37,1,0
BRDA:740,38,0,0
BRDA:740,38,1,0
BRDA:750,39,0,0
BRDA:750,39,1,0
BRDA:758,40,0,0
BRDA:758,40,1,0
BRDA:800,41,0,0
BRDA:800,41,1,0
BRDA:809,42,0,0
BRDA:809,42,1,0
BRDA:811,43,0,0
BRDA:811,43,1,0
BRDA:828,44,0,0
BRDA:828,44,1,0
BRDA:828,45,0,0
BRDA:828,45,1,0
BRDA:830,46,0,0
BRDA:830,46,1,0
BRDA:831,47,0,0
BRDA:831,47,1,0
BRDA:831,48,0,0
BRDA:831,48,1,0
BRF:99
BRH:0
end_of_record
TN:
SF:routes\order.js
FN:33,(anonymous_0)
FN:53,(anonymous_1)
FN:83,(anonymous_2)
FN:98,(anonymous_3)
FN:111,(anonymous_4)
FN:161,(anonymous_5)
FN:190,(anonymous_6)
FN:256,(anonymous_7)
FN:315,(anonymous_8)
FN:343,(anonymous_9)
FN:428,(anonymous_10)
FN:477,(anonymous_11)
FN:499,(anonymous_12)
FN:507,(anonymous_13)
FN:522,(anonymous_14)
FN:549,(anonymous_15)
FN:606,(anonymous_16)
FN:626,(anonymous_17)
FN:675,(anonymous_18)
FN:722,(anonymous_19)
FN:752,(anonymous_20)
FN:766,(anonymous_21)
FN:799,(anonymous_22)
FN:800,(anonymous_23)
FN:805,(anonymous_24)
FN:836,(anonymous_25)
FN:850,(anonymous_26)
FN:883,(anonymous_27)
FN:887,(anonymous_28)
FN:899,(anonymous_29)
FN:926,(anonymous_30)
FN:985,(anonymous_31)
FN:1094,(anonymous_32)
FN:1154,(anonymous_33)
FN:1169,(anonymous_34)
FN:1175,(anonymous_35)
FN:1205,(anonymous_36)
FN:1208,(anonymous_37)
FNF:38
FNH:0
FNDA:0,(anonymous_0)
FNDA:0,(anonymous_1)
FNDA:0,(anonymous_2)
FNDA:0,(anonymous_3)
FNDA:0,(anonymous_4)
FNDA:0,(anonymous_5)
FNDA:0,(anonymous_6)
FNDA:0,(anonymous_7)
FNDA:0,(anonymous_8)
FNDA:0,(anonymous_9)
FNDA:0,(anonymous_10)
FNDA:0,(anonymous_11)
FNDA:0,(anonymous_12)
FNDA:0,(anonymous_13)
FNDA:0,(anonymous_14)
FNDA:0,(anonymous_15)
FNDA:0,(anonymous_16)
FNDA:0,(anonymous_17)
FNDA:0,(anonymous_18)
FNDA:0,(anonymous_19)
FNDA:0,(anonymous_20)
FNDA:0,(anonymous_21)
FNDA:0,(anonymous_22)
FNDA:0,(anonymous_23)
FNDA:0,(anonymous_24)
FNDA:0,(anonymous_25)
FNDA:0,(anonymous_26)
FNDA:0,(anonymous_27)
FNDA:0,(anonymous_28)
FNDA:0,(anonymous_29)
FNDA:0,(anonymous_30)
FNDA:0,(anonymous_31)
FNDA:0,(anonymous_32)
FNDA:0,(anonymous_33)
FNDA:0,(anonymous_34)
FNDA:0,(anonymous_35)
FNDA:0,(anonymous_36)
FNDA:0,(anonymous_37)
DA:3,0
DA:4,0
DA:5,0
DA:6,0
DA:7,0
DA:10,0
DA:17,0
DA:20,0
DA:21,0
DA:24,0
DA:27,0
DA:33,0
DA:34,0
DA:37,0
DA:45,0
DA:47,0
DA:48,0
DA:52,0
DA:53,0
DA:58,0
DA:62,0
DA:63,0
DA:64,0
DA:65,0
DA:71,0
DA:72,0
DA:73,0
DA:76,0
DA:83,0
DA:84,0
DA:85,0
DA:88,0
DA:89,0
DA:93,0
DA:98,0
DA:101,0
DA:105,0
DA:106,0
DA:109,0
DA:110,0
DA:111,0
DA:112,0
DA:113,0
DA:115,0
DA:116,0
DA:119,0
DA:120,0
DA:122,0
DA:132,0
DA:139,0
DA:161,0
DA:162,0
DA:166,0
DA:167,0
DA:168,0
DA:172,0
DA:173,0
DA:174,0
DA:179,0
DA:184,0
DA:185,0
DA:186,0
DA:190,0
DA:191,0
DA:198,0
DA:200,0
DA:201,0
DA:207,0
DA:216,0
DA:232,0
DA:246,0
DA:247,0
DA:256,0
DA:257,0
DA:258,0
DA:261,0
DA:265,0
DA:267,0
DA:268,0
DA:270,0
DA:274,0
DA:275,0
DA:276,0
DA:281,0
DA:283,0
DA:285,0
DA:298,0
DA:302,0
DA:303,0
DA:309,0
DA:312,0
DA:313,0
DA:314,0
DA:315,0
DA:316,0
DA:321,0
DA:323,0
DA:330,0
DA:333,0
DA:334,0
DA:343,0
DA:344,0
DA:345,0
DA:347,0
DA:348,0
DA:352,0
DA:353,0
DA:354,0
DA:358,0
DA:359,0
DA:366,0
DA:367,0
DA:368,0
DA:370,0
DA:371,0
DA:382,0
DA:385,0
DA:386,0
DA:392,0
DA:398,0
DA:405,0
DA:411,0
DA:418,0
DA:419,0
DA:428,0
DA:429,0
DA:430,0
DA:435,0
DA:436,0
DA:440,0
DA:441,0
DA:442,0
DA:446,0
DA:447,0
DA:454,0
DA:466,0
DA:467,0
DA:474,0
DA:475,0
DA:476,0
DA:477,0
DA:478,0
DA:482,0
DA:489,0
DA:490,0
DA:499,0
DA:500,0
DA:501,0
DA:507,0
DA:511,0
DA:513,0
DA:514,0
DA:522,0
DA:523,0
DA:524,0
DA:529,0
DA:530,0
DA:534,0
DA:535,0
DA:538,0
DA:540,0
DA:541,0
DA:549,0
DA:550,0
DA:551,0
DA:570,0
DA:571,0
DA:575,0
DA:576,0
DA:581,0
DA:594,0
DA:606,0
DA:617,0
DA:618,0
DA:626,0
DA:627,0
DA:628,0
DA:631,0
DA:640,0
DA:641,0
DA:647,0
DA:650,0
DA:658,0
DA:659,0
DA:666,0
DA:667,0
DA:668,0
DA:675,0
DA:677,0
DA:684,0
DA:685,0
DA:692,0
DA:693,0
DA:702,0
DA:703,0
DA:710,0
DA:711,0
DA:712,0
DA:713,0
DA:716,0
DA:722,0
DA:723,0
DA:726,0
DA:739,0
DA:740,0
DA:752,0
DA:753,0
DA:754,0
DA:755,0
DA:756,0
DA:763,0
DA:766,0
DA:768,0
DA:769,0
DA:777,0
DA:799,0
DA:800,0
DA:801,0
DA:805,0
DA:806,0
DA:809,0
DA:816,0
DA:823,0
DA:824,0
DA:836,0
DA:837,0
DA:838,0
DA:839,0
DA:840,0
DA:847,0
DA:850,0
DA:852,0
DA:853,0
DA:864,0
DA:878,0
DA:880,0
DA:881,0
DA:883,0
DA:884,0
DA:887,0
DA:888,0
DA:891,0
DA:896,0
DA:899,0
DA:900,0
DA:903,0
DA:913,0
DA:914,0
DA:926,0
DA:927,0
DA:928,0
DA:933,0
DA:934,0
DA:938,0
DA:939,0
DA:944,0
DA:945,0
DA:951,0
DA:952,0
DA:953,0
DA:961,0
DA:969,0
DA:976,0
DA:977,0
DA:985,0
DA:986,0
DA:987,0
DA:989,0
DA:990,0
DA:993,0
DA:998,0
DA:999,0
DA:1002,0
DA:1003,0
DA:1008,0
DA:1009,0
DA:1013,0
DA:1018,0
DA:1021,0
DA:1022,0
DA:1025,0
DA:1026,0
DA:1031,0
DA:1033,0
DA:1034,0
DA:1035,0
DA:1036,0
DA:1040,0
DA:1041,0
DA:1046,0
DA:1047,0
DA:1052,0
DA:1054,0
DA:1055,0
DA:1060,0
DA:1061,0
DA:1067,0
DA:1078,0
DA:1085,0
DA:1086,0
DA:1094,0
DA:1095,0
DA:1097,0
DA:1098,0
DA:1099,0
DA:1103,0
DA:1108,0
DA:1109,0
DA:1113,0
DA:1114,0
DA:1118,0
DA:1135,0
DA:1136,0
DA:1137,0
DA:1147,0
DA:1148,0
DA:1149,0
DA:1154,0
DA:1159,0
DA:1163,0
DA:1168,0
DA:1169,0
DA:1170,0
DA:1171,0
DA:1175,0
DA:1183,0
DA:1187,0
DA:1194,0
DA:1195,0
DA:1199,0
DA:1205,0
DA:1208,0
DA:1209,0
DA:1210,0
DA:1213,0
DA:1214,0
DA:1217,0
DA:1218,0
DA:1222,0
DA:1225,0
DA:1228,0
DA:1229,0
DA:1233,0
DA:1241,0
DA:1248,0
DA:1249,0
LF:346
LH:0
BRDA:45,0,0,0
BRDA:45,0,1,0
BRDA:45,1,0,0
BRDA:45,1,1,0
BRDA:52,2,0,0
BRDA:52,2,1,0
BRDA:52,3,0,0
BRDA:52,3,1,0
BRDA:54,4,0,0
BRDA:54,4,1,0
BRDA:54,4,2,0
BRDA:56,5,0,0
BRDA:56,5,1,0
BRDA:62,6,0,0
BRDA:62,6,1,0
BRDA:63,7,0,0
BRDA:63,7,1,0
BRDA:63,7,2,0
BRDA:64,8,0,0
BRDA:64,8,1,0
BRDA:67,9,0,0
BRDA:67,9,1,0
BRDA:67,9,2,0
BRDA:67,9,3,0
BRDA:68,10,0,0
BRDA:68,10,1,0
BRDA:68,10,2,0
BRDA:69,11,0,0
BRDA:69,11,1,0
BRDA:69,11,2,0
BRDA:85,12,0,0
BRDA:88,13,0,0
BRDA:88,13,1,0
BRDA:98,14,0,0
BRDA:98,14,1,0
BRDA:110,15,0,0
BRDA:110,15,1,0
BRDA:112,16,0,0
BRDA:112,16,1,0
BRDA:115,17,0,0
BRDA:115,17,1,0
BRDA:125,18,0,0
BRDA:125,18,1,0
BRDA:125,18,2,0
BRDA:148,19,0,0
BRDA:148,19,1,0
BRDA:172,20,0,0
BRDA:172,20,1,0
BRDA:172,21,0,0
BRDA:172,21,1,0
BRDA:173,22,0,0
BRDA:173,22,1,0
BRDA:198,23,0,0
BRDA:198,23,1,0
BRDA:226,24,0,0
BRDA:226,24,1,0
BRDA:242,25,0,0
BRDA:242,25,1,0
BRDA:267,26,0,0
BRDA:267,26,1,0
BRDA:274,27,0,0
BRDA:274,27,1,0
BRDA:283,28,0,0
BRDA:283,28,1,0
BRDA:313,29,0,0
BRDA:313,29,1,0
BRDA:347,30,0,0
BRDA:347,30,1,0
BRDA:353,31,0,0
BRDA:353,31,1,0
BRDA:358,32,0,0
BRDA:358,32,1,0
BRDA:366,33,0,0
BRDA:366,33,1,0
BRDA:366,34,0,0
BRDA:366,34,1,0
BRDA:370,35,0,0
BRDA:370,35,1,0
BRDA:435,36,0,0
BRDA:435,36,1,0
BRDA:441,37,0,0
BRDA:441,37,1,0
BRDA:446,38,0,0
BRDA:446,38,1,0
BRDA:475,39,0,0
BRDA:475,39,1,0
BRDA:529,40,0,0
BRDA:529,40,1,0
BRDA:534,41,0,0
BRDA:534,41,1,0
BRDA:570,42,0,0
BRDA:570,42,1,0
BRDA:575,43,0,0
BRDA:575,43,1,0
BRDA:640,44,0,0
BRDA:640,44,1,0
BRDA:658,45,0,0
BRDA:658,45,1,0
BRDA:667,46,0,0
BRDA:667,46,1,0
BRDA:684,47,0,0
BRDA:684,47,1,0
BRDA:702,48,0,0
BRDA:702,48,1,0
BRDA:711,49,0,0
BRDA:711,49,1,0
BRDA:712,50,0,0
BRDA:712,50,1,0
BRDA:712,51,0,0
BRDA:712,51,1,0
BRDA:713,52,0,0
BRDA:713,52,1,0
BRDA:713,53,0,0
BRDA:713,53,1,0
BRDA:755,54,0,0
BRDA:755,54,1,0
BRDA:768,55,0,0
BRDA:768,55,1,0
BRDA:839,56,0,0
BRDA:839,56,1,0
BRDA:852,57,0,0
BRDA:852,57,1,0
BRDA:881,58,0,0
BRDA:881,58,1,0
BRDA:900,59,0,0
BRDA:900,59,1,0
BRDA:933,60,0,0
BRDA:933,60,1,0
BRDA:938,61,0,0
BRDA:938,61,1,0
BRDA:944,62,0,0
BRDA:944,62,1,0
BRDA:951,63,0,0
BRDA:951,63,1,0
BRDA:951,64,0,0
BRDA:951,64,1,0
BRDA:989,65,0,0
BRDA:989,65,1,0
BRDA:998,66,0,0
BRDA:998,66,1,0
BRDA:1002,67,0,0
BRDA:1002,67,1,0
BRDA:1008,68,0,0
BRDA:1008,68,1,0
BRDA:1021,69,0,0
BRDA:1021,69,1,0
BRDA:1031,70,0,0
BRDA:1031,70,1,0
BRDA:1031,71,0,0
BRDA:1031,71,1,0
BRDA:1035,72,0,0
BRDA:1035,72,1,0
BRDA:1035,73,0,0
BRDA:1035,73,1,0
BRDA:1052,74,0,0
BRDA:1052,74,1,0
BRDA:1052,75,0,0
BRDA:1052,75,1,0
BRDA:1098,76,0,0
BRDA:1098,76,1,0
BRDA:1098,77,0,0
BRDA:1098,77,1,0
BRDA:1108,78,0,0
BRDA:1108,78,1,0
BRDA:1113,79,0,0
BRDA:1113,79,1,0
BRDA:1135,80,0,0
BRDA:1135,80,1,0
BRDA:1148,81,0,0
BRDA:1148,81,1,0
BRDA:1170,82,0,0
BRDA:1170,82,1,0
BRDA:1209,83,0,0
BRDA:1209,83,1,0
BRDA:1213,84,0,0
BRDA:1213,84,1,0
BRDA:1222,85,0,0
BRDA:1222,85,1,0
BRDA:1228,86,0,0
BRDA:1228,86,1,0
BRF:180
BRH:0
end_of_record
TN:
SF:routes\otp.js
FN:13,(anonymous_0)
FN:24,(anonymous_1)
FN:152,(anonymous_2)
FN:252,(anonymous_3)
FNF:4
FNH:0
FNDA:0,(anonymous_0)
FNDA:0,(anonymous_1)
FNDA:0,(anonymous_2)
FNDA:0,(anonymous_3)
DA:3,0
DA:4,0
DA:5,0
DA:6,0
DA:7,0
DA:13,0
DA:14,0
DA:15,0
DA:17,0
DA:24,0
DA:25,0
DA:27,0
DA:29,0
DA:30,0
DA:37,0
DA:38,0
DA:39,0
DA:46,0
DA:47,0
DA:48,0
DA:55,0
DA:63,0
DA:64,0
DA:65,0
DA:67,0
DA:76,0
DA:77,0
DA:78,0
DA:87,0
DA:88,0
DA:95,0
DA:98,0
DA:109,0
DA:110,0
DA:112,0
DA:115,0
DA:118,0
DA:120,0
DA:130,0
DA:139,0
DA:140,0
DA:152,0
DA:153,0
DA:155,0
DA:157,0
DA:158,0
DA:165,0
DA:169,0
DA:178,0
DA:179,0
DA:186,0
DA:187,0
DA:194,0
DA:195,0
DA:202,0
DA:204,0
DA:209,0
DA:210,0
DA:217,0
DA:223,0
DA:224,0
DA:225,0
DA:226,0
DA:233,0
DA:240,0
DA:241,0
DA:252,0
DA:253,0
DA:255,0
DA:256,0
DA:262,0
DA:264,0
DA:265,0
DA:266,0
DA:273,0
DA:274,0
DA:275,0
DA:282,0
DA:286,0
DA:287,0
DA:288,0
DA:297,0
DA:298,0
DA:305,0
DA:308,0
DA:319,0
DA:320,0
DA:322,0
DA:325,0
DA:326,0
DA:327,0
DA:335,0
DA:342,0
DA:343,0
DA:351,0
LF:95
LH:0
BRDA:14,0,0,0
BRDA:14,0,1,0
BRDA:29,1,0,0
BRDA:29,1,1,0
BRDA:29,2,0,0
BRDA:29,2,1,0
BRDA:38,3,0,0
BRDA:38,3,1,0
BRDA:47,4,0,0
BRDA:47,4,1,0
BRDA:55,5,0,0
BRDA:55,5,1,0
BRDA:56,6,0,0
BRDA:56,6,1,0
BRDA:63,7,0,0
BRDA:63,7,1,0
BRDA:65,8,0,0
BRDA:65,8,1,0
BRDA:76,9,0,0
BRDA:76,9,1,0
BRDA:87,10,0,0
BRDA:87,10,1,0
BRDA:109,11,0,0
BRDA:109,11,1,0
BRDA:115,12,0,0
BRDA:115,12,1,0
BRDA:125,13,0,0
BRDA:125,13,1,0
BRDA:135,14,0,0
BRDA:135,14,1,0
BRDA:157,15,0,0
BRDA:157,15,1,0
BRDA:157,16,0,0
BRDA:157,16,1,0
BRDA:157,16,2,0
BRDA:165,17,0,0
BRDA:165,17,1,0
BRDA:166,18,0,0
BRDA:166,18,1,0
BRDA:178,19,0,0
BRDA:178,19,1,0
BRDA:186,20,0,0
BRDA:186,20,1,0
BRDA:194,21,0,0
BRDA:194,21,1,0
BRDA:202,22,0,0
BRDA:202,22,1,0
BRDA:223,23,0,0
BRDA:223,23,1,0
BRDA:223,24,0,0
BRDA:223,24,1,0
BRDA:225,25,0,0
BRDA:225,25,1,0
BRDA:225,26,0,0
BRDA:225,26,1,0
BRDA:255,27,0,0
BRDA:255,27,1,0
BRDA:255,28,0,0
BRDA:255,28,1,0
BRDA:265,29,0,0
BRDA:265,29,1,0
BRDA:274,30,0,0
BRDA:274,30,1,0
BRDA:282,31,0,0
BRDA:282,31,1,0
BRDA:283,32,0,0
BRDA:283,32,1,0
BRDA:286,33,0,0
BRDA:286,33,1,0
BRDA:297,34,0,0
BRDA:297,34,1,0
BRDA:319,35,0,0
BRDA:319,35,1,0
BRDA:325,36,0,0
BRDA:325,36,1,0
BRDA:331,37,0,0
BRDA:331,37,1,0
BRDA:339,38,0,0
BRDA:339,38,1,0
BRF:79
BRH:0
end_of_record
TN:
SF:routes\product.js
FN:24,(anonymous_0)
FN:42,(anonymous_1)
FN:46,(anonymous_2)
FN:75,(anonymous_3)
FN:75,(anonymous_4)
FN:97,(anonymous_5)
FN:102,(anonymous_6)
FN:133,(anonymous_7)
FN:157,(anonymous_8)
FN:169,(anonymous_9)
FN:192,(anonymous_10)
FN:195,(anonymous_11)
FN:195,(anonymous_12)
FN:223,(anonymous_13)
FN:254,(anonymous_14)
FN:281,(anonymous_15)
FN:293,(anonymous_16)
FN:318,(anonymous_17)
FN:395,(anonymous_18)
FN:402,(anonymous_19)
FN:438,(anonymous_20)
FN:441,(anonymous_21)
FN:441,(anonymous_22)
FN:467,(anonymous_23)
FN:486,(anonymous_24)
FNF:25
FNH:0
FNDA:0,(anonymous_0)
FNDA:0,(anonymous_1)
FNDA:0,(anonymous_2)
FNDA:0,(anonymous_3)
FNDA:0,(anonymous_4)
FNDA:0,(anonymous_5)
FNDA:0,(anonymous_6)
FNDA:0,(anonymous_7)
FNDA:0,(anonymous_8)
FNDA:0,(anonymous_9)
FNDA:0,(anonymous_10)
FNDA:0,(anonymous_11)
FNDA:0,(anonymous_12)
FNDA:0,(anonymous_13)
FNDA:0,(anonymous_14)
FNDA:0,(anonymous_15)
FNDA:0,(anonymous_16)
FNDA:0,(anonymous_17)
FNDA:0,(anonymous_18)
FNDA:0,(anonymous_19)
FNDA:0,(anonymous_20)
FNDA:0,(anonymous_21)
FNDA:0,(anonymous_22)
FNDA:0,(anonymous_23)
FNDA:0,(anonymous_24)
DA:3,0
DA:4,0
DA:5,0
DA:6,0
DA:7,0
DA:8,0
DA:9,0
DA:10,0
DA:11,0
DA:12,0
DA:15,0
DA:16,0
DA:19,0
DA:24,0
DA:25,0
DA:26,0
DA:29,0
DA:30,0
DA:31,0
DA:32,0
DA:34,0
DA:35,0
DA:38,0
DA:41,0
DA:42,0
DA:43,0
DA:47,0
DA:48,0
DA:49,0
DA:51,0
DA:52,0
DA:53,0
DA:55,0
DA:56,0
DA:57,0
DA:60,0
DA:61,0
DA:63,0
DA:64,0
DA:65,0
DA:67,0
DA:68,0
DA:69,0
DA:73,0
DA:74,0
DA:75,0
DA:79,0
DA:80,0
DA:81,0
DA:82,0
DA:85,0
DA:97,0
DA:101,0
DA:102,0
DA:103,0
DA:107,0
DA:108,0
DA:109,0
DA:112,0
DA:116,0
DA:117,0
DA:125,0
DA:130,0
DA:134,0
DA:135,0
DA:140,0
DA:142,0
DA:143,0
DA:145,0
DA:148,0
DA:149,0
DA:157,0
DA:158,0
DA:160,0
DA:161,0
DA:165,0
DA:166,0
DA:168,0
DA:169,0
DA:173,0
DA:180,0
DA:183,0
DA:184,0
DA:185,0
DA:187,0
DA:188,0
DA:192,0
DA:195,0
DA:198,0
DA:213,0
DA:215,0
DA:216,0
DA:223,0
DA:224,0
DA:227,0
DA:244,0
DA:246,0
DA:247,0
DA:254,0
DA:255,0
DA:256,0
DA:273,0
DA:274,0
DA:278,0
DA:281,0
DA:283,0
DA:285,0
DA:286,0
DA:293,0
DA:294,0
DA:295,0
DA:296,0
DA:297,0
DA:299,0
DA:300,0
DA:303,0
DA:307,0
DA:310,0
DA:311,0
DA:318,0
DA:319,0
DA:320,0
DA:343,0
DA:344,0
DA:347,0
DA:348,0
DA:351,0
DA:369,0
DA:387,0
DA:388,0
DA:395,0
DA:396,0
DA:398,0
DA:399,0
DA:401,0
DA:402,0
DA:406,0
DA:413,0
DA:415,0
DA:417,0
DA:418,0
DA:422,0
DA:423,0
DA:427,0
DA:428,0
DA:429,0
DA:430,0
DA:431,0
DA:432,0
DA:433,0
DA:434,0
DA:437,0
DA:438,0
DA:441,0
DA:442,0
DA:443,0
DA:447,0
DA:448,0
DA:452,0
DA:457,0
DA:459,0
DA:460,0
DA:467,0
DA:468,0
DA:469,0
DA:471,0
DA:472,0
DA:476,0
DA:477,0
DA:481,0
DA:482,0
DA:486,0
DA:488,0
DA:490,0
DA:492,0
DA:495,0
DA:497,0
DA:498,0
DA:502,0
LF:179
LH:0
BRDA:25,0,0,0
BRDA:25,0,1,0
BRDA:31,1,0,0
BRDA:31,1,1,0
BRDA:34,2,0,0
BRDA:34,2,1,0
BRDA:55,3,0,0
BRDA:55,3,1,0
BRDA:55,4,0,0
BRDA:55,4,1,0
BRDA:55,4,2,0
BRDA:55,4,3,0
BRDA:55,4,4,0
BRDA:63,5,0,0
BRDA:63,5,1,0
BRDA:63,6,0,0
BRDA:63,6,1,0
BRDA:67,7,0,0
BRDA:67,7,1,0
BRDA:67,8,0,0
BRDA:67,8,1,0
BRDA:74,9,0,0
BRDA:74,9,1,0
BRDA:74,10,0,0
BRDA:74,10,1,0
BRDA:80,11,0,0
BRDA:80,11,1,0
BRDA:82,12,0,0
BRDA:82,12,1,0
BRDA:93,13,0,0
BRDA:93,13,1,0
BRDA:94,14,0,0
BRDA:94,14,1,0
BRDA:96,15,0,0
BRDA:96,15,1,0
BRDA:97,16,0,0
BRDA:97,16,1,0
BRDA:101,17,0,0
BRDA:101,17,1,0
BRDA:107,18,0,0
BRDA:107,18,1,0
BRDA:116,19,0,0
BRDA:116,19,1,0
BRDA:142,20,0,0
BRDA:142,20,1,0
BRDA:142,21,0,0
BRDA:142,21,1,0
BRDA:160,22,0,0
BRDA:160,22,1,0
BRDA:160,23,0,0
BRDA:160,23,1,0
BRDA:166,24,0,0
BRDA:166,24,1,0
BRDA:168,25,0,0
BRDA:168,25,1,0
BRDA:168,25,2,0
BRDA:175,26,0,0
BRDA:175,26,1,0
BRDA:184,27,0,0
BRDA:184,27,1,0
BRDA:187,28,0,0
BRDA:187,28,1,0
BRDA:207,29,0,0
BRDA:207,29,1,0
BRDA:208,30,0,0
BRDA:208,30,1,0
BRDA:209,31,0,0
BRDA:209,31,1,0
BRDA:273,32,0,0
BRDA:273,32,1,0
BRDA:296,33,0,0
BRDA:296,33,1,0
BRDA:299,34,0,0
BRDA:299,34,1,0
BRDA:343,35,0,0
BRDA:343,35,1,0
BRDA:343,36,0,0
BRDA:343,36,1,0
BRDA:347,37,0,0
BRDA:347,37,1,0
BRDA:372,38,0,0
BRDA:372,38,1,0
BRDA:373,39,0,0
BRDA:373,39,1,0
BRDA:374,40,0,0
BRDA:374,40,1,0
BRDA:375,41,0,0
BRDA:375,41,1,0
BRDA:376,42,0,0
BRDA:376,42,1,0
BRDA:377,43,0,0
BRDA:377,43,1,0
BRDA:378,44,0,0
BRDA:378,44,1,0
BRDA:379,45,0,0
BRDA:379,45,1,0
BRDA:399,46,0,0
BRDA:399,46,1,0
BRDA:401,47,0,0
BRDA:401,47,1,0
BRDA:401,47,2,0
BRDA:408,48,0,0
BRDA:408,48,1,0
BRDA:417,49,0,0
BRDA:417,49,1,0
BRDA:422,50,0,0
BRDA:422,50,1,0
BRDA:428,51,0,0
BRDA:428,51,1,0
BRDA:429,52,0,0
BRDA:429,52,1,0
BRDA:430,53,0,0
BRDA:430,53,1,0
BRDA:431,54,0,0
BRDA:431,54,1,0
BRDA:432,55,0,0
BRDA:432,55,1,0
BRDA:433,56,0,0
BRDA:433,56,1,0
BRDA:434,57,0,0
BRDA:434,57,1,0
BRDA:437,58,0,0
BRDA:437,58,1,0
BRDA:437,59,0,0
BRDA:437,59,1,0
BRDA:442,60,0,0
BRDA:442,60,1,0
BRDA:447,61,0,0
BRDA:447,61,1,0
BRDA:447,62,0,0
BRDA:447,62,1,0
BRDA:471,63,0,0
BRDA:471,63,1,0
BRDA:476,64,0,0
BRDA:476,64,1,0
BRDA:481,65,0,0
BRDA:481,65,1,0
BRDA:481,66,0,0
BRDA:481,66,1,0
BRF:139
BRH:0
end_of_record
TN:
SF:routes\review.js
FN:23,(anonymous_0)
FN:77,(anonymous_1)
FN:128,(anonymous_2)
FN:179,(anonymous_3)
FN:198,(anonymous_4)
FN:260,(anonymous_5)
FN:337,(anonymous_6)
FN:384,(anonymous_7)
FN:422,(anonymous_8)
FN:459,(anonymous_9)
FN:515,(anonymous_10)
FN:563,(anonymous_11)
FN:604,updateProductRating
FNF:13
FNH:0
FNDA:0,(anonymous_0)
FNDA:0,(anonymous_1)
FNDA:0,(anonymous_2)
FNDA:0,(anonymous_3)
FNDA:0,(anonymous_4)
FNDA:0,(anonymous_5)
FNDA:0,(anonymous_6)
FNDA:0,(anonymous_7)
FNDA:0,(anonymous_8)
FNDA:0,(anonymous_9)
FNDA:0,(anonymous_10)
FNDA:0,(anonymous_11)
FNDA:0,updateProductRating
DA:3,0
DA:4,0
DA:5,0
DA:6,0
DA:7,0
DA:10,0
DA:11,0
DA:14,0
DA:23,0
DA:24,0
DA:25,0
DA:26,0
DA:28,0
DA:29,0
DA:30,0
DA:31,0
DA:32,0
DA:34,0
DA:55,0
DA:63,0
DA:77,0
DA:83,0
DA:96,0
DA:112,0
DA:113,0
DA:128,0
DA:129,0
DA:130,0
DA:133,0
DA:137,0
DA:138,0
DA:145,0
DA:152,0
DA:155,0
DA:156,0
DA:157,0
DA:163,0
DA:167,0
DA:169,0
DA:170,0
DA:177,0
DA:178,0
DA:179,0
DA:181,0
DA:186,0
DA:196,0
DA:197,0
DA:198,0
DA:200,0
DA:201,0
DA:202,0
DA:208,0
DA:229,0
DA:231,0
DA:242,0
DA:243,0
DA:244,0
DA:249,0
DA:260,0
DA:261,0
DA:262,0
DA:264,0
DA:268,0
DA:269,0
DA:276,0
DA:277,0
DA:284,0
DA:289,0
DA:290,0
DA:291,0
DA:296,0
DA:298,0
DA:299,0
DA:301,0
DA:315,0
DA:316,0
DA:319,0
DA:325,0
DA:326,0
DA:337,0
DA:338,0
DA:339,0
DA:343,0
DA:344,0
DA:351,0
DA:352,0
DA:358,0
DA:360,0
DA:365,0
DA:367,0
DA:372,0
DA:373,0
DA:384,0
DA:385,0
DA:386,0
DA:405,0
DA:410,0
DA:411,0
DA:422,0
DA:423,0
DA:424,0
DA:431,0
DA:437,0
DA:438,0
DA:439,0
DA:444,0
DA:459,0
DA:460,0
DA:461,0
DA:462,0
DA:464,0
DA:465,0
DA:466,0
DA:467,0
DA:469,0
DA:490,0
DA:492,0
DA:503,0
DA:504,0
DA:515,0
DA:516,0
DA:517,0
DA:520,0
DA:524,0
DA:525,0
DA:531,0
DA:541,0
DA:542,0
DA:545,0
DA:551,0
DA:552,0
DA:563,0
DA:564,0
DA:565,0
DA:569,0
DA:570,0
DA:576,0
DA:578,0
DA:583,0
DA:585,0
DA:590,0
DA:591,0
DA:605,0
DA:606,0
DA:619,0
DA:620,0
DA:622,0
DA:630,0
DA:634,0
LF:149
LH:0
BRDA:25,0,0,0
BRDA:25,1,0,0
BRDA:25,2,0,0
BRDA:29,3,0,0
BRDA:29,3,1,0
BRDA:30,4,0,0
BRDA:30,4,1,0
BRDA:31,5,0,0
BRDA:31,5,1,0
BRDA:32,6,0,0
BRDA:32,6,1,0
BRDA:50,7,0,0
BRDA:50,7,1,0
BRDA:106,8,0,0
BRDA:106,8,1,0
BRDA:107,9,0,0
BRDA:107,9,1,0
BRDA:137,10,0,0
BRDA:137,10,1,0
BRDA:152,11,0,0
BRDA:152,11,1,0
BRDA:156,12,0,0
BRDA:156,12,1,0
BRDA:169,13,0,0
BRDA:169,13,1,0
BRDA:177,14,0,0
BRDA:177,14,1,0
BRDA:177,15,0,0
BRDA:177,15,1,0
BRDA:200,16,0,0
BRDA:200,16,1,0
BRDA:213,17,0,0
BRDA:213,17,1,0
BRDA:215,18,0,0
BRDA:215,18,1,0
BRDA:243,19,0,0
BRDA:243,19,1,0
BRDA:268,20,0,0
BRDA:268,20,1,0
BRDA:276,21,0,0
BRDA:276,21,1,0
BRDA:289,22,0,0
BRDA:289,22,1,0
BRDA:290,23,0,0
BRDA:290,23,1,0
BRDA:290,24,0,0
BRDA:290,24,1,0
BRDA:298,25,0,0
BRDA:298,25,1,0
BRDA:299,26,0,0
BRDA:299,26,1,0
BRDA:315,27,0,0
BRDA:315,27,1,0
BRDA:343,28,0,0
BRDA:343,28,1,0
BRDA:351,29,0,0
BRDA:351,29,1,0
BRDA:438,30,0,0
BRDA:438,30,1,0
BRDA:461,31,0,0
BRDA:461,32,0,0
BRDA:461,33,0,0
BRDA:461,34,0,0
BRDA:465,35,0,0
BRDA:465,35,1,0
BRDA:466,36,0,0
BRDA:466,36,1,0
BRDA:467,37,0,0
BRDA:467,37,1,0
BRDA:524,38,0,0
BRDA:524,38,1,0
BRDA:541,39,0,0
BRDA:541,39,1,0
BRDA:547,40,0,0
BRDA:547,40,1,0
BRDA:569,41,0,0
BRDA:569,41,1,0
BRDA:619,42,0,0
BRDA:619,42,1,0
BRDA:620,43,0,0
BRDA:620,43,1,0
BRF:81
BRH:0
end_of_record
TN:
SF:routes\search.js
FN:15,(anonymous_0)
FN:165,(anonymous_1)
FN:198,(anonymous_2)
FN:233,(anonymous_3)
FN:240,(anonymous_4)
FN:240,(anonymous_5)
FN:247,(anonymous_6)
FN:247,(anonymous_7)
FN:254,(anonymous_8)
FN:254,(anonymous_9)
FN:281,(anonymous_10)
FN:303,(anonymous_11)
FN:379,(anonymous_12)
FNF:13
FNH:0
FNDA:0,(anonymous_0)
FNDA:0,(anonymous_1)
FNDA:0,(anonymous_2)
FNDA:0,(anonymous_3)
FNDA:0,(anonymous_4)
FNDA:0,(anonymous_5)
FNDA:0,(anonymous_6)
FNDA:0,(anonymous_7)
FNDA:0,(anonymous_8)
FNDA:0,(anonymous_9)
FNDA:0,(anonymous_10)
FNDA:0,(anonymous_11)
FNDA:0,(anonymous_12)
DA:2,0
DA:3,0
DA:4,0
DA:7,0
DA:15,0
DA:16,0
DA:30,0
DA:33,0
DA:36,0
DA:37,0
DA:46,0
DA:47,0
DA:51,0
DA:52,0
DA:53,0
DA:54,0
DA:58,0
DA:59,0
DA:63,0
DA:64,0
DA:68,0
DA:69,0
DA:73,0
DA:74,0
DA:78,0
DA:79,0
DA:83,0
DA:84,0
DA:87,0
DA:88,0
DA:89,0
DA:91,0
DA:95,0
DA:116,0
DA:119,0
DA:120,0
DA:121,0
DA:123,0
DA:150,0
DA:151,0
DA:165,0
DA:166,0
DA:167,0
DA:169,0
DA:170,0
DA:177,0
DA:195,0
DA:196,0
DA:198,0
DA:199,0
DA:200,0
DA:201,0
DA:203,0
DA:204,0
DA:205,0
DA:207,0
DA:208,0
DA:209,0
DA:213,0
DA:219,0
DA:220,0
DA:233,0
DA:234,0
DA:236,0
DA:240,0
DA:243,0
DA:247,0
DA:250,0
DA:254,0
DA:257,0
DA:264,0
DA:270,0
DA:281,0
DA:289,0
DA:290,0
DA:303,0
DA:304,0
DA:305,0
DA:308,0
DA:324,0
DA:340,0
DA:355,0
DA:365,0
DA:366,0
DA:379,0
DA:380,0
DA:381,0
DA:382,0
DA:385,0
DA:389,0
DA:390,0
DA:397,0
DA:422,0
DA:428,0
DA:429,0
DA:437,0
LF:96
LH:0
BRDA:27,0,0,0
BRDA:28,1,0,0
BRDA:29,2,0,0
BRDA:36,3,0,0
BRDA:36,3,1,0
BRDA:36,4,0,0
BRDA:36,4,1,0
BRDA:46,5,0,0
BRDA:46,5,1,0
BRDA:51,6,0,0
BRDA:51,6,1,0
BRDA:51,7,0,0
BRDA:51,7,1,0
BRDA:53,8,0,0
BRDA:53,8,1,0
BRDA:54,9,0,0
BRDA:54,9,1,0
BRDA:58,10,0,0
BRDA:58,10,1,0
BRDA:63,11,0,0
BRDA:63,11,1,0
BRDA:68,12,0,0
BRDA:68,12,1,0
BRDA:73,13,0,0
BRDA:73,13,1,0
BRDA:78,14,0,0
BRDA:78,14,1,0
BRDA:88,15,0,0
BRDA:88,15,1,0
BRDA:135,16,0,0
BRDA:135,16,1,0
BRDA:136,17,0,0
BRDA:136,17,1,0
BRDA:138,18,0,0
BRDA:138,18,1,0
BRDA:139,19,0,0
BRDA:139,19,1,0
BRDA:141,20,0,0
BRDA:141,20,1,0
BRDA:142,21,0,0
BRDA:142,21,1,0
BRDA:143,22,0,0
BRDA:143,22,1,0
BRDA:169,23,0,0
BRDA:169,23,1,0
BRDA:169,24,0,0
BRDA:169,24,1,0
BRDA:199,25,0,0
BRDA:199,25,1,0
BRDA:199,26,0,0
BRDA:199,26,1,0
BRDA:203,27,0,0
BRDA:203,27,1,0
BRDA:203,28,0,0
BRDA:203,28,1,0
BRDA:207,29,0,0
BRDA:207,29,1,0
BRDA:207,30,0,0
BRDA:207,30,1,0
BRDA:277,31,0,0
BRDA:277,31,1,0
BRDA:278,32,0,0
BRDA:278,32,1,0
BRDA:279,33,0,0
BRDA:279,33,1,0
BRDA:305,34,0,0
BRDA:382,35,0,0
BRDA:389,36,0,0
BRDA:389,36,1,0
BRF:69
BRH:0
end_of_record
TN:
SF:routes\seller.js
FN:15,(anonymous_0)
FN:16,(anonymous_1)
FN:19,(anonymous_2)
FN:20,(anonymous_3)
FN:21,(anonymous_4)
FN:34,(anonymous_5)
FN:38,(anonymous_6)
FN:53,(anonymous_7)
FN:75,(anonymous_8)
FN:189,(anonymous_9)
FN:257,(anonymous_10)
FN:296,(anonymous_11)
FN:342,(anonymous_12)
FN:344,(anonymous_13)
FN:432,(anonymous_14)
FNF:15
FNH:0
FNDA:0,(anonymous_0)
FNDA:0,(anonymous_1)
FNDA:0,(anonymous_2)
FNDA:0,(anonymous_3)
FNDA:0,(anonymous_4)
FNDA:0,(anonymous_5)
FNDA:0,(anonymous_6)
FNDA:0,(anonymous_7)
FNDA:0,(anonymous_8)
FNDA:0,(anonymous_9)
FNDA:0,(anonymous_10)
FNDA:0,(anonymous_11)
FNDA:0,(anonymous_12)
FNDA:0,(anonymous_13)
FNDA:0,(anonymous_14)
DA:3,0
DA:4,0
DA:5,0
DA:6,0
DA:7,0
DA:8,0
DA:9,0
DA:10,0
DA:11,0
DA:12,0
DA:15,0
DA:16,0
DA:17,0
DA:18,0
DA:19,0
DA:20,0
DA:21,0
DA:26,0
DA:29,0
DA:30,0
DA:33,0
DA:35,0
DA:36,0
DA:39,0
DA:40,0
DA:48,0
DA:54,0
DA:61,0
DA:62,0
DA:64,0
DA:75,0
DA:76,0
DA:101,0
DA:103,0
DA:104,0
DA:111,0
DA:112,0
DA:113,0
DA:115,0
DA:116,0
DA:118,0
DA:123,0
DA:124,0
DA:130,0
DA:131,0
DA:132,0
DA:133,0
DA:140,0
DA:143,0
DA:146,0
DA:157,0
DA:161,0
DA:162,0
DA:167,0
DA:169,0
DA:170,0
DA:171,0
DA:176,0
DA:187,0
DA:189,0
DA:190,0
DA:192,0
DA:195,0
DA:205,0
DA:208,0
DA:209,0
DA:210,0
DA:211,0
DA:218,0
DA:224,0
DA:257,0
DA:296,0
DA:308,0
DA:329,0
DA:334,0
DA:335,0
DA:342,0
DA:344,0
DA:345,0
DA:346,0
DA:349,0
DA:350,0
DA:353,0
DA:355,0
DA:356,0
DA:359,0
DA:360,0
DA:364,0
DA:365,0
DA:368,0
DA:369,0
DA:374,0
DA:375,0
DA:379,0
DA:382,0
DA:393,0
DA:394,0
DA:395,0
DA:399,0
DA:411,0
DA:412,0
DA:418,0
DA:423,0
DA:424,0
DA:432,0
DA:438,0
DA:440,0
DA:441,0
DA:444,0
DA:445,0
DA:450,0
DA:451,0
DA:454,0
DA:455,0
DA:459,0
DA:481,0
DA:502,0
DA:504,0
DA:505,0
DA:511,0
LF:120
LH:0
BRDA:61,0,0,0
BRDA:61,0,1,0
BRDA:103,1,0,0
BRDA:103,1,1,0
BRDA:103,2,0,0
BRDA:103,2,1,0
BRDA:112,3,0,0
BRDA:112,3,1,0
BRDA:113,4,0,0
BRDA:113,4,1,0
BRDA:116,5,0,0
BRDA:116,5,1,0
BRDA:123,6,0,0
BRDA:123,6,1,0
BRDA:123,7,0,0
BRDA:123,7,1,0
BRDA:131,8,0,0
BRDA:131,8,1,0
BRDA:140,9,0,0
BRDA:140,9,1,0
BRDA:140,10,0,0
BRDA:140,10,1,0
BRDA:143,11,0,0
BRDA:143,11,1,0
BRDA:161,12,0,0
BRDA:161,12,1,0
BRDA:187,13,0,0
BRDA:187,13,1,0
BRDA:196,14,0,0
BRDA:196,14,1,0
BRDA:209,15,0,0
BRDA:209,15,1,0
BRDA:232,16,0,0
BRDA:232,16,1,0
BRDA:233,17,0,0
BRDA:233,17,1,0
BRDA:234,18,0,0
BRDA:234,18,1,0
BRDA:235,19,0,0
BRDA:235,19,1,0
BRDA:236,20,0,0
BRDA:236,20,1,0
BRDA:237,21,0,0
BRDA:237,21,1,0
BRDA:238,22,0,0
BRDA:238,22,1,0
BRDA:241,23,0,0
BRDA:241,23,1,0
BRDA:242,24,0,0
BRDA:242,24,1,0
BRDA:243,25,0,0
BRDA:243,25,1,0
BRDA:244,26,0,0
BRDA:244,26,1,0
BRDA:245,27,0,0
BRDA:245,27,1,0
BRDA:246,28,0,0
BRDA:246,28,1,0
BRDA:247,29,0,0
BRDA:247,29,1,0
BRDA:248,30,0,0
BRDA:248,30,1,0
BRDA:250,31,0,0
BRDA:250,31,1,0
BRDA:251,32,0,0
BRDA:251,32,1,0
BRDA:252,33,0,0
BRDA:252,33,1,0
BRDA:253,34,0,0
BRDA:253,34,1,0
BRDA:254,35,0,0
BRDA:254,35,1,0
BRDA:258,36,0,0
BRDA:258,36,1,0
BRDA:271,37,0,0
BRDA:271,37,1,0
BRDA:272,38,0,0
BRDA:272,38,1,0
BRDA:273,39,0,0
BRDA:273,39,1,0
BRDA:274,40,0,0
BRDA:274,40,1,0
BRDA:275,41,0,0
BRDA:275,41,1,0
BRDA:276,42,0,0
BRDA:276,42,1,0
BRDA:277,43,0,0
BRDA:277,43,1,0
BRDA:280,44,0,0
BRDA:280,44,1,0
BRDA:281,45,0,0
BRDA:281,45,1,0
BRDA:282,46,0,0
BRDA:282,46,1,0
BRDA:283,47,0,0
BRDA:283,47,1,0
BRDA:284,48,0,0
BRDA:284,48,1,0
BRDA:285,49,0,0
BRDA:285,49,1,0
BRDA:286,50,0,0
BRDA:286,50,1,0
BRDA:286,51,0,0
BRDA:286,51,1,0
BRDA:287,52,0,0
BRDA:287,52,1,0
BRDA:287,53,0,0
BRDA:287,53,1,0
BRDA:289,54,0,0
BRDA:289,54,1,0
BRDA:290,55,0,0
BRDA:290,55,1,0
BRDA:291,56,0,0
BRDA:291,56,1,0
BRDA:292,57,0,0
BRDA:292,57,1,0
BRDA:293,58,0,0
BRDA:293,58,1,0
BRDA:297,59,0,0
BRDA:297,59,1,0
BRDA:345,60,0,0
BRDA:345,60,1,0
BRDA:349,61,0,0
BRDA:349,61,1,0
BRDA:355,62,0,0
BRDA:355,62,1,0
BRDA:364,63,0,0
BRDA:364,63,1,0
BRDA:368,64,0,0
BRDA:368,64,1,0
BRDA:374,65,0,0
BRDA:374,65,1,0
BRDA:393,66,0,0
BRDA:393,66,1,0
BRDA:411,67,0,0
BRDA:411,67,1,0
BRDA:440,68,0,0
BRDA:440,68,1,0
BRDA:450,69,0,0
BRDA:450,69,1,0
BRDA:450,70,0,0
BRDA:450,70,1,0
BRDA:454,71,0,0
BRDA:454,71,1,0
BRDA:463,72,0,0
BRDA:463,72,1,0
BRDA:465,73,0,0
BRDA:465,73,1,0
BRDA:466,74,0,0
BRDA:466,74,1,0
BRDA:467,75,0,0
BRDA:467,75,1,0
BRDA:468,76,0,0
BRDA:468,76,1,0
BRDA:469,77,0,0
BRDA:469,77,1,0
BRDA:470,78,0,0
BRDA:470,78,1,0
BRDA:471,79,0,0
BRDA:471,79,1,0
BRDA:472,80,0,0
BRDA:472,80,1,0
BRDA:473,81,0,0
BRDA:473,81,1,0
BRDA:474,82,0,0
BRDA:474,82,1,0
BRDA:475,83,0,0
BRDA:475,83,1,0
BRDA:476,84,0,0
BRDA:476,84,1,0
BRF:170
BRH:0
end_of_record
TN:
SF:utils\accountLockout.js
FN:21,(anonymous_0)
FN:40,(anonymous_1)
FN:78,(anonymous_2)
FN:101,(anonymous_3)
FN:126,(anonymous_4)
FN:136,(anonymous_5)
FN:146,(anonymous_6)
FN:168,(anonymous_7)
FN:196,(anonymous_8)
FN:206,(anonymous_9)
FNF:10
FNH:0
FNDA:0,(anonymous_0)
FNDA:0,(anonymous_1)
FNDA:0,(anonymous_2)
FNDA:0,(anonymous_3)
FNDA:0,(anonymous_4)
FNDA:0,(anonymous_5)
FNDA:0,(anonymous_6)
FNDA:0,(anonymous_7)
FNDA:0,(anonymous_8)
FNDA:0,(anonymous_9)
DA:9,0
DA:10,0
DA:12,0
DA:13,0
DA:14,0
DA:21,0
DA:22,0
DA:23,0
DA:26,0
DA:27,0
DA:28,0
DA:37,0
DA:40,0
DA:43,0
DA:44,0
DA:47,0
DA:48,0
DA:49,0
DA:56,0
DA:58,0
DA:66,0
DA:78,0
DA:79,0
DA:80,0
DA:82,0
DA:84,0
DA:87,0
DA:88,0
DA:89,0
DA:90,0
DA:93,0
DA:101,0
DA:102,0
DA:103,0
DA:105,0
DA:107,0
DA:108,0
DA:110,0
DA:111,0
DA:112,0
DA:115,0
DA:126,0
DA:127,0
DA:128,0
DA:129,0
DA:136,0
DA:137,0
DA:138,0
DA:139,0
DA:140,0
DA:146,0
DA:147,0
DA:148,0
DA:150,0
DA:151,0
DA:152,0
DA:162,0
DA:168,0
DA:169,0
DA:171,0
DA:172,0
DA:178,0
DA:180,0
DA:181,0
DA:190,0
DA:196,0
DA:197,0
DA:199,0
DA:200,0
DA:201,0
DA:205,0
DA:206,0
DA:207,0
DA:208,0
DA:210,0
DA:216,0
DA:218,0
LF:77
LH:0
BRDA:26,0,0,0
BRDA:26,0,1,0
BRDA:37,1,0,0
BRDA:37,1,1,0
BRDA:47,2,0,0
BRDA:47,2,1,0
BRDA:82,3,0,0
BRDA:82,3,1,0
BRDA:87,4,0,0
BRDA:87,4,1,0
BRDA:105,5,0,0
BRDA:105,5,1,0
BRDA:110,6,0,0
BRDA:110,6,1,0
BRDA:151,7,0,0
BRDA:151,7,1,0
BRDA:169,8,0,0
BRDA:169,8,1,0
BRDA:171,9,0,0
BRDA:171,9,1,0
BRDA:180,10,0,0
BRDA:180,10,1,0
BRDA:200,11,0,0
BRDA:200,11,1,0
BRDA:207,12,0,0
BRDA:207,12,1,0
BRF:26
BRH:0
end_of_record
TN:
SF:utils\clerkRoleSync.js
FN:18,mapClerkRoleToPrismaRole
FN:32,resolveRoleFromClerkMetadata
FNF:2
FNH:0
FNDA:0,mapClerkRoleToPrismaRole
FNDA:0,resolveRoleFromClerkMetadata
DA:8,0
DA:19,0
DA:20,0
DA:22,0
DA:33,0
DA:34,0
DA:36,0
DA:37,0
DA:40,0
DA:41,0
DA:44,0
DA:47,0
LF:12
LH:0
BRDA:19,0,0,0
BRDA:19,0,1,0
BRDA:19,1,0,0
BRDA:19,1,1,0
BRDA:22,2,0,0
BRDA:22,2,1,0
BRDA:32,3,0,0
BRDA:36,4,0,0
BRDA:36,4,1,0
BRDA:40,5,0,0
BRDA:40,5,1,0
BRDA:40,6,0,0
BRDA:40,6,1,0
BRF:13
BRH:0
end_of_record
TN:
SF:utils\csrfToken.js
FN:21,generateCsrfToken
FN:43,validateCsrfToken
FN:69,invalidateCsrfToken
FN:78,invalidateSessionTokens
FN:89,cleanupExpiredTokens
FN:101,getTokenStoreSize
FN:108,startCleanupInterval
FN:121,stopCleanupInterval
FNF:8
FNH:0
FNDA:0,generateCsrfToken
FNDA:0,validateCsrfToken
FNDA:0,invalidateCsrfToken
FNDA:0,invalidateSessionTokens
FNDA:0,cleanupExpiredTokens
FNDA:0,getTokenStoreSize
FNDA:0,startCleanupInterval
FNDA:0,stopCleanupInterval
DA:6,0
DA:9,0
DA:12,0
DA:13,0
DA:16,0
DA:22,0
DA:23,0
DA:26,0
DA:28,0
DA:34,0
DA:35,0
DA:37,0
DA:44,0
DA:45,0
DA:48,0
DA:50,0
DA:51,0
DA:54,0
DA:55,0
DA:56,0
DA:59,0
DA:60,0
DA:63,0
DA:70,0
DA:71,0
DA:79,0
DA:80,0
DA:81,0
DA:90,0
DA:91,0
DA:92,0
DA:93,0
DA:102,0
DA:109,0
DA:110,0
DA:112,0
DA:113,0
DA:122,0
DA:123,0
DA:124,0
DA:129,0
DA:130,0
DA:133,0
LF:43
LH:0
BRDA:22,0,0,0
BRDA:22,0,1,0
BRDA:44,1,0,0
BRDA:44,1,1,0
BRDA:44,2,0,0
BRDA:44,2,1,0
BRDA:50,3,0,0
BRDA:50,3,1,0
BRDA:54,4,0,0
BRDA:54,4,1,0
BRDA:59,5,0,0
BRDA:59,5,1,0
BRDA:70,6,0,0
BRDA:70,6,1,0
BRDA:80,7,0,0
BRDA:80,7,1,0
BRDA:92,8,0,0
BRDA:92,8,1,0
BRDA:109,9,0,0
BRDA:109,9,1,0
BRDA:112,10,0,0
BRDA:112,10,1,0
BRDA:122,11,0,0
BRDA:122,11,1,0
BRDA:129,12,0,0
BRDA:129,12,1,0
BRF:26
BRH:0
end_of_record
TN:
SF:utils\encryptedField.js
FN:8,encryptedFieldsPlugin
FN:12,(anonymous_1)
FN:23,(anonymous_2)
FN:25,(anonymous_3)
FN:44,(anonymous_4)
FN:47,(anonymous_5)
FN:52,(anonymous_6)
FN:57,(anonymous_7)
FN:63,(anonymous_8)
FN:71,(anonymous_9)
FN:79,decryptDocument
FN:82,(anonymous_11)
FN:105,isEncrypted
FN:113,(anonymous_13)
FNF:14
FNH:0
FNDA:0,encryptedFieldsPlugin
FNDA:0,(anonymous_1)
FNDA:0,(anonymous_2)
FNDA:0,(anonymous_3)
FNDA:0,(anonymous_4)
FNDA:0,(anonymous_5)
FNDA:0,(anonymous_6)
FNDA:0,(anonymous_7)
FNDA:0,(anonymous_8)
FNDA:0,(anonymous_9)
FNDA:0,decryptDocument
FNDA:0,(anonymous_11)
FNDA:0,isEncrypted
FNDA:0,(anonymous_13)
DA:2,0
DA:10,0
DA:12,0
DA:13,0
DA:14,0
DA:18,0
DA:19,0
DA:23,0
DA:24,0
DA:25,0
DA:26,0
DA:29,0
DA:31,0
DA:32,0
DA:33,0
DA:37,0
DA:39,0
DA:44,0
DA:45,0
DA:47,0
DA:48,0
DA:52,0
DA:53,0
DA:54,0
DA:57,0
DA:58,0
DA:59,0
DA:63,0
DA:64,0
DA:65,0
DA:67,0
DA:71,0
DA:72,0
DA:80,0
DA:82,0
DA:83,0
DA:85,0
DA:86,0
DA:87,0
DA:88,0
DA:89,0
DA:91,0
DA:94,0
DA:106,0
DA:108,0
DA:109,0
DA:112,0
DA:113,0
DA:116,0
LF:49
LH:0
BRDA:8,0,0,0
BRDA:13,1,0,0
BRDA:13,1,1,0
BRDA:13,2,0,0
BRDA:13,2,1,0
BRDA:18,3,0,0
BRDA:18,3,1,0
BRDA:29,4,0,0
BRDA:29,4,1,0
BRDA:29,5,0,0
BRDA:29,5,1,0
BRDA:31,6,0,0
BRDA:31,6,1,0
BRDA:45,7,0,0
BRDA:45,7,1,0
BRDA:53,8,0,0
BRDA:53,8,1,0
BRDA:58,9,0,0
BRDA:58,9,1,0
BRDA:64,10,0,0
BRDA:64,10,1,0
BRDA:80,11,0,0
BRDA:80,11,1,0
BRDA:83,12,0,0
BRDA:83,12,1,0
BRDA:85,13,0,0
BRDA:85,13,1,0
BRDA:85,14,0,0
BRDA:85,14,1,0
BRDA:88,15,0,0
BRDA:88,15,1,0
BRDA:106,16,0,0
BRDA:106,16,1,0
BRDA:109,17,0,0
BRDA:109,17,1,0
BRF:35
BRH:0
end_of_record
TN:
SF:utils\encryption.js
FN:21,(anonymous_0)
FN:30,(anonymous_1)
FN:64,(anonymous_2)
FN:107,(anonymous_3)
FN:116,(anonymous_4)
FNF:5
FNH:0
FNDA:0,(anonymous_0)
FNDA:0,(anonymous_1)
FNDA:0,(anonymous_2)
FNDA:0,(anonymous_3)
FNDA:0,(anonymous_4)
DA:2,0
DA:9,0
DA:10,0
DA:11,0
DA:12,0
DA:13,0
DA:21,0
DA:22,0
DA:30,0
DA:31,0
DA:33,0
DA:34,0
DA:35,0
DA:39,0
DA:40,0
DA:43,0
DA:46,0
DA:49,0
DA:50,0
DA:53,0
DA:56,0
DA:64,0
DA:65,0
DA:67,0
DA:68,0
DA:69,0
DA:72,0
DA:74,0
DA:75,0
DA:76,0
DA:79,0
DA:80,0
DA:81,0
DA:82,0
DA:85,0
DA:88,0
DA:89,0
DA:92,0
DA:93,0
DA:95,0
DA:97,0
DA:98,0
DA:107,0
DA:108,0
DA:116,0
DA:117,0
DA:118,0
DA:121,0
LF:48
LH:0
BRDA:31,0,0,0
BRDA:31,0,1,0
BRDA:34,1,0,0
BRDA:34,1,1,0
BRDA:65,2,0,0
BRDA:65,2,1,0
BRDA:68,3,0,0
BRDA:68,3,1,0
BRDA:75,4,0,0
BRDA:75,4,1,0
BRDA:117,5,0,0
BRDA:117,5,1,0
BRF:12
BRH:0
end_of_record
TN:
SF:utils\envValidator.js
FN:120,(anonymous_0)
FN:125,(anonymous_1)
FN:129,(anonymous_2)
FN:133,(anonymous_3)
FN:137,(anonymous_4)
FN:141,(anonymous_5)
FN:153,validateEnvVar
FN:218,validateEnvironment
FN:228,(anonymous_8)
FN:263,printValidationReport
FN:268,(anonymous_10)
FN:274,(anonymous_11)
FN:291,validateOrExit
FNF:13
FNH:8
FNDA:9,(anonymous_0)
FNDA:10,(anonymous_1)
FNDA:4,(anonymous_2)
FNDA:9,(anonymous_3)
FNDA:0,(anonymous_4)
FNDA:9,(anonymous_5)
FNDA:144,validateEnvVar
FNDA:9,validateEnvironment
FNDA:10,(anonymous_8)
FNDA:0,printValidationReport
FNDA:0,(anonymous_10)
FNDA:0,(anonymous_11)
FNDA:0,validateOrExit
DA:9,1
DA:121,9
DA:122,9
DA:126,10
DA:130,4
DA:134,9
DA:138,0
DA:142,9
DA:154,144
DA:157,144
DA:158,4
DA:159,0
DA:161,4
DA:162,4
DA:166,140
DA:167,97
DA:171,43
DA:173,1
DA:174,1
DA:175,1
DA:177,1
DA:178,1
DA:181,2
DA:182,1
DA:184,2
DA:185,2
DA:189,40
DA:190,1
DA:193,40
DA:194,1
DA:197,40
DA:198,1
DA:202,40
DA:203,1
DA:205,40
DA:208,43
DA:219,9
DA:220,9
DA:223,9
DA:224,144
DA:225,144
DA:227,144
DA:228,10
DA:230,135
DA:235,9
DA:237,1
DA:238,1
DA:241,1
DA:242,1
DA:245,1
DA:246,1
DA:249,1
DA:250,1
DA:254,9
DA:264,0
DA:266,0
DA:267,0
DA:268,0
DA:269,0
DA:272,0
DA:273,0
DA:274,0
DA:275,0
DA:278,0
DA:279,0
DA:280,0
DA:281,0
DA:283,0
DA:284,0
DA:292,0
DA:293,0
DA:295,0
DA:296,0
DA:297,0
DA:300,0
DA:303,1
LF:76
LH:53
BRDA:157,0,0,4
BRDA:157,0,1,140
BRDA:157,1,0,144
BRDA:157,1,1,36
BRDA:158,2,0,0
BRDA:158,2,1,4
BRDA:166,3,0,97
BRDA:166,3,1,43
BRDA:171,4,0,1
BRDA:171,4,1,2
BRDA:171,4,2,40
BRDA:174,5,0,1
BRDA:174,5,1,0
BRDA:181,6,0,1
BRDA:181,6,1,1
BRDA:184,7,0,2
BRDA:184,7,1,2
BRDA:189,8,0,1
BRDA:189,8,1,39
BRDA:189,9,0,40
BRDA:189,9,1,8
BRDA:193,10,0,1
BRDA:193,10,1,39
BRDA:193,11,0,40
BRDA:193,11,1,8
BRDA:197,12,0,1
BRDA:197,12,1,39
BRDA:197,13,0,40
BRDA:197,13,1,8
BRDA:202,14,0,1
BRDA:202,14,1,39
BRDA:202,15,0,40
BRDA:202,15,1,8
BRDA:227,16,0,9
BRDA:227,16,1,135
BRDA:235,17,0,1
BRDA:235,17,1,8
BRDA:237,18,0,1
BRDA:237,18,1,0
BRDA:241,19,0,1
BRDA:241,19,1,0
BRDA:241,20,0,1
BRDA:241,20,1,1
BRDA:245,21,0,1
BRDA:245,21,1,0
BRDA:249,22,0,1
BRDA:249,22,1,0
BRDA:266,23,0,0
BRDA:266,23,1,0
BRDA:272,24,0,0
BRDA:272,24,1,0
BRDA:278,25,0,0
BRDA:278,25,1,0
BRDA:278,26,0,0
BRDA:278,26,1,0
BRDA:280,27,0,0
BRDA:280,27,1,0
BRDA:295,28,0,0
BRDA:295,28,1,0
BRF:59
BRH:41
end_of_record
TN:
SF:utils\errorHandler.js
FN:10,(anonymous_0)
FN:38,getSafeErrorMessage
FN:56,getStatusCode
FN:75,logError
FN:110,handleValidationError
FN:111,(anonymous_5)
FN:115,handleDuplicateKeyError
FN:120,handleCastError
FN:124,handleJWTError
FN:128,handleJWTExpiredError
FN:135,normalizeError
FNF:11
FNH:10
FNDA:14,(anonymous_0)
FNDA:7,getSafeErrorMessage
FNDA:4,getStatusCode
FNDA:4,logError
FNDA:1,handleValidationError
FNDA:2,(anonymous_5)
FNDA:1,handleDuplicateKeyError
FNDA:1,handleCastError
FNDA:1,handleJWTError
FNDA:0,handleJWTExpiredError
FNDA:5,normalizeError
DA:11,14
DA:12,14
DA:13,14
DA:14,14
DA:16,14
DA:23,1
DA:40,7
DA:41,3
DA:45,4
DA:46,1
DA:50,3
DA:57,4
DA:58,4
DA:62,0
DA:63,0
DA:64,0
DA:65,0
DA:66,0
DA:68,0
DA:76,4
DA:86,4
DA:87,4
DA:97,4
DA:98,2
DA:103,2
DA:111,2
DA:112,1
DA:116,1
DA:117,1
DA:121,1
DA:125,1
DA:129,0
DA:137,5
DA:138,1
DA:142,4
DA:143,1
DA:147,3
DA:148,1
DA:152,2
DA:153,1
DA:157,1
DA:158,1
DA:161,0
DA:162,0
DA:166,0
DA:169,1
LF:46
LH:36
BRDA:10,0,0,1
BRDA:10,1,0,9
BRDA:38,2,0,0
BRDA:40,3,0,3
BRDA:40,3,1,4
BRDA:45,4,0,1
BRDA:45,4,1,3
BRDA:57,5,0,4
BRDA:57,5,1,0
BRDA:62,6,0,0
BRDA:62,6,1,0
BRDA:63,7,0,0
BRDA:63,7,1,0
BRDA:64,8,0,0
BRDA:64,8,1,0
BRDA:65,9,0,0
BRDA:65,9,1,0
BRDA:66,10,0,0
BRDA:66,10,1,0
BRDA:75,11,0,0
BRDA:80,12,0,4
BRDA:80,12,1,0
BRDA:81,13,0,4
BRDA:81,13,1,0
BRDA:82,14,0,4
BRDA:82,14,1,0
BRDA:86,15,0,4
BRDA:86,15,1,0
BRDA:92,16,0,4
BRDA:92,16,1,4
BRDA:97,17,0,2
BRDA:97,17,1,2
BRDA:137,18,0,1
BRDA:137,18,1,4
BRDA:142,19,0,1
BRDA:142,19,1,3
BRDA:147,20,0,1
BRDA:147,20,1,2
BRDA:152,21,0,1
BRDA:152,21,1,1
BRDA:157,22,0,1
BRDA:157,22,1,0
BRDA:161,23,0,0
BRDA:161,23,1,0
BRF:44
BRH:24
end_of_record
TN:
SF:utils\optUtils.js
FN:9,(anonymous_0)
FN:20,(anonymous_1)
FN:63,(anonymous_2)
FN:132,(anonymous_3)
FN:167,(anonymous_4)
FNF:5
FNH:0
FNDA:0,(anonymous_0)
FNDA:0,(anonymous_1)
FNDA:0,(anonymous_2)
FNDA:0,(anonymous_3)
FNDA:0,(anonymous_4)
DA:2,0
DA:3,0
DA:9,0
DA:11,0
DA:20,0
DA:21,0
DA:23,0
DA:30,0
DA:33,0
DA:40,0
DA:42,0
DA:48,0
DA:49,0
DA:63,0
DA:64,0
DA:66,0
DA:73,0
DA:74,0
DA:81,0
DA:82,0
DA:89,0
DA:90,0
DA:97,0
DA:100,0
DA:101,0
DA:102,0
DA:109,0
DA:110,0
DA:112,0
DA:117,0
DA:118,0
DA:132,0
DA:133,0
DA:135,0
DA:140,0
DA:141,0
DA:145,0
DA:146,0
DA:148,0
DA:149,0
DA:150,0
DA:157,0
DA:159,0
DA:160,0
DA:167,0
DA:168,0
DA:169,0
DA:172,0
DA:173,0
DA:175,0
DA:176,0
DA:180,0
LF:52
LH:0
BRDA:20,0,0,0
BRDA:63,1,0,0
BRDA:73,2,0,0
BRDA:73,2,1,0
BRDA:81,3,0,0
BRDA:81,3,1,0
BRDA:89,4,0,0
BRDA:89,4,1,0
BRDA:100,5,0,0
BRDA:100,5,1,0
BRDA:132,6,0,0
BRDA:140,7,0,0
BRDA:140,7,1,0
BRDA:148,8,0,0
BRDA:148,8,1,0
BRF:15
BRH:0
end_of_record
TN:
SF:utils\passwordSecurity.js
FN:18,(anonymous_0)
FN:66,(anonymous_1)
FN:90,(anonymous_2)
FN:102,(anonymous_3)
FN:123,(anonymous_4)
FN:130,(anonymous_5)
FN:133,(anonymous_6)
FN:140,(anonymous_7)
FN:173,(anonymous_8)
FNF:9
FNH:0
FNDA:0,(anonymous_0)
FNDA:0,(anonymous_1)
FNDA:0,(anonymous_2)
FNDA:0,(anonymous_3)
FNDA:0,(anonymous_4)
FNDA:0,(anonymous_5)
FNDA:0,(anonymous_6)
FNDA:0,(anonymous_7)
FNDA:0,(anonymous_8)
DA:18,0
DA:19,0
DA:22,0
DA:23,0
DA:27,0
DA:28,0
DA:32,0
DA:33,0
DA:37,0
DA:38,0
DA:42,0
DA:43,0
DA:47,0
DA:52,0
DA:53,0
DA:56,0
DA:66,0
DA:67,0
DA:69,0
DA:72,0
DA:75,0
DA:76,0
DA:77,0
DA:78,0
DA:81,0
DA:82,0
DA:84,0
DA:90,0
DA:91,0
DA:92,0
DA:93,0
DA:94,0
DA:102,0
DA:103,0
DA:104,0
DA:105,0
DA:106,0
DA:108,0
DA:109,0
DA:112,0
DA:113,0
DA:114,0
DA:115,0
DA:118,0
DA:119,0
DA:123,0
DA:130,0
DA:133,0
DA:134,0
DA:140,0
DA:141,0
DA:143,0
DA:144,0
DA:147,0
DA:148,0
DA:149,0
DA:150,0
DA:155,0
DA:156,0
DA:157,0
DA:158,0
DA:163,0
DA:164,0
DA:167,0
DA:173,0
DA:174,0
DA:175,0
DA:177,0
DA:178,0
DA:179,0
DA:185,0
DA:186,0
DA:188,0
DA:189,0
DA:190,0
DA:196,0
DA:197,0
DA:201,0
DA:207,0
DA:208,0
DA:210,0
DA:211,0
DA:212,0
DA:218,0
DA:219,0
DA:222,0
LF:86
LH:0
BRDA:22,0,0,0
BRDA:22,0,1,0
BRDA:22,1,0,0
BRDA:22,1,1,0
BRDA:27,2,0,0
BRDA:27,2,1,0
BRDA:32,3,0,0
BRDA:32,3,1,0
BRDA:37,4,0,0
BRDA:37,4,1,0
BRDA:42,5,0,0
BRDA:42,5,1,0
BRDA:52,6,0,0
BRDA:52,6,1,0
BRDA:67,7,0,0
BRDA:67,7,1,0
BRDA:75,8,0,0
BRDA:75,8,1,0
BRDA:76,9,0,0
BRDA:76,9,1,0
BRDA:77,10,0,0
BRDA:77,10,1,0
BRDA:78,11,0,0
BRDA:78,11,1,0
BRDA:81,12,0,0
BRDA:81,12,1,0
BRDA:82,13,0,0
BRDA:82,13,1,0
BRDA:91,14,0,0
BRDA:91,14,1,0
BRDA:92,15,0,0
BRDA:92,15,1,0
BRDA:93,16,0,0
BRDA:93,16,1,0
BRDA:102,17,0,0
BRDA:141,18,0,0
BRDA:141,18,1,0
BRDA:141,19,0,0
BRDA:141,19,1,0
BRDA:147,20,0,0
BRDA:147,20,1,0
BRDA:149,21,0,0
BRDA:149,21,1,0
BRDA:155,22,0,0
BRDA:155,22,1,0
BRDA:157,23,0,0
BRDA:157,23,1,0
BRDA:157,24,0,0
BRDA:157,24,1,0
BRDA:163,25,0,0
BRDA:163,25,1,0
BRDA:163,26,0,0
BRDA:163,26,1,0
BRDA:177,27,0,0
BRDA:177,27,1,0
BRDA:188,28,0,0
BRDA:188,28,1,0
BRDA:210,29,0,0
BRDA:210,29,1,0
BRF:59
BRH:0
end_of_record
TN:
SF:utils\validation.js
FN:44,validateEmail
FN:88,validatePassword
FN:147,calculatePasswordStrength
FN:162,validatePhone
FN:206,validateName
FN:246,validateText
FN:293,validateUrl
FN:333,validateNumber
FN:366,sanitizeHtml
FN:383,validateObjectId
FNF:10
FNH:10
FNDA:5,validateEmail
FNDA:7,validatePassword
FNDA:7,calculatePasswordStrength
FNDA:4,validatePhone
FNDA:5,validateName
FNDA:5,validateText
FNDA:5,validateUrl
FNDA:5,validateNumber
FNDA:4,sanitizeHtml
FNDA:4,validateObjectId
DA:6,1
DA:11,1
DA:45,5
DA:47,5
DA:48,1
DA:49,1
DA:52,4
DA:53,0
DA:54,0
DA:58,4
DA:61,4
DA:62,1
DA:66,4
DA:67,2
DA:71,4
DA:72,0
DA:73,0
DA:74,0
DA:78,4
DA:89,7
DA:91,7
DA:92,0
DA:93,0
DA:96,7
DA:97,0
DA:98,0
DA:102,7
DA:103,2
DA:106,7
DA:107,0
DA:111,7
DA:112,2
DA:115,7
DA:116,1
DA:119,7
DA:120,1
DA:123,7
DA:124,2
DA:128,7
DA:133,7
DA:134,1
DA:137,7
DA:148,7
DA:150,7
DA:151,7
DA:152,7
DA:153,7
DA:154,7
DA:156,7
DA:163,4
DA:165,4
DA:166,0
DA:167,0
DA:170,4
DA:171,0
DA:172,0
DA:176,4
DA:179,4
DA:180,4
DA:183,4
DA:184,1
DA:188,4
DA:189,1
DA:192,4
DA:193,0
DA:196,4
DA:207,5
DA:209,5
DA:210,0
DA:211,0
DA:214,5
DA:215,0
DA:216,0
DA:220,5
DA:223,5
DA:224,0
DA:227,5
DA:228,0
DA:232,5
DA:233,2
DA:236,5
DA:247,5
DA:249,5
DA:250,0
DA:253,5
DA:254,0
DA:255,0
DA:259,5
DA:262,5
DA:263,1
DA:267,5
DA:276,5
DA:277,21
DA:278,2
DA:279,2
DA:283,5
DA:294,5
DA:296,5
DA:297,0
DA:298,0
DA:301,5
DA:302,0
DA:303,0
DA:307,5
DA:310,5
DA:319,5
DA:320,3
DA:323,5
DA:334,5
DA:336,5
DA:337,0
DA:338,0
DA:341,5
DA:343,5
DA:344,1
DA:345,1
DA:348,4
DA:349,1
DA:352,4
DA:353,1
DA:356,4
DA:367,4
DA:368,2
DA:371,2
DA:384,4
DA:386,4
DA:387,1
DA:388,1
DA:393,3
DA:394,3
DA:397,3
DA:403,1
LF:132
LH:102
BRDA:47,0,0,1
BRDA:47,0,1,4
BRDA:52,1,0,0
BRDA:52,1,1,4
BRDA:61,2,0,1
BRDA:61,2,1,3
BRDA:66,3,0,2
BRDA:66,3,1,2
BRDA:71,4,0,0
BRDA:71,4,1,4
BRDA:71,5,0,4
BRDA:71,5,1,0
BRDA:73,6,0,0
BRDA:73,6,1,0
BRDA:81,7,0,2
BRDA:81,7,1,2
BRDA:91,8,0,0
BRDA:91,8,1,7
BRDA:96,9,0,0
BRDA:96,9,1,7
BRDA:102,10,0,2
BRDA:102,10,1,5
BRDA:106,11,0,0
BRDA:106,11,1,7
BRDA:111,12,0,2
BRDA:111,12,1,5
BRDA:111,13,0,7
BRDA:111,13,1,7
BRDA:115,14,0,1
BRDA:115,14,1,6
BRDA:115,15,0,7
BRDA:115,15,1,7
BRDA:119,16,0,1
BRDA:119,16,1,6
BRDA:119,17,0,7
BRDA:119,17,1,7
BRDA:123,18,0,2
BRDA:123,18,1,5
BRDA:123,19,0,7
BRDA:123,19,1,7
BRDA:133,20,0,1
BRDA:133,20,1,6
BRDA:150,21,0,5
BRDA:150,21,1,2
BRDA:151,22,0,4
BRDA:151,22,1,3
BRDA:152,23,0,4
BRDA:152,23,1,3
BRDA:152,24,0,7
BRDA:152,24,1,5
BRDA:153,25,0,6
BRDA:153,25,1,1
BRDA:154,26,0,5
BRDA:154,26,1,2
BRDA:165,27,0,0
BRDA:165,27,1,4
BRDA:170,28,0,0
BRDA:170,28,1,4
BRDA:183,29,0,1
BRDA:183,29,1,3
BRDA:188,30,0,1
BRDA:188,30,1,3
BRDA:192,31,0,0
BRDA:192,31,1,4
BRDA:199,32,0,2
BRDA:199,32,1,2
BRDA:206,33,0,5
BRDA:209,34,0,0
BRDA:209,34,1,5
BRDA:214,35,0,0
BRDA:214,35,1,5
BRDA:223,36,0,0
BRDA:223,36,1,5
BRDA:227,37,0,0
BRDA:227,37,1,5
BRDA:232,38,0,2
BRDA:232,38,1,3
BRDA:239,39,0,3
BRDA:239,39,1,2
BRDA:246,40,0,5
BRDA:246,41,0,5
BRDA:249,42,0,0
BRDA:249,42,1,5
BRDA:249,43,0,5
BRDA:249,43,1,5
BRDA:253,44,0,0
BRDA:253,44,1,5
BRDA:262,45,0,1
BRDA:262,45,1,4
BRDA:277,46,0,2
BRDA:277,46,1,19
BRDA:286,47,0,2
BRDA:286,47,1,3
BRDA:293,48,0,5
BRDA:296,49,0,0
BRDA:296,49,1,5
BRDA:301,50,0,0
BRDA:301,50,1,5
BRDA:319,51,0,3
BRDA:319,51,1,2
BRDA:326,52,0,2
BRDA:326,52,1,3
BRDA:333,53,0,0
BRDA:333,54,0,1
BRDA:333,55,0,1
BRDA:336,56,0,0
BRDA:336,56,1,5
BRDA:336,57,0,5
BRDA:336,57,1,5
BRDA:343,58,0,1
BRDA:343,58,1,4
BRDA:348,59,0,1
BRDA:348,59,1,3
BRDA:348,60,0,4
BRDA:348,60,1,4
BRDA:352,61,0,1
BRDA:352,61,1,3
BRDA:352,62,0,4
BRDA:352,62,1,4
BRDA:367,63,0,2
BRDA:367,63,1,2
BRDA:367,64,0,4
BRDA:367,64,1,2
BRDA:383,65,0,4
BRDA:386,66,0,1
BRDA:386,66,1,3
BRDA:393,67,0,3
BRDA:393,67,1,0
BRF:128
BRH:106
end_of_record
TN:
SF:utils\security\inputValidation.js
FN:10,(anonymous_0)
FN:21,(anonymous_1)
FN:58,(anonymous_2)
FN:94,(anonymous_3)
FN:116,(anonymous_4)
FN:146,(anonymous_5)
FN:168,(anonymous_6)
FN:189,(anonymous_7)
FN:208,(anonymous_8)
FN:232,(anonymous_9)
FN:257,(anonymous_10)
FN:283,(anonymous_11)
FN:308,(anonymous_12)
FN:323,(anonymous_13)
FN:357,(anonymous_14)
FN:368,(anonymous_15)
FN:378,(anonymous_16)
FNF:17
FNH:0
FNDA:0,(anonymous_0)
FNDA:0,(anonymous_1)
FNDA:0,(anonymous_2)
FNDA:0,(anonymous_3)
FNDA:0,(anonymous_4)
FNDA:0,(anonymous_5)
FNDA:0,(anonymous_6)
FNDA:0,(anonymous_7)
FNDA:0,(anonymous_8)
FNDA:0,(anonymous_9)
FNDA:0,(anonymous_10)
FNDA:0,(anonymous_11)
FNDA:0,(anonymous_12)
FNDA:0,(anonymous_13)
FNDA:0,(anonymous_14)
FNDA:0,(anonymous_15)
FNDA:0,(anonymous_16)
DA:2,0
DA:11,0
DA:12,0
DA:13,0
DA:14,0
DA:21,0
DA:22,0
DA:29,0
DA:31,0
DA:34,0
DA:37,0
DA:38,0
DA:42,0
DA:43,0
DA:47,0
DA:48,0
DA:49,0
DA:52,0
DA:58,0
DA:59,0
DA:60,0
DA:62,0
DA:64,0
DA:66,0
DA:72,0
DA:73,0
DA:77,0
DA:78,0
DA:79,0
DA:80,0
DA:81,0
DA:82,0
DA:84,0
DA:88,0
DA:94,0
DA:95,0
DA:96,0
DA:99,0
DA:101,0
DA:102,0
DA:106,0
DA:107,0
DA:110,0
DA:116,0
DA:117,0
DA:118,0
DA:121,0
DA:128,0
DA:131,0
DA:133,0
DA:134,0
DA:140,0
DA:146,0
DA:147,0
DA:149,0
DA:150,0
DA:153,0
DA:154,0
DA:157,0
DA:158,0
DA:162,0
DA:168,0
DA:169,0
DA:171,0
DA:172,0
DA:175,0
DA:176,0
DA:179,0
DA:180,0
DA:183,0
DA:189,0
DA:190,0
DA:191,0
DA:194,0
DA:198,0
DA:199,0
DA:202,0
DA:208,0
DA:209,0
DA:210,0
DA:213,0
DA:218,0
DA:219,0
DA:222,0
DA:223,0
DA:226,0
DA:232,0
DA:233,0
DA:235,0
DA:236,0
DA:239,0
DA:244,0
DA:245,0
DA:251,0
DA:257,0
DA:258,0
DA:259,0
DA:262,0
DA:268,0
DA:269,0
DA:270,0
DA:277,0
DA:283,0
DA:284,0
DA:285,0
DA:287,0
DA:288,0
DA:289,0
DA:293,0
DA:294,0
DA:297,0
DA:308,0
DA:309,0
DA:310,0
DA:313,0
DA:314,0
DA:317,0
DA:323,0
DA:328,0
DA:330,0
DA:331,0
DA:335,0
DA:336,0
DA:343,0
DA:344,0
DA:350,0
DA:357,0
DA:358,0
DA:360,0
DA:362,0
DA:368,0
DA:369,0
DA:370,0
DA:372,0
DA:378,0
DA:379,0
DA:380,0
DA:381,0
DA:382,0
DA:383,0
DA:388,0
DA:391,0
DA:392,0
DA:393,0
DA:394,0
DA:399,0
DA:402,0
DA:404,0
DA:412,0
LF:149
LH:0
BRDA:21,0,0,0
BRDA:22,1,0,0
BRDA:22,1,1,0
BRDA:25,2,0,0
BRDA:26,3,0,0
BRDA:27,4,0,0
BRDA:28,5,0,0
BRDA:34,6,0,0
BRDA:34,6,1,0
BRDA:37,7,0,0
BRDA:37,7,1,0
BRDA:42,8,0,0
BRDA:42,8,1,0
BRDA:42,9,0,0
BRDA:42,9,1,0
BRDA:47,10,0,0
BRDA:47,10,1,0
BRDA:58,11,0,0
BRDA:58,12,0,0
BRDA:58,13,0,0
BRDA:59,14,0,0
BRDA:59,14,1,0
BRDA:60,15,0,0
BRDA:60,15,1,0
BRDA:60,16,0,0
BRDA:60,16,1,0
BRDA:62,17,0,0
BRDA:62,17,1,0
BRDA:72,18,0,0
BRDA:72,18,1,0
BRDA:72,19,0,0
BRDA:72,19,1,0
BRDA:72,19,2,0
BRDA:77,20,0,0
BRDA:77,20,1,0
BRDA:79,21,0,0
BRDA:79,21,1,0
BRDA:81,22,0,0
BRDA:81,22,1,0
BRDA:81,23,0,0
BRDA:81,23,1,0
BRDA:95,24,0,0
BRDA:95,24,1,0
BRDA:95,25,0,0
BRDA:95,25,1,0
BRDA:101,26,0,0
BRDA:101,26,1,0
BRDA:106,27,0,0
BRDA:106,27,1,0
BRDA:117,28,0,0
BRDA:117,28,1,0
BRDA:117,29,0,0
BRDA:117,29,1,0
BRDA:133,30,0,0
BRDA:133,30,1,0
BRDA:149,31,0,0
BRDA:149,31,1,0
BRDA:153,32,0,0
BRDA:153,32,1,0
BRDA:157,33,0,0
BRDA:157,33,1,0
BRDA:171,34,0,0
BRDA:171,34,1,0
BRDA:175,35,0,0
BRDA:175,35,1,0
BRDA:179,36,0,0
BRDA:179,36,1,0
BRDA:189,37,0,0
BRDA:190,38,0,0
BRDA:190,38,1,0
BRDA:198,39,0,0
BRDA:198,39,1,0
BRDA:209,40,0,0
BRDA:209,40,1,0
BRDA:209,41,0,0
BRDA:209,41,1,0
BRDA:218,42,0,0
BRDA:218,42,1,0
BRDA:222,43,0,0
BRDA:222,43,1,0
BRDA:232,44,0,0
BRDA:233,45,0,0
BRDA:233,46,0,0
BRDA:235,47,0,0
BRDA:235,47,1,0
BRDA:235,48,0,0
BRDA:235,48,1,0
BRDA:244,49,0,0
BRDA:244,49,1,0
BRDA:257,50,0,0
BRDA:258,51,0,0
BRDA:258,51,1,0
BRDA:258,52,0,0
BRDA:258,52,1,0
BRDA:268,53,0,0
BRDA:268,53,1,0
BRDA:269,54,0,0
BRDA:269,54,1,0
BRDA:288,55,0,0
BRDA:288,55,1,0
BRDA:293,56,0,0
BRDA:293,56,1,0
BRDA:308,57,0,0
BRDA:309,58,0,0
BRDA:309,58,1,0
BRDA:309,59,0,0
BRDA:309,59,1,0
BRDA:313,60,0,0
BRDA:313,60,1,0
BRDA:323,61,0,0
BRDA:325,62,0,0
BRDA:326,63,0,0
BRDA:327,64,0,0
BRDA:330,65,0,0
BRDA:330,65,1,0
BRDA:335,66,0,0
BRDA:335,66,1,0
BRDA:343,67,0,0
BRDA:343,67,1,0
BRDA:358,68,0,0
BRDA:358,68,1,0
BRDA:358,69,0,0
BRDA:358,69,1,0
BRDA:369,70,0,0
BRDA:369,70,1,0
BRDA:369,71,0,0
BRDA:369,71,1,0
BRDA:380,72,0,0
BRDA:380,72,1,0
BRDA:382,73,0,0
BRDA:382,73,1,0
BRDA:382,74,0,0
BRDA:382,74,1,0
BRDA:391,75,0,0
BRDA:391,75,1,0
BRDA:393,76,0,0
BRDA:393,76,1,0
BRDA:393,77,0,0
BRDA:393,77,1,0
BRDA:393,77,2,0
BRF:140
BRH:0
end_of_record
